2022-02-03 00:34:49,081 | MainThread   | [DEBUG   ] | <module>            |: debug
2022-02-03 00:34:49,087 | MainThread   | [INFO    ] | <module>            |: info
2022-02-03 00:34:49,088 | MainThread   | [WARNING ] | <module>            |: warning
2022-02-03 00:34:49,090 | MainThread   | [ERROR   ] | <module>            |: error
2022-02-03 00:34:49,092 | MainThread   | [CRITICAL] | <module>            |: critical
2022-02-03 00:46:29,856 | MainThread   | [DEBUG   ] | __init__            |: Python Info: sys.version_info(major=3, minor=9, micro=10, releaselevel='final', serial=0)
2022-02-03 00:46:29,856 | MainThread   | [DEBUG   ] | __init__            |: System Info: macOS-10.16-x86_64-i386-64bit
2022-02-03 00:46:29,857 | MainThread   | [INFO    ] | _connect            |: Looking for Artemis Nano Peripheral Device: C0:83:B0:6C:9A:3C
2022-02-03 00:46:30,867 | MainThread   | [ERROR   ] | _connect            |: Bluetooth device is turned off
2022-02-03 00:46:31,885 | MainThread   | [WARNING ] | connect             |: Attempting to connect again...
2022-02-03 00:46:31,886 | MainThread   | [INFO    ] | _connect            |: Looking for Artemis Nano Peripheral Device: C0:83:B0:6C:9A:3C
2022-02-03 00:46:32,890 | MainThread   | [ERROR   ] | _connect            |: Bluetooth device is turned off
2022-02-03 00:46:33,896 | MainThread   | [WARNING ] | connect             |: Attempting to connect again...
2022-02-03 00:46:33,898 | MainThread   | [INFO    ] | _connect            |: Looking for Artemis Nano Peripheral Device: C0:83:B0:6C:9A:3C
2022-02-03 00:46:44,220 | MainThread   | [ERROR   ] | _connect            |: Device with address C0:83:B0:6C:9A:3C was not found
2022-02-03 00:46:45,222 | MainThread   | [WARNING ] | connect             |: Attempting to connect again...
2022-02-03 00:46:56,766 | MainThread   | [INFO    ] | _connect            |: Looking for Artemis Nano Peripheral Device: C0:83:B0:6C:9A:3C
2022-02-03 00:47:06,776 | MainThread   | [ERROR   ] | _connect            |: Device with address C0:83:B0:6C:9A:3C was not found
2022-02-03 00:47:07,779 | MainThread   | [WARNING ] | connect             |: Attempting to connect again...
2022-02-03 00:47:07,780 | MainThread   | [INFO    ] | _connect            |: Looking for Artemis Nano Peripheral Device: C0:83:B0:6C:9A:3C
2022-02-03 00:47:17,788 | MainThread   | [ERROR   ] | _connect            |: Device with address C0:83:B0:6C:9A:3C was not found
2022-02-03 00:47:18,790 | MainThread   | [WARNING ] | connect             |: Attempting to connect again...
2022-02-03 00:47:18,792 | MainThread   | [INFO    ] | _connect            |: Looking for Artemis Nano Peripheral Device: C0:83:B0:6C:9A:3C
2022-02-03 00:47:28,802 | MainThread   | [ERROR   ] | _connect            |: Device with address C0:83:B0:6C:9A:3C was not found
2022-02-03 00:47:29,808 | MainThread   | [WARNING ] | connect             |: Attempting to connect again...
2022-02-03 00:48:44,830 | MainThread   | [DEBUG   ] | <module>            |: debug
2022-02-03 00:48:44,830 | MainThread   | [DEBUG   ] | <module>            |: debug
2022-02-03 00:48:44,830 | MainThread   | [INFO    ] | <module>            |: info
2022-02-03 00:48:44,830 | MainThread   | [INFO    ] | <module>            |: info
2022-02-03 00:48:44,833 | MainThread   | [WARNING ] | <module>            |: warning
2022-02-03 00:48:44,833 | MainThread   | [WARNING ] | <module>            |: warning
2022-02-03 00:48:44,841 | MainThread   | [ERROR   ] | <module>            |: error
2022-02-03 00:48:44,841 | MainThread   | [ERROR   ] | <module>            |: error
2022-02-03 00:48:44,848 | MainThread   | [CRITICAL] | <module>            |: critical
2022-02-03 00:48:44,848 | MainThread   | [CRITICAL] | <module>            |: critical
2022-02-03 00:48:48,046 | MainThread   | [INFO    ] | _connect            |: Looking for Artemis Nano Peripheral Device: C0:83:B0:6C:9A:3C
2022-02-03 00:48:48,046 | MainThread   | [INFO    ] | _connect            |: Looking for Artemis Nano Peripheral Device: C0:83:B0:6C:9A:3C
2022-02-03 00:48:50,424 | MainThread   | [INFO    ] | _connect            |: Connected to C0:83:B0:6C:9A:3C
2022-02-03 00:48:50,424 | MainThread   | [INFO    ] | _connect            |: Connected to C0:83:B0:6C:9A:3C
2022-02-03 00:56:22,574 | MainThread   | [INFO    ] | disconnect_handler  |: Disconnected from 607452C2-8441-D076-814E-841EB3635426
2022-02-03 00:56:22,574 | MainThread   | [INFO    ] | disconnect_handler  |: Disconnected from 607452C2-8441-D076-814E-841EB3635426
2022-02-03 00:57:31,312 | MainThread   | [INFO    ] | _connect            |: Looking for Artemis Nano Peripheral Device: C0:83:B0:6C:9A:3C
2022-02-03 00:57:31,312 | MainThread   | [INFO    ] | _connect            |: Looking for Artemis Nano Peripheral Device: C0:83:B0:6C:9A:3C
2022-02-03 00:57:33,933 | MainThread   | [INFO    ] | _connect            |: Connected to C0:83:B0:6C:9A:3C
2022-02-03 00:57:33,933 | MainThread   | [INFO    ] | _connect            |: Connected to C0:83:B0:6C:9A:3C
2022-02-03 00:59:06,401 | MainThread   | [INFO    ] | disconnect_handler  |: Disconnected from 607452C2-8441-D076-814E-841EB3635426
2022-02-03 00:59:06,401 | MainThread   | [INFO    ] | disconnect_handler  |: Disconnected from 607452C2-8441-D076-814E-841EB3635426
2022-02-03 00:59:20,769 | MainThread   | [INFO    ] | _connect            |: Looking for Artemis Nano Peripheral Device: C0:83:B0:6C:9A:3C
2022-02-03 00:59:20,769 | MainThread   | [INFO    ] | _connect            |: Looking for Artemis Nano Peripheral Device: C0:83:B0:6C:9A:3C
2022-02-03 00:59:23,210 | MainThread   | [INFO    ] | _connect            |: Connected to C0:83:B0:6C:9A:3C
2022-02-03 00:59:23,210 | MainThread   | [INFO    ] | _connect            |: Connected to C0:83:B0:6C:9A:3C
2022-02-03 01:01:34,392 | MainThread   | [INFO    ] | _connect            |: Already connected to a BLE device
2022-02-03 01:01:34,392 | MainThread   | [INFO    ] | _connect            |: Already connected to a BLE device
2022-02-03 01:04:16,752 | MainThread   | [INFO    ] | disconnect_handler  |: Disconnected from 607452C2-8441-D076-814E-841EB3635426
2022-02-03 01:04:16,752 | MainThread   | [INFO    ] | disconnect_handler  |: Disconnected from 607452C2-8441-D076-814E-841EB3635426
2022-02-03 01:05:08,583 | MainThread   | [INFO    ] | _connect            |: Looking for Artemis Nano Peripheral Device: C0:83:B0:6C:9A:3C
2022-02-03 01:05:08,583 | MainThread   | [INFO    ] | _connect            |: Looking for Artemis Nano Peripheral Device: C0:83:B0:6C:9A:3C
2022-02-03 01:05:11,059 | MainThread   | [INFO    ] | _connect            |: Connected to C0:83:B0:6C:9A:3C
2022-02-03 01:05:11,059 | MainThread   | [INFO    ] | _connect            |: Connected to C0:83:B0:6C:9A:3C
2022-02-03 01:06:41,378 | MainThread   | [INFO    ] | disconnect_handler  |: Disconnected from 607452C2-8441-D076-814E-841EB3635426
2022-02-03 01:06:41,378 | MainThread   | [INFO    ] | disconnect_handler  |: Disconnected from 607452C2-8441-D076-814E-841EB3635426
2022-02-03 01:06:51,801 | MainThread   | [INFO    ] | _connect            |: Looking for Artemis Nano Peripheral Device: C0:83:B0:6C:9A:3C
2022-02-03 01:06:51,801 | MainThread   | [INFO    ] | _connect            |: Looking for Artemis Nano Peripheral Device: C0:83:B0:6C:9A:3C
2022-02-03 01:06:54,273 | MainThread   | [INFO    ] | _connect            |: Connected to C0:83:B0:6C:9A:3C
2022-02-03 01:06:54,273 | MainThread   | [INFO    ] | _connect            |: Connected to C0:83:B0:6C:9A:3C
2022-02-03 01:09:30,773 | MainThread   | [INFO    ] | disconnect_handler  |: Disconnected from 607452C2-8441-D076-814E-841EB3635426
2022-02-03 01:09:30,773 | MainThread   | [INFO    ] | disconnect_handler  |: Disconnected from 607452C2-8441-D076-814E-841EB3635426
2022-02-03 01:09:38,205 | MainThread   | [INFO    ] | exit_handler        |: Exiting...
2022-02-03 01:09:38,205 | MainThread   | [INFO    ] | exit_handler        |: Exiting...
2022-02-03 01:09:38,213 | MainThread   | [WARNING ] | exit_handler        |: Could not disconnect before exiting
2022-02-03 01:09:38,213 | MainThread   | [WARNING ] | exit_handler        |: Could not disconnect before exiting
2022-02-03 01:09:38,226 | MainThread   | [WARNING ] | exit_handler        |: Not connected to a BLE device
2022-02-03 01:09:38,226 | MainThread   | [WARNING ] | exit_handler        |: Not connected to a BLE device
2022-02-03 17:19:57,187 | MainThread   | [DEBUG   ] | <module>            |: debug
2022-02-03 17:19:57,189 | MainThread   | [INFO    ] | <module>            |: info
2022-02-03 17:19:57,191 | MainThread   | [WARNING ] | <module>            |: warning
2022-02-03 17:19:57,195 | MainThread   | [ERROR   ] | <module>            |: error
2022-02-03 17:19:57,201 | MainThread   | [CRITICAL] | <module>            |: critical
2022-02-03 17:46:58,044 | MainThread   | [DEBUG   ] | __init__            |: Python Info: sys.version_info(major=3, minor=9, micro=10, releaselevel='final', serial=0)
2022-02-03 17:46:58,045 | MainThread   | [DEBUG   ] | __init__            |: System Info: macOS-10.16-x86_64-i386-64bit
2022-02-03 18:13:06,938 | MainThread   | [INFO    ] | _connect            |: Looking for Artemis Nano Peripheral Device: C0:83:B0:6C:9A:3C
2022-02-03 18:13:30,112 | MainThread   | [INFO    ] | _connect            |: Looking for Artemis Nano Peripheral Device: C0:83:B0:6C:9A:3C
2022-02-03 18:13:49,766 | MainThread   | [DEBUG   ] | <module>            |: debug
2022-02-03 18:13:49,766 | MainThread   | [INFO    ] | <module>            |: info
2022-02-03 18:13:49,768 | MainThread   | [WARNING ] | <module>            |: warning
2022-02-03 18:13:49,770 | MainThread   | [ERROR   ] | <module>            |: error
2022-02-03 18:13:49,773 | MainThread   | [CRITICAL] | <module>            |: critical
2022-02-03 18:14:04,253 | MainThread   | [INFO    ] | _connect            |: Looking for Artemis Nano Peripheral Device: C0:83:B0:6C:9A:3C
2022-02-03 18:14:12,316 | MainThread   | [INFO    ] | _connect            |: Looking for Artemis Nano Peripheral Device: C0:83:B0:6C:9A:3C
2022-02-03 18:14:34,706 | MainThread   | [INFO    ] | _connect            |: Looking for Artemis Nano Peripheral Device: C0:83:B0:6C:9A:3C
2022-02-03 18:14:39,931 | MainThread   | [INFO    ] | exit_handler        |: Exiting...
2022-02-03 18:14:39,936 | MainThread   | [WARNING ] | exit_handler        |: Could not disconnect before exiting
2022-02-03 18:14:39,938 | MainThread   | [WARNING ] | exit_handler        |: Not connected to a BLE device
2022-02-03 18:14:46,150 | MainThread   | [DEBUG   ] | <module>            |: debug
2022-02-03 18:14:46,151 | MainThread   | [INFO    ] | <module>            |: info
2022-02-03 18:14:46,154 | MainThread   | [WARNING ] | <module>            |: warning
2022-02-03 18:14:46,156 | MainThread   | [ERROR   ] | <module>            |: error
2022-02-03 18:14:46,157 | MainThread   | [CRITICAL] | <module>            |: critical
2022-02-03 18:14:50,370 | MainThread   | [DEBUG   ] | __init__            |: Python Info: sys.version_info(major=3, minor=9, micro=10, releaselevel='final', serial=0)
2022-02-03 18:14:50,370 | MainThread   | [DEBUG   ] | __init__            |: System Info: macOS-10.16-x86_64-i386-64bit
2022-02-03 18:14:50,371 | MainThread   | [INFO    ] | _connect            |: Looking for Artemis Nano Peripheral Device: C0:83:B0:6C:9A:3C
2022-02-03 18:17:41,278 | MainThread   | [INFO    ] | _connect            |: Looking for Artemis Nano Peripheral Device: C0:83:B0:6C:9A:3C
2022-02-03 18:18:06,131 | MainThread   | [INFO    ] | _connect            |: Looking for Artemis Nano Peripheral Device: C0:83:B0:6C:9A:3C
2022-02-03 18:18:29,352 | MainThread   | [INFO    ] | exit_handler        |: Exiting...
2022-02-03 18:18:29,355 | MainThread   | [WARNING ] | exit_handler        |: Could not disconnect before exiting
2022-02-03 18:18:29,357 | MainThread   | [WARNING ] | exit_handler        |: Not connected to a BLE device
2022-02-03 18:18:38,458 | MainThread   | [DEBUG   ] | <module>            |: debug
2022-02-03 18:18:38,459 | MainThread   | [INFO    ] | <module>            |: info
2022-02-03 18:18:38,460 | MainThread   | [WARNING ] | <module>            |: warning
2022-02-03 18:18:38,461 | MainThread   | [ERROR   ] | <module>            |: error
2022-02-03 18:18:38,463 | MainThread   | [CRITICAL] | <module>            |: critical
2022-02-03 18:18:42,652 | MainThread   | [DEBUG   ] | __init__            |: Python Info: sys.version_info(major=3, minor=9, micro=10, releaselevel='final', serial=0)
2022-02-03 18:18:42,652 | MainThread   | [DEBUG   ] | __init__            |: System Info: macOS-10.16-x86_64-i386-64bit
2022-02-03 18:18:42,652 | MainThread   | [INFO    ] | _connect            |: Looking for Artemis Nano Peripheral Device: C0:83:B0:6C:9A:3C
2022-02-03 18:20:46,584 | MainThread   | [INFO    ] | _connect            |: Looking for Artemis Nano Peripheral Device: C0:83:B0:6C:9A:3C
2022-02-03 18:22:26,299 | MainThread   | [INFO    ] | exit_handler        |: Exiting...
2022-02-03 18:22:26,303 | MainThread   | [WARNING ] | exit_handler        |: Could not disconnect before exiting
2022-02-03 18:22:26,304 | MainThread   | [WARNING ] | exit_handler        |: Not connected to a BLE device
2022-02-03 18:23:12,392 | MainThread   | [DEBUG   ] | <module>            |: debug
2022-02-03 18:23:12,393 | MainThread   | [INFO    ] | <module>            |: info
2022-02-03 18:23:12,395 | MainThread   | [WARNING ] | <module>            |: warning
2022-02-03 18:23:12,401 | MainThread   | [ERROR   ] | <module>            |: error
2022-02-03 18:23:12,402 | MainThread   | [CRITICAL] | <module>            |: critical
2022-02-03 18:23:27,316 | MainThread   | [DEBUG   ] | __init__            |: Python Info: sys.version_info(major=3, minor=9, micro=10, releaselevel='final', serial=0)
2022-02-03 18:23:27,316 | MainThread   | [DEBUG   ] | __init__            |: System Info: macOS-10.16-x86_64-i386-64bit
2022-02-03 18:23:27,317 | MainThread   | [INFO    ] | _connect            |: Looking for Artemis Nano Peripheral Device: C0:83:B0:6C:9A:3C
2022-02-03 18:24:29,343 | MainThread   | [INFO    ] | _connect            |: Looking for Artemis Nano Peripheral Device: C0:83:B0:6C:9A:3C
2022-02-03 18:24:31,818 | MainThread   | [INFO    ] | _connect            |: Connected to C0:83:B0:6C:9A:3C
2022-02-03 18:24:57,872 | MainThread   | [INFO    ] | _connect            |: Already connected to a BLE device
2022-02-03 18:25:04,848 | MainThread   | [INFO    ] | _connect            |: Already connected to a BLE device
2022-02-03 18:26:07,815 | MainThread   | [INFO    ] | disconnect_handler  |: Disconnected from 607452C2-8441-D076-814E-841EB3635426
2022-02-03 18:31:07,117 | MainThread   | [INFO    ] | _connect            |: Looking for Artemis Nano Peripheral Device: C0:83:B0:6C:9A:3C
2022-02-03 18:31:09,678 | MainThread   | [INFO    ] | _connect            |: Connected to C0:83:B0:6C:9A:3C
2022-02-03 20:18:47,929 | MainThread   | [INFO    ] | disconnect_handler  |: Disconnected from 607452C2-8441-D076-814E-841EB3635426
2022-02-03 21:25:15,553 | MainThread   | [INFO    ] | _connect            |: Looking for Artemis Nano Peripheral Device: C0:83:B0:6C:9A:3C
2022-02-03 21:25:18,102 | MainThread   | [INFO    ] | _connect            |: Connected to C0:83:B0:6C:9A:3C
2022-02-03 21:45:16,999 | MainThread   | [INFO    ] | disconnect_handler  |: Disconnected from 607452C2-8441-D076-814E-841EB3635426
2022-02-03 21:45:26,335 | MainThread   | [INFO    ] | exit_handler        |: Exiting...
2022-02-03 21:45:26,342 | MainThread   | [WARNING ] | exit_handler        |: Could not disconnect before exiting
2022-02-03 21:45:26,348 | MainThread   | [WARNING ] | exit_handler        |: Not connected to a BLE device
2022-02-07 19:53:33,156 | MainThread   | [DEBUG   ] | <module>            |: debug
2022-02-07 19:53:33,166 | MainThread   | [INFO    ] | <module>            |: info
2022-02-07 19:53:33,170 | MainThread   | [WARNING ] | <module>            |: warning
2022-02-07 19:53:33,172 | MainThread   | [ERROR   ] | <module>            |: error
2022-02-07 19:53:33,180 | MainThread   | [CRITICAL] | <module>            |: critical
2022-02-07 19:54:12,153 | MainThread   | [DEBUG   ] | __init__            |: Python Info: sys.version_info(major=3, minor=9, micro=10, releaselevel='final', serial=0)
2022-02-07 19:54:12,154 | MainThread   | [DEBUG   ] | __init__            |: System Info: macOS-10.16-x86_64-i386-64bit
2022-02-07 19:54:12,155 | MainThread   | [INFO    ] | _connect            |: Looking for Artemis Nano Peripheral Device: C0:83:B0:6C:9A:3C
2022-02-07 19:54:14,769 | MainThread   | [INFO    ] | _connect            |: Connected to C0:83:B0:6C:9A:3C
2022-02-07 19:55:33,578 | MainThread   | [INFO    ] | disconnect_handler  |: Disconnected from 607452C2-8441-D076-814E-841EB3635426
2022-02-07 19:55:59,408 | MainThread   | [INFO    ] | _connect            |: Looking for Artemis Nano Peripheral Device: C0:83:B0:6C:9A:3C
2022-02-07 19:56:01,894 | MainThread   | [INFO    ] | _connect            |: Connected to C0:83:B0:6C:9A:3C
2022-02-07 20:08:14,501 | MainThread   | [INFO    ] | disconnect_handler  |: Disconnected from 607452C2-8441-D076-814E-841EB3635426
2022-02-07 20:09:15,034 | MainThread   | [INFO    ] | _connect            |: Looking for Artemis Nano Peripheral Device: C0:83:B0:6C:9A:3C
2022-02-07 20:09:17,424 | MainThread   | [INFO    ] | _connect            |: Connected to C0:83:B0:6C:9A:3C
2022-02-07 20:09:49,829 | MainThread   | [INFO    ] | exit_handler        |: Exiting...
2022-02-07 20:09:49,835 | MainThread   | [WARNING ] | exit_handler        |: Could not disconnect before exiting
2022-02-07 20:09:49,837 | MainThread   | [WARNING ] | exit_handler        |: Task <Task pending name='Task-106' coro=<BLEAsyncDevice._disconnect() running at /Users/roninsharma/Desktop/Cornell/ECE 5960/Fast-Robots/Lab2/ble_robot-1.0/ble_python/base_ble.py:94>> got Future <Future pending> attached to a different loop
2022-02-07 20:11:31,144 | MainThread   | [DEBUG   ] | <module>            |: debug
2022-02-07 20:11:31,150 | MainThread   | [INFO    ] | <module>            |: info
2022-02-07 20:11:31,152 | MainThread   | [WARNING ] | <module>            |: warning
2022-02-07 20:11:31,153 | MainThread   | [ERROR   ] | <module>            |: error
2022-02-07 20:11:31,155 | MainThread   | [CRITICAL] | <module>            |: critical
2022-02-07 20:11:34,200 | MainThread   | [DEBUG   ] | __init__            |: Python Info: sys.version_info(major=3, minor=9, micro=10, releaselevel='final', serial=0)
2022-02-07 20:11:34,200 | MainThread   | [DEBUG   ] | __init__            |: System Info: macOS-10.16-x86_64-i386-64bit
2022-02-07 20:11:34,201 | MainThread   | [INFO    ] | _connect            |: Looking for Artemis Nano Peripheral Device: C0:83:B0:6C:9A:3C
2022-02-07 20:11:36,760 | MainThread   | [INFO    ] | _connect            |: Connected to C0:83:B0:6C:9A:3C
2022-02-07 20:16:11,201 | MainThread   | [INFO    ] | disconnect_handler  |: Disconnected from 607452C2-8441-D076-814E-841EB3635426
2022-02-07 20:19:59,905 | MainThread   | [INFO    ] | _connect            |: Looking for Artemis Nano Peripheral Device: C0:83:B0:6C:9A:3C
2022-02-07 20:20:02,540 | MainThread   | [INFO    ] | _connect            |: Connected to C0:83:B0:6C:9A:3C
2022-02-07 20:26:42,304 | MainThread   | [INFO    ] | disconnect_handler  |: Disconnected from 607452C2-8441-D076-814E-841EB3635426
2022-02-07 20:26:57,204 | MainThread   | [INFO    ] | _connect            |: Looking for Artemis Nano Peripheral Device: C0:83:B0:6C:9A:3C
2022-02-07 20:26:59,681 | MainThread   | [INFO    ] | _connect            |: Connected to C0:83:B0:6C:9A:3C
2022-02-07 20:27:48,523 | MainThread   | [INFO    ] | disconnect_handler  |: Disconnected from 607452C2-8441-D076-814E-841EB3635426
2022-02-07 20:29:03,020 | MainThread   | [INFO    ] | exit_handler        |: Exiting...
2022-02-07 20:29:03,024 | MainThread   | [WARNING ] | exit_handler        |: Could not disconnect before exiting
2022-02-07 20:29:03,028 | MainThread   | [WARNING ] | exit_handler        |: Not connected to a BLE device
2022-03-08 22:11:31,198 | MainThread   | [DEBUG   ] | <module>            |: debug
2022-03-08 22:11:31,199 | MainThread   | [INFO    ] | <module>            |: info
2022-03-08 22:11:31,200 | MainThread   | [WARNING ] | <module>            |: warning
2022-03-08 22:11:31,201 | MainThread   | [ERROR   ] | <module>            |: error
2022-03-08 22:11:31,202 | MainThread   | [CRITICAL] | <module>            |: critical
2022-03-08 22:11:39,417 | MainThread   | [DEBUG   ] | __init__            |: Python Info: sys.version_info(major=3, minor=9, micro=10, releaselevel='final', serial=0)
2022-03-08 22:11:39,417 | MainThread   | [DEBUG   ] | __init__            |: System Info: macOS-10.16-x86_64-i386-64bit
2022-03-08 22:11:39,418 | MainThread   | [INFO    ] | _connect            |: Looking for Artemis Nano Peripheral Device: C0:83:B0:6C:9A:3C
2022-03-08 22:16:02,663 | MainThread   | [INFO    ] | _connect            |: Looking for Artemis Nano Peripheral Device: C0:83:B0:6C:9A:3C
2022-03-08 22:16:05,155 | MainThread   | [INFO    ] | _connect            |: Connected to C0:83:B0:6C:9A:3C
2022-03-08 22:16:55,687 | MainThread   | [INFO    ] | _connect            |: Already connected to a BLE device
2022-03-08 22:19:00,558 | MainThread   | [INFO    ] | disconnect_handler  |: Disconnected from 607452C2-8441-D076-814E-841EB3635426
2022-03-08 22:24:24,885 | MainThread   | [INFO    ] | _connect            |: Looking for Artemis Nano Peripheral Device: C0:83:B0:6C:9A:3C
2022-03-08 22:24:27,588 | MainThread   | [INFO    ] | _connect            |: Connected to C0:83:B0:6C:9A:3C
2022-03-08 22:28:18,408 | MainThread   | [INFO    ] | disconnect_handler  |: Disconnected from 607452C2-8441-D076-814E-841EB3635426
2022-03-08 22:47:08,402 | MainThread   | [INFO    ] | _connect            |: Looking for Artemis Nano Peripheral Device: C0:83:B0:6C:9A:3C
2022-03-08 22:47:10,981 | MainThread   | [INFO    ] | _connect            |: Connected to C0:83:B0:6C:9A:3C
2022-03-08 22:51:13,606 | MainThread   | [INFO    ] | disconnect_handler  |: Disconnected from 607452C2-8441-D076-814E-841EB3635426
2022-03-08 22:51:21,863 | MainThread   | [INFO    ] | _connect            |: Looking for Artemis Nano Peripheral Device: C0:83:B0:6C:9A:3C
2022-03-08 22:51:24,404 | MainThread   | [INFO    ] | _connect            |: Connected to C0:83:B0:6C:9A:3C
2022-03-08 22:51:50,326 | MainThread   | [INFO    ] | disconnect_handler  |: Disconnected from 607452C2-8441-D076-814E-841EB3635426
2022-03-08 22:52:52,211 | MainThread   | [INFO    ] | _connect            |: Looking for Artemis Nano Peripheral Device: C0:83:B0:6C:9A:3C
2022-03-08 22:52:54,786 | MainThread   | [INFO    ] | _connect            |: Connected to C0:83:B0:6C:9A:3C
2022-03-08 22:53:27,757 | MainThread   | [INFO    ] | disconnect_handler  |: Disconnected from 607452C2-8441-D076-814E-841EB3635426
2022-03-08 22:54:12,429 | MainThread   | [INFO    ] | _connect            |: Looking for Artemis Nano Peripheral Device: C0:83:B0:6C:9A:3C
2022-03-08 22:54:15,217 | MainThread   | [INFO    ] | _connect            |: Connected to C0:83:B0:6C:9A:3C
2022-03-08 22:55:57,612 | MainThread   | [INFO    ] | disconnect_handler  |: Disconnected from 607452C2-8441-D076-814E-841EB3635426
2022-03-08 22:56:10,837 | MainThread   | [INFO    ] | _connect            |: Looking for Artemis Nano Peripheral Device: C0:83:B0:6C:9A:3C
2022-03-08 22:56:13,333 | MainThread   | [INFO    ] | _connect            |: Connected to C0:83:B0:6C:9A:3C
2022-03-08 22:58:37,145 | MainThread   | [INFO    ] | disconnect_handler  |: Disconnected from 607452C2-8441-D076-814E-841EB3635426
2022-03-08 22:58:53,725 | MainThread   | [INFO    ] | _connect            |: Looking for Artemis Nano Peripheral Device: C0:83:B0:6C:9A:3C
2022-03-08 22:58:56,246 | MainThread   | [INFO    ] | _connect            |: Connected to C0:83:B0:6C:9A:3C
2022-03-08 22:59:36,913 | MainThread   | [INFO    ] | disconnect_handler  |: Disconnected from 607452C2-8441-D076-814E-841EB3635426
2022-03-08 23:00:20,860 | MainThread   | [INFO    ] | _connect            |: Looking for Artemis Nano Peripheral Device: C0:83:B0:6C:9A:3C
2022-03-08 23:00:23,895 | MainThread   | [INFO    ] | _connect            |: Connected to C0:83:B0:6C:9A:3C
2022-03-08 23:01:50,236 | MainThread   | [INFO    ] | disconnect_handler  |: Disconnected from 607452C2-8441-D076-814E-841EB3635426
2022-03-08 23:17:09,030 | MainThread   | [INFO    ] | exit_handler        |: Exiting...
2022-03-08 23:17:09,032 | MainThread   | [WARNING ] | exit_handler        |: Could not disconnect before exiting
2022-03-08 23:17:09,033 | MainThread   | [WARNING ] | exit_handler        |: Not connected to a BLE device
2022-03-09 15:20:57,787 | MainThread   | [DEBUG   ] | __init__            |: Python Info: sys.version_info(major=3, minor=9, micro=10, releaselevel='final', serial=0)
2022-03-09 15:20:57,788 | MainThread   | [DEBUG   ] | __init__            |: System Info: macOS-10.16-x86_64-i386-64bit
2022-03-09 15:20:57,789 | MainThread   | [INFO    ] | _connect            |: Looking for Artemis Nano Peripheral Device: C0:83:B0:6C:9A:3C
2022-03-09 15:22:10,752 | MainThread   | [INFO    ] | _connect            |: Looking for Artemis Nano Peripheral Device: C0:83:B0:6C:9A:3C
2022-03-09 15:22:14,192 | MainThread   | [INFO    ] | _connect            |: Connected to C0:83:B0:6C:9A:3C
2022-03-09 15:22:35,272 | MainThread   | [INFO    ] | _connect            |: Already connected to a BLE device
2022-03-09 15:23:05,973 | MainThread   | [INFO    ] | disconnect_handler  |: Disconnected from 4D545522-0FEB-C754-82D4-12405B57AA82
2022-03-09 15:23:14,855 | MainThread   | [INFO    ] | _connect            |: Looking for Artemis Nano Peripheral Device: C0:83:B0:6C:9A:3C
2022-03-09 15:23:18,196 | MainThread   | [INFO    ] | _connect            |: Connected to C0:83:B0:6C:9A:3C
2022-03-09 15:23:38,603 | MainThread   | [INFO    ] | disconnect_handler  |: Disconnected from 4D545522-0FEB-C754-82D4-12405B57AA82
2022-03-09 15:24:35,106 | MainThread   | [INFO    ] | _connect            |: Looking for Artemis Nano Peripheral Device: C0:83:B0:6C:9A:3C
2022-03-09 15:24:38,915 | MainThread   | [INFO    ] | _connect            |: Connected to C0:83:B0:6C:9A:3C
2022-03-09 15:26:32,692 | MainThread   | [INFO    ] | disconnect_handler  |: Disconnected from 64191BCD-821E-52CD-3B70-71B477DBD746
2022-03-09 15:32:36,641 | MainThread   | [INFO    ] | _connect            |: Looking for Artemis Nano Peripheral Device: C0:83:B0:6C:9A:3C
2022-03-09 15:32:40,027 | MainThread   | [INFO    ] | _connect            |: Connected to C0:83:B0:6C:9A:3C
2022-03-09 15:33:25,762 | MainThread   | [INFO    ] | _connect            |: Already connected to a BLE device
2022-03-09 15:34:12,877 | MainThread   | [INFO    ] | disconnect_handler  |: Disconnected from 4D545522-0FEB-C754-82D4-12405B57AA82
2022-03-09 15:34:22,618 | MainThread   | [INFO    ] | _connect            |: Looking for Artemis Nano Peripheral Device: C0:83:B0:6C:9A:3C
2022-03-09 15:34:25,253 | MainThread   | [INFO    ] | _connect            |: Connected to C0:83:B0:6C:9A:3C
2022-03-09 15:35:15,609 | MainThread   | [INFO    ] | disconnect_handler  |: Disconnected from 607452C2-8441-D076-814E-841EB3635426
2022-03-09 15:35:27,370 | MainThread   | [INFO    ] | _connect            |: Looking for Artemis Nano Peripheral Device: C0:83:B0:6C:9A:3C
2022-03-09 15:35:29,912 | MainThread   | [INFO    ] | _connect            |: Connected to C0:83:B0:6C:9A:3C
2022-03-09 15:38:21,555 | MainThread   | [INFO    ] | disconnect_handler  |: Disconnected from 607452C2-8441-D076-814E-841EB3635426
2022-03-09 15:39:11,294 | MainThread   | [INFO    ] | _connect            |: Looking for Artemis Nano Peripheral Device: C0:83:B0:6C:9A:3C
2022-03-09 15:39:14,506 | MainThread   | [INFO    ] | _connect            |: Connected to C0:83:B0:6C:9A:3C
2022-03-09 15:40:43,584 | MainThread   | [INFO    ] | _connect            |: Already connected to a BLE device
2022-03-09 15:41:52,974 | MainThread   | [INFO    ] | disconnect_handler  |: Disconnected from C7E5DC71-234A-C6AE-D97B-5A53CBBF8C13
2022-03-09 15:42:11,874 | MainThread   | [INFO    ] | _connect            |: Looking for Artemis Nano Peripheral Device: C0:83:B0:6C:9A:3C
2022-03-09 15:42:14,389 | MainThread   | [INFO    ] | _connect            |: Connected to C0:83:B0:6C:9A:3C
2022-03-09 15:42:15,471 | MainThread   | [INFO    ] | disconnect_handler  |: Disconnected from 64191BCD-821E-52CD-3B70-71B477DBD746
2022-03-09 15:42:21,262 | MainThread   | [INFO    ] | _connect            |: Looking for Artemis Nano Peripheral Device: C0:83:B0:6C:9A:3C
2022-03-09 15:42:24,325 | MainThread   | [INFO    ] | _connect            |: Connected to C0:83:B0:6C:9A:3C
2022-03-09 15:42:42,769 | MainThread   | [INFO    ] | disconnect_handler  |: Disconnected from C7E5DC71-234A-C6AE-D97B-5A53CBBF8C13
2022-03-09 15:44:14,426 | MainThread   | [DEBUG   ] | <module>            |: debug
2022-03-09 15:44:14,427 | MainThread   | [INFO    ] | <module>            |: info
2022-03-09 15:44:14,428 | MainThread   | [WARNING ] | <module>            |: warning
2022-03-09 15:44:14,429 | MainThread   | [ERROR   ] | <module>            |: error
2022-03-09 15:44:14,431 | MainThread   | [CRITICAL] | <module>            |: critical
2022-03-09 15:44:17,636 | MainThread   | [DEBUG   ] | __init__            |: Python Info: sys.version_info(major=3, minor=9, micro=10, releaselevel='final', serial=0)
2022-03-09 15:44:17,637 | MainThread   | [DEBUG   ] | __init__            |: System Info: macOS-10.16-x86_64-i386-64bit
2022-03-09 15:44:17,638 | MainThread   | [INFO    ] | _connect            |: Looking for Artemis Nano Peripheral Device: C0:83:B0:6C:9A:3C
2022-03-09 15:44:20,350 | MainThread   | [INFO    ] | _connect            |: Connected to C0:83:B0:6C:9A:3C
2022-03-09 15:45:18,208 | MainThread   | [INFO    ] | _connect            |: Looking for Artemis Nano Peripheral Device: C0:83:B0:6C:9A:3C
2022-03-09 15:45:30,282 | MainThread   | [ERROR   ] | _connect            |: 
2022-03-09 15:45:31,288 | MainThread   | [WARNING ] | connect             |: Attempting to connect again...
2022-03-09 15:45:31,290 | MainThread   | [INFO    ] | _connect            |: Looking for Artemis Nano Peripheral Device: C0:83:B0:6C:9A:3C
2022-03-09 15:45:34,685 | MainThread   | [INFO    ] | _connect            |: Connected to C0:83:B0:6C:9A:3C
2022-03-09 15:47:39,683 | MainThread   | [INFO    ] | disconnect_handler  |: Disconnected from 4D545522-0FEB-C754-82D4-12405B57AA82
2022-03-09 15:47:44,127 | MainThread   | [INFO    ] | _connect            |: Looking for Artemis Nano Peripheral Device: C0:83:B0:6C:9A:3C
2022-03-09 15:47:46,890 | MainThread   | [INFO    ] | disconnect_handler  |: Disconnected from 607452C2-8441-D076-814E-841EB3635426
2022-03-09 15:47:48,156 | MainThread   | [INFO    ] | _connect            |: Connected to C0:83:B0:6C:9A:3C
2022-03-09 15:48:20,201 | MainThread   | [INFO    ] | disconnect_handler  |: Disconnected from 4D545522-0FEB-C754-82D4-12405B57AA82
2022-03-09 15:48:29,037 | MainThread   | [INFO    ] | _connect            |: Looking for Artemis Nano Peripheral Device: C0:83:B0:6C:9A:3C
2022-03-09 15:49:09,063 | MainThread   | [INFO    ] | _connect            |: Looking for Artemis Nano Peripheral Device: C0:83:B0:6C:9A:3C
2022-03-09 15:49:23,146 | MainThread   | [ERROR   ] | _connect            |: 
2022-03-09 15:49:24,149 | MainThread   | [WARNING ] | connect             |: Attempting to connect again...
2022-03-09 15:49:24,150 | MainThread   | [INFO    ] | _connect            |: Looking for Artemis Nano Peripheral Device: C0:83:B0:6C:9A:3C
2022-03-09 15:49:50,343 | MainThread   | [INFO    ] | _connect            |: Looking for Artemis Nano Peripheral Device: C0:83:B0:6C:9A:3C
2022-03-09 15:49:53,757 | MainThread   | [INFO    ] | _connect            |: Connected to C0:83:B0:6C:9A:3C
2022-03-09 15:50:21,360 | MainThread   | [INFO    ] | disconnect_handler  |: Disconnected from 4D545522-0FEB-C754-82D4-12405B57AA82
2022-03-09 15:50:43,223 | MainThread   | [INFO    ] | _connect            |: Looking for Artemis Nano Peripheral Device: C0:83:B0:6C:9A:3C
2022-03-09 15:52:25,594 | MainThread   | [INFO    ] | _connect            |: Looking for Artemis Nano Peripheral Device: C0:83:B0:6C:9A:3C
2022-03-09 15:52:28,511 | MainThread   | [INFO    ] | _connect            |: Connected to C0:83:B0:6C:9A:3C
2022-03-09 15:54:25,992 | MainThread   | [INFO    ] | disconnect_handler  |: Disconnected from 607452C2-8441-D076-814E-841EB3635426
2022-03-09 15:54:57,606 | MainThread   | [INFO    ] | _connect            |: Looking for Artemis Nano Peripheral Device: C0:83:B0:6C:9A:3C
2022-03-09 15:55:15,135 | MainThread   | [INFO    ] | _connect            |: Looking for Artemis Nano Peripheral Device: C0:83:B0:6C:9A:3C
2022-03-09 15:55:49,628 | MainThread   | [INFO    ] | _connect            |: Looking for Artemis Nano Peripheral Device: C0:83:B0:6C:9A:3C
2022-03-09 15:55:52,204 | MainThread   | [INFO    ] | _connect            |: Connected to C0:83:B0:6C:9A:3C
2022-03-09 15:57:22,700 | MainThread   | [INFO    ] | disconnect_handler  |: Disconnected from 607452C2-8441-D076-814E-841EB3635426
2022-03-09 15:57:35,300 | MainThread   | [INFO    ] | _connect            |: Looking for Artemis Nano Peripheral Device: C0:83:B0:6C:9A:3C
2022-03-09 15:57:37,804 | MainThread   | [INFO    ] | _connect            |: Connected to C0:83:B0:6C:9A:3C
2022-03-09 15:59:37,999 | MainThread   | [INFO    ] | disconnect_handler  |: Disconnected from 607452C2-8441-D076-814E-841EB3635426
2022-03-09 15:59:50,336 | MainThread   | [INFO    ] | _connect            |: Looking for Artemis Nano Peripheral Device: C0:83:B0:6C:9A:3C
2022-03-09 15:59:52,907 | MainThread   | [INFO    ] | _connect            |: Connected to C0:83:B0:6C:9A:3C
2022-03-09 16:03:16,712 | MainThread   | [INFO    ] | disconnect_handler  |: Disconnected from 607452C2-8441-D076-814E-841EB3635426
2022-03-09 16:10:53,791 | MainThread   | [INFO    ] | _connect            |: Looking for Artemis Nano Peripheral Device: C0:83:B0:6C:9A:3C
2022-03-09 16:10:56,347 | MainThread   | [INFO    ] | _connect            |: Connected to C0:83:B0:6C:9A:3C
2022-03-09 16:11:05,514 | MainThread   | [INFO    ] | disconnect_handler  |: Disconnected from 42759617-121A-9AAD-A91F-B37472DB3DE7
2022-03-09 16:11:25,804 | MainThread   | [INFO    ] | _connect            |: Looking for Artemis Nano Peripheral Device: C0:83:B0:6C:9A:3C
2022-03-09 16:11:28,346 | MainThread   | [INFO    ] | _connect            |: Connected to C0:83:B0:6C:9A:3C
2022-03-09 16:12:05,456 | MainThread   | [INFO    ] | _connect            |: Already connected to a BLE device
2022-03-09 16:12:17,520 | MainThread   | [INFO    ] | disconnect_handler  |: Disconnected from 42759617-121A-9AAD-A91F-B37472DB3DE7
2022-03-09 16:12:53,515 | MainThread   | [INFO    ] | _connect            |: Looking for Artemis Nano Peripheral Device: C0:83:B0:6C:9A:3C
2022-03-09 16:12:56,146 | MainThread   | [INFO    ] | _connect            |: Connected to C0:83:B0:6C:9A:3C
2022-03-09 16:14:27,454 | MainThread   | [INFO    ] | exit_handler        |: Exiting...
2022-03-09 16:14:27,461 | MainThread   | [WARNING ] | exit_handler        |: Could not disconnect before exiting
2022-03-09 16:14:27,467 | MainThread   | [WARNING ] | exit_handler        |: Task <Task pending name='Task-81' coro=<BLEAsyncDevice._disconnect() running at /Users/roninsharma/Desktop/Cornell/ECE 5960/Fast-Robots/Lab6/ble/base_ble.py:94>> got Future <Future pending> attached to a different loop
2022-03-09 16:14:36,587 | MainThread   | [DEBUG   ] | __init__            |: Python Info: sys.version_info(major=3, minor=9, micro=10, releaselevel='final', serial=0)
2022-03-09 16:14:36,588 | MainThread   | [DEBUG   ] | __init__            |: System Info: macOS-10.16-x86_64-i386-64bit
2022-03-09 16:14:36,589 | MainThread   | [INFO    ] | _connect            |: Looking for Artemis Nano Peripheral Device: C0:83:B0:6C:9A:3C
2022-03-09 16:14:39,061 | MainThread   | [INFO    ] | _connect            |: Connected to C0:83:B0:6C:9A:3C
2022-03-09 16:16:04,682 | MainThread   | [INFO    ] | disconnect_handler  |: Disconnected from 607452C2-8441-D076-814E-841EB3635426
2022-03-09 16:16:13,628 | MainThread   | [INFO    ] | _connect            |: Looking for Artemis Nano Peripheral Device: C0:83:B0:6C:9A:3C
2022-03-09 16:16:25,705 | MainThread   | [ERROR   ] | _connect            |: 
2022-03-09 16:16:26,712 | MainThread   | [WARNING ] | connect             |: Attempting to connect again...
2022-03-09 16:16:26,714 | MainThread   | [INFO    ] | _connect            |: Looking for Artemis Nano Peripheral Device: C0:83:B0:6C:9A:3C
2022-03-09 16:16:29,393 | MainThread   | [INFO    ] | _connect            |: Connected to C0:83:B0:6C:9A:3C
2022-03-09 16:16:49,649 | MainThread   | [INFO    ] | _connect            |: Already connected to a BLE device
2022-03-09 16:17:02,588 | MainThread   | [INFO    ] | disconnect_handler  |: Disconnected from 607452C2-8441-D076-814E-841EB3635426
2022-03-09 16:33:38,627 | MainThread   | [INFO    ] | exit_handler        |: Exiting...
2022-03-09 16:33:38,635 | MainThread   | [WARNING ] | exit_handler        |: Could not disconnect before exiting
2022-03-09 16:33:38,636 | MainThread   | [WARNING ] | exit_handler        |: Not connected to a BLE device
2022-03-09 16:33:43,754 | MainThread   | [INFO    ] | exit_handler        |: Exiting...
2022-03-09 16:33:43,756 | MainThread   | [WARNING ] | exit_handler        |: Could not disconnect before exiting
2022-03-09 16:33:43,757 | MainThread   | [WARNING ] | exit_handler        |: Not connected to a BLE device
2022-03-11 18:34:54,590 | MainThread   | [DEBUG   ] | __init__            |: Python Info: sys.version_info(major=3, minor=9, micro=10, releaselevel='final', serial=0)
2022-03-11 18:34:54,591 | MainThread   | [DEBUG   ] | __init__            |: System Info: macOS-10.16-x86_64-i386-64bit
2022-03-11 18:34:54,592 | MainThread   | [INFO    ] | _connect            |: Looking for Artemis Nano Peripheral Device: C0:83:B0:6C:9A:3C
2022-03-11 18:34:57,221 | MainThread   | [INFO    ] | _connect            |: Connected to C0:83:B0:6C:9A:3C
2022-03-11 18:38:46,186 | MainThread   | [INFO    ] | exit_handler        |: Exiting...
2022-03-11 18:38:46,193 | MainThread   | [WARNING ] | exit_handler        |: Could not disconnect before exiting
2022-03-11 18:38:46,194 | MainThread   | [WARNING ] | exit_handler        |: Task <Task pending name='Task-10' coro=<BLEAsyncDevice._disconnect() running at /Users/roninsharma/Desktop/Cornell/ECE 5960/Fast-Robots/Lab6/ble/base_ble.py:94>> got Future <Future pending> attached to a different loop
2022-03-11 18:41:29,116 | MainThread   | [DEBUG   ] | __init__            |: Python Info: sys.version_info(major=3, minor=9, micro=10, releaselevel='final', serial=0)
2022-03-11 18:41:29,117 | MainThread   | [DEBUG   ] | __init__            |: System Info: macOS-10.16-x86_64-i386-64bit
2022-03-11 18:41:29,120 | MainThread   | [INFO    ] | _connect            |: Looking for Artemis Nano Peripheral Device: C0:83:B0:6C:9A:3C
2022-03-11 18:41:41,506 | MainThread   | [INFO    ] | _connect            |: Connected to C0:83:B0:6C:9A:3C
2022-03-11 18:42:31,351 | MainThread   | [INFO    ] | _connect            |: Already connected to a BLE device
2022-03-11 18:49:52,084 | MainThread   | [INFO    ] | disconnect_handler  |: Disconnected from 607452C2-8441-D076-814E-841EB3635426
2022-03-11 18:53:15,055 | MainThread   | [INFO    ] | _connect            |: Looking for Artemis Nano Peripheral Device: C0:83:B0:6C:9A:3C
2022-03-11 18:53:17,864 | MainThread   | [INFO    ] | _connect            |: Connected to C0:83:B0:6C:9A:3C
2022-03-11 18:57:49,653 | MainThread   | [INFO    ] | disconnect_handler  |: Disconnected from 607452C2-8441-D076-814E-841EB3635426
2022-03-11 18:58:02,003 | MainThread   | [INFO    ] | _connect            |: Looking for Artemis Nano Peripheral Device: C0:83:B0:6C:9A:3C
2022-03-11 18:58:04,687 | MainThread   | [INFO    ] | _connect            |: Connected to C0:83:B0:6C:9A:3C
2022-03-11 19:08:01,394 | MainThread   | [INFO    ] | exit_handler        |: Exiting...
2022-03-11 19:08:01,403 | MainThread   | [WARNING ] | exit_handler        |: Could not disconnect before exiting
2022-03-11 19:08:01,404 | MainThread   | [WARNING ] | exit_handler        |: Task <Task pending name='Task-264' coro=<BLEAsyncDevice._disconnect() running at /Users/roninsharma/Desktop/Cornell/ECE 5960/Fast-Robots/Lab6/ble/base_ble.py:94>> got Future <Future pending> attached to a different loop
2022-03-11 19:08:09,094 | MainThread   | [DEBUG   ] | __init__            |: Python Info: sys.version_info(major=3, minor=9, micro=10, releaselevel='final', serial=0)
2022-03-11 19:08:09,094 | MainThread   | [DEBUG   ] | __init__            |: System Info: macOS-10.16-x86_64-i386-64bit
2022-03-11 19:08:09,095 | MainThread   | [INFO    ] | _connect            |: Looking for Artemis Nano Peripheral Device: C0:83:B0:6C:9A:3C
2022-03-11 19:08:11,869 | MainThread   | [INFO    ] | _connect            |: Connected to C0:83:B0:6C:9A:3C
2022-03-11 19:11:58,256 | MainThread   | [INFO    ] | disconnect_handler  |: Disconnected from 607452C2-8441-D076-814E-841EB3635426
2022-03-11 19:12:11,750 | MainThread   | [INFO    ] | _connect            |: Looking for Artemis Nano Peripheral Device: C0:83:B0:6C:9A:3C
2022-03-11 19:12:14,429 | MainThread   | [INFO    ] | _connect            |: Connected to C0:83:B0:6C:9A:3C
2022-03-11 19:18:41,510 | MainThread   | [INFO    ] | disconnect_handler  |: Disconnected from 607452C2-8441-D076-814E-841EB3635426
2022-03-14 00:48:54,137 | MainThread   | [DEBUG   ] | __init__            |: Python Info: sys.version_info(major=3, minor=9, micro=10, releaselevel='final', serial=0)
2022-03-14 00:48:54,139 | MainThread   | [DEBUG   ] | __init__            |: System Info: macOS-10.16-x86_64-i386-64bit
2022-03-14 00:48:54,141 | MainThread   | [INFO    ] | _connect            |: Looking for Artemis Nano Peripheral Device: C0:83:B0:6C:9A:3C
2022-03-14 00:49:03,549 | MainThread   | [INFO    ] | _connect            |: Looking for Artemis Nano Peripheral Device: C0:83:B0:6C:9A:3C
2022-03-14 00:49:06,427 | MainThread   | [INFO    ] | _connect            |: Connected to C0:83:B0:6C:9A:3C
2022-03-14 00:51:38,229 | MainThread   | [INFO    ] | disconnect_handler  |: Disconnected from 607452C2-8441-D076-814E-841EB3635426
2022-03-14 01:03:36,457 | MainThread   | [INFO    ] | _connect            |: Looking for Artemis Nano Peripheral Device: C0:83:B0:6C:9A:3C
2022-03-14 01:03:39,292 | MainThread   | [INFO    ] | _connect            |: Connected to C0:83:B0:6C:9A:3C
2022-03-14 01:08:00,834 | MainThread   | [INFO    ] | disconnect_handler  |: Disconnected from 607452C2-8441-D076-814E-841EB3635426
2022-03-14 01:09:42,698 | MainThread   | [INFO    ] | _connect            |: Looking for Artemis Nano Peripheral Device: C0:83:B0:6C:9A:3C
2022-03-14 01:09:46,304 | MainThread   | [INFO    ] | _connect            |: Connected to C0:83:B0:6C:9A:3C
2022-03-14 01:11:32,645 | MainThread   | [INFO    ] | _connect            |: Already connected to a BLE device
2022-03-14 01:13:55,400 | MainThread   | [INFO    ] | disconnect_handler  |: Disconnected from 607452C2-8441-D076-814E-841EB3635426
2022-03-14 01:14:06,789 | MainThread   | [INFO    ] | _connect            |: Looking for Artemis Nano Peripheral Device: C0:83:B0:6C:9A:3C
2022-03-14 01:14:09,695 | MainThread   | [INFO    ] | _connect            |: Connected to C0:83:B0:6C:9A:3C
2022-03-14 01:29:50,667 | MainThread   | [INFO    ] | _connect            |: Already connected to a BLE device
2022-03-14 01:36:04,285 | MainThread   | [INFO    ] | _connect            |: Already connected to a BLE device
2022-03-14 01:44:02,792 | MainThread   | [INFO    ] | disconnect_handler  |: Disconnected from 607452C2-8441-D076-814E-841EB3635426
2022-03-14 01:44:27,629 | MainThread   | [INFO    ] | _connect            |: Looking for Artemis Nano Peripheral Device: C0:83:B0:6C:9A:3C
2022-03-14 01:44:30,337 | MainThread   | [INFO    ] | _connect            |: Connected to C0:83:B0:6C:9A:3C
2022-03-14 01:44:36,389 | MainThread   | [INFO    ] | _connect            |: Already connected to a BLE device
2022-03-14 01:46:00,386 | MainThread   | [INFO    ] | disconnect_handler  |: Disconnected from 607452C2-8441-D076-814E-841EB3635426
2022-03-14 01:46:46,891 | MainThread   | [INFO    ] | _connect            |: Looking for Artemis Nano Peripheral Device: C0:83:B0:6C:9A:3C
2022-03-14 01:46:49,698 | MainThread   | [INFO    ] | _connect            |: Connected to C0:83:B0:6C:9A:3C
2022-03-14 01:48:42,907 | MainThread   | [INFO    ] | disconnect_handler  |: Disconnected from 607452C2-8441-D076-814E-841EB3635426
2022-03-14 01:54:29,331 | MainThread   | [INFO    ] | _connect            |: Looking for Artemis Nano Peripheral Device: C0:83:B0:6C:9A:3C
2022-03-14 01:55:02,608 | MainThread   | [INFO    ] | _connect            |: Looking for Artemis Nano Peripheral Device: C0:83:B0:6C:9A:3C
2022-03-14 01:55:47,106 | MainThread   | [INFO    ] | exit_handler        |: Exiting...
2022-03-14 01:55:47,124 | MainThread   | [WARNING ] | exit_handler        |: Could not disconnect before exiting
2022-03-14 01:55:47,128 | MainThread   | [WARNING ] | exit_handler        |: Not connected to a BLE device
2022-03-14 01:55:56,191 | MainThread   | [DEBUG   ] | __init__            |: Python Info: sys.version_info(major=3, minor=9, micro=10, releaselevel='final', serial=0)
2022-03-14 01:55:56,192 | MainThread   | [DEBUG   ] | __init__            |: System Info: macOS-10.16-x86_64-i386-64bit
2022-03-14 01:55:56,193 | MainThread   | [INFO    ] | _connect            |: Looking for Artemis Nano Peripheral Device: C0:83:B0:6C:9A:3C
2022-03-14 01:57:08,348 | MainThread   | [INFO    ] | _connect            |: Looking for Artemis Nano Peripheral Device: C0:83:B0:6C:9A:3C
2022-03-14 01:57:32,919 | MainThread   | [INFO    ] | _connect            |: Looking for Artemis Nano Peripheral Device: C0:83:B0:6C:9A:3C
2022-03-14 01:57:43,388 | MainThread   | [INFO    ] | _connect            |: Looking for Artemis Nano Peripheral Device: C0:83:B0:6C:9A:3C
2022-03-14 01:58:26,123 | MainThread   | [INFO    ] | _connect            |: Looking for Artemis Nano Peripheral Device: C0:83:B0:6C:9A:3C
2022-03-14 01:58:31,006 | MainThread   | [INFO    ] | _connect            |: Connected to C0:83:B0:6C:9A:3C
2022-03-14 01:58:45,699 | MainThread   | [INFO    ] | _connect            |: Already connected to a BLE device
2022-03-14 01:59:40,953 | MainThread   | [INFO    ] | disconnect_handler  |: Disconnected from 607452C2-8441-D076-814E-841EB3635426
2022-03-14 01:59:51,327 | MainThread   | [INFO    ] | _connect            |: Looking for Artemis Nano Peripheral Device: C0:83:B0:6C:9A:3C
2022-03-14 01:59:53,977 | MainThread   | [INFO    ] | _connect            |: Connected to C0:83:B0:6C:9A:3C
2022-03-14 02:01:03,495 | MainThread   | [INFO    ] | disconnect_handler  |: Disconnected from 607452C2-8441-D076-814E-841EB3635426
2022-03-14 02:02:17,918 | MainThread   | [INFO    ] | _connect            |: Looking for Artemis Nano Peripheral Device: C0:83:B0:6C:9A:3C
2022-03-14 02:02:20,721 | MainThread   | [INFO    ] | _connect            |: Connected to C0:83:B0:6C:9A:3C
2022-03-14 02:02:33,610 | MainThread   | [INFO    ] | disconnect_handler  |: Disconnected from 607452C2-8441-D076-814E-841EB3635426
2022-03-14 02:02:39,480 | MainThread   | [INFO    ] | _connect            |: Looking for Artemis Nano Peripheral Device: C0:83:B0:6C:9A:3C
2022-03-14 02:02:42,454 | MainThread   | [INFO    ] | _connect            |: Connected to C0:83:B0:6C:9A:3C
2022-03-14 02:14:00,658 | MainThread   | [INFO    ] | disconnect_handler  |: Disconnected from 607452C2-8441-D076-814E-841EB3635426
2022-03-14 02:14:18,545 | MainThread   | [INFO    ] | _connect            |: Looking for Artemis Nano Peripheral Device: C0:83:B0:6C:9A:3C
2022-03-14 02:14:21,357 | MainThread   | [INFO    ] | _connect            |: Connected to C0:83:B0:6C:9A:3C
2022-03-14 02:15:06,130 | MainThread   | [INFO    ] | _connect            |: Already connected to a BLE device
2022-03-14 02:15:25,149 | MainThread   | [INFO    ] | _connect            |: Already connected to a BLE device
2022-03-14 02:18:07,848 | MainThread   | [INFO    ] | disconnect_handler  |: Disconnected from 607452C2-8441-D076-814E-841EB3635426
2022-03-14 02:20:10,726 | MainThread   | [INFO    ] | _connect            |: Looking for Artemis Nano Peripheral Device: C0:83:B0:6C:9A:3C
2022-03-14 02:20:13,870 | MainThread   | [INFO    ] | _connect            |: Connected to C0:83:B0:6C:9A:3C
2022-03-14 02:25:04,445 | MainThread   | [INFO    ] | disconnect_handler  |: Disconnected from 607452C2-8441-D076-814E-841EB3635426
2022-03-14 02:26:02,696 | MainThread   | [INFO    ] | _connect            |: Looking for Artemis Nano Peripheral Device: C0:83:B0:6C:9A:3C
2022-03-14 02:26:05,294 | MainThread   | [INFO    ] | _connect            |: Connected to C0:83:B0:6C:9A:3C
2022-03-14 02:31:57,346 | MainThread   | [INFO    ] | disconnect_handler  |: Disconnected from 607452C2-8441-D076-814E-841EB3635426
2022-03-14 02:32:13,773 | MainThread   | [INFO    ] | _connect            |: Looking for Artemis Nano Peripheral Device: C0:83:B0:6C:9A:3C
2022-03-14 02:32:16,688 | MainThread   | [INFO    ] | _connect            |: Connected to C0:83:B0:6C:9A:3C
2022-03-14 02:38:29,649 | MainThread   | [INFO    ] | disconnect_handler  |: Disconnected from 607452C2-8441-D076-814E-841EB3635426
2022-03-14 02:38:44,814 | MainThread   | [INFO    ] | _connect            |: Looking for Artemis Nano Peripheral Device: C0:83:B0:6C:9A:3C
2022-03-14 02:38:47,674 | MainThread   | [INFO    ] | _connect            |: Connected to C0:83:B0:6C:9A:3C
2022-03-14 02:40:38,436 | MainThread   | [INFO    ] | disconnect_handler  |: Disconnected from 607452C2-8441-D076-814E-841EB3635426
2022-03-14 02:40:45,950 | MainThread   | [INFO    ] | _connect            |: Looking for Artemis Nano Peripheral Device: C0:83:B0:6C:9A:3C
2022-03-14 02:40:48,868 | MainThread   | [INFO    ] | _connect            |: Connected to C0:83:B0:6C:9A:3C
2022-03-14 02:41:53,330 | MainThread   | [INFO    ] | disconnect_handler  |: Disconnected from 607452C2-8441-D076-814E-841EB3635426
2022-03-14 03:03:56,913 | MainThread   | [INFO    ] | exit_handler        |: Exiting...
2022-03-14 03:03:56,917 | MainThread   | [WARNING ] | exit_handler        |: Could not disconnect before exiting
2022-03-14 03:03:56,921 | MainThread   | [WARNING ] | exit_handler        |: Not connected to a BLE device
2022-03-14 12:40:46,091 | MainThread   | [DEBUG   ] | __init__            |: Python Info: sys.version_info(major=3, minor=9, micro=10, releaselevel='final', serial=0)
2022-03-14 12:40:46,092 | MainThread   | [DEBUG   ] | __init__            |: System Info: macOS-10.16-x86_64-i386-64bit
2022-03-14 12:40:46,092 | MainThread   | [INFO    ] | _connect            |: Looking for Artemis Nano Peripheral Device: C0:83:B0:6C:9A:3C
2022-03-14 12:41:43,252 | MainThread   | [INFO    ] | _connect            |: Looking for Artemis Nano Peripheral Device: C0:83:B0:6C:9A:3C
2022-03-14 12:41:45,847 | MainThread   | [INFO    ] | _connect            |: Connected to C0:83:B0:6C:9A:3C
2022-03-14 12:43:35,115 | MainThread   | [INFO    ] | disconnect_handler  |: Disconnected from 607452C2-8441-D076-814E-841EB3635426
2022-03-14 12:43:55,236 | MainThread   | [INFO    ] | _connect            |: Looking for Artemis Nano Peripheral Device: C0:83:B0:6C:9A:3C
2022-03-14 12:43:57,907 | MainThread   | [INFO    ] | _connect            |: Connected to C0:83:B0:6C:9A:3C
2022-03-14 12:46:26,652 | MainThread   | [INFO    ] | disconnect_handler  |: Disconnected from 607452C2-8441-D076-814E-841EB3635426
2022-03-14 12:47:15,433 | MainThread   | [INFO    ] | _connect            |: Looking for Artemis Nano Peripheral Device: C0:83:B0:6C:9A:3C
2022-03-14 12:47:18,048 | MainThread   | [INFO    ] | _connect            |: Connected to C0:83:B0:6C:9A:3C
2022-03-14 12:49:40,349 | MainThread   | [INFO    ] | _connect            |: Already connected to a BLE device
2022-03-14 12:49:41,356 | MainThread   | [INFO    ] | disconnect_handler  |: Disconnected from 607452C2-8441-D076-814E-841EB3635426
2022-03-14 12:49:47,275 | MainThread   | [INFO    ] | _connect            |: Looking for Artemis Nano Peripheral Device: C0:83:B0:6C:9A:3C
2022-03-14 12:49:50,203 | MainThread   | [INFO    ] | _connect            |: Connected to C0:83:B0:6C:9A:3C
2022-03-14 13:00:32,131 | MainThread   | [INFO    ] | disconnect_handler  |: Disconnected from 607452C2-8441-D076-814E-841EB3635426
2022-03-14 13:00:53,166 | MainThread   | [INFO    ] | _connect            |: Looking for Artemis Nano Peripheral Device: C0:83:B0:6C:9A:3C
2022-03-14 13:00:55,728 | MainThread   | [INFO    ] | _connect            |: Connected to C0:83:B0:6C:9A:3C
2022-03-14 13:04:50,884 | MainThread   | [INFO    ] | disconnect_handler  |: Disconnected from 607452C2-8441-D076-814E-841EB3635426
2022-03-14 13:05:42,579 | MainThread   | [INFO    ] | _connect            |: Looking for Artemis Nano Peripheral Device: C0:83:B0:6C:9A:3C
2022-03-14 13:05:45,155 | MainThread   | [INFO    ] | _connect            |: Connected to C0:83:B0:6C:9A:3C
2022-03-14 13:12:36,154 | MainThread   | [INFO    ] | disconnect_handler  |: Disconnected from 607452C2-8441-D076-814E-841EB3635426
2022-03-14 13:13:37,355 | MainThread   | [INFO    ] | _connect            |: Looking for Artemis Nano Peripheral Device: C0:83:B0:6C:9A:3C
2022-03-14 13:13:40,620 | MainThread   | [INFO    ] | _connect            |: Connected to C0:83:B0:6C:9A:3C
2022-03-14 13:26:31,744 | MainThread   | [INFO    ] | disconnect_handler  |: Disconnected from 607452C2-8441-D076-814E-841EB3635426
2022-03-14 13:26:41,475 | MainThread   | [INFO    ] | _connect            |: Looking for Artemis Nano Peripheral Device: C0:83:B0:6C:9A:3C
2022-03-14 13:26:44,063 | MainThread   | [INFO    ] | _connect            |: Connected to C0:83:B0:6C:9A:3C
2022-03-14 13:37:37,287 | MainThread   | [INFO    ] | disconnect_handler  |: Disconnected from 607452C2-8441-D076-814E-841EB3635426
2022-03-14 16:44:05,713 | MainThread   | [INFO    ] | _connect            |: Looking for Artemis Nano Peripheral Device: C0:83:B0:6C:9A:3C
2022-03-14 16:44:16,170 | MainThread   | [INFO    ] | _connect            |: Looking for Artemis Nano Peripheral Device: C0:83:B0:6C:9A:3C
2022-03-14 16:44:51,352 | MainThread   | [INFO    ] | exit_handler        |: Exiting...
2022-03-14 16:44:51,357 | MainThread   | [WARNING ] | exit_handler        |: Could not disconnect before exiting
2022-03-14 16:44:51,359 | MainThread   | [WARNING ] | exit_handler        |: Not connected to a BLE device
2022-03-14 16:45:01,765 | MainThread   | [DEBUG   ] | __init__            |: Python Info: sys.version_info(major=3, minor=9, micro=10, releaselevel='final', serial=0)
2022-03-14 16:45:01,765 | MainThread   | [DEBUG   ] | __init__            |: System Info: macOS-10.16-x86_64-i386-64bit
2022-03-14 16:45:01,766 | MainThread   | [INFO    ] | _connect            |: Looking for Artemis Nano Peripheral Device: C0:83:B0:6C:9A:3C
2022-03-14 16:45:24,146 | MainThread   | [INFO    ] | _connect            |: Looking for Artemis Nano Peripheral Device: C0:83:B0:6C:9A:3C
2022-03-14 16:45:26,718 | MainThread   | [INFO    ] | _connect            |: Connected to C0:83:B0:6C:9A:3C
2022-03-14 16:47:33,418 | MainThread   | [INFO    ] | disconnect_handler  |: Disconnected from 607452C2-8441-D076-814E-841EB3635426
2022-03-14 16:58:59,291 | MainThread   | [INFO    ] | _connect            |: Looking for Artemis Nano Peripheral Device: C0:83:B0:6C:9A:3C
2022-03-14 16:59:34,872 | MainThread   | [INFO    ] | _connect            |: Looking for Artemis Nano Peripheral Device: C0:83:B0:6C:9A:3C
2022-03-14 16:59:37,574 | MainThread   | [INFO    ] | _connect            |: Connected to C0:83:B0:6C:9A:3C
2022-03-14 16:59:40,472 | MainThread   | [INFO    ] | disconnect_handler  |: Disconnected from 607452C2-8441-D076-814E-841EB3635426
2022-03-14 17:00:04,851 | MainThread   | [INFO    ] | _connect            |: Looking for Artemis Nano Peripheral Device: C0:83:B0:6C:9A:3C
2022-03-14 17:00:08,036 | MainThread   | [INFO    ] | _connect            |: Connected to C0:83:B0:6C:9A:3C
2022-03-14 17:01:38,462 | MainThread   | [INFO    ] | disconnect_handler  |: Disconnected from 607452C2-8441-D076-814E-841EB3635426
2022-03-14 17:03:33,494 | MainThread   | [INFO    ] | _connect            |: Looking for Artemis Nano Peripheral Device: C0:83:B0:6C:9A:3C
2022-03-14 17:03:36,188 | MainThread   | [INFO    ] | _connect            |: Connected to C0:83:B0:6C:9A:3C
2022-03-14 17:04:01,450 | MainThread   | [INFO    ] | disconnect_handler  |: Disconnected from 607452C2-8441-D076-814E-841EB3635426
2022-03-14 17:05:00,334 | MainThread   | [INFO    ] | _connect            |: Looking for Artemis Nano Peripheral Device: C0:83:B0:6C:9A:3C
2022-03-14 17:05:02,953 | MainThread   | [INFO    ] | _connect            |: Connected to C0:83:B0:6C:9A:3C
2022-03-14 17:06:06,828 | MainThread   | [INFO    ] | disconnect_handler  |: Disconnected from 607452C2-8441-D076-814E-841EB3635426
2022-03-14 18:20:32,279 | MainThread   | [INFO    ] | _connect            |: Looking for Artemis Nano Peripheral Device: C0:83:B0:6C:9A:3C
2022-03-14 18:20:38,788 | MainThread   | [INFO    ] | _connect            |: Looking for Artemis Nano Peripheral Device: C0:83:B0:6C:9A:3C
2022-03-14 18:20:54,745 | MainThread   | [INFO    ] | _connect            |: Looking for Artemis Nano Peripheral Device: C0:83:B0:6C:9A:3C
2022-03-14 18:21:11,212 | MainThread   | [INFO    ] | _connect            |: Looking for Artemis Nano Peripheral Device: C0:83:B0:6C:9A:3C
2022-03-14 18:21:25,336 | MainThread   | [INFO    ] | exit_handler        |: Exiting...
2022-03-14 18:21:25,339 | MainThread   | [WARNING ] | exit_handler        |: Could not disconnect before exiting
2022-03-14 18:21:25,341 | MainThread   | [WARNING ] | exit_handler        |: Not connected to a BLE device
2022-03-14 18:21:32,561 | MainThread   | [DEBUG   ] | __init__            |: Python Info: sys.version_info(major=3, minor=9, micro=10, releaselevel='final', serial=0)
2022-03-14 18:21:32,562 | MainThread   | [DEBUG   ] | __init__            |: System Info: macOS-10.16-x86_64-i386-64bit
2022-03-14 18:21:32,562 | MainThread   | [INFO    ] | _connect            |: Looking for Artemis Nano Peripheral Device: C0:83:B0:6C:9A:3C
2022-03-14 18:21:52,913 | MainThread   | [INFO    ] | _connect            |: Looking for Artemis Nano Peripheral Device: C0:83:B0:6C:9A:3C
2022-03-14 18:22:06,284 | MainThread   | [INFO    ] | _connect            |: Looking for Artemis Nano Peripheral Device: C0:83:B0:6C:9A:3C
2022-03-14 18:22:22,141 | MainThread   | [INFO    ] | _connect            |: Looking for Artemis Nano Peripheral Device: C0:83:B0:6C:9A:3C
2022-03-14 18:23:59,463 | MainThread   | [INFO    ] | _connect            |: Looking for Artemis Nano Peripheral Device: C0:83:B0:6C:9A:3C
2022-03-14 18:24:04,133 | MainThread   | [INFO    ] | _connect            |: Connected to C0:83:B0:6C:9A:3C
2022-03-14 18:25:07,136 | MainThread   | [INFO    ] | disconnect_handler  |: Disconnected from 607452C2-8441-D076-814E-841EB3635426
2022-03-14 18:27:51,722 | MainThread   | [INFO    ] | _connect            |: Looking for Artemis Nano Peripheral Device: C0:83:B0:6C:9A:3C
2022-03-14 18:27:54,348 | MainThread   | [INFO    ] | _connect            |: Connected to C0:83:B0:6C:9A:3C
2022-03-14 18:30:33,964 | MainThread   | [INFO    ] | disconnect_handler  |: Disconnected from 607452C2-8441-D076-814E-841EB3635426
2022-03-14 18:30:51,364 | MainThread   | [INFO    ] | _connect            |: Looking for Artemis Nano Peripheral Device: C0:83:B0:6C:9A:3C
2022-03-14 18:30:53,964 | MainThread   | [INFO    ] | _connect            |: Connected to C0:83:B0:6C:9A:3C
2022-03-14 18:33:10,435 | MainThread   | [INFO    ] | disconnect_handler  |: Disconnected from 607452C2-8441-D076-814E-841EB3635426
2022-03-14 18:37:24,116 | MainThread   | [INFO    ] | _connect            |: Looking for Artemis Nano Peripheral Device: C0:83:B0:6C:9A:3C
2022-03-14 18:37:26,800 | MainThread   | [INFO    ] | _connect            |: Connected to C0:83:B0:6C:9A:3C
2022-03-14 18:38:17,127 | MainThread   | [INFO    ] | disconnect_handler  |: Disconnected from 607452C2-8441-D076-814E-841EB3635426
2022-03-14 22:25:02,858 | MainThread   | [INFO    ] | _connect            |: Looking for Artemis Nano Peripheral Device: C0:83:B0:6C:9A:3C
2022-03-14 22:25:05,433 | MainThread   | [INFO    ] | _connect            |: Connected to C0:83:B0:6C:9A:3C
2022-03-14 22:26:17,817 | MainThread   | [INFO    ] | disconnect_handler  |: Disconnected from 607452C2-8441-D076-814E-841EB3635426
2022-03-14 22:31:26,432 | MainThread   | [INFO    ] | _connect            |: Looking for Artemis Nano Peripheral Device: C0:83:B0:6C:9A:3C
2022-03-14 22:31:29,162 | MainThread   | [INFO    ] | _connect            |: Connected to C0:83:B0:6C:9A:3C
2022-03-14 22:32:39,394 | MainThread   | [INFO    ] | disconnect_handler  |: Disconnected from 607452C2-8441-D076-814E-841EB3635426
2022-03-14 22:32:48,116 | MainThread   | [INFO    ] | _connect            |: Looking for Artemis Nano Peripheral Device: C0:83:B0:6C:9A:3C
2022-03-14 22:32:50,869 | MainThread   | [INFO    ] | _connect            |: Connected to C0:83:B0:6C:9A:3C
2022-03-14 22:34:53,152 | MainThread   | [INFO    ] | disconnect_handler  |: Disconnected from 607452C2-8441-D076-814E-841EB3635426
2022-03-14 22:37:46,678 | MainThread   | [INFO    ] | _connect            |: Looking for Artemis Nano Peripheral Device: C0:83:B0:6C:9A:3C
2022-03-14 22:37:49,603 | MainThread   | [INFO    ] | _connect            |: Connected to C0:83:B0:6C:9A:3C
2022-03-14 22:40:06,933 | MainThread   | [INFO    ] | disconnect_handler  |: Disconnected from 607452C2-8441-D076-814E-841EB3635426
2022-03-14 22:41:06,210 | MainThread   | [INFO    ] | _connect            |: Looking for Artemis Nano Peripheral Device: C0:83:B0:6C:9A:3C
2022-03-14 22:41:08,834 | MainThread   | [INFO    ] | _connect            |: Connected to C0:83:B0:6C:9A:3C
2022-03-14 22:42:25,170 | MainThread   | [INFO    ] | disconnect_handler  |: Disconnected from 607452C2-8441-D076-814E-841EB3635426
2022-03-14 22:42:39,677 | MainThread   | [INFO    ] | _connect            |: Looking for Artemis Nano Peripheral Device: C0:83:B0:6C:9A:3C
2022-03-14 22:42:42,384 | MainThread   | [INFO    ] | _connect            |: Connected to C0:83:B0:6C:9A:3C
2022-03-14 22:43:43,207 | MainThread   | [INFO    ] | disconnect_handler  |: Disconnected from 607452C2-8441-D076-814E-841EB3635426
2022-03-14 22:43:57,189 | MainThread   | [INFO    ] | _connect            |: Looking for Artemis Nano Peripheral Device: C0:83:B0:6C:9A:3C
2022-03-14 22:44:00,043 | MainThread   | [INFO    ] | _connect            |: Connected to C0:83:B0:6C:9A:3C
2022-03-14 22:46:55,935 | MainThread   | [INFO    ] | disconnect_handler  |: Disconnected from 607452C2-8441-D076-814E-841EB3635426
2022-03-14 22:47:11,495 | MainThread   | [INFO    ] | _connect            |: Looking for Artemis Nano Peripheral Device: C0:83:B0:6C:9A:3C
2022-03-14 22:47:14,192 | MainThread   | [INFO    ] | _connect            |: Connected to C0:83:B0:6C:9A:3C
2022-03-14 22:50:39,816 | MainThread   | [INFO    ] | disconnect_handler  |: Disconnected from 607452C2-8441-D076-814E-841EB3635426
2022-03-14 22:50:57,661 | MainThread   | [INFO    ] | _connect            |: Looking for Artemis Nano Peripheral Device: C0:83:B0:6C:9A:3C
2022-03-14 22:51:00,424 | MainThread   | [INFO    ] | _connect            |: Connected to C0:83:B0:6C:9A:3C
2022-03-14 22:52:08,482 | MainThread   | [INFO    ] | disconnect_handler  |: Disconnected from 607452C2-8441-D076-814E-841EB3635426
2022-03-14 22:54:01,975 | MainThread   | [INFO    ] | _connect            |: Looking for Artemis Nano Peripheral Device: C0:83:B0:6C:9A:3C
2022-03-14 22:54:04,552 | MainThread   | [INFO    ] | _connect            |: Connected to C0:83:B0:6C:9A:3C
2022-03-14 22:59:52,789 | MainThread   | [INFO    ] | disconnect_handler  |: Disconnected from 607452C2-8441-D076-814E-841EB3635426
2022-03-14 23:01:57,834 | MainThread   | [INFO    ] | _connect            |: Looking for Artemis Nano Peripheral Device: C0:83:B0:6C:9A:3C
2022-03-14 23:02:00,562 | MainThread   | [INFO    ] | _connect            |: Connected to C0:83:B0:6C:9A:3C
2022-03-14 23:03:14,620 | MainThread   | [INFO    ] | disconnect_handler  |: Disconnected from 607452C2-8441-D076-814E-841EB3635426
2022-03-14 23:03:33,077 | MainThread   | [INFO    ] | _connect            |: Looking for Artemis Nano Peripheral Device: C0:83:B0:6C:9A:3C
2022-03-14 23:03:35,812 | MainThread   | [INFO    ] | _connect            |: Connected to C0:83:B0:6C:9A:3C
2022-03-14 23:04:09,365 | MainThread   | [INFO    ] | disconnect_handler  |: Disconnected from 607452C2-8441-D076-814E-841EB3635426
2022-03-14 23:04:20,313 | MainThread   | [INFO    ] | _connect            |: Looking for Artemis Nano Peripheral Device: C0:83:B0:6C:9A:3C
2022-03-14 23:04:23,154 | MainThread   | [INFO    ] | _connect            |: Connected to C0:83:B0:6C:9A:3C
2022-03-14 23:15:30,031 | MainThread   | [INFO    ] | disconnect_handler  |: Disconnected from 607452C2-8441-D076-814E-841EB3635426
2022-03-14 23:17:35,062 | MainThread   | [INFO    ] | _connect            |: Looking for Artemis Nano Peripheral Device: C0:83:B0:6C:9A:3C
2022-03-14 23:17:39,779 | MainThread   | [INFO    ] | _connect            |: Connected to C0:83:B0:6C:9A:3C
2022-03-14 23:19:29,747 | MainThread   | [INFO    ] | disconnect_handler  |: Disconnected from 607452C2-8441-D076-814E-841EB3635426
2022-03-14 23:19:36,253 | MainThread   | [INFO    ] | _connect            |: Looking for Artemis Nano Peripheral Device: C0:83:B0:6C:9A:3C
2022-03-14 23:19:38,871 | MainThread   | [INFO    ] | _connect            |: Connected to C0:83:B0:6C:9A:3C
2022-03-14 23:21:09,398 | MainThread   | [INFO    ] | disconnect_handler  |: Disconnected from 607452C2-8441-D076-814E-841EB3635426
2022-03-14 23:21:15,409 | MainThread   | [INFO    ] | _connect            |: Looking for Artemis Nano Peripheral Device: C0:83:B0:6C:9A:3C
2022-03-14 23:21:18,125 | MainThread   | [INFO    ] | _connect            |: Connected to C0:83:B0:6C:9A:3C
2022-03-14 23:21:39,143 | MainThread   | [INFO    ] | disconnect_handler  |: Disconnected from 607452C2-8441-D076-814E-841EB3635426
2022-03-14 23:21:43,086 | MainThread   | [INFO    ] | _connect            |: Looking for Artemis Nano Peripheral Device: C0:83:B0:6C:9A:3C
2022-03-14 23:21:45,682 | MainThread   | [INFO    ] | _connect            |: Connected to C0:83:B0:6C:9A:3C
2022-03-14 23:34:25,360 | MainThread   | [INFO    ] | disconnect_handler  |: Disconnected from 607452C2-8441-D076-814E-841EB3635426
2022-03-14 23:34:29,603 | MainThread   | [INFO    ] | _connect            |: Looking for Artemis Nano Peripheral Device: C0:83:B0:6C:9A:3C
2022-03-14 23:34:41,459 | MainThread   | [ERROR   ] | _connect            |: disconnected
2022-03-14 23:34:42,461 | MainThread   | [WARNING ] | connect             |: Attempting to connect again...
2022-03-14 23:34:42,462 | MainThread   | [INFO    ] | _connect            |: Looking for Artemis Nano Peripheral Device: C0:83:B0:6C:9A:3C
2022-03-14 23:34:47,482 | MainThread   | [INFO    ] | _connect            |: Connected to C0:83:B0:6C:9A:3C
2022-03-14 23:40:31,289 | MainThread   | [INFO    ] | disconnect_handler  |: Disconnected from 607452C2-8441-D076-814E-841EB3635426
2022-03-14 23:40:34,611 | MainThread   | [INFO    ] | _connect            |: Looking for Artemis Nano Peripheral Device: C0:83:B0:6C:9A:3C
2022-03-14 23:40:37,411 | MainThread   | [INFO    ] | _connect            |: Connected to C0:83:B0:6C:9A:3C
2022-03-14 23:48:05,837 | MainThread   | [INFO    ] | disconnect_handler  |: Disconnected from 607452C2-8441-D076-814E-841EB3635426
2022-03-15 00:44:43,753 | MainThread   | [INFO    ] | exit_handler        |: Exiting...
2022-03-15 00:44:43,760 | MainThread   | [WARNING ] | exit_handler        |: Could not disconnect before exiting
2022-03-15 00:44:43,762 | MainThread   | [WARNING ] | exit_handler        |: Not connected to a BLE device
2022-03-15 03:48:08,398 | MainThread   | [DEBUG   ] | <module>            |: debug
2022-03-15 03:48:08,400 | MainThread   | [INFO    ] | <module>            |: info
2022-03-15 03:48:08,401 | MainThread   | [WARNING ] | <module>            |: warning
2022-03-15 03:48:08,402 | MainThread   | [ERROR   ] | <module>            |: error
2022-03-15 03:48:08,404 | MainThread   | [CRITICAL] | <module>            |: critical
2022-03-15 03:50:29,611 | MainThread   | [DEBUG   ] | __init__            |: Python Info: sys.version_info(major=3, minor=9, micro=10, releaselevel='final', serial=0)
2022-03-15 03:50:29,611 | MainThread   | [DEBUG   ] | __init__            |: System Info: macOS-10.16-x86_64-i386-64bit
2022-03-15 03:50:29,612 | MainThread   | [INFO    ] | _connect            |: Looking for Artemis Nano Peripheral Device: C0:83:B0:6C:9A:3C
2022-03-15 03:50:32,205 | MainThread   | [INFO    ] | _connect            |: Connected to C0:83:B0:6C:9A:3C
2022-03-15 03:52:24,123 | MainThread   | [INFO    ] | disconnect_handler  |: Disconnected from 607452C2-8441-D076-814E-841EB3635426
2022-03-15 03:53:15,958 | MainThread   | [INFO    ] | _connect            |: Looking for Artemis Nano Peripheral Device: C0:83:B0:6C:9A:3C
2022-03-15 03:53:18,662 | MainThread   | [INFO    ] | _connect            |: Connected to C0:83:B0:6C:9A:3C
2022-03-15 03:56:27,371 | MainThread   | [INFO    ] | disconnect_handler  |: Disconnected from 607452C2-8441-D076-814E-841EB3635426
2022-03-15 03:56:39,265 | MainThread   | [INFO    ] | _connect            |: Looking for Artemis Nano Peripheral Device: C0:83:B0:6C:9A:3C
2022-03-15 03:56:41,884 | MainThread   | [INFO    ] | _connect            |: Connected to C0:83:B0:6C:9A:3C
2022-03-15 04:00:20,526 | MainThread   | [INFO    ] | disconnect_handler  |: Disconnected from 607452C2-8441-D076-814E-841EB3635426
2022-03-15 04:00:49,913 | MainThread   | [INFO    ] | _connect            |: Looking for Artemis Nano Peripheral Device: C0:83:B0:6C:9A:3C
2022-03-15 04:00:52,508 | MainThread   | [INFO    ] | _connect            |: Connected to C0:83:B0:6C:9A:3C
2022-03-15 04:02:02,453 | MainThread   | [INFO    ] | disconnect_handler  |: Disconnected from 607452C2-8441-D076-814E-841EB3635426
2022-03-15 04:02:05,694 | MainThread   | [INFO    ] | _connect            |: Looking for Artemis Nano Peripheral Device: C0:83:B0:6C:9A:3C
2022-03-15 04:02:08,403 | MainThread   | [INFO    ] | _connect            |: Connected to C0:83:B0:6C:9A:3C
2022-03-15 04:07:38,543 | MainThread   | [INFO    ] | disconnect_handler  |: Disconnected from 607452C2-8441-D076-814E-841EB3635426
2022-03-15 04:13:43,341 | MainThread   | [INFO    ] | _connect            |: Looking for Artemis Nano Peripheral Device: C0:83:B0:6C:9A:3C
2022-03-15 04:13:46,154 | MainThread   | [INFO    ] | _connect            |: Connected to C0:83:B0:6C:9A:3C
2022-03-15 04:15:00,579 | MainThread   | [INFO    ] | disconnect_handler  |: Disconnected from 607452C2-8441-D076-814E-841EB3635426
2022-03-15 04:16:30,373 | MainThread   | [INFO    ] | _connect            |: Looking for Artemis Nano Peripheral Device: C0:83:B0:6C:9A:3C
2022-03-15 04:16:33,170 | MainThread   | [INFO    ] | _connect            |: Connected to C0:83:B0:6C:9A:3C
2022-03-15 04:23:00,057 | MainThread   | [INFO    ] | disconnect_handler  |: Disconnected from 607452C2-8441-D076-814E-841EB3635426
2022-03-15 04:23:31,942 | MainThread   | [INFO    ] | _connect            |: Looking for Artemis Nano Peripheral Device: C0:83:B0:6C:9A:3C
2022-03-15 04:23:34,540 | MainThread   | [INFO    ] | _connect            |: Connected to C0:83:B0:6C:9A:3C
2022-03-15 04:25:54,415 | MainThread   | [INFO    ] | disconnect_handler  |: Disconnected from 607452C2-8441-D076-814E-841EB3635426
2022-03-15 04:26:05,529 | MainThread   | [INFO    ] | _connect            |: Looking for Artemis Nano Peripheral Device: C0:83:B0:6C:9A:3C
2022-03-15 04:26:08,236 | MainThread   | [INFO    ] | _connect            |: Connected to C0:83:B0:6C:9A:3C
2022-03-15 04:30:30,004 | MainThread   | [INFO    ] | disconnect_handler  |: Disconnected from 607452C2-8441-D076-814E-841EB3635426
2022-03-15 04:30:44,286 | MainThread   | [INFO    ] | _connect            |: Looking for Artemis Nano Peripheral Device: C0:83:B0:6C:9A:3C
2022-03-15 04:30:47,222 | MainThread   | [INFO    ] | _connect            |: Connected to C0:83:B0:6C:9A:3C
2022-03-15 04:32:34,821 | MainThread   | [INFO    ] | disconnect_handler  |: Disconnected from 607452C2-8441-D076-814E-841EB3635426
2022-03-15 04:33:00,416 | MainThread   | [INFO    ] | _connect            |: Looking for Artemis Nano Peripheral Device: C0:83:B0:6C:9A:3C
2022-03-15 04:33:03,211 | MainThread   | [INFO    ] | _connect            |: Connected to C0:83:B0:6C:9A:3C
2022-03-15 04:42:11,280 | MainThread   | [INFO    ] | exit_handler        |: Exiting...
2022-03-15 04:42:11,286 | MainThread   | [WARNING ] | exit_handler        |: Could not disconnect before exiting
2022-03-15 04:42:11,289 | MainThread   | [WARNING ] | exit_handler        |: Task <Task pending name='Task-243' coro=<BLEAsyncDevice._disconnect() running at /Users/roninsharma/Desktop/Cornell/ECE 5960/Fast-Robots/Lab6/ble/base_ble.py:94>> got Future <Future pending> attached to a different loop
2022-03-15 20:24:39,781 | MainThread   | [DEBUG   ] | __init__            |: Python Info: sys.version_info(major=3, minor=9, micro=10, releaselevel='final', serial=0)
2022-03-15 20:24:39,793 | MainThread   | [DEBUG   ] | __init__            |: System Info: macOS-10.16-x86_64-i386-64bit
2022-03-15 20:24:39,794 | MainThread   | [INFO    ] | _connect            |: Looking for Artemis Nano Peripheral Device: C0:83:B0:6C:9A:3C
2022-03-15 20:26:19,491 | MainThread   | [INFO    ] | _connect            |: Looking for Artemis Nano Peripheral Device: C0:83:B0:6C:9A:3C
2022-03-15 20:27:32,350 | MainThread   | [INFO    ] | _connect            |: Looking for Artemis Nano Peripheral Device: C0:83:B0:6C:9A:3C
2022-03-15 20:27:46,952 | MainThread   | [INFO    ] | _connect            |: Looking for Artemis Nano Peripheral Device: C0:83:B0:6C:9A:3C
2022-03-15 20:27:59,621 | MainThread   | [INFO    ] | _connect            |: Looking for Artemis Nano Peripheral Device: C0:83:B0:6C:9A:3C
2022-03-15 20:28:11,732 | MainThread   | [INFO    ] | _connect            |: Looking for Artemis Nano Peripheral Device: C0:83:B0:6C:9A:3C
2022-03-15 20:28:37,143 | MainThread   | [INFO    ] | _connect            |: Looking for Artemis Nano Peripheral Device: C0:83:B0:6C:9A:3C
2022-03-15 21:11:01,873 | MainThread   | [INFO    ] | _connect            |: Looking for Artemis Nano Peripheral Device: C0:83:B0:6C:9A:3C
2022-03-15 21:12:13,453 | MainThread   | [INFO    ] | _connect            |: Looking for Artemis Nano Peripheral Device: C0:83:B0:6C:9A:3C
2022-03-15 21:12:16,431 | MainThread   | [INFO    ] | _connect            |: Connected to C0:83:B0:6C:9A:3C
2022-03-15 21:14:42,836 | MainThread   | [INFO    ] | disconnect_handler  |: Disconnected from 607452C2-8441-D076-814E-841EB3635426
2022-03-15 21:17:24,523 | MainThread   | [INFO    ] | _connect            |: Looking for Artemis Nano Peripheral Device: C0:83:B0:6C:9A:3C
2022-03-15 21:17:27,129 | MainThread   | [INFO    ] | _connect            |: Connected to C0:83:B0:6C:9A:3C
2022-03-15 21:26:40,491 | MainThread   | [INFO    ] | disconnect_handler  |: Disconnected from 607452C2-8441-D076-814E-841EB3635426
2022-03-15 21:27:34,365 | MainThread   | [INFO    ] | _connect            |: Looking for Artemis Nano Peripheral Device: C0:83:B0:6C:9A:3C
2022-03-15 21:27:36,959 | MainThread   | [INFO    ] | _connect            |: Connected to C0:83:B0:6C:9A:3C
2022-03-15 21:36:04,950 | MainThread   | [INFO    ] | disconnect_handler  |: Disconnected from 607452C2-8441-D076-814E-841EB3635426
2022-03-15 21:36:48,119 | MainThread   | [INFO    ] | _connect            |: Looking for Artemis Nano Peripheral Device: C0:83:B0:6C:9A:3C
2022-03-15 21:36:50,734 | MainThread   | [INFO    ] | _connect            |: Connected to C0:83:B0:6C:9A:3C
2022-03-15 21:55:08,920 | MainThread   | [INFO    ] | disconnect_handler  |: Disconnected from 607452C2-8441-D076-814E-841EB3635426
2022-03-15 21:55:20,269 | MainThread   | [INFO    ] | _connect            |: Looking for Artemis Nano Peripheral Device: C0:83:B0:6C:9A:3C
2022-03-15 21:55:22,897 | MainThread   | [INFO    ] | _connect            |: Connected to C0:83:B0:6C:9A:3C
2022-03-15 21:56:28,871 | MainThread   | [INFO    ] | disconnect_handler  |: Disconnected from 607452C2-8441-D076-814E-841EB3635426
2022-03-15 21:56:31,369 | MainThread   | [INFO    ] | _connect            |: Looking for Artemis Nano Peripheral Device: C0:83:B0:6C:9A:3C
2022-03-15 21:56:36,007 | MainThread   | [INFO    ] | _connect            |: Connected to C0:83:B0:6C:9A:3C
2022-03-15 21:56:48,224 | MainThread   | [INFO    ] | disconnect_handler  |: Disconnected from 607452C2-8441-D076-814E-841EB3635426
2022-03-15 21:58:05,809 | MainThread   | [INFO    ] | _connect            |: Looking for Artemis Nano Peripheral Device: C0:83:B0:6C:9A:3C
2022-03-15 21:58:08,528 | MainThread   | [INFO    ] | _connect            |: Connected to C0:83:B0:6C:9A:3C
2022-03-15 21:58:40,088 | MainThread   | [INFO    ] | disconnect_handler  |: Disconnected from 607452C2-8441-D076-814E-841EB3635426
2022-03-15 21:59:42,724 | MainThread   | [INFO    ] | _connect            |: Looking for Artemis Nano Peripheral Device: C0:83:B0:6C:9A:3C
2022-03-15 21:59:45,277 | MainThread   | [INFO    ] | _connect            |: Connected to C0:83:B0:6C:9A:3C
2022-03-15 22:02:40,896 | MainThread   | [INFO    ] | disconnect_handler  |: Disconnected from 607452C2-8441-D076-814E-841EB3635426
2022-03-20 19:32:41,527 | MainThread   | [DEBUG   ] | __init__            |: Python Info: sys.version_info(major=3, minor=9, micro=10, releaselevel='final', serial=0)
2022-03-20 19:32:41,528 | MainThread   | [DEBUG   ] | __init__            |: System Info: macOS-10.16-x86_64-i386-64bit
2022-03-20 19:32:41,529 | MainThread   | [INFO    ] | _connect            |: Looking for Artemis Nano Peripheral Device: C0:83:B0:6C:9A:3C
2022-03-20 19:32:44,198 | MainThread   | [INFO    ] | _connect            |: Connected to C0:83:B0:6C:9A:3C
2022-03-20 19:32:51,632 | MainThread   | [INFO    ] | disconnect_handler  |: Disconnected from 607452C2-8441-D076-814E-841EB3635426
2022-03-20 19:32:55,612 | MainThread   | [INFO    ] | _connect            |: Looking for Artemis Nano Peripheral Device: C0:83:B0:6C:9A:3C
2022-03-20 19:33:57,238 | MainThread   | [INFO    ] | _connect            |: Looking for Artemis Nano Peripheral Device: C0:83:B0:6C:9A:3C
2022-03-20 19:33:59,883 | MainThread   | [INFO    ] | _connect            |: Connected to C0:83:B0:6C:9A:3C
2022-03-20 19:37:53,657 | MainThread   | [INFO    ] | disconnect_handler  |: Disconnected from 607452C2-8441-D076-814E-841EB3635426
2022-03-20 19:40:50,503 | MainThread   | [INFO    ] | _connect            |: Looking for Artemis Nano Peripheral Device: C0:83:B0:6C:9A:3C
2022-03-20 19:40:53,515 | MainThread   | [INFO    ] | _connect            |: Connected to C0:83:B0:6C:9A:3C
2022-03-20 19:43:04,614 | MainThread   | [INFO    ] | disconnect_handler  |: Disconnected from 607452C2-8441-D076-814E-841EB3635426
2022-03-20 19:46:41,028 | MainThread   | [INFO    ] | _connect            |: Looking for Artemis Nano Peripheral Device: C0:83:B0:6C:9A:3C
2022-03-20 19:46:43,689 | MainThread   | [INFO    ] | _connect            |: Connected to C0:83:B0:6C:9A:3C
2022-03-20 19:58:50,162 | MainThread   | [INFO    ] | disconnect_handler  |: Disconnected from 607452C2-8441-D076-814E-841EB3635426
2022-03-20 20:01:42,339 | MainThread   | [INFO    ] | _connect            |: Looking for Artemis Nano Peripheral Device: C0:83:B0:6C:9A:3C
2022-03-20 20:01:44,923 | MainThread   | [INFO    ] | _connect            |: Connected to C0:83:B0:6C:9A:3C
2022-03-20 20:09:04,926 | MainThread   | [INFO    ] | disconnect_handler  |: Disconnected from 607452C2-8441-D076-814E-841EB3635426
2022-03-20 20:14:14,455 | MainThread   | [INFO    ] | _connect            |: Looking for Artemis Nano Peripheral Device: C0:83:B0:6C:9A:3C
2022-03-20 20:14:17,104 | MainThread   | [INFO    ] | _connect            |: Connected to C0:83:B0:6C:9A:3C
2022-03-20 20:25:36,746 | MainThread   | [INFO    ] | disconnect_handler  |: Disconnected from 607452C2-8441-D076-814E-841EB3635426
2022-03-20 20:26:39,719 | MainThread   | [INFO    ] | _connect            |: Looking for Artemis Nano Peripheral Device: C0:83:B0:6C:9A:3C
2022-03-20 20:26:42,378 | MainThread   | [INFO    ] | _connect            |: Connected to C0:83:B0:6C:9A:3C
