2022-03-23 15:41:04,738 | MainThread   | [DEBUG   ] | __init__            |: System Info: macOS-10.16-x86_64-i386-64bit
2022-03-23 15:41:04,741 | MainThread   | [INFO    ] | _connect            |: Looking for Artemis Nano Peripheral Device: C0:83:B0:6C:9A:3C
2022-03-23 15:41:12,495 | MainThread   | [INFO    ] | _connect            |: Looking for Artemis Nano Peripheral Device: C0:83:B0:6C:9A:3C
2022-03-23 15:41:15,488 | MainThread   | [INFO    ] | _connect            |: Connected to C0:83:B0:6C:9A:3C
2022-03-23 15:41:42,101 | MainThread   | [INFO    ] | disconnect_handler  |: Disconnected from 607452C2-8441-D076-814E-841EB3635426
2022-03-23 16:26:37,945 | MainThread   | [INFO    ] | exit_handler        |: Exiting...
2022-03-23 16:26:37,954 | MainThread   | [WARNING ] | exit_handler        |: Could not disconnect before exiting
2022-03-23 16:26:37,955 | MainThread   | [WARNING ] | exit_handler        |: Not connected to a BLE device
2022-03-25 19:06:27,431 | MainThread   | [DEBUG   ] | __init__            |: Python Info: sys.version_info(major=3, minor=9, micro=10, releaselevel='final', serial=0)
2022-03-25 19:06:27,431 | MainThread   | [DEBUG   ] | __init__            |: System Info: macOS-10.16-x86_64-i386-64bit
2022-03-25 19:06:27,432 | MainThread   | [INFO    ] | _connect            |: Looking for Artemis Nano Peripheral Device: C0:83:B0:6C:9A:3C
2022-03-25 19:06:30,721 | MainThread   | [INFO    ] | _connect            |: Connected to C0:83:B0:6C:9A:3C
2022-03-25 19:08:23,501 | MainThread   | [INFO    ] | disconnect_handler  |: Disconnected from 607452C2-8441-D076-814E-841EB3635426
2022-03-25 19:08:48,508 | MainThread   | [INFO    ] | _connect            |: Looking for Artemis Nano Peripheral Device: C0:83:B0:6C:9A:3C
2022-03-25 19:09:20,767 | MainThread   | [ERROR   ] | _connect            |: disconnected
2022-03-25 19:09:21,772 | MainThread   | [WARNING ] | connect             |: Attempting to connect again...
2022-03-25 19:09:21,774 | MainThread   | [INFO    ] | _connect            |: Looking for Artemis Nano Peripheral Device: C0:83:B0:6C:9A:3C
2022-03-25 19:09:37,850 | MainThread   | [INFO    ] | _connect            |: Looking for Artemis Nano Peripheral Device: C0:83:B0:6C:9A:3C
2022-03-25 19:09:54,581 | MainThread   | [INFO    ] | _connect            |: Looking for Artemis Nano Peripheral Device: C0:83:B0:6C:9A:3C
2022-03-25 19:18:47,356 | MainThread   | [INFO    ] | _connect            |: Looking for Artemis Nano Peripheral Device: C0:83:B0:6C:9A:3C
2022-03-25 19:18:50,085 | MainThread   | [INFO    ] | _connect            |: Connected to C0:83:B0:6C:9A:3C
2022-03-25 19:21:40,993 | MainThread   | [INFO    ] | disconnect_handler  |: Disconnected from 607452C2-8441-D076-814E-841EB3635426
2022-03-25 19:22:06,614 | MainThread   | [INFO    ] | _connect            |: Looking for Artemis Nano Peripheral Device: C0:83:B0:6C:9A:3C
2022-03-25 19:22:09,608 | MainThread   | [INFO    ] | _connect            |: Connected to C0:83:B0:6C:9A:3C
2022-03-25 19:23:13,314 | MainThread   | [INFO    ] | disconnect_handler  |: Disconnected from 607452C2-8441-D076-814E-841EB3635426
2022-03-25 19:23:26,495 | MainThread   | [INFO    ] | _connect            |: Looking for Artemis Nano Peripheral Device: C0:83:B0:6C:9A:3C
2022-03-25 19:23:29,257 | MainThread   | [INFO    ] | _connect            |: Connected to C0:83:B0:6C:9A:3C
2022-03-25 19:24:43,328 | MainThread   | [INFO    ] | disconnect_handler  |: Disconnected from 607452C2-8441-D076-814E-841EB3635426
2022-03-25 19:25:07,709 | MainThread   | [INFO    ] | _connect            |: Looking for Artemis Nano Peripheral Device: C0:83:B0:6C:9A:3C
2022-03-25 19:25:10,491 | MainThread   | [INFO    ] | _connect            |: Connected to C0:83:B0:6C:9A:3C
2022-03-25 19:26:11,258 | MainThread   | [INFO    ] | disconnect_handler  |: Disconnected from 607452C2-8441-D076-814E-841EB3635426
2022-03-25 19:26:28,544 | MainThread   | [INFO    ] | _connect            |: Looking for Artemis Nano Peripheral Device: C0:83:B0:6C:9A:3C
2022-03-25 19:26:31,282 | MainThread   | [INFO    ] | _connect            |: Connected to C0:83:B0:6C:9A:3C
2022-03-25 19:27:46,290 | MainThread   | [INFO    ] | disconnect_handler  |: Disconnected from 607452C2-8441-D076-814E-841EB3635426
2022-03-25 19:29:11,583 | MainThread   | [INFO    ] | _connect            |: Looking for Artemis Nano Peripheral Device: C0:83:B0:6C:9A:3C
2022-03-25 19:29:14,652 | MainThread   | [INFO    ] | _connect            |: Connected to C0:83:B0:6C:9A:3C
2022-03-25 19:30:00,868 | MainThread   | [INFO    ] | disconnect_handler  |: Disconnected from 607452C2-8441-D076-814E-841EB3635426
2022-03-25 19:31:08,198 | MainThread   | [INFO    ] | _connect            |: Looking for Artemis Nano Peripheral Device: C0:83:B0:6C:9A:3C
2022-03-25 19:31:11,050 | MainThread   | [INFO    ] | _connect            |: Connected to C0:83:B0:6C:9A:3C
2022-03-25 19:32:27,896 | MainThread   | [INFO    ] | disconnect_handler  |: Disconnected from 607452C2-8441-D076-814E-841EB3635426
2022-03-25 19:34:28,524 | MainThread   | [INFO    ] | _connect            |: Looking for Artemis Nano Peripheral Device: C0:83:B0:6C:9A:3C
2022-03-25 19:34:31,414 | MainThread   | [INFO    ] | _connect            |: Connected to C0:83:B0:6C:9A:3C
2022-03-25 19:35:00,096 | MainThread   | [INFO    ] | disconnect_handler  |: Disconnected from 607452C2-8441-D076-814E-841EB3635426
2022-03-25 19:38:28,414 | MainThread   | [INFO    ] | _connect            |: Looking for Artemis Nano Peripheral Device: C0:83:B0:6C:9A:3C
2022-03-25 19:38:31,201 | MainThread   | [INFO    ] | _connect            |: Connected to C0:83:B0:6C:9A:3C
2022-03-25 19:41:55,348 | MainThread   | [INFO    ] | disconnect_handler  |: Disconnected from 607452C2-8441-D076-814E-841EB3635426
2022-03-25 19:42:56,521 | MainThread   | [INFO    ] | _connect            |: Looking for Artemis Nano Peripheral Device: C0:83:B0:6C:9A:3C
2022-03-25 19:43:11,858 | MainThread   | [INFO    ] | _connect            |: Looking for Artemis Nano Peripheral Device: C0:83:B0:6C:9A:3C
2022-03-25 19:45:48,357 | MainThread   | [INFO    ] | _connect            |: Looking for Artemis Nano Peripheral Device: C0:83:B0:6C:9A:3C
2022-03-25 19:55:38,341 | MainThread   | [INFO    ] | _connect            |: Looking for Artemis Nano Peripheral Device: C0:83:B0:6C:9A:3C
2022-03-25 19:55:56,900 | MainThread   | [INFO    ] | _connect            |: Looking for Artemis Nano Peripheral Device: C0:83:B0:6C:9A:3C
2022-03-25 19:55:59,604 | MainThread   | [INFO    ] | _connect            |: Connected to C0:83:B0:6C:9A:3C
2022-03-25 20:08:29,838 | MainThread   | [INFO    ] | disconnect_handler  |: Disconnected from 607452C2-8441-D076-814E-841EB3635426
2022-03-25 20:08:55,178 | MainThread   | [INFO    ] | _connect            |: Looking for Artemis Nano Peripheral Device: C0:83:B0:6C:9A:3C
2022-03-25 20:08:57,982 | MainThread   | [INFO    ] | _connect            |: Connected to C0:83:B0:6C:9A:3C
2022-03-25 20:09:42,774 | MainThread   | [INFO    ] | disconnect_handler  |: Disconnected from 607452C2-8441-D076-814E-841EB3635426
2022-03-25 20:09:52,494 | MainThread   | [INFO    ] | exit_handler        |: Exiting...
2022-03-25 20:09:52,498 | MainThread   | [WARNING ] | exit_handler        |: Could not disconnect before exiting
2022-03-25 20:09:52,501 | MainThread   | [WARNING ] | exit_handler        |: Not connected to a BLE device
2022-03-25 20:10:06,223 | MainThread   | [DEBUG   ] | __init__            |: Python Info: sys.version_info(major=3, minor=9, micro=10, releaselevel='final', serial=0)
2022-03-25 20:10:06,223 | MainThread   | [DEBUG   ] | __init__            |: System Info: macOS-10.16-x86_64-i386-64bit
2022-03-25 20:10:06,223 | MainThread   | [INFO    ] | _connect            |: Looking for Artemis Nano Peripheral Device: C0:83:B0:6C:9A:3C
2022-03-25 20:10:43,684 | MainThread   | [INFO    ] | _connect            |: Looking for Artemis Nano Peripheral Device: C0:83:B0:6C:9A:3C
2022-03-25 20:10:46,399 | MainThread   | [INFO    ] | _connect            |: Connected to C0:83:B0:6C:9A:3C
2022-03-25 20:11:35,437 | MainThread   | [INFO    ] | disconnect_handler  |: Disconnected from 607452C2-8441-D076-814E-841EB3635426
2022-03-25 20:13:18,054 | MainThread   | [INFO    ] | _connect            |: Looking for Artemis Nano Peripheral Device: C0:83:B0:6C:9A:3C
2022-03-25 20:13:20,741 | MainThread   | [INFO    ] | _connect            |: Connected to C0:83:B0:6C:9A:3C
2022-03-25 20:14:55,005 | MainThread   | [INFO    ] | disconnect_handler  |: Disconnected from 607452C2-8441-D076-814E-841EB3635426
2022-03-25 20:15:30,421 | MainThread   | [INFO    ] | _connect            |: Looking for Artemis Nano Peripheral Device: C0:83:B0:6C:9A:3C
2022-03-25 20:15:33,159 | MainThread   | [INFO    ] | _connect            |: Connected to C0:83:B0:6C:9A:3C
2022-03-25 20:16:16,479 | MainThread   | [INFO    ] | disconnect_handler  |: Disconnected from 607452C2-8441-D076-814E-841EB3635426
2022-03-25 20:18:31,237 | MainThread   | [INFO    ] | _connect            |: Looking for Artemis Nano Peripheral Device: C0:83:B0:6C:9A:3C
2022-03-25 20:18:34,104 | MainThread   | [INFO    ] | _connect            |: Connected to C0:83:B0:6C:9A:3C
2022-03-25 20:19:48,775 | MainThread   | [INFO    ] | disconnect_handler  |: Disconnected from 607452C2-8441-D076-814E-841EB3635426
2022-03-25 20:20:04,030 | MainThread   | [INFO    ] | _connect            |: Looking for Artemis Nano Peripheral Device: C0:83:B0:6C:9A:3C
2022-03-25 20:20:06,764 | MainThread   | [INFO    ] | _connect            |: Connected to C0:83:B0:6C:9A:3C
2022-03-25 20:20:49,739 | MainThread   | [INFO    ] | disconnect_handler  |: Disconnected from 607452C2-8441-D076-814E-841EB3635426
2022-03-25 20:21:57,404 | MainThread   | [INFO    ] | _connect            |: Looking for Artemis Nano Peripheral Device: C0:83:B0:6C:9A:3C
2022-03-25 20:22:00,238 | MainThread   | [INFO    ] | _connect            |: Connected to C0:83:B0:6C:9A:3C
2022-03-25 20:22:51,779 | MainThread   | [INFO    ] | disconnect_handler  |: Disconnected from 607452C2-8441-D076-814E-841EB3635426
2022-03-25 20:23:13,505 | MainThread   | [INFO    ] | _connect            |: Looking for Artemis Nano Peripheral Device: C0:83:B0:6C:9A:3C
2022-03-25 20:23:16,282 | MainThread   | [INFO    ] | _connect            |: Connected to C0:83:B0:6C:9A:3C
2022-03-25 20:25:03,368 | MainThread   | [INFO    ] | disconnect_handler  |: Disconnected from 607452C2-8441-D076-814E-841EB3635426
2022-03-25 20:32:22,634 | MainThread   | [INFO    ] | _connect            |: Looking for Artemis Nano Peripheral Device: C0:83:B0:6C:9A:3C
2022-03-25 20:32:25,424 | MainThread   | [INFO    ] | _connect            |: Connected to C0:83:B0:6C:9A:3C
2022-03-25 20:32:45,481 | MainThread   | [INFO    ] | disconnect_handler  |: Disconnected from 607452C2-8441-D076-814E-841EB3635426
2022-03-25 20:32:57,779 | MainThread   | [INFO    ] | _connect            |: Looking for Artemis Nano Peripheral Device: C0:83:B0:6C:9A:3C
2022-03-25 20:33:00,551 | MainThread   | [INFO    ] | _connect            |: Connected to C0:83:B0:6C:9A:3C
2022-03-25 20:33:11,743 | MainThread   | [INFO    ] | disconnect_handler  |: Disconnected from 607452C2-8441-D076-814E-841EB3635426
2022-03-25 20:33:28,892 | MainThread   | [INFO    ] | _connect            |: Looking for Artemis Nano Peripheral Device: C0:83:B0:6C:9A:3C
2022-03-25 20:33:31,688 | MainThread   | [INFO    ] | _connect            |: Connected to C0:83:B0:6C:9A:3C
2022-03-25 20:37:41,200 | MainThread   | [INFO    ] | disconnect_handler  |: Disconnected from 607452C2-8441-D076-814E-841EB3635426
2022-03-25 20:48:59,232 | MainThread   | [INFO    ] | _connect            |: Looking for Artemis Nano Peripheral Device: C0:83:B0:6C:9A:3C
2022-03-25 20:49:02,021 | MainThread   | [INFO    ] | _connect            |: Connected to C0:83:B0:6C:9A:3C
2022-03-25 20:51:45,527 | MainThread   | [INFO    ] | disconnect_handler  |: Disconnected from 607452C2-8441-D076-814E-841EB3635426
2022-03-25 21:04:47,458 | MainThread   | [INFO    ] | _connect            |: Looking for Artemis Nano Peripheral Device: C0:83:B0:6C:9A:3C
2022-03-25 21:04:50,185 | MainThread   | [INFO    ] | _connect            |: Connected to C0:83:B0:6C:9A:3C
2022-03-25 21:07:12,222 | MainThread   | [INFO    ] | disconnect_handler  |: Disconnected from 607452C2-8441-D076-814E-841EB3635426
2022-03-25 21:07:33,046 | MainThread   | [INFO    ] | _connect            |: Looking for Artemis Nano Peripheral Device: C0:83:B0:6C:9A:3C
2022-03-25 21:07:35,908 | MainThread   | [INFO    ] | _connect            |: Connected to C0:83:B0:6C:9A:3C
2022-03-25 22:01:37,749 | MainThread   | [INFO    ] | exit_handler        |: Exiting...
2022-03-25 22:01:37,760 | MainThread   | [WARNING ] | exit_handler        |: Could not disconnect before exiting
2022-03-25 22:01:37,762 | MainThread   | [WARNING ] | exit_handler        |: Not connected to a BLE device
2022-03-27 19:43:41,556 | MainThread   | [DEBUG   ] | __init__            |: Python Info: sys.version_info(major=3, minor=9, micro=10, releaselevel='final', serial=0)
2022-03-27 19:43:41,558 | MainThread   | [DEBUG   ] | __init__            |: System Info: macOS-10.16-x86_64-i386-64bit
2022-03-27 19:43:41,558 | MainThread   | [INFO    ] | _connect            |: Looking for Artemis Nano Peripheral Device: C0:83:B0:6C:9A:3C
2022-03-27 19:43:44,356 | MainThread   | [INFO    ] | _connect            |: Connected to C0:83:B0:6C:9A:3C
2022-03-27 19:44:35,465 | MainThread   | [INFO    ] | disconnect_handler  |: Disconnected from 607452C2-8441-D076-814E-841EB3635426
2022-03-27 19:44:39,940 | MainThread   | [INFO    ] | _connect            |: Looking for Artemis Nano Peripheral Device: C0:83:B0:6C:9A:3C
2022-03-27 19:44:42,713 | MainThread   | [INFO    ] | _connect            |: Connected to C0:83:B0:6C:9A:3C
2022-03-27 19:45:31,316 | MainThread   | [INFO    ] | disconnect_handler  |: Disconnected from 607452C2-8441-D076-814E-841EB3635426
2022-03-27 19:45:36,111 | MainThread   | [INFO    ] | _connect            |: Looking for Artemis Nano Peripheral Device: C0:83:B0:6C:9A:3C
2022-03-27 19:45:38,841 | MainThread   | [INFO    ] | _connect            |: Connected to C0:83:B0:6C:9A:3C
2022-03-27 19:46:56,040 | MainThread   | [INFO    ] | disconnect_handler  |: Disconnected from 607452C2-8441-D076-814E-841EB3635426
2022-03-27 19:47:19,195 | MainThread   | [INFO    ] | _connect            |: Looking for Artemis Nano Peripheral Device: C0:83:B0:6C:9A:3C
2022-03-27 19:47:22,113 | MainThread   | [INFO    ] | _connect            |: Connected to C0:83:B0:6C:9A:3C
2022-03-27 19:48:06,859 | MainThread   | [INFO    ] | disconnect_handler  |: Disconnected from 607452C2-8441-D076-814E-841EB3635426
2022-03-27 19:48:21,604 | MainThread   | [INFO    ] | _connect            |: Looking for Artemis Nano Peripheral Device: C0:83:B0:6C:9A:3C
2022-03-27 19:48:24,425 | MainThread   | [INFO    ] | _connect            |: Connected to C0:83:B0:6C:9A:3C
2022-03-27 19:50:52,622 | MainThread   | [INFO    ] | disconnect_handler  |: Disconnected from 607452C2-8441-D076-814E-841EB3635426
2022-03-27 19:51:36,496 | MainThread   | [INFO    ] | _connect            |: Looking for Artemis Nano Peripheral Device: C0:83:B0:6C:9A:3C
2022-03-27 19:51:39,366 | MainThread   | [INFO    ] | _connect            |: Connected to C0:83:B0:6C:9A:3C
2022-03-27 19:52:02,857 | MainThread   | [INFO    ] | disconnect_handler  |: Disconnected from 607452C2-8441-D076-814E-841EB3635426
2022-03-27 19:52:04,119 | MainThread   | [INFO    ] | _connect            |: Looking for Artemis Nano Peripheral Device: C0:83:B0:6C:9A:3C
2022-03-27 19:52:08,899 | MainThread   | [INFO    ] | _connect            |: Connected to C0:83:B0:6C:9A:3C
2022-03-27 19:52:25,925 | MainThread   | [INFO    ] | disconnect_handler  |: Disconnected from 607452C2-8441-D076-814E-841EB3635426
2022-03-27 19:52:37,401 | MainThread   | [INFO    ] | _connect            |: Looking for Artemis Nano Peripheral Device: C0:83:B0:6C:9A:3C
2022-03-27 19:52:40,275 | MainThread   | [INFO    ] | _connect            |: Connected to C0:83:B0:6C:9A:3C
2022-03-27 19:53:07,980 | MainThread   | [INFO    ] | disconnect_handler  |: Disconnected from 607452C2-8441-D076-814E-841EB3635426
2022-03-27 19:55:26,800 | MainThread   | [INFO    ] | _connect            |: Looking for Artemis Nano Peripheral Device: C0:83:B0:6C:9A:3C
2022-03-27 19:55:29,567 | MainThread   | [INFO    ] | _connect            |: Connected to C0:83:B0:6C:9A:3C
2022-03-27 19:55:54,080 | MainThread   | [INFO    ] | disconnect_handler  |: Disconnected from 607452C2-8441-D076-814E-841EB3635426
2022-03-27 19:56:03,915 | MainThread   | [INFO    ] | _connect            |: Looking for Artemis Nano Peripheral Device: C0:83:B0:6C:9A:3C
2022-03-27 19:56:06,579 | MainThread   | [INFO    ] | _connect            |: Connected to C0:83:B0:6C:9A:3C
2022-03-27 19:56:30,011 | MainThread   | [INFO    ] | disconnect_handler  |: Disconnected from 607452C2-8441-D076-814E-841EB3635426
2022-03-27 19:56:41,188 | MainThread   | [INFO    ] | _connect            |: Looking for Artemis Nano Peripheral Device: C0:83:B0:6C:9A:3C
2022-03-27 19:56:43,940 | MainThread   | [INFO    ] | _connect            |: Connected to C0:83:B0:6C:9A:3C
2022-03-27 19:57:59,466 | MainThread   | [INFO    ] | disconnect_handler  |: Disconnected from 607452C2-8441-D076-814E-841EB3635426
2022-03-27 19:58:01,139 | MainThread   | [INFO    ] | _connect            |: Looking for Artemis Nano Peripheral Device: C0:83:B0:6C:9A:3C
2022-03-27 19:58:03,862 | MainThread   | [INFO    ] | _connect            |: Connected to C0:83:B0:6C:9A:3C
2022-03-27 19:58:30,126 | MainThread   | [INFO    ] | disconnect_handler  |: Disconnected from 607452C2-8441-D076-814E-841EB3635426
2022-03-27 19:58:37,579 | MainThread   | [INFO    ] | _connect            |: Looking for Artemis Nano Peripheral Device: C0:83:B0:6C:9A:3C
2022-03-27 19:58:40,391 | MainThread   | [INFO    ] | _connect            |: Connected to C0:83:B0:6C:9A:3C
2022-03-27 19:59:59,882 | MainThread   | [INFO    ] | disconnect_handler  |: Disconnected from 607452C2-8441-D076-814E-841EB3635426
2022-03-27 20:00:02,527 | MainThread   | [INFO    ] | _connect            |: Looking for Artemis Nano Peripheral Device: C0:83:B0:6C:9A:3C
2022-03-27 20:00:05,250 | MainThread   | [INFO    ] | _connect            |: Connected to C0:83:B0:6C:9A:3C
2022-03-27 20:00:38,851 | MainThread   | [INFO    ] | disconnect_handler  |: Disconnected from 607452C2-8441-D076-814E-841EB3635426
2022-03-27 20:00:44,633 | MainThread   | [INFO    ] | _connect            |: Looking for Artemis Nano Peripheral Device: C0:83:B0:6C:9A:3C
2022-03-27 20:00:47,320 | MainThread   | [INFO    ] | _connect            |: Connected to C0:83:B0:6C:9A:3C
2022-03-27 20:02:26,880 | MainThread   | [INFO    ] | disconnect_handler  |: Disconnected from 607452C2-8441-D076-814E-841EB3635426
2022-03-27 20:02:28,910 | MainThread   | [INFO    ] | _connect            |: Looking for Artemis Nano Peripheral Device: C0:83:B0:6C:9A:3C
2022-03-27 20:02:31,630 | MainThread   | [INFO    ] | _connect            |: Connected to C0:83:B0:6C:9A:3C
2022-03-27 20:02:50,110 | MainThread   | [INFO    ] | disconnect_handler  |: Disconnected from 607452C2-8441-D076-814E-841EB3635426
2022-03-27 20:04:03,197 | MainThread   | [INFO    ] | _connect            |: Looking for Artemis Nano Peripheral Device: C0:83:B0:6C:9A:3C
2022-03-27 20:04:06,093 | MainThread   | [INFO    ] | _connect            |: Connected to C0:83:B0:6C:9A:3C
2022-03-27 20:04:26,418 | MainThread   | [INFO    ] | disconnect_handler  |: Disconnected from 607452C2-8441-D076-814E-841EB3635426
2022-03-27 20:04:42,588 | MainThread   | [INFO    ] | _connect            |: Looking for Artemis Nano Peripheral Device: C0:83:B0:6C:9A:3C
2022-03-27 20:04:45,266 | MainThread   | [INFO    ] | _connect            |: Connected to C0:83:B0:6C:9A:3C
2022-03-27 20:05:04,033 | MainThread   | [INFO    ] | disconnect_handler  |: Disconnected from 607452C2-8441-D076-814E-841EB3635426
2022-03-27 20:06:47,411 | MainThread   | [INFO    ] | _connect            |: Looking for Artemis Nano Peripheral Device: C0:83:B0:6C:9A:3C
2022-03-27 20:06:50,206 | MainThread   | [INFO    ] | _connect            |: Connected to C0:83:B0:6C:9A:3C
2022-03-27 20:07:04,968 | MainThread   | [INFO    ] | disconnect_handler  |: Disconnected from 607452C2-8441-D076-814E-841EB3635426
2022-03-27 20:07:14,002 | MainThread   | [INFO    ] | _connect            |: Looking for Artemis Nano Peripheral Device: C0:83:B0:6C:9A:3C
2022-03-27 20:07:16,765 | MainThread   | [INFO    ] | _connect            |: Connected to C0:83:B0:6C:9A:3C
2022-03-27 20:07:29,787 | MainThread   | [INFO    ] | disconnect_handler  |: Disconnected from 607452C2-8441-D076-814E-841EB3635426
2022-03-27 20:07:36,200 | MainThread   | [INFO    ] | _connect            |: Looking for Artemis Nano Peripheral Device: C0:83:B0:6C:9A:3C
2022-03-27 20:07:38,962 | MainThread   | [INFO    ] | _connect            |: Connected to C0:83:B0:6C:9A:3C
2022-03-27 20:08:18,682 | MainThread   | [INFO    ] | disconnect_handler  |: Disconnected from 607452C2-8441-D076-814E-841EB3635426
2022-03-27 20:08:24,502 | MainThread   | [INFO    ] | _connect            |: Looking for Artemis Nano Peripheral Device: C0:83:B0:6C:9A:3C
2022-03-27 20:08:27,226 | MainThread   | [INFO    ] | _connect            |: Connected to C0:83:B0:6C:9A:3C
2022-03-27 20:09:04,096 | MainThread   | [INFO    ] | disconnect_handler  |: Disconnected from 607452C2-8441-D076-814E-841EB3635426
2022-03-27 20:09:10,084 | MainThread   | [INFO    ] | _connect            |: Looking for Artemis Nano Peripheral Device: C0:83:B0:6C:9A:3C
2022-03-27 20:09:12,896 | MainThread   | [INFO    ] | _connect            |: Connected to C0:83:B0:6C:9A:3C
2022-03-27 20:11:43,346 | MainThread   | [INFO    ] | disconnect_handler  |: Disconnected from 607452C2-8441-D076-814E-841EB3635426
2022-03-27 20:11:48,825 | MainThread   | [INFO    ] | _connect            |: Looking for Artemis Nano Peripheral Device: C0:83:B0:6C:9A:3C
2022-03-27 20:11:51,645 | MainThread   | [INFO    ] | _connect            |: Connected to C0:83:B0:6C:9A:3C
2022-03-27 20:12:29,342 | MainThread   | [INFO    ] | disconnect_handler  |: Disconnected from 607452C2-8441-D076-814E-841EB3635426
2022-03-27 20:12:39,762 | MainThread   | [INFO    ] | _connect            |: Looking for Artemis Nano Peripheral Device: C0:83:B0:6C:9A:3C
2022-03-27 20:12:42,482 | MainThread   | [INFO    ] | _connect            |: Connected to C0:83:B0:6C:9A:3C
2022-03-27 20:14:02,117 | MainThread   | [INFO    ] | disconnect_handler  |: Disconnected from 607452C2-8441-D076-814E-841EB3635426
2022-03-27 20:14:07,554 | MainThread   | [INFO    ] | _connect            |: Looking for Artemis Nano Peripheral Device: C0:83:B0:6C:9A:3C
2022-03-27 20:14:10,260 | MainThread   | [INFO    ] | _connect            |: Connected to C0:83:B0:6C:9A:3C
2022-03-27 20:15:10,490 | MainThread   | [INFO    ] | _connect            |: Already connected to a BLE device
2022-03-27 20:18:26,231 | MainThread   | [INFO    ] | disconnect_handler  |: Disconnected from 607452C2-8441-D076-814E-841EB3635426
2022-03-27 20:19:10,978 | MainThread   | [INFO    ] | _connect            |: Looking for Artemis Nano Peripheral Device: C0:83:B0:6C:9A:3C
2022-03-27 20:19:13,731 | MainThread   | [INFO    ] | _connect            |: Connected to C0:83:B0:6C:9A:3C
2022-03-27 20:19:52,478 | MainThread   | [INFO    ] | disconnect_handler  |: Disconnected from 607452C2-8441-D076-814E-841EB3635426
2022-03-27 20:43:06,097 | MainThread   | [INFO    ] | exit_handler        |: Exiting...
2022-03-27 20:43:06,101 | MainThread   | [WARNING ] | exit_handler        |: Could not disconnect before exiting
2022-03-27 20:43:06,102 | MainThread   | [WARNING ] | exit_handler        |: Not connected to a BLE device
2022-03-28 21:35:55,813 | MainThread   | [DEBUG   ] | __init__            |: Python Info: sys.version_info(major=3, minor=9, micro=10, releaselevel='final', serial=0)
2022-03-28 21:35:55,815 | MainThread   | [DEBUG   ] | __init__            |: System Info: macOS-10.16-x86_64-i386-64bit
2022-03-28 21:35:55,816 | MainThread   | [INFO    ] | _connect            |: Looking for Artemis Nano Peripheral Device: C0:83:B0:6C:9A:3C
2022-03-28 21:35:58,757 | MainThread   | [INFO    ] | _connect            |: Connected to C0:83:B0:6C:9A:3C
2022-03-28 21:52:38,010 | MainThread   | [INFO    ] | disconnect_handler  |: Disconnected from 607452C2-8441-D076-814E-841EB3635426
2022-03-28 21:53:12,577 | MainThread   | [INFO    ] | _connect            |: Looking for Artemis Nano Peripheral Device: C0:83:B0:6C:9A:3C
2022-03-28 21:53:15,357 | MainThread   | [INFO    ] | _connect            |: Connected to C0:83:B0:6C:9A:3C
2022-03-28 22:18:23,436 | MainThread   | [INFO    ] | disconnect_handler  |: Disconnected from 607452C2-8441-D076-814E-841EB3635426
2022-03-28 22:23:26,162 | MainThread   | [INFO    ] | exit_handler        |: Exiting...
2022-03-28 22:23:26,165 | MainThread   | [WARNING ] | exit_handler        |: Could not disconnect before exiting
2022-03-28 22:23:26,166 | MainThread   | [WARNING ] | exit_handler        |: Not connected to a BLE device
2022-03-29 20:09:15,715 | MainThread   | [DEBUG   ] | __init__            |: Python Info: sys.version_info(major=3, minor=9, micro=10, releaselevel='final', serial=0)
2022-03-29 20:09:15,716 | MainThread   | [DEBUG   ] | __init__            |: System Info: macOS-10.16-x86_64-i386-64bit
2022-03-29 20:09:15,716 | MainThread   | [INFO    ] | _connect            |: Looking for Artemis Nano Peripheral Device: C0:83:B0:6C:9A:3C
2022-03-29 20:09:18,457 | MainThread   | [INFO    ] | _connect            |: Connected to C0:83:B0:6C:9A:3C
2022-03-29 20:10:51,486 | MainThread   | [INFO    ] | disconnect_handler  |: Disconnected from 607452C2-8441-D076-814E-841EB3635426
2022-03-29 20:11:00,009 | MainThread   | [INFO    ] | exit_handler        |: Exiting...
2022-03-29 20:11:00,011 | MainThread   | [WARNING ] | exit_handler        |: Could not disconnect before exiting
2022-03-29 20:11:00,020 | MainThread   | [WARNING ] | exit_handler        |: Not connected to a BLE device
2022-03-30 15:13:02,596 | MainThread   | [DEBUG   ] | __init__            |: Python Info: sys.version_info(major=3, minor=9, micro=10, releaselevel='final', serial=0)
2022-03-30 15:13:02,597 | MainThread   | [DEBUG   ] | __init__            |: System Info: macOS-10.16-x86_64-i386-64bit
2022-03-30 15:13:02,598 | MainThread   | [INFO    ] | _connect            |: Looking for Artemis Nano Peripheral Device: C0:83:B0:6C:9A:3C
2022-03-30 15:13:05,386 | MainThread   | [INFO    ] | _connect            |: Connected to C0:83:B0:6C:9A:3C
2022-03-30 15:16:35,857 | MainThread   | [INFO    ] | disconnect_handler  |: Disconnected from 607452C2-8441-D076-814E-841EB3635426
2022-03-30 15:16:50,962 | MainThread   | [INFO    ] | _connect            |: Looking for Artemis Nano Peripheral Device: C0:83:B0:6C:9A:3C
2022-03-30 15:16:53,968 | MainThread   | [INFO    ] | _connect            |: Connected to C0:83:B0:6C:9A:3C
2022-03-30 15:20:12,889 | MainThread   | [INFO    ] | disconnect_handler  |: Disconnected from 607452C2-8441-D076-814E-841EB3635426
2022-03-30 15:20:17,193 | MainThread   | [INFO    ] | _connect            |: Looking for Artemis Nano Peripheral Device: C0:83:B0:6C:9A:3C
2022-03-30 15:20:19,960 | MainThread   | [INFO    ] | _connect            |: Connected to C0:83:B0:6C:9A:3C
2022-03-30 15:21:48,492 | MainThread   | [INFO    ] | disconnect_handler  |: Disconnected from 607452C2-8441-D076-814E-841EB3635426
2022-03-30 15:27:46,148 | MainThread   | [INFO    ] | _connect            |: Looking for Artemis Nano Peripheral Device: C0:83:B0:6C:9A:3C
2022-03-30 15:28:20,580 | MainThread   | [INFO    ] | _connect            |: Looking for Artemis Nano Peripheral Device: C0:83:B0:6C:9A:3C
2022-03-30 15:28:23,334 | MainThread   | [INFO    ] | _connect            |: Connected to C0:83:B0:6C:9A:3C
2022-03-30 15:32:31,901 | MainThread   | [INFO    ] | disconnect_handler  |: Disconnected from 607452C2-8441-D076-814E-841EB3635426
2022-03-30 15:32:54,774 | MainThread   | [INFO    ] | _connect            |: Looking for Artemis Nano Peripheral Device: C0:83:B0:6C:9A:3C
2022-03-30 15:32:57,584 | MainThread   | [INFO    ] | _connect            |: Connected to C0:83:B0:6C:9A:3C
2022-03-30 15:36:36,556 | MainThread   | [INFO    ] | disconnect_handler  |: Disconnected from 607452C2-8441-D076-814E-841EB3635426
2022-03-30 15:47:01,585 | MainThread   | [INFO    ] | _connect            |: Looking for Artemis Nano Peripheral Device: C0:83:B0:6C:9A:3C
2022-03-30 15:47:04,345 | MainThread   | [INFO    ] | _connect            |: Connected to C0:83:B0:6C:9A:3C
2022-03-30 15:52:16,543 | MainThread   | [INFO    ] | disconnect_handler  |: Disconnected from 607452C2-8441-D076-814E-841EB3635426
2022-03-30 15:53:14,695 | MainThread   | [INFO    ] | _connect            |: Looking for Artemis Nano Peripheral Device: C0:83:B0:6C:9A:3C
2022-03-30 15:53:27,364 | MainThread   | [INFO    ] | _connect            |: Looking for Artemis Nano Peripheral Device: C0:83:B0:6C:9A:3C
2022-03-30 15:53:42,196 | MainThread   | [INFO    ] | _connect            |: Looking for Artemis Nano Peripheral Device: C0:83:B0:6C:9A:3C
2022-03-30 15:54:08,125 | MainThread   | [INFO    ] | _connect            |: Looking for Artemis Nano Peripheral Device: C0:83:B0:6C:9A:3C
2022-03-30 15:55:09,505 | MainThread   | [INFO    ] | _connect            |: Looking for Artemis Nano Peripheral Device: C0:83:B0:6C:9A:3C
2022-03-30 16:02:03,990 | MainThread   | [INFO    ] | _connect            |: Looking for Artemis Nano Peripheral Device: C0:83:B0:6C:9A:3C
2022-03-30 16:02:06,777 | MainThread   | [INFO    ] | _connect            |: Connected to C0:83:B0:6C:9A:3C
2022-03-30 16:02:35,886 | MainThread   | [INFO    ] | exit_handler        |: Exiting...
2022-03-30 16:02:35,889 | MainThread   | [WARNING ] | exit_handler        |: Could not disconnect before exiting
2022-03-30 16:02:35,891 | MainThread   | [WARNING ] | exit_handler        |: Task <Task pending name='Task-156' coro=<BLEAsyncDevice._disconnect() running at /Users/roninsharma/Desktop/Cornell/ECE 5960/Fast-Robots/Lab9/ble/base_ble.py:94>> got Future <Future pending> attached to a different loop
2022-03-30 16:02:43,614 | MainThread   | [DEBUG   ] | __init__            |: Python Info: sys.version_info(major=3, minor=9, micro=10, releaselevel='final', serial=0)
2022-03-30 16:02:43,614 | MainThread   | [DEBUG   ] | __init__            |: System Info: macOS-10.16-x86_64-i386-64bit
2022-03-30 16:02:43,615 | MainThread   | [INFO    ] | _connect            |: Looking for Artemis Nano Peripheral Device: C0:83:B0:6C:9A:3C
2022-03-30 16:02:46,604 | MainThread   | [INFO    ] | _connect            |: Connected to C0:83:B0:6C:9A:3C
2022-03-30 16:03:52,395 | MainThread   | [INFO    ] | disconnect_handler  |: Disconnected from 607452C2-8441-D076-814E-841EB3635426
2022-03-30 16:04:06,063 | MainThread   | [INFO    ] | _connect            |: Looking for Artemis Nano Peripheral Device: C0:83:B0:6C:9A:3C
2022-03-30 16:04:08,837 | MainThread   | [INFO    ] | _connect            |: Connected to C0:83:B0:6C:9A:3C
2022-03-30 16:04:49,440 | MainThread   | [INFO    ] | exit_handler        |: Exiting...
2022-03-30 16:04:49,444 | MainThread   | [WARNING ] | exit_handler        |: Could not disconnect before exiting
2022-03-30 16:04:49,445 | MainThread   | [WARNING ] | exit_handler        |: Task <Task pending name='Task-19' coro=<BLEAsyncDevice._disconnect() running at /Users/roninsharma/Desktop/Cornell/ECE 5960/Fast-Robots/Lab9/ble/base_ble.py:94>> got Future <Future pending> attached to a different loop
2022-03-30 16:04:53,929 | MainThread   | [DEBUG   ] | __init__            |: Python Info: sys.version_info(major=3, minor=9, micro=10, releaselevel='final', serial=0)
2022-03-30 16:04:53,929 | MainThread   | [DEBUG   ] | __init__            |: System Info: macOS-10.16-x86_64-i386-64bit
2022-03-30 16:04:53,930 | MainThread   | [INFO    ] | _connect            |: Looking for Artemis Nano Peripheral Device: C0:83:B0:6C:9A:3C
2022-03-30 16:04:56,677 | MainThread   | [INFO    ] | _connect            |: Connected to C0:83:B0:6C:9A:3C
2022-03-30 16:05:31,595 | MainThread   | [INFO    ] | exit_handler        |: Exiting...
2022-03-30 16:05:31,597 | MainThread   | [WARNING ] | exit_handler        |: Could not disconnect before exiting
2022-03-30 16:05:31,601 | MainThread   | [WARNING ] | exit_handler        |: Task <Task pending name='Task-11' coro=<BLEAsyncDevice._disconnect() running at /Users/roninsharma/Desktop/Cornell/ECE 5960/Fast-Robots/Lab9/ble/base_ble.py:94>> got Future <Future pending> attached to a different loop
2022-03-30 16:05:37,086 | MainThread   | [DEBUG   ] | __init__            |: Python Info: sys.version_info(major=3, minor=9, micro=10, releaselevel='final', serial=0)
2022-03-30 16:05:37,087 | MainThread   | [DEBUG   ] | __init__            |: System Info: macOS-10.16-x86_64-i386-64bit
2022-03-30 16:05:37,087 | MainThread   | [INFO    ] | _connect            |: Looking for Artemis Nano Peripheral Device: C0:83:B0:6C:9A:3C
2022-03-30 16:05:40,007 | MainThread   | [INFO    ] | _connect            |: Connected to C0:83:B0:6C:9A:3C
2022-03-30 16:07:32,150 | MainThread   | [INFO    ] | disconnect_handler  |: Disconnected from 607452C2-8441-D076-814E-841EB3635426
2022-03-30 16:07:43,817 | MainThread   | [INFO    ] | _connect            |: Looking for Artemis Nano Peripheral Device: C0:83:B0:6C:9A:3C
2022-03-30 16:07:46,661 | MainThread   | [INFO    ] | _connect            |: Connected to C0:83:B0:6C:9A:3C
2022-03-30 16:16:03,077 | MainThread   | [INFO    ] | disconnect_handler  |: Disconnected from 607452C2-8441-D076-814E-841EB3635426
2022-03-30 16:16:21,914 | MainThread   | [INFO    ] | _connect            |: Looking for Artemis Nano Peripheral Device: C0:83:B0:6C:9A:3C
2022-03-30 16:16:24,683 | MainThread   | [INFO    ] | _connect            |: Connected to C0:83:B0:6C:9A:3C
2022-03-30 16:19:42,572 | MainThread   | [INFO    ] | disconnect_handler  |: Disconnected from 607452C2-8441-D076-814E-841EB3635426
2022-03-30 16:20:27,073 | MainThread   | [INFO    ] | _connect            |: Looking for Artemis Nano Peripheral Device: C0:83:B0:6C:9A:3C
2022-03-30 16:20:29,999 | MainThread   | [INFO    ] | _connect            |: Connected to C0:83:B0:6C:9A:3C
2022-03-30 16:23:37,048 | MainThread   | [INFO    ] | disconnect_handler  |: Disconnected from 607452C2-8441-D076-814E-841EB3635426
2022-03-30 16:24:29,751 | MainThread   | [INFO    ] | _connect            |: Looking for Artemis Nano Peripheral Device: C0:83:B0:6C:9A:3C
2022-03-30 16:24:32,617 | MainThread   | [INFO    ] | _connect            |: Connected to C0:83:B0:6C:9A:3C
2022-03-30 16:26:47,939 | MainThread   | [INFO    ] | disconnect_handler  |: Disconnected from 607452C2-8441-D076-814E-841EB3635426
2022-03-30 16:26:59,815 | MainThread   | [INFO    ] | _connect            |: Looking for Artemis Nano Peripheral Device: C0:83:B0:6C:9A:3C
2022-03-30 16:29:59,830 | MainThread   | [INFO    ] | _connect            |: Looking for Artemis Nano Peripheral Device: C0:83:B0:6C:9A:3C
2022-03-30 16:30:37,589 | MainThread   | [INFO    ] | _connect            |: Looking for Artemis Nano Peripheral Device: C0:83:B0:6C:9A:3C
2022-03-30 16:30:42,394 | MainThread   | [INFO    ] | _connect            |: Connected to C0:83:B0:6C:9A:3C
2022-03-30 16:34:54,140 | MainThread   | [INFO    ] | disconnect_handler  |: Disconnected from 607452C2-8441-D076-814E-841EB3635426
2022-03-30 16:35:26,090 | MainThread   | [INFO    ] | _connect            |: Looking for Artemis Nano Peripheral Device: C0:83:B0:6C:9A:3C
2022-03-30 16:35:28,908 | MainThread   | [INFO    ] | _connect            |: Connected to C0:83:B0:6C:9A:3C
2022-03-30 16:47:35,052 | MainThread   | [INFO    ] | disconnect_handler  |: Disconnected from 607452C2-8441-D076-814E-841EB3635426
2022-03-30 16:49:33,520 | MainThread   | [INFO    ] | _connect            |: Looking for Artemis Nano Peripheral Device: C0:83:B0:6C:9A:3C
2022-03-30 16:49:36,485 | MainThread   | [INFO    ] | _connect            |: Connected to C0:83:B0:6C:9A:3C
2022-03-30 16:56:28,975 | MainThread   | [INFO    ] | disconnect_handler  |: Disconnected from 607452C2-8441-D076-814E-841EB3635426
2022-03-30 16:56:49,571 | MainThread   | [INFO    ] | _connect            |: Looking for Artemis Nano Peripheral Device: C0:83:B0:6C:9A:3C
2022-03-30 16:57:26,722 | MainThread   | [INFO    ] | _connect            |: Looking for Artemis Nano Peripheral Device: C0:83:B0:6C:9A:3C
2022-03-30 16:57:29,487 | MainThread   | [INFO    ] | _connect            |: Connected to C0:83:B0:6C:9A:3C
2022-03-30 16:57:59,562 | MainThread   | [INFO    ] | disconnect_handler  |: Disconnected from 607452C2-8441-D076-814E-841EB3635426
2022-03-30 16:59:22,447 | MainThread   | [INFO    ] | exit_handler        |: Exiting...
2022-03-30 16:59:22,450 | MainThread   | [WARNING ] | exit_handler        |: Could not disconnect before exiting
2022-03-30 16:59:22,451 | MainThread   | [WARNING ] | exit_handler        |: Not connected to a BLE device
2022-04-12 22:34:11,784 | MainThread   | [DEBUG   ] | __init__            |: Python Info: sys.version_info(major=3, minor=9, micro=10, releaselevel='final', serial=0)
2022-04-12 22:34:11,793 | MainThread   | [DEBUG   ] | __init__            |: System Info: macOS-10.16-x86_64-i386-64bit
2022-04-12 22:34:11,794 | MainThread   | [INFO    ] | _connect            |: Looking for Artemis Nano Peripheral Device: C0:83:B0:6C:9A:3C
2022-04-12 22:34:27,748 | MainThread   | [INFO    ] | _connect            |: Looking for Artemis Nano Peripheral Device: C0:83:B0:6C:9A:3C
2022-04-12 22:34:30,641 | MainThread   | [INFO    ] | _connect            |: Connected to C0:83:B0:6C:9A:3C
2022-04-12 22:47:33,894 | MainThread   | [INFO    ] | disconnect_handler  |: Disconnected from 607452C2-8441-D076-814E-841EB3635426
2022-04-12 22:47:56,341 | MainThread   | [INFO    ] | _connect            |: Looking for Artemis Nano Peripheral Device: C0:83:B0:6C:9A:3C
2022-04-12 22:47:59,018 | MainThread   | [INFO    ] | _connect            |: Connected to C0:83:B0:6C:9A:3C
2022-04-12 22:50:16,628 | MainThread   | [INFO    ] | disconnect_handler  |: Disconnected from 607452C2-8441-D076-814E-841EB3635426
2022-04-12 22:51:47,518 | MainThread   | [INFO    ] | _connect            |: Looking for Artemis Nano Peripheral Device: C0:83:B0:6C:9A:3C
2022-04-12 22:51:50,314 | MainThread   | [INFO    ] | _connect            |: Connected to C0:83:B0:6C:9A:3C
2022-04-12 22:59:35,660 | MainThread   | [INFO    ] | _connect            |: Already connected to a BLE device
2022-04-12 23:00:25,955 | MainThread   | [INFO    ] | disconnect_handler  |: Disconnected from 607452C2-8441-D076-814E-841EB3635426
2022-04-12 23:01:10,652 | MainThread   | [INFO    ] | _connect            |: Looking for Artemis Nano Peripheral Device: C0:83:B0:6C:9A:3C
2022-04-12 23:01:13,406 | MainThread   | [INFO    ] | _connect            |: Connected to C0:83:B0:6C:9A:3C
2022-04-12 23:05:22,262 | MainThread   | [INFO    ] | disconnect_handler  |: Disconnected from 607452C2-8441-D076-814E-841EB3635426
2022-04-12 23:08:50,209 | MainThread   | [INFO    ] | _connect            |: Looking for Artemis Nano Peripheral Device: C0:83:B0:6C:9A:3C
2022-04-12 23:08:52,939 | MainThread   | [INFO    ] | _connect            |: Connected to C0:83:B0:6C:9A:3C
2022-04-12 23:09:41,691 | MainThread   | [INFO    ] | disconnect_handler  |: Disconnected from 607452C2-8441-D076-814E-841EB3635426
2022-04-12 23:09:58,884 | MainThread   | [INFO    ] | exit_handler        |: Exiting...
2022-04-12 23:09:58,892 | MainThread   | [WARNING ] | exit_handler        |: Could not disconnect before exiting
2022-04-12 23:09:58,893 | MainThread   | [WARNING ] | exit_handler        |: Not connected to a BLE device
2022-04-12 23:10:04,283 | MainThread   | [DEBUG   ] | __init__            |: Python Info: sys.version_info(major=3, minor=9, micro=10, releaselevel='final', serial=0)
2022-04-12 23:10:04,284 | MainThread   | [DEBUG   ] | __init__            |: System Info: macOS-10.16-x86_64-i386-64bit
2022-04-12 23:10:04,284 | MainThread   | [INFO    ] | _connect            |: Looking for Artemis Nano Peripheral Device: C0:83:B0:6C:9A:3C
2022-04-12 23:10:06,958 | MainThread   | [INFO    ] | _connect            |: Connected to C0:83:B0:6C:9A:3C
2022-04-12 23:11:32,523 | MainThread   | [INFO    ] | disconnect_handler  |: Disconnected from 607452C2-8441-D076-814E-841EB3635426
2022-04-12 23:11:44,951 | MainThread   | [INFO    ] | _connect            |: Looking for Artemis Nano Peripheral Device: C0:83:B0:6C:9A:3C
2022-04-12 23:11:57,039 | MainThread   | [ERROR   ] | _connect            |: 
2022-04-12 23:11:58,041 | MainThread   | [WARNING ] | connect             |: Attempting to connect again...
2022-04-12 23:11:58,043 | MainThread   | [INFO    ] | _connect            |: Looking for Artemis Nano Peripheral Device: C0:83:B0:6C:9A:3C
2022-04-12 23:12:00,867 | MainThread   | [INFO    ] | _connect            |: Connected to C0:83:B0:6C:9A:3C
2022-04-12 23:12:29,085 | MainThread   | [INFO    ] | disconnect_handler  |: Disconnected from 607452C2-8441-D076-814E-841EB3635426
2022-04-12 23:18:05,454 | MainThread   | [INFO    ] | _connect            |: Looking for Artemis Nano Peripheral Device: C0:83:B0:6C:9A:3C
2022-04-12 23:18:08,167 | MainThread   | [INFO    ] | _connect            |: Connected to C0:83:B0:6C:9A:3C
2022-04-12 23:18:19,209 | MainThread   | [INFO    ] | disconnect_handler  |: Disconnected from 607452C2-8441-D076-814E-841EB3635426
2022-04-12 23:24:19,247 | MainThread   | [INFO    ] | _connect            |: Looking for Artemis Nano Peripheral Device: C0:83:B0:6C:9A:3C
2022-04-12 23:24:36,530 | MainThread   | [INFO    ] | _connect            |: Looking for Artemis Nano Peripheral Device: C0:83:B0:6C:9A:3C
2022-04-12 23:24:39,213 | MainThread   | [INFO    ] | _connect            |: Connected to C0:83:B0:6C:9A:3C
2022-04-12 23:26:19,100 | MainThread   | [INFO    ] | disconnect_handler  |: Disconnected from 607452C2-8441-D076-814E-841EB3635426
2022-04-12 23:26:53,090 | MainThread   | [INFO    ] | _connect            |: Looking for Artemis Nano Peripheral Device: C0:83:B0:6C:9A:3C
2022-04-12 23:26:55,853 | MainThread   | [INFO    ] | _connect            |: Connected to C0:83:B0:6C:9A:3C
2022-04-12 23:31:32,424 | MainThread   | [INFO    ] | disconnect_handler  |: Disconnected from 607452C2-8441-D076-814E-841EB3635426
2022-04-12 23:44:49,121 | MainThread   | [INFO    ] | _connect            |: Looking for Artemis Nano Peripheral Device: C0:83:B0:6C:9A:3C
2022-04-12 23:45:11,140 | MainThread   | [INFO    ] | _connect            |: Looking for Artemis Nano Peripheral Device: C0:83:B0:6C:9A:3C
2022-04-12 23:48:17,000 | MainThread   | [INFO    ] | _connect            |: Looking for Artemis Nano Peripheral Device: C0:83:B0:6C:9A:3C
2022-04-12 23:48:33,359 | MainThread   | [INFO    ] | _connect            |: Looking for Artemis Nano Peripheral Device: C0:83:B0:6C:9A:3C
2022-04-12 23:48:51,888 | MainThread   | [INFO    ] | _connect            |: Looking for Artemis Nano Peripheral Device: C0:83:B0:6C:9A:3C
2022-04-12 23:49:04,255 | MainThread   | [INFO    ] | _connect            |: Looking for Artemis Nano Peripheral Device: C0:83:B0:6C:9A:3C
2022-04-12 23:49:34,469 | MainThread   | [INFO    ] | _connect            |: Looking for Artemis Nano Peripheral Device: C0:83:B0:6C:9A:3C
2022-04-12 23:49:52,330 | MainThread   | [INFO    ] | _connect            |: Looking for Artemis Nano Peripheral Device: C0:83:B0:6C:9A:3C
2022-04-12 23:54:43,067 | MainThread   | [INFO    ] | _connect            |: Looking for Artemis Nano Peripheral Device: C0:83:B0:6C:9A:3C
2022-04-12 23:54:45,805 | MainThread   | [INFO    ] | _connect            |: Connected to C0:83:B0:6C:9A:3C
2022-04-13 00:00:37,643 | MainThread   | [INFO    ] | disconnect_handler  |: Disconnected from 607452C2-8441-D076-814E-841EB3635426
2022-04-13 02:18:38,091 | MainThread   | [INFO    ] | _connect            |: Looking for Artemis Nano Peripheral Device: C0:83:B0:6C:9A:3C
2022-04-13 02:18:41,421 | MainThread   | [INFO    ] | _connect            |: Connected to C0:83:B0:6C:9A:3C
2022-04-13 02:22:26,791 | MainThread   | [INFO    ] | disconnect_handler  |: Disconnected from 607452C2-8441-D076-814E-841EB3635426
2022-04-13 02:24:08,561 | MainThread   | [INFO    ] | exit_handler        |: Exiting...
2022-04-13 02:24:08,573 | MainThread   | [WARNING ] | exit_handler        |: Could not disconnect before exiting
2022-04-13 02:24:08,579 | MainThread   | [WARNING ] | exit_handler        |: Not connected to a BLE device
2022-04-13 02:24:36,901 | MainThread   | [DEBUG   ] | __init__            |: Python Info: sys.version_info(major=3, minor=9, micro=10, releaselevel='final', serial=0)
2022-04-13 02:24:36,901 | MainThread   | [DEBUG   ] | __init__            |: System Info: macOS-10.16-x86_64-i386-64bit
2022-04-13 02:24:36,902 | MainThread   | [INFO    ] | _connect            |: Looking for Artemis Nano Peripheral Device: C0:83:B0:6C:9A:3C
2022-04-13 02:24:39,652 | MainThread   | [INFO    ] | _connect            |: Connected to C0:83:B0:6C:9A:3C
2022-04-13 02:33:50,052 | MainThread   | [INFO    ] | disconnect_handler  |: Disconnected from 607452C2-8441-D076-814E-841EB3635426
2022-04-13 02:34:01,775 | MainThread   | [INFO    ] | exit_handler        |: Exiting...
2022-04-13 02:34:01,777 | MainThread   | [WARNING ] | exit_handler        |: Could not disconnect before exiting
2022-04-13 02:34:01,779 | MainThread   | [WARNING ] | exit_handler        |: Not connected to a BLE device
2022-04-13 02:34:10,882 | MainThread   | [DEBUG   ] | __init__            |: Python Info: sys.version_info(major=3, minor=9, micro=10, releaselevel='final', serial=0)
2022-04-13 02:34:10,882 | MainThread   | [DEBUG   ] | __init__            |: System Info: macOS-10.16-x86_64-i386-64bit
2022-04-13 02:34:10,882 | MainThread   | [INFO    ] | _connect            |: Looking for Artemis Nano Peripheral Device: C0:83:B0:6C:9A:3C
2022-04-13 02:34:13,660 | MainThread   | [INFO    ] | _connect            |: Connected to C0:83:B0:6C:9A:3C
2022-04-13 02:37:25,839 | MainThread   | [INFO    ] | disconnect_handler  |: Disconnected from 607452C2-8441-D076-814E-841EB3635426
2022-04-13 02:37:57,036 | MainThread   | [INFO    ] | _connect            |: Looking for Artemis Nano Peripheral Device: C0:83:B0:6C:9A:3C
2022-04-13 02:37:59,906 | MainThread   | [INFO    ] | _connect            |: Connected to C0:83:B0:6C:9A:3C
2022-04-13 02:40:29,664 | MainThread   | [INFO    ] | disconnect_handler  |: Disconnected from 607452C2-8441-D076-814E-841EB3635426
2022-04-13 02:40:47,885 | MainThread   | [INFO    ] | _connect            |: Looking for Artemis Nano Peripheral Device: C0:83:B0:6C:9A:3C
2022-04-13 02:40:50,653 | MainThread   | [INFO    ] | _connect            |: Connected to C0:83:B0:6C:9A:3C
2022-04-13 02:41:06,403 | MainThread   | [INFO    ] | exit_handler        |: Exiting...
2022-04-13 02:41:06,408 | MainThread   | [WARNING ] | exit_handler        |: Could not disconnect before exiting
2022-04-13 02:41:06,410 | MainThread   | [WARNING ] | exit_handler        |: Task <Task pending name='Task-47' coro=<BLEAsyncDevice._disconnect() running at /Users/roninsharma/Desktop/Cornell/ECE 5960/Fast-Robots/Lab9/ble/base_ble.py:94>> got Future <Future pending> attached to a different loop
2022-04-13 02:41:12,515 | MainThread   | [DEBUG   ] | __init__            |: Python Info: sys.version_info(major=3, minor=9, micro=10, releaselevel='final', serial=0)
2022-04-13 02:41:12,515 | MainThread   | [DEBUG   ] | __init__            |: System Info: macOS-10.16-x86_64-i386-64bit
2022-04-13 02:41:12,515 | MainThread   | [INFO    ] | _connect            |: Looking for Artemis Nano Peripheral Device: C0:83:B0:6C:9A:3C
2022-04-13 02:41:15,201 | MainThread   | [INFO    ] | _connect            |: Connected to C0:83:B0:6C:9A:3C
2022-04-13 02:42:27,784 | MainThread   | [INFO    ] | disconnect_handler  |: Disconnected from 607452C2-8441-D076-814E-841EB3635426
2022-04-13 02:42:47,725 | MainThread   | [INFO    ] | _connect            |: Looking for Artemis Nano Peripheral Device: C0:83:B0:6C:9A:3C
2022-04-13 02:42:50,543 | MainThread   | [INFO    ] | _connect            |: Connected to C0:83:B0:6C:9A:3C
2022-04-13 02:44:44,392 | MainThread   | [INFO    ] | disconnect_handler  |: Disconnected from 607452C2-8441-D076-814E-841EB3635426
2022-04-13 02:45:05,466 | MainThread   | [INFO    ] | _connect            |: Looking for Artemis Nano Peripheral Device: C0:83:B0:6C:9A:3C
2022-04-13 02:45:08,418 | MainThread   | [INFO    ] | _connect            |: Connected to C0:83:B0:6C:9A:3C
2022-04-13 02:47:32,569 | MainThread   | [INFO    ] | disconnect_handler  |: Disconnected from 607452C2-8441-D076-814E-841EB3635426
2022-04-13 02:47:41,932 | MainThread   | [INFO    ] | _connect            |: Looking for Artemis Nano Peripheral Device: C0:83:B0:6C:9A:3C
2022-04-13 02:47:44,702 | MainThread   | [INFO    ] | _connect            |: Connected to C0:83:B0:6C:9A:3C
2022-04-13 02:52:38,314 | MainThread   | [INFO    ] | disconnect_handler  |: Disconnected from 607452C2-8441-D076-814E-841EB3635426
2022-04-13 03:24:45,974 | MainThread   | [INFO    ] | exit_handler        |: Exiting...
2022-04-13 03:24:45,978 | MainThread   | [WARNING ] | exit_handler        |: Could not disconnect before exiting
2022-04-13 03:24:45,979 | MainThread   | [WARNING ] | exit_handler        |: Not connected to a BLE device
2022-04-13 14:44:29,689 | MainThread   | [DEBUG   ] | __init__            |: Python Info: sys.version_info(major=3, minor=9, micro=10, releaselevel='final', serial=0)
2022-04-13 14:44:29,689 | MainThread   | [DEBUG   ] | __init__            |: System Info: macOS-10.16-x86_64-i386-64bit
2022-04-13 14:44:29,690 | MainThread   | [INFO    ] | _connect            |: Looking for Artemis Nano Peripheral Device: C0:83:B0:6C:9A:3C
2022-04-13 14:44:32,478 | MainThread   | [INFO    ] | _connect            |: Connected to C0:83:B0:6C:9A:3C
2022-04-13 14:47:15,199 | MainThread   | [INFO    ] | disconnect_handler  |: Disconnected from 607452C2-8441-D076-814E-841EB3635426
2022-04-13 14:47:26,129 | MainThread   | [INFO    ] | _connect            |: Looking for Artemis Nano Peripheral Device: C0:83:B0:6C:9A:3C
2022-04-13 14:47:39,387 | MainThread   | [INFO    ] | _connect            |: Looking for Artemis Nano Peripheral Device: C0:83:B0:6C:9A:3C
2022-04-13 14:48:09,203 | MainThread   | [INFO    ] | _connect            |: Looking for Artemis Nano Peripheral Device: C0:83:B0:6C:9A:3C
2022-04-13 14:48:11,963 | MainThread   | [INFO    ] | _connect            |: Connected to C0:83:B0:6C:9A:3C
2022-04-13 14:55:36,992 | MainThread   | [INFO    ] | disconnect_handler  |: Disconnected from 607452C2-8441-D076-814E-841EB3635426
2022-04-13 14:55:55,952 | MainThread   | [INFO    ] | _connect            |: Looking for Artemis Nano Peripheral Device: C0:83:B0:6C:9A:3C
2022-04-13 14:55:58,707 | MainThread   | [INFO    ] | _connect            |: Connected to C0:83:B0:6C:9A:3C
2022-04-13 14:57:56,461 | MainThread   | [INFO    ] | exit_handler        |: Exiting...
2022-04-13 14:57:56,465 | MainThread   | [WARNING ] | exit_handler        |: Could not disconnect before exiting
2022-04-13 14:57:56,466 | MainThread   | [WARNING ] | exit_handler        |: Task <Task pending name='Task-112' coro=<BLEAsyncDevice._disconnect() running at /Users/roninsharma/Desktop/Cornell/ECE 5960/Fast-Robots/Lab9/ble/base_ble.py:94>> got Future <Future pending> attached to a different loop
2022-04-13 14:59:15,178 | MainThread   | [DEBUG   ] | __init__            |: Python Info: sys.version_info(major=3, minor=9, micro=10, releaselevel='final', serial=0)
2022-04-13 14:59:15,178 | MainThread   | [DEBUG   ] | __init__            |: System Info: macOS-10.16-x86_64-i386-64bit
2022-04-13 14:59:15,179 | MainThread   | [INFO    ] | _connect            |: Looking for Artemis Nano Peripheral Device: C0:83:B0:6C:9A:3C
2022-04-13 14:59:18,032 | MainThread   | [INFO    ] | _connect            |: Connected to C0:83:B0:6C:9A:3C
2022-04-13 15:15:25,106 | MainThread   | [INFO    ] | disconnect_handler  |: Disconnected from 607452C2-8441-D076-814E-841EB3635426
