2022-04-24 02:39:03,293 | MainThread   | [INFO    ] | print_update_stats  |: POS ERROR     : (-0.043, 0.063, 1436.087)
2022-04-24 02:39:03,301 | MainThread   | [INFO    ] | print_update_stats  |: ---------- UPDATE STATS -----------
2022-04-24 02:39:07,452 | MainThread   | [INFO    ] | print_prediction_stats|: ---------- PREDICTION STATS -----------
2022-04-24 02:39:07,468 | MainThread   | [INFO    ] | print_prediction_stats|: GT index         : (8, 0, 9)
2022-04-24 02:39:07,469 | MainThread   | [INFO    ] | print_prediction_stats|: Prior Bel index  : (6, 4, 4) with prob = 0.0576207
2022-04-24 02:39:07,484 | MainThread   | [INFO    ] | print_prediction_stats|: POS ERROR        : (0.500, -0.978, 1530.093)
2022-04-24 02:39:07,543 | MainThread   | [INFO    ] | print_prediction_stats|: ---------- PREDICTION STATS -----------
2022-04-24 02:39:10,941 | MainThread   | [INFO    ] | print_update_stats  |: ---------- UPDATE STATS -----------
2022-04-24 02:39:10,958 | MainThread   | [INFO    ] | print_update_stats  |: GT index      : (8, 0, 9)
2022-04-24 02:39:10,969 | MainThread   | [INFO    ] | print_update_stats  |: Bel index     : (8, 1, 9) with prob = 1.0
2022-04-24 02:39:10,982 | MainThread   | [INFO    ] | print_update_stats  |: Bel_bar prob at index = 6.621697769853172e-09
2022-04-24 02:39:10,992 | MainThread   | [INFO    ] | print_update_stats  |: GT            : (0.805, -0.978, 1800.093)
2022-04-24 02:39:10,998 | MainThread   | [INFO    ] | print_update_stats  |: Belief        : (0.914, -0.914, 10.000)
2022-04-24 02:39:11,014 | MainThread   | [INFO    ] | print_update_stats  |: POS ERROR     : (-0.110, -0.064, 1790.093)
2022-04-24 02:39:11,079 | MainThread   | [INFO    ] | print_update_stats  |: ---------- UPDATE STATS -----------
2022-04-24 02:39:28,273 | MainThread   | [INFO    ] | init_uniform_distribution|: Initializing beliefs with a Uniform Distribution
2022-04-24 02:39:28,274 | MainThread   | [INFO    ] | init_uniform_distribution|: Uniform Belief with each cell value: 0.00051440329218107
2022-04-24 02:39:32,280 | MainThread   | [INFO    ] | print_update_stats  |: ---------- UPDATE STATS -----------
2022-04-24 02:39:32,300 | MainThread   | [INFO    ] | print_update_stats  |: GT index      : (6, 4, 9)
2022-04-24 02:39:32,301 | MainThread   | [INFO    ] | print_update_stats  |: Bel index     : (5, 3, 9) with prob = 0.8415022
2022-04-24 02:39:32,302 | MainThread   | [INFO    ] | print_update_stats  |: Bel_bar prob at index = 0.00051440329218107
2022-04-24 02:39:32,375 | MainThread   | [INFO    ] | print_update_stats  |: GT            : (0.000, 0.000, 360.000)
2022-04-24 02:39:32,413 | MainThread   | [INFO    ] | print_update_stats  |: Belief        : (0.000, -0.305, 10.000)
2022-04-24 02:39:32,418 | MainThread   | [INFO    ] | print_update_stats  |: POS ERROR     : (-0.000, 0.305, 350.000)
2022-04-24 02:39:32,449 | MainThread   | [INFO    ] | print_update_stats  |: ---------- UPDATE STATS -----------
2022-04-24 02:40:07,894 | MainThread   | [INFO    ] | populate_views      |:  | Number of observations per grid cell: 18
2022-04-24 02:40:07,897 | MainThread   | [INFO    ] | populate_views      |:  | Precaching Views...
2022-04-24 02:40:12,957 | MainThread   | [INFO    ] | populate_views      |:  | Precaching Time: 5.059 secs
2022-04-24 02:40:12,959 | MainThread   | [INFO    ] | init_uniform_distribution|: Initializing beliefs with a Uniform Distribution
2022-04-24 02:40:12,965 | MainThread   | [INFO    ] | init_uniform_distribution|: Uniform Belief with each cell value: 0.00051440329218107
2022-04-24 02:40:42,336 | MainThread   | [INFO    ] | init_uniform_distribution|: Initializing beliefs with a Uniform Distribution
2022-04-24 02:40:42,337 | MainThread   | [INFO    ] | init_uniform_distribution|: Uniform Belief with each cell value: 0.00051440329218107
2022-04-24 02:40:46,434 | MainThread   | [INFO    ] | print_update_stats  |: ---------- UPDATE STATS -----------
2022-04-24 02:40:46,619 | MainThread   | [INFO    ] | print_update_stats  |: GT index      : (6, 4, 9)
2022-04-24 02:40:46,645 | MainThread   | [INFO    ] | print_update_stats  |: Bel index     : (5, 4, 9) with prob = 0.8051515
2022-04-24 02:40:46,716 | MainThread   | [INFO    ] | print_update_stats  |: Bel_bar prob at index = 0.00051440329218107
2022-04-24 02:40:46,723 | MainThread   | [INFO    ] | print_update_stats  |: GT            : (0.000, 0.000, 360.000)
2022-04-24 02:40:46,765 | MainThread   | [INFO    ] | print_update_stats  |: Belief        : (0.000, 0.000, 10.000)
2022-04-24 02:40:46,787 | MainThread   | [INFO    ] | print_update_stats  |: POS ERROR     : (-0.000, -0.000, 350.000)
2022-04-24 02:40:46,798 | MainThread   | [INFO    ] | print_update_stats  |: ---------- UPDATE STATS -----------
2022-04-24 02:41:14,443 | MainThread   | [INFO    ] | print_prediction_stats|: ---------- PREDICTION STATS -----------
2022-04-24 02:41:14,449 | MainThread   | [INFO    ] | print_prediction_stats|: GT index         : (6, 3, 7)
2022-04-24 02:41:14,456 | MainThread   | [INFO    ] | print_prediction_stats|: Prior Bel index  : (3, 2, 9) with prob = 0.0789196
2022-04-24 02:41:14,459 | MainThread   | [INFO    ] | print_prediction_stats|: POS ERROR        : (0.843, 0.535, -46.860)
2022-04-24 02:41:14,482 | MainThread   | [INFO    ] | print_prediction_stats|: ---------- PREDICTION STATS -----------
2022-04-24 02:41:18,849 | MainThread   | [INFO    ] | print_update_stats  |: ---------- UPDATE STATS -----------
2022-04-24 02:41:18,867 | MainThread   | [INFO    ] | print_update_stats  |: GT index      : (6, 3, 7)
2022-04-24 02:41:18,877 | MainThread   | [INFO    ] | print_update_stats  |: Bel index     : (6, 4, 6) with prob = 1.0
2022-04-24 02:41:18,880 | MainThread   | [INFO    ] | print_update_stats  |: Bel_bar prob at index = 5.5194504913005856e-05
2022-04-24 02:41:18,882 | MainThread   | [INFO    ] | print_update_stats  |: GT            : (0.233, -0.075, 323.140)
2022-04-24 02:41:18,884 | MainThread   | [INFO    ] | print_update_stats  |: Belief        : (0.305, 0.000, -50.000)
2022-04-24 02:41:18,888 | MainThread   | [INFO    ] | print_update_stats  |: POS ERROR     : (-0.071, -0.075, 373.140)
2022-04-24 02:41:18,918 | MainThread   | [INFO    ] | print_update_stats  |: ---------- UPDATE STATS -----------
2022-04-24 02:41:21,658 | MainThread   | [INFO    ] | print_prediction_stats|: ---------- PREDICTION STATS -----------
2022-04-24 02:41:21,668 | MainThread   | [INFO    ] | print_prediction_stats|: GT index         : (7, 2, 6)
2022-04-24 02:41:21,669 | MainThread   | [INFO    ] | print_prediction_stats|: Prior Bel index  : (8, 3, 15) with prob = 0.0820208
2022-04-24 02:41:21,673 | MainThread   | [INFO    ] | print_prediction_stats|: POS ERROR        : (-0.429, -0.202, 170.221)
2022-04-24 02:41:21,690 | MainThread   | [INFO    ] | print_prediction_stats|: ---------- PREDICTION STATS -----------
2022-04-24 02:41:25,581 | MainThread   | [INFO    ] | print_update_stats  |: ---------- UPDATE STATS -----------
2022-04-24 02:41:25,592 | MainThread   | [INFO    ] | print_update_stats  |: GT index      : (7, 2, 6)
2022-04-24 02:41:25,599 | MainThread   | [INFO    ] | print_update_stats  |: Bel index     : (7, 2, 6) with prob = 1.0
2022-04-24 02:41:25,613 | MainThread   | [INFO    ] | print_update_stats  |: Bel_bar prob at index = 7.67730034778693e-06
2022-04-24 02:41:25,622 | MainThread   | [INFO    ] | print_update_stats  |: GT            : (0.485, -0.507, 660.221)
2022-04-24 02:41:25,624 | MainThread   | [INFO    ] | print_update_stats  |: Belief        : (0.610, -0.610, -50.000)
2022-04-24 02:41:25,666 | MainThread   | [INFO    ] | print_update_stats  |: POS ERROR     : (-0.125, 0.103, 710.221)
2022-04-24 02:41:25,682 | MainThread   | [INFO    ] | print_update_stats  |: ---------- UPDATE STATS -----------
2022-04-24 02:41:27,421 | MainThread   | [INFO    ] | print_prediction_stats|: ---------- PREDICTION STATS -----------
2022-04-24 02:41:27,442 | MainThread   | [INFO    ] | print_prediction_stats|: GT index         : (7, 2, 4)
2022-04-24 02:41:27,445 | MainThread   | [INFO    ] | print_prediction_stats|: Prior Bel index  : (5, 1, 16) with prob = 0.1035876
2022-04-24 02:41:27,448 | MainThread   | [INFO    ] | print_prediction_stats|: POS ERROR        : (0.485, 0.408, 486.920)
2022-04-24 02:41:27,523 | MainThread   | [INFO    ] | print_prediction_stats|: ---------- PREDICTION STATS -----------
2022-04-24 02:41:30,879 | MainThread   | [INFO    ] | print_update_stats  |: ---------- UPDATE STATS -----------
2022-04-24 02:41:30,894 | MainThread   | [INFO    ] | print_update_stats  |: GT index      : (7, 2, 4)
2022-04-24 02:41:30,896 | MainThread   | [INFO    ] | print_update_stats  |: Bel index     : (6, 2, 4) with prob = 1.0
2022-04-24 02:41:30,897 | MainThread   | [INFO    ] | print_update_stats  |: Bel_bar prob at index = 2.1710622979036213e-06
2022-04-24 02:41:30,910 | MainThread   | [INFO    ] | print_update_stats  |: GT            : (0.485, -0.507, 996.920)
2022-04-24 02:41:30,913 | MainThread   | [INFO    ] | print_update_stats  |: Belief        : (0.305, -0.610, -90.000)
2022-04-24 02:41:30,915 | MainThread   | [INFO    ] | print_update_stats  |: POS ERROR     : (0.180, 0.103, 1086.920)
2022-04-24 02:41:30,919 | MainThread   | [INFO    ] | print_update_stats  |: ---------- UPDATE STATS -----------
2022-04-24 02:41:33,027 | MainThread   | [INFO    ] | print_prediction_stats|: ---------- PREDICTION STATS -----------
2022-04-24 02:41:33,045 | MainThread   | [INFO    ] | print_prediction_stats|: GT index         : (7, 1, 4)
2022-04-24 02:41:33,047 | MainThread   | [INFO    ] | print_prediction_stats|: Prior Bel index  : (8, 2, 6) with prob = 0.0588063
2022-04-24 02:41:33,054 | MainThread   | [INFO    ] | print_prediction_stats|: POS ERROR        : (-0.382, -0.288, 1046.920)
2022-04-24 02:41:33,067 | MainThread   | [INFO    ] | print_prediction_stats|: ---------- PREDICTION STATS -----------
2022-04-24 02:41:36,722 | MainThread   | [INFO    ] | print_update_stats  |: ---------- UPDATE STATS -----------
2022-04-24 02:41:36,731 | MainThread   | [INFO    ] | print_update_stats  |: GT index      : (7, 1, 4)
2022-04-24 02:41:36,733 | MainThread   | [INFO    ] | print_update_stats  |: Bel index     : (7, 1, 4) with prob = 1.0
2022-04-24 02:41:36,735 | MainThread   | [INFO    ] | print_update_stats  |: Bel_bar prob at index = 2.714460304031246e-07
2022-04-24 02:41:36,739 | MainThread   | [INFO    ] | print_update_stats  |: GT            : (0.532, -0.897, 1356.920)
2022-04-24 02:41:36,745 | MainThread   | [INFO    ] | print_update_stats  |: Belief        : (0.610, -0.914, -90.000)
2022-04-24 02:41:36,750 | MainThread   | [INFO    ] | print_update_stats  |: POS ERROR     : (-0.077, 0.017, 1446.920)
2022-04-24 02:41:36,753 | MainThread   | [INFO    ] | print_update_stats  |: ---------- UPDATE STATS -----------
2022-04-24 02:41:40,715 | MainThread   | [INFO    ] | print_prediction_stats|: ---------- PREDICTION STATS -----------
2022-04-24 02:41:40,745 | MainThread   | [INFO    ] | print_prediction_stats|: GT index         : (8, 0, 8)
2022-04-24 02:41:40,755 | MainThread   | [INFO    ] | print_prediction_stats|: Prior Bel index  : (6, 1, 10) with prob = 0.1317350
2022-04-24 02:41:40,783 | MainThread   | [INFO    ] | print_prediction_stats|: POS ERROR        : (0.433, -0.134, 1402.358)
2022-04-24 02:41:40,787 | MainThread   | [INFO    ] | print_prediction_stats|: ---------- PREDICTION STATS -----------
2022-04-24 02:41:44,086 | MainThread   | [INFO    ] | print_update_stats  |: ---------- UPDATE STATS -----------
2022-04-24 02:41:44,117 | MainThread   | [INFO    ] | print_update_stats  |: GT index      : (8, 0, 8)
2022-04-24 02:41:44,126 | MainThread   | [INFO    ] | print_update_stats  |: Bel index     : (7, 0, 8) with prob = 1.0
2022-04-24 02:41:44,128 | MainThread   | [INFO    ] | print_update_stats  |: Bel_bar prob at index = 2.8592226878401914e-08
2022-04-24 02:41:44,133 | MainThread   | [INFO    ] | print_update_stats  |: GT            : (0.738, -1.048, 1792.358)
2022-04-24 02:41:44,138 | MainThread   | [INFO    ] | print_update_stats  |: Belief        : (0.610, -1.219, -10.000)
2022-04-24 02:41:44,158 | MainThread   | [INFO    ] | print_update_stats  |: POS ERROR     : (0.128, 0.171, 1802.358)
2022-04-24 02:41:44,175 | MainThread   | [INFO    ] | print_update_stats  |: ---------- UPDATE STATS -----------
2022-04-24 02:41:50,484 | MainThread   | [INFO    ] | print_prediction_stats|: ---------- PREDICTION STATS -----------
2022-04-24 02:41:50,508 | MainThread   | [INFO    ] | print_prediction_stats|: GT index         : (10, 0, 11)
2022-04-24 02:41:50,537 | MainThread   | [INFO    ] | print_prediction_stats|: Prior Bel index  : (6, 1, 10) with prob = 0.0742280
2022-04-24 02:41:50,562 | MainThread   | [INFO    ] | print_prediction_stats|: POS ERROR        : (1.126, -0.098, 1811.411)
2022-04-24 02:41:50,576 | MainThread   | [INFO    ] | print_prediction_stats|: ---------- PREDICTION STATS -----------
2022-04-24 02:41:54,105 | MainThread   | [INFO    ] | print_update_stats  |: ---------- UPDATE STATS -----------
2022-04-24 02:41:54,122 | MainThread   | [INFO    ] | print_update_stats  |: GT index      : (10, 0, 11)
2022-04-24 02:41:54,124 | MainThread   | [INFO    ] | print_update_stats  |: Bel index     : (10, 1, 11) with prob = 1.0
2022-04-24 02:41:54,138 | MainThread   | [INFO    ] | print_update_stats  |: Bel_bar prob at index = 1.8614421934367732e-07
2022-04-24 02:41:54,146 | MainThread   | [INFO    ] | print_update_stats  |: GT            : (1.430, -1.012, 2201.411)
2022-04-24 02:41:54,152 | MainThread   | [INFO    ] | print_update_stats  |: Belief        : (1.524, -0.914, 50.000)
2022-04-24 02:41:54,160 | MainThread   | [INFO    ] | print_update_stats  |: POS ERROR     : (-0.094, -0.098, 2151.411)
2022-04-24 02:41:54,164 | MainThread   | [INFO    ] | print_update_stats  |: ---------- UPDATE STATS -----------
2022-04-24 02:41:57,060 | MainThread   | [INFO    ] | print_prediction_stats|: ---------- PREDICTION STATS -----------
2022-04-24 02:41:57,088 | MainThread   | [INFO    ] | print_prediction_stats|: GT index         : (11, 1, 12)
2022-04-24 02:41:57,091 | MainThread   | [INFO    ] | print_prediction_stats|: Prior Bel index  : (9, 0, 9) with prob = 0.1779298
2022-04-24 02:41:57,093 | MainThread   | [INFO    ] | print_prediction_stats|: POS ERROR        : (0.342, 0.578, 2220.542)
2022-04-24 02:41:57,097 | MainThread   | [INFO    ] | print_prediction_stats|: ---------- PREDICTION STATS -----------
2022-04-24 02:42:00,686 | MainThread   | [INFO    ] | print_update_stats  |: ---------- UPDATE STATS -----------
2022-04-24 02:42:00,699 | MainThread   | [INFO    ] | print_update_stats  |: GT index      : (11, 1, 12)
2022-04-24 02:42:00,704 | MainThread   | [INFO    ] | print_update_stats  |: Bel index     : (10, 2, 12) with prob = 1.0
2022-04-24 02:42:00,705 | MainThread   | [INFO    ] | print_update_stats  |: Bel_bar prob at index = 5.608833398376108e-06
2022-04-24 02:42:00,726 | MainThread   | [INFO    ] | print_update_stats  |: GT            : (1.561, -0.642, 2590.542)
2022-04-24 02:42:00,768 | MainThread   | [INFO    ] | print_update_stats  |: Belief        : (1.524, -0.610, 70.000)
2022-04-24 02:42:00,776 | MainThread   | [INFO    ] | print_update_stats  |: POS ERROR     : (0.037, -0.032, 2520.542)
2022-04-24 02:42:00,798 | MainThread   | [INFO    ] | print_update_stats  |: ---------- UPDATE STATS -----------
2022-04-24 02:42:03,864 | MainThread   | [INFO    ] | print_prediction_stats|: ---------- PREDICTION STATS -----------
2022-04-24 02:42:03,874 | MainThread   | [INFO    ] | print_prediction_stats|: GT index         : (11, 2, 12)
2022-04-24 02:42:03,876 | MainThread   | [INFO    ] | print_prediction_stats|: Prior Bel index  : (8, 2, 14) with prob = 0.0716721
2022-04-24 02:42:03,879 | MainThread   | [INFO    ] | print_prediction_stats|: POS ERROR        : (0.751, 0.262, 2485.700)
2022-04-24 02:42:03,881 | MainThread   | [INFO    ] | print_prediction_stats|: ---------- PREDICTION STATS -----------
2022-04-24 02:42:07,304 | MainThread   | [INFO    ] | print_update_stats  |: ---------- UPDATE STATS -----------
2022-04-24 02:42:07,316 | MainThread   | [INFO    ] | print_update_stats  |: GT index      : (11, 2, 12)
2022-04-24 02:42:07,322 | MainThread   | [INFO    ] | print_update_stats  |: Bel index     : (11, 3, 13) with prob = 1.0
2022-04-24 02:42:07,329 | MainThread   | [INFO    ] | print_update_stats  |: Bel_bar prob at index = 3.4147711747655835e-10
2022-04-24 02:42:07,346 | MainThread   | [INFO    ] | print_update_stats  |: GT            : (1.665, -0.347, 2955.700)
2022-04-24 02:42:07,368 | MainThread   | [INFO    ] | print_update_stats  |: Belief        : (1.829, -0.305, 90.000)
2022-04-24 02:42:07,384 | MainThread   | [INFO    ] | print_update_stats  |: POS ERROR     : (-0.164, -0.043, 2865.700)
2022-04-24 02:42:07,386 | MainThread   | [INFO    ] | print_update_stats  |: ---------- UPDATE STATS -----------
2022-04-24 02:42:11,465 | MainThread   | [INFO    ] | print_prediction_stats|: ---------- PREDICTION STATS -----------
2022-04-24 02:42:11,478 | MainThread   | [INFO    ] | print_prediction_stats|: GT index         : (11, 4, 13)
2022-04-24 02:42:11,480 | MainThread   | [INFO    ] | print_prediction_stats|: Prior Bel index  : (10, 2, 2) with prob = 0.1036396
2022-04-24 02:42:11,484 | MainThread   | [INFO    ] | print_prediction_stats|: POS ERROR        : (0.215, 0.748, 3108.623)
2022-04-24 02:42:11,490 | MainThread   | [INFO    ] | print_prediction_stats|: ---------- PREDICTION STATS -----------
2022-04-24 02:42:15,108 | MainThread   | [INFO    ] | print_update_stats  |: ---------- UPDATE STATS -----------
2022-04-24 02:42:15,123 | MainThread   | [INFO    ] | print_update_stats  |: GT index      : (11, 4, 13)
2022-04-24 02:42:15,132 | MainThread   | [INFO    ] | print_update_stats  |: Bel index     : (11, 4, 13) with prob = 0.9999999
2022-04-24 02:42:15,137 | MainThread   | [INFO    ] | print_update_stats  |: Bel_bar prob at index = 3.7356375996845704e-11
2022-04-24 02:42:15,139 | MainThread   | [INFO    ] | print_update_stats  |: GT            : (1.739, 0.139, 3338.623)
2022-04-24 02:42:15,142 | MainThread   | [INFO    ] | print_update_stats  |: Belief        : (1.829, 0.000, 90.000)
2022-04-24 02:42:15,143 | MainThread   | [INFO    ] | print_update_stats  |: POS ERROR     : (-0.090, 0.139, 3248.623)
2022-04-24 02:42:15,147 | MainThread   | [INFO    ] | print_update_stats  |: ---------- UPDATE STATS -----------
2022-04-24 02:42:19,248 | MainThread   | [INFO    ] | print_prediction_stats|: ---------- PREDICTION STATS -----------
2022-04-24 02:42:19,255 | MainThread   | [INFO    ] | print_prediction_stats|: GT index         : (11, 5, 15)
2022-04-24 02:42:19,257 | MainThread   | [INFO    ] | print_prediction_stats|: Prior Bel index  : (11, 5, 1) with prob = 0.0712713
2022-04-24 02:42:19,258 | MainThread   | [INFO    ] | print_prediction_stats|: POS ERROR        : (-0.040, 0.155, 3527.484)
2022-04-24 02:42:19,270 | MainThread   | [INFO    ] | print_prediction_stats|: ---------- PREDICTION STATS -----------
2022-04-24 02:42:23,444 | MainThread   | [INFO    ] | print_update_stats  |: ---------- UPDATE STATS -----------
2022-04-24 02:42:23,468 | MainThread   | [INFO    ] | print_update_stats  |: GT index      : (11, 5, 15)
2022-04-24 02:42:23,475 | MainThread   | [INFO    ] | print_update_stats  |: Bel index     : (6, 1, 8) with prob = 0.9999536
2022-04-24 02:42:23,524 | MainThread   | [INFO    ] | print_update_stats  |: Bel_bar prob at index = 0.0002055760630516218
2022-04-24 02:42:23,525 | MainThread   | [INFO    ] | print_update_stats  |: GT            : (1.788, 0.459, 3737.484)
2022-04-24 02:42:23,557 | MainThread   | [INFO    ] | print_update_stats  |: Belief        : (0.305, -0.914, -10.000)
2022-04-24 02:42:23,558 | MainThread   | [INFO    ] | print_update_stats  |: POS ERROR     : (1.484, 1.374, 3747.484)
2022-04-24 02:42:23,577 | MainThread   | [INFO    ] | print_update_stats  |: ---------- UPDATE STATS -----------
2022-04-24 02:42:25,930 | MainThread   | [INFO    ] | print_prediction_stats|: ---------- PREDICTION STATS -----------
2022-04-24 02:42:26,094 | MainThread   | [INFO    ] | print_prediction_stats|: GT index         : (10, 6, 16)
2022-04-24 02:42:26,101 | MainThread   | [INFO    ] | print_prediction_stats|: Prior Bel index  : (7, 2, 5) with prob = 0.0782951
2022-04-24 02:42:26,114 | MainThread   | [INFO    ] | print_prediction_stats|: POS ERROR        : (0.872, 1.351, 3817.036)
2022-04-24 02:42:26,129 | MainThread   | [INFO    ] | print_prediction_stats|: ---------- PREDICTION STATS -----------
2022-04-24 02:42:30,816 | MainThread   | [INFO    ] | print_update_stats  |: ---------- UPDATE STATS -----------
2022-04-24 02:42:30,825 | MainThread   | [INFO    ] | print_update_stats  |: GT index      : (10, 6, 16)
2022-04-24 02:42:30,830 | MainThread   | [INFO    ] | print_update_stats  |: Bel index     : (10, 6, 16) with prob = 1.0
2022-04-24 02:42:30,842 | MainThread   | [INFO    ] | print_update_stats  |: Bel_bar prob at index = 0.0004372945685680653
2022-04-24 02:42:30,866 | MainThread   | [INFO    ] | print_update_stats  |: GT            : (1.481, 0.741, 4107.036)
2022-04-24 02:42:30,874 | MainThread   | [INFO    ] | print_update_stats  |: Belief        : (1.524, 0.610, 150.000)
2022-04-24 02:42:30,889 | MainThread   | [INFO    ] | print_update_stats  |: POS ERROR     : (-0.043, 0.131, 3957.036)
2022-04-24 02:42:30,897 | MainThread   | [INFO    ] | print_update_stats  |: ---------- UPDATE STATS -----------
2022-04-24 02:42:35,738 | MainThread   | [INFO    ] | print_prediction_stats|: ---------- PREDICTION STATS -----------
2022-04-24 02:42:35,759 | MainThread   | [INFO    ] | print_prediction_stats|: GT index         : (8, 6, 2)
2022-04-24 02:42:35,781 | MainThread   | [INFO    ] | print_prediction_stats|: Prior Bel index  : (9, 8, 11) with prob = 0.2576668
2022-04-24 02:42:35,808 | MainThread   | [INFO    ] | print_prediction_stats|: POS ERROR        : (-0.373, -0.366, 4130.360)
2022-04-24 02:42:35,835 | MainThread   | [INFO    ] | print_prediction_stats|: ---------- PREDICTION STATS -----------
2022-04-24 02:42:39,852 | MainThread   | [INFO    ] | print_update_stats  |: ---------- UPDATE STATS -----------
2022-04-24 02:42:39,864 | MainThread   | [INFO    ] | print_update_stats  |: GT index      : (8, 6, 2)
2022-04-24 02:42:39,866 | MainThread   | [INFO    ] | print_update_stats  |: Bel index     : (8, 7, 2) with prob = 1.0
2022-04-24 02:42:39,868 | MainThread   | [INFO    ] | print_update_stats  |: Bel_bar prob at index = 4.3843733225522324e-05
2022-04-24 02:42:39,880 | MainThread   | [INFO    ] | print_update_stats  |: GT            : (0.846, 0.854, 4540.360)
2022-04-24 02:42:39,894 | MainThread   | [INFO    ] | print_update_stats  |: Belief        : (0.914, 0.914, -130.000)
2022-04-24 02:42:39,928 | MainThread   | [INFO    ] | print_update_stats  |: POS ERROR     : (-0.068, -0.061, 4670.360)
2022-04-24 02:42:39,951 | MainThread   | [INFO    ] | print_update_stats  |: ---------- UPDATE STATS -----------
2022-04-24 02:42:43,529 | MainThread   | [INFO    ] | print_prediction_stats|: ---------- PREDICTION STATS -----------
2022-04-24 02:42:43,540 | MainThread   | [INFO    ] | print_prediction_stats|: GT index         : (7, 5, 3)
2022-04-24 02:42:43,548 | MainThread   | [INFO    ] | print_prediction_stats|: Prior Bel index  : (8, 5, 8) with prob = 0.1215863
2022-04-24 02:42:43,564 | MainThread   | [INFO    ] | print_prediction_stats|: POS ERROR        : (-0.563, 0.128, 4587.802)
2022-04-24 02:42:43,609 | MainThread   | [INFO    ] | print_prediction_stats|: ---------- PREDICTION STATS -----------
2022-04-24 02:42:47,177 | MainThread   | [INFO    ] | print_update_stats  |: ---------- UPDATE STATS -----------
2022-04-24 02:42:47,205 | MainThread   | [INFO    ] | print_update_stats  |: GT index      : (7, 5, 3)
2022-04-24 02:42:47,244 | MainThread   | [INFO    ] | print_update_stats  |: Bel index     : (5, 5, 4) with prob = 1.0
2022-04-24 02:42:47,281 | MainThread   | [INFO    ] | print_update_stats  |: Bel_bar prob at index = 4.666556226529536e-09
2022-04-24 02:42:47,291 | MainThread   | [INFO    ] | print_update_stats  |: GT            : (0.351, 0.433, 4937.802)
2022-04-24 02:42:47,310 | MainThread   | [INFO    ] | print_update_stats  |: Belief        : (0.000, 0.305, -90.000)
2022-04-24 02:42:47,313 | MainThread   | [INFO    ] | print_update_stats  |: POS ERROR     : (0.351, 0.128, 5027.802)
2022-04-24 02:42:47,392 | MainThread   | [INFO    ] | print_update_stats  |: ---------- UPDATE STATS -----------
2022-04-24 02:42:50,596 | MainThread   | [INFO    ] | print_prediction_stats|: ---------- PREDICTION STATS -----------
2022-04-24 02:42:50,603 | MainThread   | [INFO    ] | print_prediction_stats|: GT index         : (5, 5, 0)
2022-04-24 02:42:50,658 | MainThread   | [INFO    ] | print_prediction_stats|: Prior Bel index  : (4, 7, 9) with prob = 0.1030266
2022-04-24 02:42:50,659 | MainThread   | [INFO    ] | print_prediction_stats|: POS ERROR        : (0.259, -0.529, 4856.767)
2022-04-24 02:42:50,710 | MainThread   | [INFO    ] | print_prediction_stats|: ---------- PREDICTION STATS -----------
2022-04-24 02:42:54,056 | MainThread   | [INFO    ] | print_update_stats  |: ---------- UPDATE STATS -----------
2022-04-24 02:42:54,077 | MainThread   | [INFO    ] | print_update_stats  |: GT index      : (5, 5, 0)
2022-04-24 02:42:54,080 | MainThread   | [INFO    ] | print_update_stats  |: Bel index     : (5, 5, 0) with prob = 0.9999694
2022-04-24 02:42:54,117 | MainThread   | [INFO    ] | print_update_stats  |: Bel_bar prob at index = 2.405210736026638e-11
2022-04-24 02:42:54,139 | MainThread   | [INFO    ] | print_update_stats  |: GT            : (-0.046, 0.386, 5226.767)
2022-04-24 02:42:54,170 | MainThread   | [INFO    ] | print_update_stats  |: Belief        : (0.000, 0.305, -170.000)
2022-04-24 02:42:54,172 | MainThread   | [INFO    ] | print_update_stats  |: POS ERROR     : (-0.046, 0.081, 5396.767)
2022-04-24 02:42:54,207 | MainThread   | [INFO    ] | print_update_stats  |: ---------- UPDATE STATS -----------
2022-04-24 02:42:58,913 | MainThread   | [INFO    ] | print_prediction_stats|: ---------- PREDICTION STATS -----------
2022-04-24 02:42:58,926 | MainThread   | [INFO    ] | print_prediction_stats|: GT index         : (4, 5, 17)
2022-04-24 02:42:58,930 | MainThread   | [INFO    ] | print_prediction_stats|: Prior Bel index  : (6, 6, 4) with prob = 0.1168103
2022-04-24 02:42:58,934 | MainThread   | [INFO    ] | print_prediction_stats|: POS ERROR        : (-0.720, -0.069, 5292.985)
2022-04-24 02:42:58,941 | MainThread   | [INFO    ] | print_prediction_stats|: ---------- PREDICTION STATS -----------
2022-04-24 02:43:02,319 | MainThread   | [INFO    ] | print_update_stats  |: ---------- UPDATE STATS -----------
2022-04-24 02:43:02,338 | MainThread   | [INFO    ] | print_update_stats  |: GT index      : (4, 5, 17)
2022-04-24 02:43:02,360 | MainThread   | [INFO    ] | print_update_stats  |: Bel index     : (3, 5, 17) with prob = 0.9999999
2022-04-24 02:43:02,389 | MainThread   | [INFO    ] | print_update_stats  |: Bel_bar prob at index = 1.377216876459428e-15
2022-04-24 02:43:02,396 | MainThread   | [INFO    ] | print_update_stats  |: GT            : (-0.415, 0.541, 5562.985)
2022-04-24 02:43:02,399 | MainThread   | [INFO    ] | print_update_stats  |: Belief        : (-0.610, 0.305, 170.000)
2022-04-24 02:43:02,403 | MainThread   | [INFO    ] | print_update_stats  |: POS ERROR     : (0.195, 0.236, 5392.985)
2022-04-24 02:43:02,405 | MainThread   | [INFO    ] | print_update_stats  |: ---------- UPDATE STATS -----------
2022-04-24 02:43:07,366 | MainThread   | [INFO    ] | print_prediction_stats|: ---------- PREDICTION STATS -----------
2022-04-24 02:43:07,377 | MainThread   | [INFO    ] | print_prediction_stats|: GT index         : (3, 6, 15)
2022-04-24 02:43:07,386 | MainThread   | [INFO    ] | print_prediction_stats|: Prior Bel index  : (5, 4, 7) with prob = 0.0914059
2022-04-24 02:43:07,391 | MainThread   | [INFO    ] | print_prediction_stats|: POS ERROR        : (-0.621, 0.817, 5558.674)
2022-04-24 02:43:07,399 | MainThread   | [INFO    ] | print_prediction_stats|: ---------- PREDICTION STATS -----------
2022-04-24 02:43:13,015 | MainThread   | [INFO    ] | print_update_stats  |: ---------- UPDATE STATS -----------
2022-04-24 02:43:13,145 | MainThread   | [INFO    ] | print_update_stats  |: GT index      : (5, 6, 15)
2022-04-24 02:43:13,146 | MainThread   | [INFO    ] | print_update_stats  |: Bel index     : (3, 7, 15) with prob = 1.0
2022-04-24 02:43:13,148 | MainThread   | [INFO    ] | print_update_stats  |: Bel_bar prob at index = 5.939127818691971e-07
2022-04-24 02:43:13,165 | MainThread   | [INFO    ] | print_update_stats  |: GT            : (-0.270, 0.903, 5888.674)
2022-04-24 02:43:13,175 | MainThread   | [INFO    ] | print_update_stats  |: Belief        : (-0.610, 0.914, 130.000)
2022-04-24 02:43:13,181 | MainThread   | [INFO    ] | print_update_stats  |: POS ERROR     : (0.339, -0.011, 5758.674)
2022-04-24 02:43:13,194 | MainThread   | [INFO    ] | print_update_stats  |: ---------- UPDATE STATS -----------
