2022-04-16 00:49:16,656 | MainThread   | [DEBUG   ] | run                 |: Starting Flatland
2022-04-16 00:49:18,020 | MainThread   | [DEBUG   ] | __init__            |: | Observations per loop: 18
2022-04-16 00:51:41,503 | MainThread   | [DEBUG   ] | signal_handler      |: Received SIGTERM
2022-04-16 00:51:41,503 | MainThread   | [DEBUG   ] | run                 |: Exiting gracefully
2022-04-16 00:51:43,362 | MainThread   | [DEBUG   ] | run                 |: Starting Flatland
2022-04-16 00:51:44,231 | MainThread   | [DEBUG   ] | __init__            |: | Observations per loop: 18
2022-04-16 00:52:07,898 | MainThread   | [DEBUG   ] | run                 |: Exiting gracefully
2022-04-16 00:52:17,042 | MainThread   | [DEBUG   ] | run                 |: Starting Flatland
2022-04-16 00:52:18,059 | MainThread   | [DEBUG   ] | __init__            |: | Observations per loop: 18
2022-04-16 00:56:04,339 | MainThread   | [DEBUG   ] | run                 |: Exiting gracefully
2022-04-17 01:04:26,836 | MainThread   | [DEBUG   ] | run                 |: Starting Flatland
2022-04-17 01:04:27,722 | MainThread   | [DEBUG   ] | __init__            |: | Observations per loop: 18
2022-04-17 01:41:22,886 | MainThread   | [DEBUG   ] | signal_handler      |: Received SIGTERM
2022-04-17 01:41:22,888 | MainThread   | [DEBUG   ] | run                 |: Exiting gracefully
2022-04-17 01:41:24,467 | MainThread   | [DEBUG   ] | run                 |: Starting Flatland
2022-04-17 01:41:25,416 | MainThread   | [DEBUG   ] | __init__            |: | Observations per loop: 18
2022-04-17 02:10:22,336 | MainThread   | [DEBUG   ] | signal_handler      |: Received SIGTERM
2022-04-17 02:10:22,337 | MainThread   | [DEBUG   ] | run                 |: Exiting gracefully
2022-04-18 00:42:16,964 | MainThread   | [DEBUG   ] | run                 |: Starting Flatland
2022-04-18 00:42:17,933 | MainThread   | [DEBUG   ] | __init__            |: | Observations per loop: 18
2022-04-18 00:48:04,407 | MainThread   | [DEBUG   ] | run                 |: Exiting gracefully
2022-04-18 19:42:34,465 | MainThread   | [DEBUG   ] | run                 |: Starting Flatland
2022-04-18 19:42:35,447 | MainThread   | [DEBUG   ] | __init__            |: | Observations per loop: 18
2022-04-18 19:43:34,140 | MainThread   | [DEBUG   ] | run                 |: Exiting gracefully
2022-04-19 00:50:37,521 | MainThread   | [DEBUG   ] | run                 |: Starting Flatland
2022-04-19 00:50:38,428 | MainThread   | [DEBUG   ] | __init__            |: | Observations per loop: 18
2022-04-19 01:09:35,463 | MainThread   | [DEBUG   ] | signal_handler      |: Received SIGTERM
2022-04-19 01:09:35,469 | MainThread   | [DEBUG   ] | run                 |: Exiting gracefully
2022-04-22 03:40:28,909 | MainThread   | [DEBUG   ] | run                 |: Starting Flatland
2022-04-22 03:40:29,917 | MainThread   | [DEBUG   ] | signal_handler      |: Received SIGTERM
2022-04-22 03:40:29,934 | MainThread   | [DEBUG   ] | __init__            |: | Observations per loop: 18
2022-04-22 03:40:29,934 | MainThread   | [DEBUG   ] | run                 |: Exiting gracefully
2022-04-22 03:40:48,960 | MainThread   | [DEBUG   ] | run                 |: Starting Flatland
2022-04-22 03:40:49,797 | MainThread   | [DEBUG   ] | __init__            |: | Observations per loop: 18
2022-04-22 03:53:33,062 | MainThread   | [DEBUG   ] | run                 |: Exiting gracefully
2022-04-23 02:07:34,196 | MainThread   | [DEBUG   ] | run                 |: Starting Flatland
2022-04-23 02:07:35,247 | MainThread   | [DEBUG   ] | __init__            |: | Observations per loop: 18
2022-04-23 02:09:13,231 | MainThread   | [DEBUG   ] | _create_generator   |: | Executing Observation Loop at 120.000 deg/s
2022-04-23 02:09:16,575 | MainThread   | [DEBUG   ] | step                |: | Angle diff after obs loop :341.998 deg
2022-04-23 02:23:55,209 | MainThread   | [DEBUG   ] | run                 |: Exiting gracefully
2022-04-23 12:57:13,091 | MainThread   | [DEBUG   ] | run                 |: Starting Flatland
2022-04-23 12:57:14,161 | MainThread   | [DEBUG   ] | __init__            |: | Observations per loop: 18
2022-04-23 12:58:15,488 | MainThread   | [DEBUG   ] | signal_handler      |: Received SIGTERM
2022-04-23 12:58:15,489 | MainThread   | [DEBUG   ] | run                 |: Exiting gracefully
2022-04-23 12:58:15,605 | MainThread   | [DEBUG   ] | signal_handler      |: Received SIGTERM
2022-04-23 12:58:20,237 | MainThread   | [DEBUG   ] | run                 |: Starting Flatland
2022-04-23 12:58:20,925 | MainThread   | [DEBUG   ] | __init__            |: | Observations per loop: 18
2022-04-23 12:58:21,278 | MainThread   | [DEBUG   ] | signal_handler      |: Received SIGTERM
2022-04-23 12:58:21,278 | MainThread   | [DEBUG   ] | run                 |: Exiting gracefully
2022-04-23 12:58:31,802 | MainThread   | [DEBUG   ] | run                 |: Starting Flatland
2022-04-23 12:58:32,681 | MainThread   | [DEBUG   ] | __init__            |: | Observations per loop: 18
2022-04-23 12:58:55,706 | MainThread   | [DEBUG   ] | run                 |: Exiting gracefully
2022-04-23 16:59:54,926 | MainThread   | [DEBUG   ] | run                 |: Starting Flatland
2022-04-23 16:59:56,102 | MainThread   | [DEBUG   ] | __init__            |: | Observations per loop: 18
2022-04-23 17:01:00,746 | MainThread   | [DEBUG   ] | signal_handler      |: Received SIGTERM
2022-04-23 17:01:00,747 | MainThread   | [DEBUG   ] | run                 |: Exiting gracefully
2022-04-23 17:01:00,871 | MainThread   | [DEBUG   ] | signal_handler      |: Received SIGTERM
2022-04-23 19:06:43,462 | MainThread   | [DEBUG   ] | run                 |: Starting Flatland
2022-04-23 19:06:44,541 | MainThread   | [DEBUG   ] | __init__            |: | Observations per loop: 18
2022-04-23 19:08:06,953 | MainThread   | [DEBUG   ] | _create_generator   |: | Executing Observation Loop at 120.000 deg/s
2022-04-23 19:08:09,792 | MainThread   | [DEBUG   ] | step                |: | Angle diff after obs loop :341.998 deg
2022-04-23 19:08:45,054 | MainThread   | [DEBUG   ] | _create_generator   |: | Executing Observation Loop at 120.000 deg/s
2022-04-23 19:08:47,920 | MainThread   | [DEBUG   ] | step                |: | Angle diff after obs loop :342.000 deg
2022-04-23 19:22:38,859 | MainThread   | [DEBUG   ] | _create_generator   |: | Executing Observation Loop at 120.000 deg/s
2022-04-23 19:22:41,657 | MainThread   | [DEBUG   ] | step                |: | Angle diff after obs loop :342.000 deg
2022-04-23 19:23:24,384 | MainThread   | [DEBUG   ] | _create_generator   |: | Executing Observation Loop at 120.000 deg/s
2022-04-23 19:23:27,404 | MainThread   | [DEBUG   ] | step                |: | Angle diff after obs loop :342.000 deg
2022-04-23 19:25:19,092 | MainThread   | [DEBUG   ] | _create_generator   |: | Executing Observation Loop at 120.000 deg/s
2022-04-23 19:25:21,928 | MainThread   | [DEBUG   ] | step                |: | Angle diff after obs loop :342.000 deg
2022-04-23 19:25:55,362 | MainThread   | [DEBUG   ] | _create_generator   |: | Executing Observation Loop at 120.000 deg/s
2022-04-23 19:25:58,227 | MainThread   | [DEBUG   ] | step                |: | Angle diff after obs loop :342.000 deg
2022-04-23 19:27:21,496 | MainThread   | [DEBUG   ] | _create_generator   |: | Executing Observation Loop at 120.000 deg/s
2022-04-23 19:27:24,346 | MainThread   | [DEBUG   ] | step                |: | Angle diff after obs loop :342.000 deg
2022-04-23 19:27:32,646 | MainThread   | [DEBUG   ] | _create_generator   |: | Executing Observation Loop at 120.000 deg/s
2022-04-23 19:27:35,495 | MainThread   | [DEBUG   ] | step                |: | Angle diff after obs loop :342.000 deg
2022-04-23 19:27:41,694 | MainThread   | [DEBUG   ] | _create_generator   |: | Executing Observation Loop at 120.000 deg/s
2022-04-23 19:27:44,544 | MainThread   | [DEBUG   ] | step                |: | Angle diff after obs loop :341.998 deg
2022-04-23 19:27:49,830 | MainThread   | [DEBUG   ] | _create_generator   |: | Executing Observation Loop at 120.000 deg/s
2022-04-23 19:27:52,645 | MainThread   | [DEBUG   ] | step                |: | Angle diff after obs loop :341.998 deg
2022-04-23 19:27:57,708 | MainThread   | [DEBUG   ] | _create_generator   |: | Executing Observation Loop at 120.000 deg/s
2022-04-23 19:28:00,508 | MainThread   | [DEBUG   ] | step                |: | Angle diff after obs loop :341.998 deg
2022-04-23 19:28:07,658 | MainThread   | [DEBUG   ] | _create_generator   |: | Executing Observation Loop at 120.000 deg/s
2022-04-23 19:28:10,508 | MainThread   | [DEBUG   ] | step                |: | Angle diff after obs loop :341.998 deg
2022-04-23 19:28:21,152 | MainThread   | [DEBUG   ] | _create_generator   |: | Executing Observation Loop at 120.000 deg/s
2022-04-23 19:28:23,973 | MainThread   | [DEBUG   ] | step                |: | Angle diff after obs loop :340.017 deg
2022-04-23 19:28:30,128 | MainThread   | [DEBUG   ] | _create_generator   |: | Executing Observation Loop at 120.000 deg/s
2022-04-23 19:28:32,910 | MainThread   | [DEBUG   ] | step                |: | Angle diff after obs loop :340.017 deg
2022-04-23 19:28:38,893 | MainThread   | [DEBUG   ] | _create_generator   |: | Executing Observation Loop at 120.000 deg/s
2022-04-23 19:28:41,657 | MainThread   | [DEBUG   ] | step                |: | Angle diff after obs loop :340.017 deg
2022-04-23 19:28:49,281 | MainThread   | [DEBUG   ] | _create_generator   |: | Executing Observation Loop at 120.000 deg/s
2022-04-23 19:28:52,062 | MainThread   | [DEBUG   ] | step                |: | Angle diff after obs loop :340.017 deg
2022-04-23 19:28:59,663 | MainThread   | [DEBUG   ] | _create_generator   |: | Executing Observation Loop at 120.000 deg/s
2022-04-23 19:29:02,436 | MainThread   | [DEBUG   ] | step                |: | Angle diff after obs loop :340.010 deg
2022-04-23 19:29:08,511 | MainThread   | [DEBUG   ] | _create_generator   |: | Executing Observation Loop at 120.000 deg/s
2022-04-23 19:29:12,799 | MainThread   | [DEBUG   ] | step                |: | Angle diff after obs loop :341.979 deg
2022-04-23 19:29:19,870 | MainThread   | [DEBUG   ] | _create_generator   |: | Executing Observation Loop at 120.000 deg/s
2022-04-23 19:29:22,668 | MainThread   | [DEBUG   ] | step                |: | Angle diff after obs loop :341.979 deg
2022-04-23 19:29:28,627 | MainThread   | [DEBUG   ] | _create_generator   |: | Executing Observation Loop at 120.000 deg/s
2022-04-23 19:29:31,431 | MainThread   | [DEBUG   ] | step                |: | Angle diff after obs loop :341.979 deg
2022-04-23 19:29:37,487 | MainThread   | [DEBUG   ] | _create_generator   |: | Executing Observation Loop at 120.000 deg/s
2022-04-23 19:29:40,319 | MainThread   | [DEBUG   ] | step                |: | Angle diff after obs loop :341.979 deg
2022-04-23 19:29:47,504 | MainThread   | [DEBUG   ] | _create_generator   |: | Executing Observation Loop at 120.000 deg/s
2022-04-23 19:29:50,284 | MainThread   | [DEBUG   ] | step                |: | Angle diff after obs loop :341.979 deg
2022-04-23 19:29:57,786 | MainThread   | [DEBUG   ] | _create_generator   |: | Executing Observation Loop at 120.000 deg/s
2022-04-23 19:30:00,568 | MainThread   | [DEBUG   ] | step                |: | Angle diff after obs loop :341.979 deg
2022-04-23 19:42:09,248 | MainThread   | [DEBUG   ] | _create_generator   |: | Executing Observation Loop at 120.000 deg/s
2022-04-23 19:42:12,049 | MainThread   | [DEBUG   ] | step                |: | Angle diff after obs loop :342.000 deg
2022-04-23 19:42:16,070 | MainThread   | [DEBUG   ] | _create_generator   |: | Executing Observation Loop at 120.000 deg/s
2022-04-23 19:42:18,931 | MainThread   | [DEBUG   ] | step                |: | Angle diff after obs loop :342.000 deg
2022-04-23 19:42:21,884 | MainThread   | [DEBUG   ] | _create_generator   |: | Executing Observation Loop at 120.000 deg/s
2022-04-23 19:42:24,737 | MainThread   | [DEBUG   ] | step                |: | Angle diff after obs loop :341.998 deg
2022-04-23 19:42:27,112 | MainThread   | [DEBUG   ] | _create_generator   |: | Executing Observation Loop at 120.000 deg/s
2022-04-23 19:42:29,961 | MainThread   | [DEBUG   ] | step                |: | Angle diff after obs loop :341.998 deg
2022-04-23 19:42:32,514 | MainThread   | [DEBUG   ] | _create_generator   |: | Executing Observation Loop at 120.000 deg/s
2022-04-23 19:42:35,350 | MainThread   | [DEBUG   ] | step                |: | Angle diff after obs loop :341.998 deg
2022-04-23 19:42:40,184 | MainThread   | [DEBUG   ] | _create_generator   |: | Executing Observation Loop at 120.000 deg/s
2022-04-23 19:42:43,249 | MainThread   | [DEBUG   ] | step                |: | Angle diff after obs loop :341.998 deg
2022-04-23 19:42:58,806 | MainThread   | [DEBUG   ] | _create_generator   |: | Executing Observation Loop at 120.000 deg/s
2022-04-23 19:43:01,641 | MainThread   | [DEBUG   ] | step                |: | Angle diff after obs loop :342.000 deg
2022-04-23 19:43:06,050 | MainThread   | [DEBUG   ] | _create_generator   |: | Executing Observation Loop at 120.000 deg/s
2022-04-23 19:43:08,874 | MainThread   | [DEBUG   ] | step                |: | Angle diff after obs loop :342.000 deg
2022-04-23 19:43:12,072 | MainThread   | [DEBUG   ] | _create_generator   |: | Executing Observation Loop at 120.000 deg/s
2022-04-23 19:43:14,906 | MainThread   | [DEBUG   ] | step                |: | Angle diff after obs loop :341.998 deg
2022-04-23 19:43:17,362 | MainThread   | [DEBUG   ] | _create_generator   |: | Executing Observation Loop at 120.000 deg/s
2022-04-23 19:43:20,206 | MainThread   | [DEBUG   ] | step                |: | Angle diff after obs loop :341.998 deg
2022-04-23 19:43:22,216 | MainThread   | [DEBUG   ] | _create_generator   |: | Executing Observation Loop at 120.000 deg/s
2022-04-23 19:43:25,221 | MainThread   | [DEBUG   ] | step                |: | Angle diff after obs loop :342.000 deg
2022-04-23 19:44:19,666 | MainThread   | [DEBUG   ] | _create_generator   |: | Executing Observation Loop at 120.000 deg/s
2022-04-23 19:44:22,516 | MainThread   | [DEBUG   ] | step                |: | Angle diff after obs loop :342.000 deg
2022-04-23 19:44:25,483 | MainThread   | [DEBUG   ] | _create_generator   |: | Executing Observation Loop at 120.000 deg/s
2022-04-23 19:44:28,277 | MainThread   | [DEBUG   ] | step                |: | Angle diff after obs loop :341.998 deg
2022-04-23 19:44:30,244 | MainThread   | [DEBUG   ] | _create_generator   |: | Executing Observation Loop at 120.000 deg/s
2022-04-23 19:44:33,048 | MainThread   | [DEBUG   ] | step                |: | Angle diff after obs loop :341.998 deg
2022-04-23 19:44:35,534 | MainThread   | [DEBUG   ] | _create_generator   |: | Executing Observation Loop at 120.000 deg/s
2022-04-23 19:44:38,381 | MainThread   | [DEBUG   ] | step                |: | Angle diff after obs loop :341.998 deg
2022-04-23 19:44:42,682 | MainThread   | [DEBUG   ] | _create_generator   |: | Executing Observation Loop at 120.000 deg/s
2022-04-23 19:44:45,535 | MainThread   | [DEBUG   ] | step                |: | Angle diff after obs loop :341.998 deg
2022-04-23 19:44:52,115 | MainThread   | [DEBUG   ] | _create_generator   |: | Executing Observation Loop at 120.000 deg/s
2022-04-23 19:44:54,933 | MainThread   | [DEBUG   ] | step                |: | Angle diff after obs loop :340.017 deg
2022-04-23 19:44:57,778 | MainThread   | [DEBUG   ] | _create_generator   |: | Executing Observation Loop at 120.000 deg/s
2022-04-23 19:45:00,624 | MainThread   | [DEBUG   ] | step                |: | Angle diff after obs loop :340.017 deg
2022-04-23 19:45:03,611 | MainThread   | [DEBUG   ] | _create_generator   |: | Executing Observation Loop at 120.000 deg/s
2022-04-23 19:45:06,444 | MainThread   | [DEBUG   ] | step                |: | Angle diff after obs loop :340.017 deg
2022-04-23 19:45:10,781 | MainThread   | [DEBUG   ] | _create_generator   |: | Executing Observation Loop at 120.000 deg/s
2022-04-23 19:45:13,601 | MainThread   | [DEBUG   ] | step                |: | Angle diff after obs loop :340.017 deg
2022-04-23 19:45:18,328 | MainThread   | [DEBUG   ] | _create_generator   |: | Executing Observation Loop at 120.000 deg/s
2022-04-23 19:45:21,159 | MainThread   | [DEBUG   ] | step                |: | Angle diff after obs loop :340.010 deg
2022-04-23 19:45:24,968 | MainThread   | [DEBUG   ] | _create_generator   |: | Executing Observation Loop at 120.000 deg/s
2022-04-23 19:45:27,808 | MainThread   | [DEBUG   ] | step                |: | Angle diff after obs loop :341.979 deg
2022-04-23 19:45:32,810 | MainThread   | [DEBUG   ] | _create_generator   |: | Executing Observation Loop at 120.000 deg/s
2022-04-23 19:45:35,657 | MainThread   | [DEBUG   ] | step                |: | Angle diff after obs loop :341.979 deg
2022-04-23 19:45:39,109 | MainThread   | [DEBUG   ] | _create_generator   |: | Executing Observation Loop at 120.000 deg/s
2022-04-23 19:45:41,957 | MainThread   | [DEBUG   ] | step                |: | Angle diff after obs loop :341.979 deg
2022-04-23 19:45:45,075 | MainThread   | [DEBUG   ] | _create_generator   |: | Executing Observation Loop at 120.000 deg/s
2022-04-23 19:45:47,923 | MainThread   | [DEBUG   ] | step                |: | Angle diff after obs loop :341.979 deg
2022-04-23 19:45:52,443 | MainThread   | [DEBUG   ] | _create_generator   |: | Executing Observation Loop at 120.000 deg/s
2022-04-23 19:45:55,288 | MainThread   | [DEBUG   ] | step                |: | Angle diff after obs loop :341.979 deg
2022-04-23 19:46:00,329 | MainThread   | [DEBUG   ] | _create_generator   |: | Executing Observation Loop at 120.000 deg/s
2022-04-23 19:46:03,171 | MainThread   | [DEBUG   ] | step                |: | Angle diff after obs loop :341.979 deg
2022-04-23 19:49:30,338 | MainThread   | [DEBUG   ] | signal_handler      |: Received SIGTERM
2022-04-23 19:49:30,339 | MainThread   | [DEBUG   ] | run                 |: Exiting gracefully
