2022-05-04 15:54:29,568 | MainThread   | [ERROR   ] | _load_config        |: Error loading config file: connection.yaml
2022-05-04 15:54:29,569 | MainThread   | [ERROR   ] | _load_config        |: [Errno 2] No such file or directory: 'connection.yaml'
2022-05-04 15:55:16,315 | MainThread   | [WARNING ] | __del__             |: Could not delete BaseBLEController instance before exiting
2022-05-04 15:55:16,318 | MainThread   | [WARNING ] | __del__             |: 'ArtemisBLEController' object has no attribute '_wait'
2022-05-04 15:55:31,125 | MainThread   | [ERROR   ] | _load_config        |: Error loading config file: connection.yaml
2022-05-04 15:55:31,127 | MainThread   | [ERROR   ] | _load_config        |: [Errno 2] No such file or directory: 'connection.yaml'
2022-05-04 15:57:25,707 | MainThread   | [WARNING ] | __del__             |: Could not delete BaseBLEController instance before exiting
2022-05-04 15:57:25,714 | MainThread   | [WARNING ] | __del__             |: 'ArtemisBLEController' object has no attribute '_wait'
2022-05-04 15:57:32,773 | MainThread   | [DEBUG   ] | __init__            |: Python Info: sys.version_info(major=3, minor=10, micro=4, releaselevel='final', serial=0)
2022-05-04 15:57:32,776 | MainThread   | [DEBUG   ] | __init__            |: System Info: macOS-12.2.1-x86_64-i386-64bit
2022-05-04 15:57:32,786 | MainThread   | [INFO    ] | _connect            |: Looking for Artemis Nano Peripheral Device: C0:83:B0:6C:9A:3C
2022-05-04 15:57:44,123 | MainThread   | [INFO    ] | _connect            |: Looking for Artemis Nano Peripheral Device: C0:83:B0:6C:9A:3C
2022-05-04 15:57:46,746 | MainThread   | [ERROR   ] | _connect            |: disconnected
2022-05-04 15:57:47,750 | MainThread   | [WARNING ] | connect             |: Attempting to connect again...
2022-05-04 15:57:47,752 | MainThread   | [INFO    ] | _connect            |: Looking for Artemis Nano Peripheral Device: C0:83:B0:6C:9A:3C
2022-05-04 15:57:50,585 | MainThread   | [INFO    ] | _connect            |: Connected to C0:83:B0:6C:9A:3C
2022-05-04 15:59:30,971 | MainThread   | [INFO    ] | exit_handler        |: Exiting...
2022-05-04 15:59:30,976 | MainThread   | [INFO    ] | disconnect_handler  |: Disconnected from 607452C2-8441-D076-814E-841EB3635426
2022-05-04 15:59:30,978 | MainThread   | [INFO    ] | exit_handler        |: Gracefully Exiting
2022-05-04 16:01:32,967 | MainThread   | [DEBUG   ] | __init__            |: Python Info: sys.version_info(major=3, minor=10, micro=4, releaselevel='final', serial=0)
2022-05-04 16:01:32,967 | MainThread   | [DEBUG   ] | __init__            |: System Info: macOS-12.2.1-x86_64-i386-64bit
2022-05-04 16:01:32,968 | MainThread   | [INFO    ] | _connect            |: Looking for Artemis Nano Peripheral Device: C0:83:B0:6C:9A:3C
2022-05-04 16:01:35,875 | MainThread   | [INFO    ] | _connect            |: Connected to C0:83:B0:6C:9A:3C
2022-05-04 16:09:37,191 | MainThread   | [INFO    ] | disconnect_handler  |: Disconnected from 607452C2-8441-D076-814E-841EB3635426
2022-05-04 16:09:39,495 | MainThread   | [INFO    ] | _connect            |: Looking for Artemis Nano Peripheral Device: C0:83:B0:6C:9A:3C
2022-05-04 16:09:42,324 | MainThread   | [INFO    ] | _connect            |: Connected to C0:83:B0:6C:9A:3C
2022-05-04 16:13:47,516 | MainThread   | [INFO    ] | disconnect_handler  |: Disconnected from 607452C2-8441-D076-814E-841EB3635426
2022-05-04 16:13:47,518 | MainThread   | [INFO    ] | exit_handler        |: Exiting...
2022-05-04 16:13:47,519 | MainThread   | [WARNING ] | exit_handler        |: Could not disconnect before exiting
2022-05-04 16:13:47,520 | MainThread   | [WARNING ] | exit_handler        |: Not connected to a BLE device
2022-05-04 16:14:06,008 | MainThread   | [DEBUG   ] | __init__            |: Python Info: sys.version_info(major=3, minor=10, micro=4, releaselevel='final', serial=0)
2022-05-04 16:14:06,008 | MainThread   | [DEBUG   ] | __init__            |: System Info: macOS-12.2.1-x86_64-i386-64bit
2022-05-04 16:14:06,009 | MainThread   | [INFO    ] | _connect            |: Looking for Artemis Nano Peripheral Device: C0:83:B0:6C:9A:3C
2022-05-04 16:15:18,085 | MainThread   | [INFO    ] | _connect            |: Looking for Artemis Nano Peripheral Device: C0:83:B0:6C:9A:3C
2022-05-04 16:15:21,018 | MainThread   | [INFO    ] | _connect            |: Connected to C0:83:B0:6C:9A:3C
2022-05-04 16:18:55,881 | MainThread   | [INFO    ] | disconnect_handler  |: Disconnected from 607452C2-8441-D076-814E-841EB3635426
2022-05-04 16:19:19,064 | MainThread   | [INFO    ] | exit_handler        |: Exiting...
2022-05-04 16:19:19,065 | MainThread   | [WARNING ] | exit_handler        |: Could not disconnect before exiting
2022-05-04 16:19:19,069 | MainThread   | [WARNING ] | exit_handler        |: Not connected to a BLE device
2022-05-04 16:19:45,257 | MainThread   | [DEBUG   ] | __init__            |: Python Info: sys.version_info(major=3, minor=10, micro=4, releaselevel='final', serial=0)
2022-05-04 16:19:45,258 | MainThread   | [DEBUG   ] | __init__            |: System Info: macOS-12.2.1-x86_64-i386-64bit
2022-05-04 16:19:45,259 | MainThread   | [INFO    ] | _connect            |: Looking for Artemis Nano Peripheral Device: C0:83:B0:6C:9A:3C
2022-05-04 16:19:48,504 | MainThread   | [INFO    ] | _connect            |: Connected to C0:83:B0:6C:9A:3C
2022-05-04 16:20:38,590 | MainThread   | [INFO    ] | disconnect_handler  |: Disconnected from 607452C2-8441-D076-814E-841EB3635426
2022-05-04 16:20:44,949 | MainThread   | [INFO    ] | _connect            |: Looking for Artemis Nano Peripheral Device: C0:83:B0:6C:9A:3C
2022-05-04 16:20:47,911 | MainThread   | [INFO    ] | _connect            |: Connected to C0:83:B0:6C:9A:3C
2022-05-04 16:22:45,909 | MainThread   | [INFO    ] | disconnect_handler  |: Disconnected from 607452C2-8441-D076-814E-841EB3635426
2022-05-04 16:24:12,760 | MainThread   | [INFO    ] | _connect            |: Looking for Artemis Nano Peripheral Device: C0:83:B0:6C:9A:3C
2022-05-04 16:24:15,502 | MainThread   | [INFO    ] | _connect            |: Connected to C0:83:B0:6C:9A:3C
2022-05-04 16:26:55,584 | MainThread   | [INFO    ] | disconnect_handler  |: Disconnected from 607452C2-8441-D076-814E-841EB3635426
2022-05-04 16:28:07,995 | MainThread   | [INFO    ] | _connect            |: Looking for Artemis Nano Peripheral Device: C0:83:B0:6C:9A:3C
2022-05-04 16:28:10,777 | MainThread   | [INFO    ] | _connect            |: Connected to C0:83:B0:6C:9A:3C
2022-05-04 16:29:57,549 | MainThread   | [INFO    ] | disconnect_handler  |: Disconnected from 607452C2-8441-D076-814E-841EB3635426
2022-05-04 16:30:03,938 | MainThread   | [INFO    ] | _connect            |: Looking for Artemis Nano Peripheral Device: C0:83:B0:6C:9A:3C
2022-05-04 16:30:06,666 | MainThread   | [INFO    ] | _connect            |: Connected to C0:83:B0:6C:9A:3C
2022-05-04 16:31:00,414 | MainThread   | [INFO    ] | disconnect_handler  |: Disconnected from 607452C2-8441-D076-814E-841EB3635426
2022-05-04 16:31:39,543 | MainThread   | [INFO    ] | _connect            |: Looking for Artemis Nano Peripheral Device: C0:83:B0:6C:9A:3C
2022-05-04 16:31:42,615 | MainThread   | [INFO    ] | _connect            |: Connected to C0:83:B0:6C:9A:3C
2022-05-04 16:35:37,963 | MainThread   | [INFO    ] | disconnect_handler  |: Disconnected from 607452C2-8441-D076-814E-841EB3635426
2022-05-04 16:35:37,980 | MainThread   | [INFO    ] | exit_handler        |: Exiting...
2022-05-04 16:35:37,983 | MainThread   | [WARNING ] | exit_handler        |: Could not disconnect before exiting
2022-05-04 16:35:37,985 | MainThread   | [WARNING ] | exit_handler        |: Not connected to a BLE device
2022-05-05 01:57:32,074 | MainThread   | [DEBUG   ] | __init__            |: Python Info: sys.version_info(major=3, minor=10, micro=4, releaselevel='final', serial=0)
2022-05-05 01:57:32,074 | MainThread   | [DEBUG   ] | __init__            |: System Info: macOS-12.2.1-x86_64-i386-64bit
2022-05-05 01:57:32,075 | MainThread   | [INFO    ] | _connect            |: Looking for Artemis Nano Peripheral Device: C0:83:B0:6C:9A:3C
2022-05-05 01:57:35,690 | MainThread   | [INFO    ] | _connect            |: Connected to C0:83:B0:6C:9A:3C
2022-05-05 02:06:19,824 | MainThread   | [INFO    ] | disconnect_handler  |: Disconnected from 607452C2-8441-D076-814E-841EB3635426
2022-05-05 02:06:29,625 | MainThread   | [INFO    ] | _connect            |: Looking for Artemis Nano Peripheral Device: C0:83:B0:6C:9A:3C
2022-05-05 02:06:32,854 | MainThread   | [INFO    ] | _connect            |: Connected to C0:83:B0:6C:9A:3C
2022-05-05 02:10:41,497 | MainThread   | [INFO    ] | disconnect_handler  |: Disconnected from 607452C2-8441-D076-814E-841EB3635426
2022-05-05 02:12:17,716 | MainThread   | [INFO    ] | _connect            |: Looking for Artemis Nano Peripheral Device: C0:83:B0:6C:9A:3C
2022-05-05 02:12:20,686 | MainThread   | [INFO    ] | _connect            |: Connected to C0:83:B0:6C:9A:3C
2022-05-05 02:14:10,000 | MainThread   | [INFO    ] | exit_handler        |: Exiting...
2022-05-05 02:14:10,006 | MainThread   | [INFO    ] | disconnect_handler  |: Disconnected from 607452C2-8441-D076-814E-841EB3635426
2022-05-05 02:14:10,008 | MainThread   | [INFO    ] | exit_handler        |: Gracefully Exiting
2022-05-06 21:45:56,672 | MainThread   | [DEBUG   ] | __init__            |: Python Info: sys.version_info(major=3, minor=10, micro=4, releaselevel='final', serial=0)
2022-05-06 21:45:56,674 | MainThread   | [DEBUG   ] | __init__            |: System Info: macOS-12.2.1-x86_64-i386-64bit
2022-05-06 21:45:56,676 | MainThread   | [INFO    ] | _connect            |: Looking for Artemis Nano Peripheral Device: C0:83:B0:6C:9A:3C
2022-05-06 21:45:59,647 | MainThread   | [INFO    ] | _connect            |: Connected to C0:83:B0:6C:9A:3C
2022-05-06 21:53:57,020 | MainThread   | [INFO    ] | disconnect_handler  |: Disconnected from 607452C2-8441-D076-814E-841EB3635426
2022-05-06 21:56:53,871 | MainThread   | [INFO    ] | _connect            |: Looking for Artemis Nano Peripheral Device: C0:83:B0:6C:9A:3C
2022-05-06 21:57:06,220 | MainThread   | [INFO    ] | _connect            |: Looking for Artemis Nano Peripheral Device: C0:83:B0:6C:9A:3C
2022-05-06 21:57:17,090 | MainThread   | [INFO    ] | _connect            |: Connected to C0:83:B0:6C:9A:3C
2022-05-06 21:59:37,957 | MainThread   | [INFO    ] | disconnect_handler  |: Disconnected from 607452C2-8441-D076-814E-841EB3635426
2022-05-06 21:59:44,336 | MainThread   | [INFO    ] | _connect            |: Looking for Artemis Nano Peripheral Device: C0:83:B0:6C:9A:3C
2022-05-06 21:59:47,073 | MainThread   | [INFO    ] | _connect            |: Connected to C0:83:B0:6C:9A:3C
2022-05-06 22:01:10,431 | MainThread   | [INFO    ] | disconnect_handler  |: Disconnected from 607452C2-8441-D076-814E-841EB3635426
2022-05-07 15:14:42,289 | MainThread   | [DEBUG   ] | __init__            |: Python Info: sys.version_info(major=3, minor=10, micro=4, releaselevel='final', serial=0)
2022-05-07 15:14:42,289 | MainThread   | [DEBUG   ] | __init__            |: System Info: macOS-12.2.1-x86_64-i386-64bit
2022-05-07 15:14:42,290 | MainThread   | [INFO    ] | _connect            |: Looking for Artemis Nano Peripheral Device: C0:83:B0:6C:9A:3C
2022-05-07 15:14:45,093 | MainThread   | [INFO    ] | _connect            |: Connected to C0:83:B0:6C:9A:3C
2022-05-07 15:17:52,421 | MainThread   | [INFO    ] | disconnect_handler  |: Disconnected from 607452C2-8441-D076-814E-841EB3635426
2022-05-07 15:17:58,304 | MainThread   | [INFO    ] | _connect            |: Looking for Artemis Nano Peripheral Device: C0:83:B0:6C:9A:3C
2022-05-07 15:18:01,080 | MainThread   | [INFO    ] | _connect            |: Connected to C0:83:B0:6C:9A:3C
2022-05-07 15:20:38,001 | MainThread   | [INFO    ] | disconnect_handler  |: Disconnected from 607452C2-8441-D076-814E-841EB3635426
2022-05-07 15:20:45,487 | MainThread   | [INFO    ] | _connect            |: Looking for Artemis Nano Peripheral Device: C0:83:B0:6C:9A:3C
2022-05-07 15:20:48,206 | MainThread   | [INFO    ] | _connect            |: Connected to C0:83:B0:6C:9A:3C
2022-05-07 15:25:06,801 | MainThread   | [INFO    ] | disconnect_handler  |: Disconnected from 607452C2-8441-D076-814E-841EB3635426
2022-05-07 15:25:32,455 | MainThread   | [INFO    ] | _connect            |: Looking for Artemis Nano Peripheral Device: C0:83:B0:6C:9A:3C
2022-05-07 15:25:35,229 | MainThread   | [INFO    ] | _connect            |: Connected to C0:83:B0:6C:9A:3C
2022-05-07 15:27:20,308 | MainThread   | [INFO    ] | _connect            |: Already connected to a BLE device
2022-05-07 15:27:33,855 | MainThread   | [INFO    ] | disconnect_handler  |: Disconnected from 607452C2-8441-D076-814E-841EB3635426
2022-05-07 15:27:47,779 | MainThread   | [INFO    ] | _connect            |: Looking for Artemis Nano Peripheral Device: C0:83:B0:6C:9A:3C
2022-05-07 15:27:50,523 | MainThread   | [INFO    ] | _connect            |: Connected to C0:83:B0:6C:9A:3C
2022-05-07 15:32:59,175 | MainThread   | [INFO    ] | disconnect_handler  |: Disconnected from 607452C2-8441-D076-814E-841EB3635426
2022-05-07 15:34:17,217 | MainThread   | [INFO    ] | _connect            |: Looking for Artemis Nano Peripheral Device: C0:83:B0:6C:9A:3C
2022-05-07 15:34:19,965 | MainThread   | [INFO    ] | _connect            |: Connected to C0:83:B0:6C:9A:3C
2022-05-07 15:38:53,241 | MainThread   | [INFO    ] | disconnect_handler  |: Disconnected from 607452C2-8441-D076-814E-841EB3635426
2022-05-07 15:39:04,374 | MainThread   | [INFO    ] | _connect            |: Looking for Artemis Nano Peripheral Device: C0:83:B0:6C:9A:3C
2022-05-07 15:39:07,100 | MainThread   | [INFO    ] | _connect            |: Connected to C0:83:B0:6C:9A:3C
2022-05-07 15:45:28,345 | MainThread   | [INFO    ] | disconnect_handler  |: Disconnected from 607452C2-8441-D076-814E-841EB3635426
2022-05-19 19:14:52,347 | MainThread   | [ERROR   ] | _load_config        |: Error loading config file: connection.yaml
2022-05-19 19:14:52,355 | MainThread   | [ERROR   ] | _load_config        |: [Errno 2] No such file or directory: 'connection.yaml'
2022-05-19 19:19:49,490 | MainThread   | [DEBUG   ] | __init__            |: Python Info: sys.version_info(major=3, minor=10, micro=4, releaselevel='final', serial=0)
2022-05-19 19:19:49,490 | MainThread   | [DEBUG   ] | __init__            |: System Info: macOS-12.2.1-x86_64-i386-64bit
2022-05-19 19:19:49,491 | MainThread   | [INFO    ] | _connect            |: Looking for Artemis Nano Peripheral Device: C0:83:B0:6C:9A:3C
2022-05-19 20:13:39,625 | MainThread   | [INFO    ] | _connect            |: Looking for Artemis Nano Peripheral Device: C0:83:B0:6C:9A:3C
2022-05-19 20:13:42,298 | MainThread   | [INFO    ] | _connect            |: Connected to C0:83:B0:6C:9A:3C
2022-05-19 20:18:01,275 | MainThread   | [INFO    ] | disconnect_handler  |: Disconnected from 607452C2-8441-D076-814E-841EB3635426
2022-05-19 20:18:28,521 | MainThread   | [INFO    ] | _connect            |: Looking for Artemis Nano Peripheral Device: C0:83:B0:6C:9A:3C
2022-05-19 20:18:31,307 | MainThread   | [INFO    ] | _connect            |: Connected to C0:83:B0:6C:9A:3C
2022-05-19 20:20:02,248 | MainThread   | [INFO    ] | disconnect_handler  |: Disconnected from 607452C2-8441-D076-814E-841EB3635426
2022-05-19 20:20:16,954 | MainThread   | [INFO    ] | _connect            |: Looking for Artemis Nano Peripheral Device: C0:83:B0:6C:9A:3C
2022-05-19 20:20:19,769 | MainThread   | [INFO    ] | _connect            |: Connected to C0:83:B0:6C:9A:3C
2022-05-19 20:21:13,321 | MainThread   | [INFO    ] | disconnect_handler  |: Disconnected from 607452C2-8441-D076-814E-841EB3635426
2022-05-19 20:21:29,568 | MainThread   | [INFO    ] | _connect            |: Looking for Artemis Nano Peripheral Device: C0:83:B0:6C:9A:3C
2022-05-19 20:21:32,362 | MainThread   | [INFO    ] | _connect            |: Connected to C0:83:B0:6C:9A:3C
2022-05-19 20:23:41,033 | MainThread   | [INFO    ] | disconnect_handler  |: Disconnected from 607452C2-8441-D076-814E-841EB3635426
2022-05-19 20:23:58,526 | MainThread   | [INFO    ] | _connect            |: Looking for Artemis Nano Peripheral Device: C0:83:B0:6C:9A:3C
2022-05-19 20:24:01,670 | MainThread   | [INFO    ] | _connect            |: Connected to C0:83:B0:6C:9A:3C
2022-05-19 20:24:52,823 | MainThread   | [INFO    ] | disconnect_handler  |: Disconnected from 607452C2-8441-D076-814E-841EB3635426
2022-05-19 20:25:00,958 | MainThread   | [INFO    ] | _connect            |: Looking for Artemis Nano Peripheral Device: C0:83:B0:6C:9A:3C
2022-05-19 20:25:04,018 | MainThread   | [INFO    ] | _connect            |: Connected to C0:83:B0:6C:9A:3C
2022-05-19 20:25:34,968 | MainThread   | [INFO    ] | disconnect_handler  |: Disconnected from 607452C2-8441-D076-814E-841EB3635426
2022-05-19 20:25:45,774 | MainThread   | [INFO    ] | _connect            |: Looking for Artemis Nano Peripheral Device: C0:83:B0:6C:9A:3C
2022-05-19 20:25:49,227 | MainThread   | [INFO    ] | _connect            |: Connected to C0:83:B0:6C:9A:3C
2022-05-19 20:26:44,834 | MainThread   | [INFO    ] | disconnect_handler  |: Disconnected from 607452C2-8441-D076-814E-841EB3635426
2022-05-19 20:27:09,876 | MainThread   | [INFO    ] | _connect            |: Looking for Artemis Nano Peripheral Device: C0:83:B0:6C:9A:3C
2022-05-19 20:27:13,008 | MainThread   | [INFO    ] | _connect            |: Connected to C0:83:B0:6C:9A:3C
2022-05-19 20:30:24,605 | MainThread   | [INFO    ] | disconnect_handler  |: Disconnected from 607452C2-8441-D076-814E-841EB3635426
2022-05-19 20:30:33,028 | MainThread   | [INFO    ] | _connect            |: Looking for Artemis Nano Peripheral Device: C0:83:B0:6C:9A:3C
2022-05-19 20:30:36,130 | MainThread   | [INFO    ] | _connect            |: Connected to C0:83:B0:6C:9A:3C
2022-05-19 20:31:10,166 | MainThread   | [INFO    ] | disconnect_handler  |: Disconnected from 607452C2-8441-D076-814E-841EB3635426
2022-05-19 20:31:15,061 | MainThread   | [INFO    ] | _connect            |: Looking for Artemis Nano Peripheral Device: C0:83:B0:6C:9A:3C
2022-05-19 20:31:29,939 | MainThread   | [INFO    ] | _connect            |: Looking for Artemis Nano Peripheral Device: C0:83:B0:6C:9A:3C
2022-05-19 20:31:51,109 | MainThread   | [INFO    ] | _connect            |: Looking for Artemis Nano Peripheral Device: C0:83:B0:6C:9A:3C
2022-05-19 20:31:53,868 | MainThread   | [INFO    ] | _connect            |: Connected to C0:83:B0:6C:9A:3C
2022-05-19 20:33:59,793 | MainThread   | [INFO    ] | exit_handler        |: Exiting...
2022-05-19 20:33:59,810 | MainThread   | [INFO    ] | disconnect_handler  |: Disconnected from 607452C2-8441-D076-814E-841EB3635426
2022-05-19 20:33:59,811 | MainThread   | [INFO    ] | exit_handler        |: Gracefully Exiting
2022-05-19 20:37:33,735 | MainThread   | [DEBUG   ] | __init__            |: Python Info: sys.version_info(major=3, minor=10, micro=4, releaselevel='final', serial=0)
2022-05-19 20:37:33,736 | MainThread   | [DEBUG   ] | __init__            |: System Info: macOS-12.2.1-x86_64-i386-64bit
2022-05-19 20:37:33,736 | MainThread   | [INFO    ] | _connect            |: Looking for Artemis Nano Peripheral Device: C0:83:B0:6C:9A:3C
2022-05-19 20:37:36,480 | MainThread   | [INFO    ] | _connect            |: Connected to C0:83:B0:6C:9A:3C
2022-05-19 20:42:56,604 | MainThread   | [INFO    ] | disconnect_handler  |: Disconnected from 607452C2-8441-D076-814E-841EB3635426
2022-05-19 21:03:51,848 | MainThread   | [INFO    ] | exit_handler        |: Exiting...
2022-05-19 21:03:51,853 | MainThread   | [WARNING ] | exit_handler        |: Could not disconnect before exiting
2022-05-19 21:03:51,854 | MainThread   | [WARNING ] | exit_handler        |: Not connected to a BLE device
2022-05-19 21:03:52,222 | MainThread   | [WARNING ] | __del__             |: Could not delete BaseBLEController instance before exiting
2022-05-19 21:03:52,235 | MainThread   | [WARNING ] | __del__             |: Not connected to a BLE device
2022-05-19 21:08:52,746 | MainThread   | [DEBUG   ] | __init__            |: Python Info: sys.version_info(major=3, minor=10, micro=4, releaselevel='final', serial=0)
2022-05-19 21:08:52,746 | MainThread   | [DEBUG   ] | __init__            |: System Info: macOS-12.2.1-x86_64-i386-64bit
2022-05-19 21:08:52,746 | MainThread   | [INFO    ] | _connect            |: Looking for Artemis Nano Peripheral Device: C0:83:B0:6C:9A:3C
2022-05-19 21:09:15,753 | MainThread   | [INFO    ] | _connect            |: Looking for Artemis Nano Peripheral Device: C0:83:B0:6C:9A:3C
2022-05-19 21:09:29,008 | MainThread   | [INFO    ] | _connect            |: Looking for Artemis Nano Peripheral Device: C0:83:B0:6C:9A:3C
2022-05-19 21:09:49,809 | MainThread   | [INFO    ] | _connect            |: Looking for Artemis Nano Peripheral Device: C0:83:B0:6C:9A:3C
2022-05-19 21:09:56,502 | MainThread   | [INFO    ] | _connect            |: Connected to C0:83:B0:6C:9A:3C
2022-05-19 21:09:59,519 | MainThread   | [INFO    ] | disconnect_handler  |: Disconnected from 607452C2-8441-D076-814E-841EB3635426
2022-05-19 21:10:45,918 | MainThread   | [INFO    ] | _connect            |: Looking for Artemis Nano Peripheral Device: C0:83:B0:6C:9A:3C
2022-05-19 21:10:48,704 | MainThread   | [INFO    ] | _connect            |: Connected to C0:83:B0:6C:9A:3C
2022-05-19 21:11:44,767 | MainThread   | [INFO    ] | disconnect_handler  |: Disconnected from 607452C2-8441-D076-814E-841EB3635426
2022-05-19 21:11:58,082 | MainThread   | [INFO    ] | _connect            |: Looking for Artemis Nano Peripheral Device: C0:83:B0:6C:9A:3C
2022-05-19 21:12:01,117 | MainThread   | [INFO    ] | _connect            |: Connected to C0:83:B0:6C:9A:3C
2022-05-19 21:38:38,342 | MainThread   | [INFO    ] | _connect            |: Looking for Artemis Nano Peripheral Device: C0:83:B0:6C:9A:3C
2022-05-19 21:39:22,163 | MainThread   | [INFO    ] | _connect            |: Looking for Artemis Nano Peripheral Device: C0:83:B0:6C:9A:3C
2022-05-19 21:39:24,869 | MainThread   | [INFO    ] | _connect            |: Connected to C0:83:B0:6C:9A:3C
2022-05-19 21:42:35,642 | MainThread   | [INFO    ] | disconnect_handler  |: Disconnected from 607452C2-8441-D076-814E-841EB3635426
2022-05-19 21:42:51,581 | MainThread   | [INFO    ] | _connect            |: Looking for Artemis Nano Peripheral Device: C0:83:B0:6C:9A:3C
2022-05-19 21:42:54,391 | MainThread   | [INFO    ] | _connect            |: Connected to C0:83:B0:6C:9A:3C
2022-05-19 21:44:21,543 | MainThread   | [INFO    ] | disconnect_handler  |: Disconnected from 607452C2-8441-D076-814E-841EB3635426
2022-05-19 21:44:47,971 | MainThread   | [INFO    ] | _connect            |: Looking for Artemis Nano Peripheral Device: C0:83:B0:6C:9A:3C
2022-05-19 21:44:50,973 | MainThread   | [INFO    ] | _connect            |: Connected to C0:83:B0:6C:9A:3C
2022-05-19 21:58:11,313 | MainThread   | [INFO    ] | disconnect_handler  |: Disconnected from 607452C2-8441-D076-814E-841EB3635426
2022-05-19 22:12:04,538 | MainThread   | [INFO    ] | exit_handler        |: Exiting...
2022-05-19 22:12:04,544 | MainThread   | [WARNING ] | exit_handler        |: Could not disconnect before exiting
2022-05-19 22:12:04,546 | MainThread   | [WARNING ] | exit_handler        |: Not connected to a BLE device
2022-05-19 22:12:21,961 | MainThread   | [DEBUG   ] | __init__            |: Python Info: sys.version_info(major=3, minor=10, micro=4, releaselevel='final', serial=0)
2022-05-19 22:12:21,961 | MainThread   | [DEBUG   ] | __init__            |: System Info: macOS-12.2.1-x86_64-i386-64bit
2022-05-19 22:12:21,961 | MainThread   | [INFO    ] | _connect            |: Looking for Artemis Nano Peripheral Device: C0:83:A5:6D:80:3C
2022-05-19 22:12:24,733 | MainThread   | [INFO    ] | _connect            |: Connected to C0:83:A5:6D:80:3C
2022-05-19 22:17:58,884 | MainThread   | [INFO    ] | disconnect_handler  |: Disconnected from CDA1A256-991A-774B-DB12-7C324EDA8C53
2022-05-19 22:20:29,726 | MainThread   | [INFO    ] | _connect            |: Looking for Artemis Nano Peripheral Device: C0:83:A5:6D:80:3C
2022-05-19 22:20:32,507 | MainThread   | [INFO    ] | _connect            |: Connected to C0:83:A5:6D:80:3C
2022-05-19 22:27:00,773 | MainThread   | [INFO    ] | disconnect_handler  |: Disconnected from CDA1A256-991A-774B-DB12-7C324EDA8C53
2022-05-19 22:27:13,820 | MainThread   | [INFO    ] | _connect            |: Looking for Artemis Nano Peripheral Device: C0:83:A5:6D:80:3C
2022-05-19 22:27:16,654 | MainThread   | [INFO    ] | _connect            |: Connected to C0:83:A5:6D:80:3C
2022-05-19 22:27:49,328 | MainThread   | [INFO    ] | disconnect_handler  |: Disconnected from CDA1A256-991A-774B-DB12-7C324EDA8C53
2022-05-19 22:28:52,701 | MainThread   | [INFO    ] | _connect            |: Looking for Artemis Nano Peripheral Device: C0:83:A5:6D:80:3C
2022-05-19 22:28:55,486 | MainThread   | [INFO    ] | _connect            |: Connected to C0:83:A5:6D:80:3C
2022-05-19 22:30:01,209 | MainThread   | [INFO    ] | disconnect_handler  |: Disconnected from CDA1A256-991A-774B-DB12-7C324EDA8C53
2022-05-19 22:30:30,417 | MainThread   | [INFO    ] | _connect            |: Looking for Artemis Nano Peripheral Device: C0:83:A5:6D:80:3C
2022-05-19 22:30:33,213 | MainThread   | [INFO    ] | _connect            |: Connected to C0:83:A5:6D:80:3C
2022-05-19 22:31:18,710 | MainThread   | [INFO    ] | disconnect_handler  |: Disconnected from CDA1A256-991A-774B-DB12-7C324EDA8C53
2022-05-19 22:32:32,754 | MainThread   | [INFO    ] | _connect            |: Looking for Artemis Nano Peripheral Device: C0:83:A5:6D:80:3C
2022-05-19 22:32:35,481 | MainThread   | [INFO    ] | _connect            |: Connected to C0:83:A5:6D:80:3C
2022-05-19 22:33:42,939 | MainThread   | [INFO    ] | _connect            |: Already connected to a BLE device
2022-05-19 22:34:29,575 | MainThread   | [INFO    ] | disconnect_handler  |: Disconnected from CDA1A256-991A-774B-DB12-7C324EDA8C53
2022-05-19 22:34:39,833 | MainThread   | [INFO    ] | _connect            |: Looking for Artemis Nano Peripheral Device: C0:83:A5:6D:80:3C
2022-05-19 22:34:42,713 | MainThread   | [INFO    ] | _connect            |: Connected to C0:83:A5:6D:80:3C
2022-05-19 22:50:40,107 | MainThread   | [INFO    ] | disconnect_handler  |: Disconnected from CDA1A256-991A-774B-DB12-7C324EDA8C53
2022-05-19 22:57:50,379 | MainThread   | [INFO    ] | _connect            |: Looking for Artemis Nano Peripheral Device: C0:83:A5:6D:80:3C
2022-05-19 22:57:53,092 | MainThread   | [INFO    ] | _connect            |: Connected to C0:83:A5:6D:80:3C
2022-05-19 22:59:42,783 | MainThread   | [INFO    ] | _connect            |: Already connected to a BLE device
2022-05-19 23:02:03,285 | MainThread   | [INFO    ] | _connect            |: Already connected to a BLE device
2022-05-19 23:05:59,186 | MainThread   | [INFO    ] | disconnect_handler  |: Disconnected from CDA1A256-991A-774B-DB12-7C324EDA8C53
2022-05-19 23:16:40,430 | MainThread   | [INFO    ] | _connect            |: Looking for Artemis Nano Peripheral Device: C0:83:A5:6D:80:3C
2022-05-19 23:16:43,292 | MainThread   | [INFO    ] | _connect            |: Connected to C0:83:A5:6D:80:3C
2022-05-19 23:17:34,355 | MainThread   | [INFO    ] | disconnect_handler  |: Disconnected from CDA1A256-991A-774B-DB12-7C324EDA8C53
2022-05-19 23:17:40,503 | MainThread   | [INFO    ] | _connect            |: Looking for Artemis Nano Peripheral Device: C0:83:A5:6D:80:3C
2022-05-19 23:17:43,414 | MainThread   | [INFO    ] | _connect            |: Connected to C0:83:A5:6D:80:3C
2022-05-19 23:17:52,266 | MainThread   | [INFO    ] | disconnect_handler  |: Disconnected from CDA1A256-991A-774B-DB12-7C324EDA8C53
2022-05-19 23:17:53,187 | MainThread   | [INFO    ] | _connect            |: Looking for Artemis Nano Peripheral Device: C0:83:A5:6D:80:3C
2022-05-19 23:18:09,510 | MainThread   | [INFO    ] | _connect            |: Looking for Artemis Nano Peripheral Device: C0:83:A5:6D:80:3C
2022-05-19 23:18:12,226 | MainThread   | [INFO    ] | _connect            |: Connected to C0:83:A5:6D:80:3C
2022-05-19 23:28:35,984 | MainThread   | [INFO    ] | _connect            |: Already connected to a BLE device
2022-05-19 23:30:07,706 | MainThread   | [INFO    ] | _connect            |: Already connected to a BLE device
2022-05-19 23:30:15,220 | MainThread   | [INFO    ] | disconnect_handler  |: Disconnected from CDA1A256-991A-774B-DB12-7C324EDA8C53
2022-05-19 23:30:33,567 | MainThread   | [INFO    ] | _connect            |: Looking for Artemis Nano Peripheral Device: C0:83:A5:6D:80:3C
2022-05-19 23:30:36,308 | MainThread   | [INFO    ] | _connect            |: Connected to C0:83:A5:6D:80:3C
2022-05-19 23:30:58,306 | MainThread   | [INFO    ] | _connect            |: Already connected to a BLE device
2022-05-19 23:31:00,496 | MainThread   | [INFO    ] | _connect            |: Already connected to a BLE device
2022-05-19 23:31:23,472 | MainThread   | [INFO    ] | disconnect_handler  |: Disconnected from CDA1A256-991A-774B-DB12-7C324EDA8C53
2022-05-19 23:31:31,056 | MainThread   | [INFO    ] | _connect            |: Looking for Artemis Nano Peripheral Device: C0:83:A5:6D:80:3C
2022-05-19 23:31:34,075 | MainThread   | [INFO    ] | _connect            |: Connected to C0:83:A5:6D:80:3C
2022-05-19 23:31:55,155 | MainThread   | [INFO    ] | disconnect_handler  |: Disconnected from CDA1A256-991A-774B-DB12-7C324EDA8C53
2022-05-20 00:11:23,803 | MainThread   | [INFO    ] | _connect            |: Looking for Artemis Nano Peripheral Device: C0:83:A5:6D:80:3C
2022-05-20 00:11:26,536 | MainThread   | [INFO    ] | _connect            |: Connected to C0:83:A5:6D:80:3C
2022-05-20 00:11:57,064 | MainThread   | [INFO    ] | disconnect_handler  |: Disconnected from CDA1A256-991A-774B-DB12-7C324EDA8C53
2022-05-20 00:12:30,456 | MainThread   | [INFO    ] | _connect            |: Looking for Artemis Nano Peripheral Device: C0:83:A5:6D:80:3C
2022-05-20 00:12:33,261 | MainThread   | [INFO    ] | _connect            |: Connected to C0:83:A5:6D:80:3C
2022-05-20 00:13:04,406 | MainThread   | [INFO    ] | disconnect_handler  |: Disconnected from CDA1A256-991A-774B-DB12-7C324EDA8C53
2022-05-20 00:13:11,149 | MainThread   | [INFO    ] | _connect            |: Looking for Artemis Nano Peripheral Device: C0:83:A5:6D:80:3C
2022-05-20 00:13:13,891 | MainThread   | [INFO    ] | _connect            |: Connected to C0:83:A5:6D:80:3C
2022-05-20 00:38:49,661 | MainThread   | [INFO    ] | _connect            |: Already connected to a BLE device
2022-05-20 00:49:30,198 | MainThread   | [INFO    ] | _connect            |: Looking for Artemis Nano Peripheral Device: C0:83:A5:6D:80:3C
2022-05-20 00:49:32,917 | MainThread   | [INFO    ] | _connect            |: Connected to C0:83:A5:6D:80:3C
2022-05-20 00:51:28,703 | MainThread   | [INFO    ] | disconnect_handler  |: Disconnected from CDA1A256-991A-774B-DB12-7C324EDA8C53
2022-05-20 00:52:49,579 | MainThread   | [INFO    ] | _connect            |: Looking for Artemis Nano Peripheral Device: C0:83:A5:6D:80:3C
2022-05-20 00:52:52,374 | MainThread   | [INFO    ] | _connect            |: Connected to C0:83:A5:6D:80:3C
2022-05-20 00:56:37,560 | MainThread   | [INFO    ] | _connect            |: Already connected to a BLE device
2022-05-20 01:16:05,829 | MainThread   | [INFO    ] | disconnect_handler  |: Disconnected from CDA1A256-991A-774B-DB12-7C324EDA8C53
2022-05-20 01:16:25,569 | MainThread   | [INFO    ] | _connect            |: Looking for Artemis Nano Peripheral Device: C0:83:A5:6D:80:3C
2022-05-20 01:16:28,557 | MainThread   | [INFO    ] | _connect            |: Connected to C0:83:A5:6D:80:3C
2022-05-20 01:17:13,229 | MainThread   | [INFO    ] | disconnect_handler  |: Disconnected from CDA1A256-991A-774B-DB12-7C324EDA8C53
2022-05-20 01:23:26,048 | MainThread   | [INFO    ] | _connect            |: Looking for Artemis Nano Peripheral Device: C0:83:A5:6D:80:3C
2022-05-20 01:23:32,072 | MainThread   | [INFO    ] | _connect            |: Connected to C0:83:A5:6D:80:3C
2022-05-20 01:31:53,774 | MainThread   | [DEBUG   ] | __init__            |: Python Info: sys.version_info(major=3, minor=10, micro=4, releaselevel='final', serial=0)
2022-05-20 01:31:53,774 | MainThread   | [DEBUG   ] | __init__            |: System Info: macOS-12.2.1-x86_64-i386-64bit
2022-05-20 01:31:53,775 | MainThread   | [INFO    ] | _connect            |: Looking for Artemis Nano Peripheral Device: C0:83:A5:6D:80:3C
2022-05-20 01:32:28,948 | MainThread   | [INFO    ] | _connect            |: Looking for Artemis Nano Peripheral Device: C0:83:A5:6D:80:3C
2022-05-20 01:32:38,670 | MainThread   | [INFO    ] | disconnect_handler  |: Disconnected from CDA1A256-991A-774B-DB12-7C324EDA8C53
2022-05-20 01:32:40,944 | MainThread   | [INFO    ] | _connect            |: Looking for Artemis Nano Peripheral Device: C0:83:A5:6D:80:3C
2022-05-20 01:32:43,785 | MainThread   | [INFO    ] | _connect            |: Connected to C0:83:A5:6D:80:3C
2022-05-20 01:37:20,634 | MainThread   | [INFO    ] | _connect            |: Already connected to a BLE device
2022-05-20 01:39:29,214 | MainThread   | [INFO    ] | disconnect_handler  |: Disconnected from CDA1A256-991A-774B-DB12-7C324EDA8C53
2022-05-20 01:39:32,885 | MainThread   | [INFO    ] | _connect            |: Looking for Artemis Nano Peripheral Device: C0:83:A5:6D:80:3C
2022-05-20 01:39:35,701 | MainThread   | [INFO    ] | _connect            |: Connected to C0:83:A5:6D:80:3C
2022-05-20 01:41:03,459 | MainThread   | [DEBUG   ] | __init__            |: Python Info: sys.version_info(major=3, minor=10, micro=4, releaselevel='final', serial=0)
2022-05-20 01:41:03,459 | MainThread   | [DEBUG   ] | __init__            |: System Info: macOS-12.2.1-x86_64-i386-64bit
2022-05-20 01:41:03,460 | MainThread   | [INFO    ] | _connect            |: Looking for Artemis Nano Peripheral Device: C0:83:A5:6D:80:3C
2022-05-20 01:41:08,351 | MainThread   | [INFO    ] | _connect            |: Connected to C0:83:A5:6D:80:3C
2022-05-20 01:42:58,018 | MainThread   | [INFO    ] | disconnect_handler  |: Disconnected from CDA1A256-991A-774B-DB12-7C324EDA8C53
2022-05-20 01:45:01,758 | MainThread   | [DEBUG   ] | __init__            |: Python Info: sys.version_info(major=3, minor=10, micro=4, releaselevel='final', serial=0)
2022-05-20 01:45:01,758 | MainThread   | [DEBUG   ] | __init__            |: System Info: macOS-12.2.1-x86_64-i386-64bit
2022-05-20 01:45:01,760 | MainThread   | [INFO    ] | _connect            |: Looking for Artemis Nano Peripheral Device: C0:83:A5:6D:80:3C
2022-05-20 01:45:04,598 | MainThread   | [INFO    ] | _connect            |: Connected to C0:83:A5:6D:80:3C
2022-05-20 01:48:04,291 | MainThread   | [INFO    ] | disconnect_handler  |: Disconnected from CDA1A256-991A-774B-DB12-7C324EDA8C53
2022-05-20 01:48:18,614 | MainThread   | [INFO    ] | _connect            |: Looking for Artemis Nano Peripheral Device: C0:83:A5:6D:80:3C
2022-05-20 01:48:21,438 | MainThread   | [INFO    ] | _connect            |: Connected to C0:83:A5:6D:80:3C
2022-05-20 01:50:40,500 | MainThread   | [INFO    ] | disconnect_handler  |: Disconnected from CDA1A256-991A-774B-DB12-7C324EDA8C53
2022-05-20 01:51:28,509 | MainThread   | [INFO    ] | _connect            |: Looking for Artemis Nano Peripheral Device: C0:83:A5:6D:80:3C
2022-05-20 01:51:31,327 | MainThread   | [INFO    ] | _connect            |: Connected to C0:83:A5:6D:80:3C
2022-05-20 01:52:56,589 | MainThread   | [INFO    ] | disconnect_handler  |: Disconnected from CDA1A256-991A-774B-DB12-7C324EDA8C53
2022-05-20 01:53:07,885 | MainThread   | [INFO    ] | _connect            |: Looking for Artemis Nano Peripheral Device: C0:83:A5:6D:80:3C
2022-05-20 01:53:10,876 | MainThread   | [INFO    ] | _connect            |: Connected to C0:83:A5:6D:80:3C
2022-05-20 02:01:00,600 | MainThread   | [INFO    ] | _connect            |: Already connected to a BLE device
2022-05-20 02:08:42,373 | MainThread   | [DEBUG   ] | __init__            |: Python Info: sys.version_info(major=3, minor=10, micro=4, releaselevel='final', serial=0)
2022-05-20 02:08:42,374 | MainThread   | [DEBUG   ] | __init__            |: System Info: macOS-12.2.1-x86_64-i386-64bit
2022-05-20 02:08:42,374 | MainThread   | [INFO    ] | _connect            |: Looking for Artemis Nano Peripheral Device: C0:83:A5:6D:80:3C
2022-05-20 02:08:45,212 | MainThread   | [INFO    ] | _connect            |: Connected to C0:83:A5:6D:80:3C
2022-05-20 02:12:10,477 | MainThread   | [DEBUG   ] | __init__            |: Python Info: sys.version_info(major=3, minor=10, micro=4, releaselevel='final', serial=0)
2022-05-20 02:12:10,478 | MainThread   | [DEBUG   ] | __init__            |: System Info: macOS-12.2.1-x86_64-i386-64bit
2022-05-20 02:12:10,478 | MainThread   | [INFO    ] | _connect            |: Looking for Artemis Nano Peripheral Device: C0:83:A5:6D:80:3C
2022-05-20 02:12:13,449 | MainThread   | [INFO    ] | _connect            |: Connected to C0:83:A5:6D:80:3C
2022-05-20 02:13:56,269 | MainThread   | [DEBUG   ] | __init__            |: Python Info: sys.version_info(major=3, minor=10, micro=4, releaselevel='final', serial=0)
2022-05-20 02:13:56,270 | MainThread   | [DEBUG   ] | __init__            |: System Info: macOS-12.2.1-x86_64-i386-64bit
2022-05-20 02:13:56,270 | MainThread   | [INFO    ] | _connect            |: Looking for Artemis Nano Peripheral Device: C0:83:A5:6D:80:3C
2022-05-20 02:13:59,165 | MainThread   | [INFO    ] | _connect            |: Connected to C0:83:A5:6D:80:3C
2022-05-20 02:18:23,850 | MainThread   | [INFO    ] | _connect            |: Already connected to a BLE device
2022-05-20 02:19:06,599 | MainThread   | [INFO    ] | _connect            |: Already connected to a BLE device
2022-05-20 02:20:32,133 | MainThread   | [DEBUG   ] | __init__            |: Python Info: sys.version_info(major=3, minor=10, micro=4, releaselevel='final', serial=0)
2022-05-20 02:20:32,133 | MainThread   | [DEBUG   ] | __init__            |: System Info: macOS-12.2.1-x86_64-i386-64bit
2022-05-20 02:20:32,134 | MainThread   | [INFO    ] | _connect            |: Looking for Artemis Nano Peripheral Device: C0:83:A5:6D:80:3C
2022-05-20 02:20:34,996 | MainThread   | [INFO    ] | _connect            |: Connected to C0:83:A5:6D:80:3C
2022-05-20 02:22:58,254 | MainThread   | [INFO    ] | _connect            |: Already connected to a BLE device
2022-05-20 02:24:57,465 | MainThread   | [DEBUG   ] | __init__            |: Python Info: sys.version_info(major=3, minor=10, micro=4, releaselevel='final', serial=0)
2022-05-20 02:24:57,466 | MainThread   | [DEBUG   ] | __init__            |: System Info: macOS-12.2.1-x86_64-i386-64bit
2022-05-20 02:24:57,466 | MainThread   | [INFO    ] | _connect            |: Looking for Artemis Nano Peripheral Device: C0:83:A5:6D:80:3C
2022-05-20 02:25:00,399 | MainThread   | [INFO    ] | _connect            |: Connected to C0:83:A5:6D:80:3C
2022-05-20 02:28:07,876 | MainThread   | [INFO    ] | _connect            |: Already connected to a BLE device
2022-05-20 02:29:25,463 | MainThread   | [DEBUG   ] | __init__            |: Python Info: sys.version_info(major=3, minor=10, micro=4, releaselevel='final', serial=0)
2022-05-20 02:29:25,463 | MainThread   | [DEBUG   ] | __init__            |: System Info: macOS-12.2.1-x86_64-i386-64bit
2022-05-20 02:29:25,463 | MainThread   | [INFO    ] | _connect            |: Looking for Artemis Nano Peripheral Device: C0:83:A5:6D:80:3C
2022-05-20 02:29:28,432 | MainThread   | [INFO    ] | _connect            |: Connected to C0:83:A5:6D:80:3C
2022-05-20 02:36:24,596 | MainThread   | [INFO    ] | _connect            |: Already connected to a BLE device
2022-05-20 02:37:27,359 | MainThread   | [DEBUG   ] | __init__            |: Python Info: sys.version_info(major=3, minor=10, micro=4, releaselevel='final', serial=0)
2022-05-20 02:37:27,360 | MainThread   | [DEBUG   ] | __init__            |: System Info: macOS-12.2.1-x86_64-i386-64bit
2022-05-20 02:37:27,362 | MainThread   | [INFO    ] | _connect            |: Looking for Artemis Nano Peripheral Device: C0:83:A5:6D:80:3C
2022-05-20 02:37:30,367 | MainThread   | [INFO    ] | _connect            |: Connected to C0:83:A5:6D:80:3C
2022-05-20 02:38:55,654 | MainThread   | [DEBUG   ] | __init__            |: Python Info: sys.version_info(major=3, minor=10, micro=4, releaselevel='final', serial=0)
2022-05-20 02:38:55,655 | MainThread   | [DEBUG   ] | __init__            |: System Info: macOS-12.2.1-x86_64-i386-64bit
2022-05-20 02:38:55,657 | MainThread   | [INFO    ] | _connect            |: Looking for Artemis Nano Peripheral Device: C0:83:A5:6D:80:3C
2022-05-20 02:38:58,486 | MainThread   | [INFO    ] | _connect            |: Connected to C0:83:A5:6D:80:3C
2022-05-20 02:40:14,242 | MainThread   | [INFO    ] | _connect            |: Already connected to a BLE device
2022-05-20 02:45:50,259 | MainThread   | [DEBUG   ] | __init__            |: Python Info: sys.version_info(major=3, minor=10, micro=4, releaselevel='final', serial=0)
2022-05-20 02:45:50,260 | MainThread   | [DEBUG   ] | __init__            |: System Info: macOS-12.2.1-x86_64-i386-64bit
2022-05-20 02:45:50,260 | MainThread   | [INFO    ] | _connect            |: Looking for Artemis Nano Peripheral Device: C0:83:A5:6D:80:3C
2022-05-20 02:45:53,044 | MainThread   | [INFO    ] | _connect            |: Connected to C0:83:A5:6D:80:3C
2022-05-20 02:47:12,998 | MainThread   | [INFO    ] | disconnect_handler  |: Disconnected from CDA1A256-991A-774B-DB12-7C324EDA8C53
2022-05-20 02:47:27,586 | MainThread   | [DEBUG   ] | __init__            |: Python Info: sys.version_info(major=3, minor=10, micro=4, releaselevel='final', serial=0)
2022-05-20 02:47:27,587 | MainThread   | [DEBUG   ] | __init__            |: System Info: macOS-12.2.1-x86_64-i386-64bit
2022-05-20 02:47:27,587 | MainThread   | [INFO    ] | _connect            |: Looking for Artemis Nano Peripheral Device: C0:83:A5:6D:80:3C
2022-05-20 02:47:30,535 | MainThread   | [INFO    ] | _connect            |: Connected to C0:83:A5:6D:80:3C
2022-05-20 02:47:47,450 | MainThread   | [INFO    ] | disconnect_handler  |: Disconnected from CDA1A256-991A-774B-DB12-7C324EDA8C53
2022-05-20 02:47:59,751 | MainThread   | [INFO    ] | _connect            |: Looking for Artemis Nano Peripheral Device: C0:83:A5:6D:80:3C
2022-05-20 02:48:02,768 | MainThread   | [INFO    ] | _connect            |: Connected to C0:83:A5:6D:80:3C
2022-05-20 02:48:08,747 | MainThread   | [INFO    ] | disconnect_handler  |: Disconnected from CDA1A256-991A-774B-DB12-7C324EDA8C53
2022-05-20 02:48:14,602 | MainThread   | [INFO    ] | _connect            |: Looking for Artemis Nano Peripheral Device: C0:83:A5:6D:80:3C
2022-05-20 02:48:17,296 | MainThread   | [INFO    ] | _connect            |: Connected to C0:83:A5:6D:80:3C
2022-05-20 02:53:04,913 | MainThread   | [INFO    ] | disconnect_handler  |: Disconnected from CDA1A256-991A-774B-DB12-7C324EDA8C53
2022-05-20 02:53:38,396 | MainThread   | [DEBUG   ] | __init__            |: Python Info: sys.version_info(major=3, minor=10, micro=4, releaselevel='final', serial=0)
2022-05-20 02:53:38,397 | MainThread   | [DEBUG   ] | __init__            |: System Info: macOS-12.2.1-x86_64-i386-64bit
2022-05-20 02:53:38,397 | MainThread   | [INFO    ] | _connect            |: Looking for Artemis Nano Peripheral Device: C0:83:A5:6D:80:3C
2022-05-20 02:53:41,414 | MainThread   | [INFO    ] | _connect            |: Connected to C0:83:A5:6D:80:3C
2022-05-20 03:18:26,876 | MainThread   | [DEBUG   ] | __init__            |: Python Info: sys.version_info(major=3, minor=10, micro=4, releaselevel='final', serial=0)
2022-05-20 03:18:26,877 | MainThread   | [DEBUG   ] | __init__            |: System Info: macOS-12.2.1-x86_64-i386-64bit
2022-05-20 03:18:26,877 | MainThread   | [INFO    ] | _connect            |: Looking for Artemis Nano Peripheral Device: C0:83:A5:6D:80:3C
2022-05-20 03:18:29,595 | MainThread   | [INFO    ] | _connect            |: Connected to C0:83:A5:6D:80:3C
2022-05-20 03:22:59,822 | MainThread   | [INFO    ] | _connect            |: Already connected to a BLE device
2022-05-20 03:24:44,703 | MainThread   | [DEBUG   ] | __init__            |: Python Info: sys.version_info(major=3, minor=10, micro=4, releaselevel='final', serial=0)
2022-05-20 03:24:44,703 | MainThread   | [DEBUG   ] | __init__            |: System Info: macOS-12.2.1-x86_64-i386-64bit
2022-05-20 03:24:44,706 | MainThread   | [INFO    ] | _connect            |: Looking for Artemis Nano Peripheral Device: C0:83:A5:6D:80:3C
2022-05-20 03:24:47,711 | MainThread   | [INFO    ] | _connect            |: Connected to C0:83:A5:6D:80:3C
2022-05-20 03:25:50,833 | MainThread   | [INFO    ] | disconnect_handler  |: Disconnected from CDA1A256-991A-774B-DB12-7C324EDA8C53
2022-05-20 03:26:46,593 | MainThread   | [INFO    ] | _connect            |: Looking for Artemis Nano Peripheral Device: C0:83:A5:6D:80:3C
2022-05-20 03:26:49,668 | MainThread   | [INFO    ] | _connect            |: Connected to C0:83:A5:6D:80:3C
2022-05-20 03:27:39,846 | MainThread   | [INFO    ] | disconnect_handler  |: Disconnected from CDA1A256-991A-774B-DB12-7C324EDA8C53
2022-05-20 03:30:20,860 | MainThread   | [DEBUG   ] | __init__            |: Python Info: sys.version_info(major=3, minor=10, micro=4, releaselevel='final', serial=0)
2022-05-20 03:30:20,860 | MainThread   | [DEBUG   ] | __init__            |: System Info: macOS-12.2.1-x86_64-i386-64bit
2022-05-20 03:30:20,861 | MainThread   | [INFO    ] | _connect            |: Looking for Artemis Nano Peripheral Device: C0:83:A5:6D:80:3C
2022-05-20 03:30:23,616 | MainThread   | [INFO    ] | _connect            |: Connected to C0:83:A5:6D:80:3C
2022-05-20 03:31:43,420 | MainThread   | [INFO    ] | disconnect_handler  |: Disconnected from CDA1A256-991A-774B-DB12-7C324EDA8C53
2022-05-20 03:33:38,231 | MainThread   | [DEBUG   ] | __init__            |: Python Info: sys.version_info(major=3, minor=10, micro=4, releaselevel='final', serial=0)
2022-05-20 03:33:38,231 | MainThread   | [DEBUG   ] | __init__            |: System Info: macOS-12.2.1-x86_64-i386-64bit
2022-05-20 03:33:38,231 | MainThread   | [INFO    ] | _connect            |: Looking for Artemis Nano Peripheral Device: C0:83:A5:6D:80:3C
2022-05-20 03:33:41,018 | MainThread   | [INFO    ] | _connect            |: Connected to C0:83:A5:6D:80:3C
2022-05-20 03:34:29,724 | MainThread   | [INFO    ] | disconnect_handler  |: Disconnected from CDA1A256-991A-774B-DB12-7C324EDA8C53
2022-05-20 03:34:43,958 | MainThread   | [DEBUG   ] | __init__            |: Python Info: sys.version_info(major=3, minor=10, micro=4, releaselevel='final', serial=0)
2022-05-20 03:34:43,960 | MainThread   | [DEBUG   ] | __init__            |: System Info: macOS-12.2.1-x86_64-i386-64bit
2022-05-20 03:34:43,962 | MainThread   | [INFO    ] | _connect            |: Looking for Artemis Nano Peripheral Device: C0:83:A5:6D:80:3C
2022-05-20 03:34:46,875 | MainThread   | [INFO    ] | _connect            |: Connected to C0:83:A5:6D:80:3C
2022-05-20 03:36:26,043 | MainThread   | [DEBUG   ] | __init__            |: Python Info: sys.version_info(major=3, minor=10, micro=4, releaselevel='final', serial=0)
2022-05-20 03:36:26,044 | MainThread   | [DEBUG   ] | __init__            |: System Info: macOS-12.2.1-x86_64-i386-64bit
2022-05-20 03:36:26,044 | MainThread   | [INFO    ] | _connect            |: Looking for Artemis Nano Peripheral Device: C0:83:A5:6D:80:3C
2022-05-20 03:36:41,228 | MainThread   | [INFO    ] | _connect            |: Looking for Artemis Nano Peripheral Device: C0:83:A5:6D:80:3C
2022-05-20 03:36:56,374 | MainThread   | [INFO    ] | disconnect_handler  |: Disconnected from CDA1A256-991A-774B-DB12-7C324EDA8C53
2022-05-20 03:37:02,661 | MainThread   | [INFO    ] | _connect            |: Looking for Artemis Nano Peripheral Device: C0:83:A5:6D:80:3C
2022-05-20 03:37:05,405 | MainThread   | [INFO    ] | _connect            |: Connected to C0:83:A5:6D:80:3C
2022-05-20 03:38:04,838 | MainThread   | [INFO    ] | disconnect_handler  |: Disconnected from CDA1A256-991A-774B-DB12-7C324EDA8C53
2022-05-20 03:39:48,829 | MainThread   | [INFO    ] | _connect            |: Looking for Artemis Nano Peripheral Device: C0:83:A5:6D:80:3C
2022-05-20 03:39:51,700 | MainThread   | [INFO    ] | _connect            |: Connected to C0:83:A5:6D:80:3C
2022-05-20 03:43:16,640 | MainThread   | [INFO    ] | _connect            |: Already connected to a BLE device
2022-05-20 03:45:10,424 | MainThread   | [DEBUG   ] | __init__            |: Python Info: sys.version_info(major=3, minor=10, micro=4, releaselevel='final', serial=0)
2022-05-20 03:45:10,424 | MainThread   | [DEBUG   ] | __init__            |: System Info: macOS-12.2.1-x86_64-i386-64bit
2022-05-20 03:45:10,425 | MainThread   | [INFO    ] | _connect            |: Looking for Artemis Nano Peripheral Device: C0:83:A5:6D:80:3C
2022-05-20 03:45:13,189 | MainThread   | [INFO    ] | _connect            |: Connected to C0:83:A5:6D:80:3C
2022-05-20 03:52:22,064 | MainThread   | [DEBUG   ] | __init__            |: Python Info: sys.version_info(major=3, minor=10, micro=4, releaselevel='final', serial=0)
2022-05-20 03:52:22,065 | MainThread   | [DEBUG   ] | __init__            |: System Info: macOS-12.2.1-x86_64-i386-64bit
2022-05-20 03:52:22,065 | MainThread   | [INFO    ] | _connect            |: Looking for Artemis Nano Peripheral Device: C0:83:A5:6D:80:3C
2022-05-20 03:52:24,837 | MainThread   | [INFO    ] | _connect            |: Connected to C0:83:A5:6D:80:3C
2022-05-20 03:53:11,545 | MainThread   | [INFO    ] | disconnect_handler  |: Disconnected from CDA1A256-991A-774B-DB12-7C324EDA8C53
2022-05-20 03:54:50,549 | MainThread   | [INFO    ] | _connect            |: Looking for Artemis Nano Peripheral Device: C0:83:A5:6D:80:3C
2022-05-20 03:54:53,393 | MainThread   | [INFO    ] | _connect            |: Connected to C0:83:A5:6D:80:3C
2022-05-20 03:55:43,495 | MainThread   | [INFO    ] | disconnect_handler  |: Disconnected from CDA1A256-991A-774B-DB12-7C324EDA8C53
2022-05-20 03:57:40,945 | MainThread   | [INFO    ] | _connect            |: Looking for Artemis Nano Peripheral Device: C0:83:A5:6D:80:3C
2022-05-20 03:57:43,666 | MainThread   | [INFO    ] | _connect            |: Connected to C0:83:A5:6D:80:3C
2022-05-20 03:58:27,079 | MainThread   | [INFO    ] | disconnect_handler  |: Disconnected from CDA1A256-991A-774B-DB12-7C324EDA8C53
2022-05-20 03:59:46,562 | MainThread   | [INFO    ] | _connect            |: Looking for Artemis Nano Peripheral Device: C0:83:A5:6D:80:3C
2022-05-20 03:59:49,512 | MainThread   | [INFO    ] | _connect            |: Connected to C0:83:A5:6D:80:3C
2022-05-20 04:02:56,872 | MainThread   | [DEBUG   ] | __init__            |: Python Info: sys.version_info(major=3, minor=10, micro=4, releaselevel='final', serial=0)
2022-05-20 04:02:56,873 | MainThread   | [DEBUG   ] | __init__            |: System Info: macOS-12.2.1-x86_64-i386-64bit
2022-05-20 04:02:56,873 | MainThread   | [INFO    ] | _connect            |: Looking for Artemis Nano Peripheral Device: C0:83:A5:6D:80:3C
2022-05-20 04:02:59,692 | MainThread   | [INFO    ] | _connect            |: Connected to C0:83:A5:6D:80:3C
2022-05-20 04:08:17,156 | MainThread   | [INFO    ] | disconnect_handler  |: Disconnected from CDA1A256-991A-774B-DB12-7C324EDA8C53
2022-05-20 04:08:26,613 | MainThread   | [INFO    ] | _connect            |: Looking for Artemis Nano Peripheral Device: C0:83:A5:6D:80:3C
2022-05-20 04:08:29,621 | MainThread   | [INFO    ] | _connect            |: Connected to C0:83:A5:6D:80:3C
2022-05-20 04:09:25,551 | MainThread   | [DEBUG   ] | __init__            |: Python Info: sys.version_info(major=3, minor=10, micro=4, releaselevel='final', serial=0)
2022-05-20 04:09:25,551 | MainThread   | [DEBUG   ] | __init__            |: System Info: macOS-12.2.1-x86_64-i386-64bit
2022-05-20 04:09:25,551 | MainThread   | [INFO    ] | _connect            |: Looking for Artemis Nano Peripheral Device: C0:83:A5:6D:80:3C
2022-05-20 04:09:28,251 | MainThread   | [INFO    ] | _connect            |: Connected to C0:83:A5:6D:80:3C
2022-05-20 04:15:57,701 | MainThread   | [DEBUG   ] | __init__            |: Python Info: sys.version_info(major=3, minor=10, micro=4, releaselevel='final', serial=0)
2022-05-20 04:15:57,701 | MainThread   | [DEBUG   ] | __init__            |: System Info: macOS-12.2.1-x86_64-i386-64bit
2022-05-20 04:15:57,702 | MainThread   | [INFO    ] | _connect            |: Looking for Artemis Nano Peripheral Device: C0:83:A5:6D:80:3C
2022-05-20 04:16:00,734 | MainThread   | [ERROR   ] | _connect            |: disconnected
2022-05-20 04:16:01,740 | MainThread   | [WARNING ] | connect             |: Attempting to connect again...
2022-05-20 04:16:01,741 | MainThread   | [INFO    ] | _connect            |: Looking for Artemis Nano Peripheral Device: C0:83:A5:6D:80:3C
2022-05-20 04:16:04,516 | MainThread   | [INFO    ] | _connect            |: Connected to C0:83:A5:6D:80:3C
2022-05-20 04:18:11,183 | MainThread   | [DEBUG   ] | __init__            |: Python Info: sys.version_info(major=3, minor=10, micro=4, releaselevel='final', serial=0)
2022-05-20 04:18:11,183 | MainThread   | [DEBUG   ] | __init__            |: System Info: macOS-12.2.1-x86_64-i386-64bit
2022-05-20 04:18:11,184 | MainThread   | [INFO    ] | _connect            |: Looking for Artemis Nano Peripheral Device: C0:83:A5:6D:80:3C
2022-05-20 04:18:13,942 | MainThread   | [INFO    ] | _connect            |: Connected to C0:83:A5:6D:80:3C
2022-05-20 04:18:35,949 | MainThread   | [INFO    ] | disconnect_handler  |: Disconnected from CDA1A256-991A-774B-DB12-7C324EDA8C53
2022-05-20 04:18:45,674 | MainThread   | [INFO    ] | _connect            |: Looking for Artemis Nano Peripheral Device: C0:83:A5:6D:80:3C
2022-05-20 04:18:48,585 | MainThread   | [INFO    ] | _connect            |: Connected to C0:83:A5:6D:80:3C
2022-05-20 04:19:01,383 | MainThread   | [INFO    ] | disconnect_handler  |: Disconnected from CDA1A256-991A-774B-DB12-7C324EDA8C53
2022-05-20 04:19:40,570 | MainThread   | [INFO    ] | _connect            |: Looking for Artemis Nano Peripheral Device: C0:83:A5:6D:80:3C
2022-05-20 04:19:43,338 | MainThread   | [INFO    ] | _connect            |: Connected to C0:83:A5:6D:80:3C
2022-05-20 04:19:56,630 | MainThread   | [INFO    ] | disconnect_handler  |: Disconnected from CDA1A256-991A-774B-DB12-7C324EDA8C53
2022-05-20 04:20:47,834 | MainThread   | [DEBUG   ] | __init__            |: Python Info: sys.version_info(major=3, minor=10, micro=4, releaselevel='final', serial=0)
2022-05-20 04:20:47,834 | MainThread   | [DEBUG   ] | __init__            |: System Info: macOS-12.2.1-x86_64-i386-64bit
2022-05-20 04:20:47,835 | MainThread   | [INFO    ] | _connect            |: Looking for Artemis Nano Peripheral Device: C0:83:A5:6D:80:3C
2022-05-20 04:20:50,685 | MainThread   | [INFO    ] | _connect            |: Connected to C0:83:A5:6D:80:3C
2022-05-20 14:57:33,021 | MainThread   | [INFO    ] | exit_handler        |: Exiting...
2022-05-20 14:57:33,046 | MainThread   | [WARNING ] | exit_handler        |: Could not disconnect before exiting
2022-05-20 14:57:33,049 | MainThread   | [WARNING ] | exit_handler        |: Not connected to a BLE device
