2022-05-02 18:06:09,452 | MainThread   | [INFO    ] | print_update_stats  |: Bel_bar prob at index = 0.008176784300177938
2022-05-02 18:06:09,457 | MainThread   | [INFO    ] | print_update_stats  |: GT            : (1.332, 0.849, 4110.892)
2022-05-02 18:06:09,464 | MainThread   | [INFO    ] | print_update_stats  |: Belief        : (1.219, 0.914, 150.000)
2022-05-02 18:06:09,469 | MainThread   | [INFO    ] | print_update_stats  |: POS ERROR     : (0.113, -0.065, 3960.892)
2022-05-02 18:06:09,471 | MainThread   | [INFO    ] | print_update_stats  |: ---------- UPDATE STATS -----------
2022-05-02 18:06:12,689 | MainThread   | [INFO    ] | print_prediction_stats|: ---------- PREDICTION STATS -----------
2022-05-02 18:06:12,708 | MainThread   | [INFO    ] | print_prediction_stats|: GT index         : (7, 6, 3)
2022-05-02 18:06:12,709 | MainThread   | [INFO    ] | print_prediction_stats|: Prior Bel index  : (7, 7, 5) with prob = 0.1082851
2022-05-02 18:06:12,710 | MainThread   | [INFO    ] | print_prediction_stats|: POS ERROR        : (-0.178, -0.065, 4278.753)
2022-05-02 18:06:12,714 | MainThread   | [INFO    ] | print_prediction_stats|: ---------- PREDICTION STATS -----------
2022-05-02 18:06:15,630 | MainThread   | [INFO    ] | print_update_stats  |: ---------- UPDATE STATS -----------
2022-05-02 18:06:15,635 | MainThread   | [INFO    ] | print_update_stats  |: GT index      : (7, 6, 3)
2022-05-02 18:06:15,639 | MainThread   | [INFO    ] | print_update_stats  |: Bel index     : (7, 7, 3) with prob = 1.0
2022-05-02 18:06:15,643 | MainThread   | [INFO    ] | print_update_stats  |: Bel_bar prob at index = 0.004834086872465232
2022-05-02 18:06:15,647 | MainThread   | [INFO    ] | print_update_stats  |: GT            : (0.432, 0.849, 4568.754)
2022-05-02 18:06:15,655 | MainThread   | [INFO    ] | print_update_stats  |: Belief        : (0.610, 0.914, -110.000)
2022-05-02 18:06:15,659 | MainThread   | [INFO    ] | print_update_stats  |: POS ERROR     : (-0.178, -0.065, 4678.754)
2022-05-02 18:06:15,664 | MainThread   | [INFO    ] | print_update_stats  |: ---------- UPDATE STATS -----------
2022-05-02 18:06:17,781 | MainThread   | [INFO    ] | print_prediction_stats|: ---------- PREDICTION STATS -----------
2022-05-02 18:06:17,790 | MainThread   | [INFO    ] | print_prediction_stats|: GT index         : (6, 4, 5)
2022-05-02 18:06:17,791 | MainThread   | [INFO    ] | print_prediction_stats|: Prior Bel index  : (8, 5, 5) with prob = 0.0873130
2022-05-02 18:06:17,794 | MainThread   | [INFO    ] | print_prediction_stats|: POS ERROR        : (-0.722, -0.071, 4684.600)
2022-05-02 18:06:17,798 | MainThread   | [INFO    ] | print_prediction_stats|: ---------- PREDICTION STATS -----------
2022-05-02 18:06:20,711 | MainThread   | [INFO    ] | print_update_stats  |: ---------- UPDATE STATS -----------
2022-05-02 18:06:20,718 | MainThread   | [INFO    ] | print_update_stats  |: GT index      : (6, 4, 5)
2022-05-02 18:06:20,719 | MainThread   | [INFO    ] | print_update_stats  |: Bel index     : (6, 5, 5) with prob = 1.0
2022-05-02 18:06:20,727 | MainThread   | [INFO    ] | print_update_stats  |: Bel_bar prob at index = 4.849068477379012e-08
2022-05-02 18:06:20,734 | MainThread   | [INFO    ] | print_update_stats  |: GT            : (0.193, 0.233, 4974.600)
2022-05-02 18:06:20,739 | MainThread   | [INFO    ] | print_update_stats  |: Belief        : (0.305, 0.305, -70.000)
2022-05-02 18:06:20,742 | MainThread   | [INFO    ] | print_update_stats  |: POS ERROR     : (-0.112, -0.071, 5044.600)
2022-05-02 18:06:20,751 | MainThread   | [INFO    ] | print_update_stats  |: ---------- UPDATE STATS -----------
2022-05-02 18:06:22,909 | MainThread   | [INFO    ] | print_prediction_stats|: ---------- PREDICTION STATS -----------
2022-05-02 18:06:22,924 | MainThread   | [INFO    ] | print_prediction_stats|: GT index         : (5, 3, 2)
2022-05-02 18:06:22,932 | MainThread   | [INFO    ] | print_prediction_stats|: Prior Bel index  : (4, 4, 2) with prob = 0.1232475
2022-05-02 18:06:22,948 | MainThread   | [INFO    ] | print_prediction_stats|: POS ERROR        : (0.213, -0.048, 5034.711)
2022-05-02 18:06:22,977 | MainThread   | [INFO    ] | print_prediction_stats|: ---------- PREDICTION STATS -----------
2022-05-02 18:06:25,946 | MainThread   | [INFO    ] | print_update_stats  |: ---------- UPDATE STATS -----------
2022-05-02 18:06:25,990 | MainThread   | [INFO    ] | print_update_stats  |: GT index      : (5, 3, 2)
2022-05-02 18:06:26,024 | MainThread   | [INFO    ] | print_update_stats  |: Bel index     : (5, 3, 2) with prob = 0.9999999
2022-05-02 18:06:26,026 | MainThread   | [INFO    ] | print_update_stats  |: Bel_bar prob at index = 0.0009866531876917563
2022-05-02 18:06:26,063 | MainThread   | [INFO    ] | print_update_stats  |: GT            : (-0.092, -0.048, 5264.711)
2022-05-02 18:06:26,100 | MainThread   | [INFO    ] | print_update_stats  |: Belief        : (0.000, -0.305, -130.000)
2022-05-02 18:06:26,111 | MainThread   | [INFO    ] | print_update_stats  |: POS ERROR     : (-0.092, 0.257, 5394.711)
2022-05-02 18:06:26,113 | MainThread   | [INFO    ] | print_update_stats  |: ---------- UPDATE STATS -----------
2022-05-02 18:06:29,229 | MainThread   | [INFO    ] | print_prediction_stats|: ---------- PREDICTION STATS -----------
2022-05-02 18:06:29,244 | MainThread   | [INFO    ] | print_prediction_stats|: GT index         : (4, 3, 1)
2022-05-02 18:06:29,252 | MainThread   | [INFO    ] | print_prediction_stats|: Prior Bel index  : (4, 0, 1) with prob = 0.1042703
2022-05-02 18:06:29,256 | MainThread   | [INFO    ] | print_prediction_stats|: POS ERROR        : (-0.177, 1.055, 5392.265)
2022-05-02 18:06:29,269 | MainThread   | [INFO    ] | print_prediction_stats|: ---------- PREDICTION STATS -----------
2022-05-02 18:06:32,171 | MainThread   | [INFO    ] | print_update_stats  |: ---------- UPDATE STATS -----------
2022-05-02 18:06:32,180 | MainThread   | [INFO    ] | print_update_stats  |: GT index      : (4, 3, 1)
2022-05-02 18:06:32,184 | MainThread   | [INFO    ] | print_update_stats  |: Bel index     : (4, 3, 1) with prob = 1.0
2022-05-02 18:06:32,186 | MainThread   | [INFO    ] | print_update_stats  |: Bel_bar prob at index = 2.557656246017602e-12
2022-05-02 18:06:32,190 | MainThread   | [INFO    ] | print_update_stats  |: GT            : (-0.482, -0.164, 5602.265)
2022-05-02 18:06:32,196 | MainThread   | [INFO    ] | print_update_stats  |: Belief        : (-0.305, -0.305, -150.000)
2022-05-02 18:06:32,213 | MainThread   | [INFO    ] | print_update_stats  |: POS ERROR     : (-0.177, 0.141, 5752.265)
2022-05-02 18:06:32,224 | MainThread   | [INFO    ] | print_update_stats  |: ---------- UPDATE STATS -----------
2022-05-02 18:06:35,349 | MainThread   | [INFO    ] | print_prediction_stats|: ---------- PREDICTION STATS -----------
2022-05-02 18:06:35,363 | MainThread   | [INFO    ] | print_prediction_stats|: GT index         : (3, 3, 17)
2022-05-02 18:06:35,367 | MainThread   | [INFO    ] | print_prediction_stats|: Prior Bel index  : (0, 3, 17) with prob = 0.0979129
2022-05-02 18:06:35,372 | MainThread   | [INFO    ] | print_prediction_stats|: POS ERROR        : (0.645, 0.189, 5408.865)
2022-05-02 18:06:35,376 | MainThread   | [INFO    ] | print_prediction_stats|: ---------- PREDICTION STATS -----------
2022-05-02 18:06:38,300 | MainThread   | [INFO    ] | print_update_stats  |: ---------- UPDATE STATS -----------
2022-05-02 18:06:38,312 | MainThread   | [INFO    ] | print_update_stats  |: GT index      : (3, 3, 17)
2022-05-02 18:06:38,316 | MainThread   | [INFO    ] | print_update_stats  |: Bel index     : (2, 3, 0) with prob = 1.0
2022-05-02 18:06:38,320 | MainThread   | [INFO    ] | print_update_stats  |: Bel_bar prob at index = 0.016439548928997315
2022-05-02 18:06:38,331 | MainThread   | [INFO    ] | print_update_stats  |: GT            : (-0.879, -0.116, 5938.865)
2022-05-02 18:06:38,334 | MainThread   | [INFO    ] | print_update_stats  |: Belief        : (-0.914, -0.305, -170.000)
2022-05-02 18:06:38,337 | MainThread   | [INFO    ] | print_update_stats  |: POS ERROR     : (0.036, 0.189, 6108.865)
2022-05-02 18:06:38,350 | MainThread   | [INFO    ] | print_update_stats  |: ---------- UPDATE STATS -----------
2022-05-04 15:57:58,188 | MainThread   | [INFO    ] | populate_views      |:  | Number of observations per grid cell: 18
2022-05-04 15:57:58,195 | MainThread   | [INFO    ] | populate_views      |:  | Precaching Views...
2022-05-04 15:58:02,139 | MainThread   | [INFO    ] | populate_views      |:  | Precaching Time: 3.942 secs
2022-05-04 15:58:02,139 | MainThread   | [INFO    ] | init_uniform_distribution|: Initializing beliefs with a Uniform Distribution
2022-05-04 15:58:02,141 | MainThread   | [INFO    ] | init_uniform_distribution|: Uniform Belief with each cell value: 0.00051440329218107
2022-05-04 16:09:45,698 | MainThread   | [INFO    ] | populate_views      |:  | Number of observations per grid cell: 18
2022-05-04 16:09:45,705 | MainThread   | [INFO    ] | populate_views      |:  | Precaching Views...
2022-05-04 16:09:50,502 | MainThread   | [INFO    ] | populate_views      |:  | Precaching Time: 4.796 secs
2022-05-04 16:09:50,503 | MainThread   | [INFO    ] | init_uniform_distribution|: Initializing beliefs with a Uniform Distribution
2022-05-04 16:09:50,505 | MainThread   | [INFO    ] | init_uniform_distribution|: Uniform Belief with each cell value: 0.00051440329218107
2022-05-06 22:06:53,189 | MainThread   | [INFO    ] | populate_views      |:  | Number of observations per grid cell: 18
2022-05-06 22:06:53,194 | MainThread   | [INFO    ] | populate_views      |:  | Precaching Views...
2022-05-06 22:06:57,725 | MainThread   | [INFO    ] | populate_views      |:  | Precaching Time: 4.530 secs
2022-05-06 22:06:57,726 | MainThread   | [INFO    ] | init_uniform_distribution|: Initializing beliefs with a Uniform Distribution
2022-05-06 22:06:57,728 | MainThread   | [INFO    ] | init_uniform_distribution|: Uniform Belief with each cell value: 0.00051440329218107
2022-05-06 22:07:06,559 | MainThread   | [INFO    ] | init_uniform_distribution|: Initializing beliefs with a Uniform Distribution
2022-05-06 22:07:06,561 | MainThread   | [INFO    ] | init_uniform_distribution|: Uniform Belief with each cell value: 0.00051440329218107
2022-05-06 22:09:29,440 | MainThread   | [INFO    ] | init_uniform_distribution|: Initializing beliefs with a Uniform Distribution
2022-05-06 22:09:29,446 | MainThread   | [INFO    ] | init_uniform_distribution|: Uniform Belief with each cell value: 0.00051440329218107
2022-05-06 22:09:39,419 | MainThread   | [INFO    ] | populate_views      |:  | Number of observations per grid cell: 18
2022-05-06 22:09:39,420 | MainThread   | [INFO    ] | populate_views      |:  | Precaching Views...
2022-05-06 22:09:44,390 | MainThread   | [INFO    ] | populate_views      |:  | Precaching Time: 4.969 secs
2022-05-06 22:09:44,391 | MainThread   | [INFO    ] | init_uniform_distribution|: Initializing beliefs with a Uniform Distribution
2022-05-06 22:09:44,392 | MainThread   | [INFO    ] | init_uniform_distribution|: Uniform Belief with each cell value: 0.00051440329218107
2022-05-06 22:09:48,050 | MainThread   | [INFO    ] | init_uniform_distribution|: Initializing beliefs with a Uniform Distribution
2022-05-06 22:09:48,052 | MainThread   | [INFO    ] | init_uniform_distribution|: Uniform Belief with each cell value: 0.00051440329218107
2022-05-06 22:11:05,725 | MainThread   | [INFO    ] | populate_views      |:  | Number of observations per grid cell: 18
2022-05-06 22:11:05,726 | MainThread   | [INFO    ] | populate_views      |:  | Precaching Views...
2022-05-06 22:11:10,976 | MainThread   | [INFO    ] | populate_views      |:  | Precaching Time: 5.248 secs
2022-05-06 22:11:10,977 | MainThread   | [INFO    ] | init_uniform_distribution|: Initializing beliefs with a Uniform Distribution
2022-05-06 22:11:10,978 | MainThread   | [INFO    ] | init_uniform_distribution|: Uniform Belief with each cell value: 0.00051440329218107
2022-05-06 22:11:13,736 | MainThread   | [INFO    ] | init_uniform_distribution|: Initializing beliefs with a Uniform Distribution
2022-05-06 22:11:13,737 | MainThread   | [INFO    ] | init_uniform_distribution|: Uniform Belief with each cell value: 0.00051440329218107
2022-05-07 15:34:26,414 | MainThread   | [INFO    ] | populate_views      |:  | Number of observations per grid cell: 18
2022-05-07 15:34:26,421 | MainThread   | [INFO    ] | populate_views      |:  | Precaching Views...
2022-05-07 15:34:32,324 | MainThread   | [INFO    ] | populate_views      |:  | Precaching Time: 5.902 secs
2022-05-07 15:34:32,325 | MainThread   | [INFO    ] | init_uniform_distribution|: Initializing beliefs with a Uniform Distribution
2022-05-07 15:34:32,326 | MainThread   | [INFO    ] | init_uniform_distribution|: Uniform Belief with each cell value: 0.00051440329218107
2022-05-07 15:39:10,250 | MainThread   | [INFO    ] | populate_views      |:  | Number of observations per grid cell: 18
2022-05-07 15:39:10,251 | MainThread   | [INFO    ] | populate_views      |:  | Precaching Views...
2022-05-07 15:39:15,372 | MainThread   | [INFO    ] | populate_views      |:  | Precaching Time: 5.119 secs
2022-05-07 15:39:15,373 | MainThread   | [INFO    ] | init_uniform_distribution|: Initializing beliefs with a Uniform Distribution
2022-05-07 15:39:15,374 | MainThread   | [INFO    ] | init_uniform_distribution|: Uniform Belief with each cell value: 0.00051440329218107
2022-05-07 15:50:18,941 | MainThread   | [INFO    ] | populate_views      |:  | Number of observations per grid cell: 18
2022-05-07 15:50:18,943 | MainThread   | [INFO    ] | populate_views      |:  | Precaching Views...
2022-05-07 15:50:23,731 | MainThread   | [INFO    ] | populate_views      |:  | Precaching Time: 4.786 secs
2022-05-07 15:50:23,731 | MainThread   | [INFO    ] | init_uniform_distribution|: Initializing beliefs with a Uniform Distribution
2022-05-07 15:50:23,732 | MainThread   | [INFO    ] | init_uniform_distribution|: Uniform Belief with each cell value: 0.00051440329218107
2022-05-07 15:50:29,414 | MainThread   | [INFO    ] | init_uniform_distribution|: Initializing beliefs with a Uniform Distribution
2022-05-07 15:50:29,415 | MainThread   | [INFO    ] | init_uniform_distribution|: Uniform Belief with each cell value: 0.00051440329218107
2022-05-07 15:52:20,730 | MainThread   | [INFO    ] | populate_views      |:  | Number of observations per grid cell: 18
2022-05-07 15:52:20,732 | MainThread   | [INFO    ] | populate_views      |:  | Precaching Views...
2022-05-07 15:52:26,584 | MainThread   | [INFO    ] | populate_views      |:  | Precaching Time: 5.851 secs
2022-05-07 15:52:26,591 | MainThread   | [INFO    ] | init_uniform_distribution|: Initializing beliefs with a Uniform Distribution
2022-05-07 15:52:26,592 | MainThread   | [INFO    ] | init_uniform_distribution|: Uniform Belief with each cell value: 0.00051440329218107
2022-05-07 15:52:26,843 | MainThread   | [INFO    ] | init_uniform_distribution|: Initializing beliefs with a Uniform Distribution
2022-05-07 15:52:26,845 | MainThread   | [INFO    ] | init_uniform_distribution|: Uniform Belief with each cell value: 0.00051440329218107
2022-05-07 15:52:45,842 | MainThread   | [INFO    ] | populate_views      |:  | Number of observations per grid cell: 18
2022-05-07 15:52:45,843 | MainThread   | [INFO    ] | populate_views      |:  | Precaching Views...
2022-05-07 15:52:50,980 | MainThread   | [INFO    ] | populate_views      |:  | Precaching Time: 5.136 secs
2022-05-07 15:52:50,981 | MainThread   | [INFO    ] | init_uniform_distribution|: Initializing beliefs with a Uniform Distribution
2022-05-07 15:52:50,982 | MainThread   | [INFO    ] | init_uniform_distribution|: Uniform Belief with each cell value: 0.00051440329218107
2022-05-07 15:52:55,100 | MainThread   | [INFO    ] | init_uniform_distribution|: Initializing beliefs with a Uniform Distribution
2022-05-07 15:52:55,102 | MainThread   | [INFO    ] | init_uniform_distribution|: Uniform Belief with each cell value: 0.00051440329218107
2022-05-07 15:54:11,891 | MainThread   | [INFO    ] | init_uniform_distribution|: Initializing beliefs with a Uniform Distribution
2022-05-07 15:54:11,892 | MainThread   | [INFO    ] | init_uniform_distribution|: Uniform Belief with each cell value: 0.00051440329218107
2022-05-08 22:27:15,464 | MainThread   | [INFO    ] | populate_views      |:  | Number of observations per grid cell: 18
2022-05-08 22:27:15,465 | MainThread   | [INFO    ] | populate_views      |:  | Precaching Views...
2022-05-08 22:27:19,689 | MainThread   | [INFO    ] | populate_views      |:  | Precaching Time: 4.223 secs
2022-05-08 22:27:19,690 | MainThread   | [INFO    ] | init_uniform_distribution|: Initializing beliefs with a Uniform Distribution
2022-05-08 22:27:19,692 | MainThread   | [INFO    ] | init_uniform_distribution|: Uniform Belief with each cell value: 0.00051440329218107
2022-05-12 22:45:32,465 | MainThread   | [INFO    ] | populate_views      |:  | Number of observations per grid cell: 18
2022-05-12 22:45:32,466 | MainThread   | [INFO    ] | populate_views      |:  | Precaching Views...
2022-05-12 22:45:37,640 | MainThread   | [INFO    ] | populate_views      |:  | Precaching Time: 5.173 secs
2022-05-12 22:45:37,641 | MainThread   | [INFO    ] | init_uniform_distribution|: Initializing beliefs with a Uniform Distribution
2022-05-12 22:45:37,642 | MainThread   | [INFO    ] | init_uniform_distribution|: Uniform Belief with each cell value: 0.00051440329218107
2022-05-12 22:45:53,061 | MainThread   | [INFO    ] | populate_views      |:  | Number of observations per grid cell: 18
2022-05-12 22:45:53,062 | MainThread   | [INFO    ] | populate_views      |:  | Precaching Views...
2022-05-12 22:45:58,373 | MainThread   | [INFO    ] | populate_views      |:  | Precaching Time: 5.310 secs
2022-05-12 22:45:58,376 | MainThread   | [INFO    ] | init_uniform_distribution|: Initializing beliefs with a Uniform Distribution
2022-05-12 22:45:58,376 | MainThread   | [INFO    ] | init_uniform_distribution|: Uniform Belief with each cell value: 0.00051440329218107
2022-05-12 22:46:34,398 | MainThread   | [INFO    ] | populate_views      |:  | Number of observations per grid cell: 18
2022-05-12 22:46:34,399 | MainThread   | [INFO    ] | populate_views      |:  | Precaching Views...
2022-05-12 22:46:40,399 | MainThread   | [INFO    ] | populate_views      |:  | Precaching Time: 5.999 secs
2022-05-12 22:46:40,400 | MainThread   | [INFO    ] | init_uniform_distribution|: Initializing beliefs with a Uniform Distribution
2022-05-12 22:46:40,401 | MainThread   | [INFO    ] | init_uniform_distribution|: Uniform Belief with each cell value: 0.00051440329218107
2022-05-12 22:46:40,665 | MainThread   | [INFO    ] | init_uniform_distribution|: Initializing beliefs with a Uniform Distribution
2022-05-12 22:46:40,666 | MainThread   | [INFO    ] | init_uniform_distribution|: Uniform Belief with each cell value: 0.00051440329218107
2022-05-12 22:46:51,611 | MainThread   | [INFO    ] | populate_views      |:  | Number of observations per grid cell: 18
2022-05-12 22:46:51,612 | MainThread   | [INFO    ] | populate_views      |:  | Precaching Views...
2022-05-12 22:46:56,839 | MainThread   | [INFO    ] | populate_views      |:  | Precaching Time: 5.225 secs
2022-05-12 22:46:56,840 | MainThread   | [INFO    ] | init_uniform_distribution|: Initializing beliefs with a Uniform Distribution
2022-05-12 22:46:56,841 | MainThread   | [INFO    ] | init_uniform_distribution|: Uniform Belief with each cell value: 0.00051440329218107
2022-05-12 22:46:57,092 | MainThread   | [INFO    ] | init_uniform_distribution|: Initializing beliefs with a Uniform Distribution
2022-05-12 22:46:57,093 | MainThread   | [INFO    ] | init_uniform_distribution|: Uniform Belief with each cell value: 0.00051440329218107
2022-05-12 23:23:50,082 | MainThread   | [INFO    ] | init_uniform_distribution|: Initializing beliefs with a Uniform Distribution
2022-05-12 23:23:50,083 | MainThread   | [INFO    ] | init_uniform_distribution|: Uniform Belief with each cell value: 0.00051440329218107
2022-05-12 23:24:10,648 | MainThread   | [INFO    ] | init_uniform_distribution|: Initializing beliefs with a Uniform Distribution
2022-05-12 23:24:10,649 | MainThread   | [INFO    ] | init_uniform_distribution|: Uniform Belief with each cell value: 0.00051440329218107
2022-05-12 23:38:21,333 | MainThread   | [INFO    ] | populate_views      |:  | Number of observations per grid cell: 18
2022-05-12 23:38:21,335 | MainThread   | [INFO    ] | populate_views      |:  | Precaching Views...
2022-05-12 23:38:27,267 | MainThread   | [INFO    ] | populate_views      |:  | Precaching Time: 5.931 secs
2022-05-12 23:38:27,268 | MainThread   | [INFO    ] | init_uniform_distribution|: Initializing beliefs with a Uniform Distribution
2022-05-12 23:38:27,269 | MainThread   | [INFO    ] | init_uniform_distribution|: Uniform Belief with each cell value: 0.00051440329218107
2022-05-12 23:38:31,338 | MainThread   | [INFO    ] | populate_views      |:  | Number of observations per grid cell: 18
2022-05-12 23:38:31,339 | MainThread   | [INFO    ] | populate_views      |:  | Precaching Views...
2022-05-12 23:38:36,653 | MainThread   | [INFO    ] | populate_views      |:  | Precaching Time: 5.313 secs
2022-05-12 23:38:36,659 | MainThread   | [INFO    ] | init_uniform_distribution|: Initializing beliefs with a Uniform Distribution
2022-05-12 23:38:36,661 | MainThread   | [INFO    ] | init_uniform_distribution|: Uniform Belief with each cell value: 0.00051440329218107
2022-05-12 23:38:36,908 | MainThread   | [INFO    ] | init_uniform_distribution|: Initializing beliefs with a Uniform Distribution
2022-05-12 23:38:36,909 | MainThread   | [INFO    ] | init_uniform_distribution|: Uniform Belief with each cell value: 0.00051440329218107
2022-05-12 23:39:02,024 | MainThread   | [INFO    ] | populate_views      |:  | Number of observations per grid cell: 18
2022-05-12 23:39:02,025 | MainThread   | [INFO    ] | populate_views      |:  | Precaching Views...
2022-05-12 23:39:07,952 | MainThread   | [INFO    ] | populate_views      |:  | Precaching Time: 5.926 secs
2022-05-12 23:39:07,953 | MainThread   | [INFO    ] | init_uniform_distribution|: Initializing beliefs with a Uniform Distribution
2022-05-12 23:39:07,954 | MainThread   | [INFO    ] | init_uniform_distribution|: Uniform Belief with each cell value: 0.00051440329218107
2022-05-12 23:39:08,224 | MainThread   | [INFO    ] | init_uniform_distribution|: Initializing beliefs with a Uniform Distribution
2022-05-12 23:39:08,225 | MainThread   | [INFO    ] | init_uniform_distribution|: Uniform Belief with each cell value: 0.00051440329218107
2022-05-12 23:40:19,020 | MainThread   | [INFO    ] | populate_views      |:  | Number of observations per grid cell: 18
2022-05-12 23:40:19,024 | MainThread   | [INFO    ] | populate_views      |:  | Precaching Views...
2022-05-12 23:40:24,160 | MainThread   | [INFO    ] | populate_views      |:  | Precaching Time: 5.133 secs
2022-05-12 23:40:24,161 | MainThread   | [INFO    ] | init_uniform_distribution|: Initializing beliefs with a Uniform Distribution
2022-05-12 23:40:24,162 | MainThread   | [INFO    ] | init_uniform_distribution|: Uniform Belief with each cell value: 0.00051440329218107
2022-05-12 23:40:38,946 | MainThread   | [INFO    ] | init_uniform_distribution|: Initializing beliefs with a Uniform Distribution
2022-05-12 23:40:38,947 | MainThread   | [INFO    ] | init_uniform_distribution|: Uniform Belief with each cell value: 0.00051440329218107
2022-05-12 23:41:14,312 | MainThread   | [INFO    ] | populate_views      |:  | Number of observations per grid cell: 18
2022-05-12 23:41:14,314 | MainThread   | [INFO    ] | populate_views      |:  | Precaching Views...
2022-05-12 23:41:19,718 | MainThread   | [INFO    ] | populate_views      |:  | Precaching Time: 5.403 secs
2022-05-12 23:41:19,719 | MainThread   | [INFO    ] | init_uniform_distribution|: Initializing beliefs with a Uniform Distribution
2022-05-12 23:41:19,720 | MainThread   | [INFO    ] | init_uniform_distribution|: Uniform Belief with each cell value: 0.00051440329218107
2022-05-12 23:41:20,029 | MainThread   | [INFO    ] | init_uniform_distribution|: Initializing beliefs with a Uniform Distribution
2022-05-12 23:41:20,034 | MainThread   | [INFO    ] | init_uniform_distribution|: Uniform Belief with each cell value: 0.00051440329218107
2022-05-12 23:41:45,176 | MainThread   | [INFO    ] | populate_views      |:  | Number of observations per grid cell: 18
2022-05-12 23:41:45,178 | MainThread   | [INFO    ] | populate_views      |:  | Precaching Views...
2022-05-12 23:41:50,249 | MainThread   | [INFO    ] | populate_views      |:  | Precaching Time: 5.070 secs
2022-05-12 23:41:50,250 | MainThread   | [INFO    ] | init_uniform_distribution|: Initializing beliefs with a Uniform Distribution
2022-05-12 23:41:50,251 | MainThread   | [INFO    ] | init_uniform_distribution|: Uniform Belief with each cell value: 0.00051440329218107
2022-05-12 23:41:50,525 | MainThread   | [INFO    ] | init_uniform_distribution|: Initializing beliefs with a Uniform Distribution
2022-05-12 23:41:50,526 | MainThread   | [INFO    ] | init_uniform_distribution|: Uniform Belief with each cell value: 0.00051440329218107
2022-05-12 23:42:17,583 | MainThread   | [INFO    ] | populate_views      |:  | Number of observations per grid cell: 18
2022-05-12 23:42:17,585 | MainThread   | [INFO    ] | populate_views      |:  | Precaching Views...
2022-05-12 23:42:22,997 | MainThread   | [INFO    ] | populate_views      |:  | Precaching Time: 5.410 secs
2022-05-12 23:42:22,998 | MainThread   | [INFO    ] | init_uniform_distribution|: Initializing beliefs with a Uniform Distribution
2022-05-12 23:42:22,999 | MainThread   | [INFO    ] | init_uniform_distribution|: Uniform Belief with each cell value: 0.00051440329218107
2022-05-12 23:42:23,295 | MainThread   | [INFO    ] | init_uniform_distribution|: Initializing beliefs with a Uniform Distribution
2022-05-12 23:42:23,296 | MainThread   | [INFO    ] | init_uniform_distribution|: Uniform Belief with each cell value: 0.00051440329218107
2022-05-12 23:42:48,363 | MainThread   | [INFO    ] | populate_views      |:  | Number of observations per grid cell: 18
2022-05-12 23:42:48,364 | MainThread   | [INFO    ] | populate_views      |:  | Precaching Views...
2022-05-12 23:42:53,021 | MainThread   | [INFO    ] | populate_views      |:  | Precaching Time: 4.657 secs
2022-05-12 23:42:53,023 | MainThread   | [INFO    ] | init_uniform_distribution|: Initializing beliefs with a Uniform Distribution
2022-05-12 23:42:53,024 | MainThread   | [INFO    ] | init_uniform_distribution|: Uniform Belief with each cell value: 0.00051440329218107
2022-05-12 23:42:53,283 | MainThread   | [INFO    ] | init_uniform_distribution|: Initializing beliefs with a Uniform Distribution
2022-05-12 23:42:53,284 | MainThread   | [INFO    ] | init_uniform_distribution|: Uniform Belief with each cell value: 0.00051440329218107
2022-05-12 23:43:20,890 | MainThread   | [INFO    ] | populate_views      |:  | Number of observations per grid cell: 18
2022-05-12 23:43:20,891 | MainThread   | [INFO    ] | populate_views      |:  | Precaching Views...
2022-05-12 23:43:25,403 | MainThread   | [INFO    ] | populate_views      |:  | Precaching Time: 4.511 secs
2022-05-12 23:43:25,404 | MainThread   | [INFO    ] | init_uniform_distribution|: Initializing beliefs with a Uniform Distribution
2022-05-12 23:43:25,406 | MainThread   | [INFO    ] | init_uniform_distribution|: Uniform Belief with each cell value: 0.00051440329218107
2022-05-12 23:43:26,797 | MainThread   | [INFO    ] | init_uniform_distribution|: Initializing beliefs with a Uniform Distribution
2022-05-12 23:43:26,798 | MainThread   | [INFO    ] | init_uniform_distribution|: Uniform Belief with each cell value: 0.00051440329218107
2022-05-12 23:44:08,337 | MainThread   | [INFO    ] | populate_views      |:  | Number of observations per grid cell: 18
2022-05-12 23:44:08,339 | MainThread   | [INFO    ] | populate_views      |:  | Precaching Views...
2022-05-12 23:44:13,283 | MainThread   | [INFO    ] | populate_views      |:  | Precaching Time: 4.942 secs
2022-05-12 23:44:13,284 | MainThread   | [INFO    ] | init_uniform_distribution|: Initializing beliefs with a Uniform Distribution
2022-05-12 23:44:13,285 | MainThread   | [INFO    ] | init_uniform_distribution|: Uniform Belief with each cell value: 0.00051440329218107
2022-05-12 23:44:16,086 | MainThread   | [INFO    ] | init_uniform_distribution|: Initializing beliefs with a Uniform Distribution
2022-05-12 23:44:16,086 | MainThread   | [INFO    ] | init_uniform_distribution|: Uniform Belief with each cell value: 0.00051440329218107
2022-05-12 23:45:09,369 | MainThread   | [INFO    ] | populate_views      |:  | Number of observations per grid cell: 18
2022-05-12 23:45:09,370 | MainThread   | [INFO    ] | populate_views      |:  | Precaching Views...
2022-05-12 23:45:13,989 | MainThread   | [INFO    ] | populate_views      |:  | Precaching Time: 4.618 secs
2022-05-12 23:45:13,991 | MainThread   | [INFO    ] | init_uniform_distribution|: Initializing beliefs with a Uniform Distribution
2022-05-12 23:45:13,994 | MainThread   | [INFO    ] | init_uniform_distribution|: Uniform Belief with each cell value: 0.00051440329218107
2022-05-12 23:45:19,059 | MainThread   | [INFO    ] | init_uniform_distribution|: Initializing beliefs with a Uniform Distribution
2022-05-12 23:45:19,060 | MainThread   | [INFO    ] | init_uniform_distribution|: Uniform Belief with each cell value: 0.00051440329218107
2022-05-12 23:45:28,151 | MainThread   | [INFO    ] | populate_views      |:  | Number of observations per grid cell: 18
2022-05-12 23:45:28,153 | MainThread   | [INFO    ] | populate_views      |:  | Precaching Views...
2022-05-12 23:45:33,049 | MainThread   | [INFO    ] | populate_views      |:  | Precaching Time: 4.889 secs
2022-05-12 23:45:33,050 | MainThread   | [INFO    ] | init_uniform_distribution|: Initializing beliefs with a Uniform Distribution
2022-05-12 23:45:33,050 | MainThread   | [INFO    ] | init_uniform_distribution|: Uniform Belief with each cell value: 0.00051440329218107
2022-05-12 23:45:33,312 | MainThread   | [INFO    ] | init_uniform_distribution|: Initializing beliefs with a Uniform Distribution
2022-05-12 23:45:33,313 | MainThread   | [INFO    ] | init_uniform_distribution|: Uniform Belief with each cell value: 0.00051440329218107
2022-05-12 23:46:23,883 | MainThread   | [INFO    ] | populate_views      |:  | Number of observations per grid cell: 18
2022-05-12 23:46:23,883 | MainThread   | [INFO    ] | populate_views      |:  | Precaching Views...
2022-05-12 23:46:28,466 | MainThread   | [INFO    ] | populate_views      |:  | Precaching Time: 4.582 secs
2022-05-12 23:46:28,467 | MainThread   | [INFO    ] | init_uniform_distribution|: Initializing beliefs with a Uniform Distribution
2022-05-12 23:46:28,468 | MainThread   | [INFO    ] | init_uniform_distribution|: Uniform Belief with each cell value: 0.00051440329218107
2022-05-12 23:46:28,720 | MainThread   | [INFO    ] | init_uniform_distribution|: Initializing beliefs with a Uniform Distribution
2022-05-12 23:46:28,721 | MainThread   | [INFO    ] | init_uniform_distribution|: Uniform Belief with each cell value: 0.00051440329218107
2022-05-12 23:46:59,464 | MainThread   | [INFO    ] | populate_views      |:  | Number of observations per grid cell: 18
2022-05-12 23:46:59,467 | MainThread   | [INFO    ] | populate_views      |:  | Precaching Views...
2022-05-12 23:47:04,261 | MainThread   | [INFO    ] | populate_views      |:  | Precaching Time: 4.793 secs
2022-05-12 23:47:04,262 | MainThread   | [INFO    ] | init_uniform_distribution|: Initializing beliefs with a Uniform Distribution
2022-05-12 23:47:04,263 | MainThread   | [INFO    ] | init_uniform_distribution|: Uniform Belief with each cell value: 0.00051440329218107
2022-05-12 23:47:04,510 | MainThread   | [INFO    ] | init_uniform_distribution|: Initializing beliefs with a Uniform Distribution
2022-05-12 23:47:04,511 | MainThread   | [INFO    ] | init_uniform_distribution|: Uniform Belief with each cell value: 0.00051440329218107
2022-05-17 16:22:53,731 | MainThread   | [INFO    ] | populate_views      |:  | Number of observations per grid cell: 18
2022-05-17 16:22:53,732 | MainThread   | [INFO    ] | populate_views      |:  | Precaching Views...
2022-05-17 16:22:59,332 | MainThread   | [INFO    ] | populate_views      |:  | Precaching Time: 5.598 secs
2022-05-17 16:22:59,333 | MainThread   | [INFO    ] | init_uniform_distribution|: Initializing beliefs with a Uniform Distribution
2022-05-17 16:22:59,334 | MainThread   | [INFO    ] | init_uniform_distribution|: Uniform Belief with each cell value: 0.00051440329218107
2022-05-17 16:23:17,341 | MainThread   | [INFO    ] | init_uniform_distribution|: Initializing beliefs with a Uniform Distribution
2022-05-17 16:23:17,342 | MainThread   | [INFO    ] | init_uniform_distribution|: Uniform Belief with each cell value: 0.00051440329218107
2022-05-17 16:26:02,249 | MainThread   | [INFO    ] | populate_views      |:  | Number of observations per grid cell: 18
2022-05-17 16:26:02,250 | MainThread   | [INFO    ] | populate_views      |:  | Precaching Views...
2022-05-17 16:26:07,075 | MainThread   | [INFO    ] | populate_views      |:  | Precaching Time: 4.823 secs
2022-05-17 16:26:07,076 | MainThread   | [INFO    ] | init_uniform_distribution|: Initializing beliefs with a Uniform Distribution
2022-05-17 16:26:07,077 | MainThread   | [INFO    ] | init_uniform_distribution|: Uniform Belief with each cell value: 0.00051440329218107
2022-05-17 16:26:07,323 | MainThread   | [INFO    ] | init_uniform_distribution|: Initializing beliefs with a Uniform Distribution
2022-05-17 16:26:07,323 | MainThread   | [INFO    ] | init_uniform_distribution|: Uniform Belief with each cell value: 0.00051440329218107
2022-05-17 16:26:25,358 | MainThread   | [INFO    ] | init_uniform_distribution|: Initializing beliefs with a Uniform Distribution
2022-05-17 16:26:25,359 | MainThread   | [INFO    ] | init_uniform_distribution|: Uniform Belief with each cell value: 0.00051440329218107
2022-05-17 16:28:06,759 | MainThread   | [INFO    ] | populate_views      |:  | Number of observations per grid cell: 18
2022-05-17 16:28:06,761 | MainThread   | [INFO    ] | populate_views      |:  | Precaching Views...
2022-05-17 16:28:11,803 | MainThread   | [INFO    ] | populate_views      |:  | Precaching Time: 5.041 secs
2022-05-17 16:28:11,804 | MainThread   | [INFO    ] | init_uniform_distribution|: Initializing beliefs with a Uniform Distribution
2022-05-17 16:28:11,805 | MainThread   | [INFO    ] | init_uniform_distribution|: Uniform Belief with each cell value: 0.00051440329218107
2022-05-17 16:28:25,346 | MainThread   | [INFO    ] | init_uniform_distribution|: Initializing beliefs with a Uniform Distribution
2022-05-17 16:28:25,347 | MainThread   | [INFO    ] | init_uniform_distribution|: Uniform Belief with each cell value: 0.00051440329218107
2022-05-17 17:06:16,707 | MainThread   | [INFO    ] | init_uniform_distribution|: Initializing beliefs with a Uniform Distribution
2022-05-17 17:06:16,712 | MainThread   | [INFO    ] | init_uniform_distribution|: Uniform Belief with each cell value: 0.00051440329218107
2022-05-17 17:07:10,403 | MainThread   | [INFO    ] | populate_views      |:  | Number of observations per grid cell: 18
2022-05-17 17:07:10,404 | MainThread   | [INFO    ] | populate_views      |:  | Precaching Views...
2022-05-17 17:07:15,707 | MainThread   | [INFO    ] | populate_views      |:  | Precaching Time: 5.302 secs
2022-05-17 17:07:15,709 | MainThread   | [INFO    ] | init_uniform_distribution|: Initializing beliefs with a Uniform Distribution
2022-05-17 17:07:15,710 | MainThread   | [INFO    ] | init_uniform_distribution|: Uniform Belief with each cell value: 0.00051440329218107
2022-05-17 17:07:24,630 | MainThread   | [INFO    ] | init_uniform_distribution|: Initializing beliefs with a Uniform Distribution
2022-05-17 17:07:24,631 | MainThread   | [INFO    ] | init_uniform_distribution|: Uniform Belief with each cell value: 0.00051440329218107
2022-05-17 17:08:34,352 | MainThread   | [INFO    ] | init_uniform_distribution|: Initializing beliefs with a Uniform Distribution
2022-05-17 17:08:34,353 | MainThread   | [INFO    ] | init_uniform_distribution|: Uniform Belief with each cell value: 0.00051440329218107
2022-05-20 01:32:47,308 | MainThread   | [INFO    ] | populate_views      |:  | Number of observations per grid cell: 18
2022-05-20 01:32:47,309 | MainThread   | [INFO    ] | populate_views      |:  | Precaching Views...
2022-05-20 01:32:54,678 | MainThread   | [INFO    ] | populate_views      |:  | Precaching Time: 7.367 secs
2022-05-20 01:32:54,679 | MainThread   | [INFO    ] | init_uniform_distribution|: Initializing beliefs with a Uniform Distribution
2022-05-20 01:32:54,680 | MainThread   | [INFO    ] | init_uniform_distribution|: Uniform Belief with each cell value: 0.00051440329218107
2022-05-20 01:35:50,250 | MainThread   | [INFO    ] | populate_views      |:  | Number of observations per grid cell: 18
2022-05-20 01:35:50,251 | MainThread   | [INFO    ] | populate_views      |:  | Precaching Views...
2022-05-20 01:35:56,667 | MainThread   | [INFO    ] | populate_views      |:  | Precaching Time: 6.415 secs
2022-05-20 01:35:56,668 | MainThread   | [INFO    ] | init_uniform_distribution|: Initializing beliefs with a Uniform Distribution
2022-05-20 01:35:56,669 | MainThread   | [INFO    ] | init_uniform_distribution|: Uniform Belief with each cell value: 0.00051440329218107
2022-05-20 01:36:02,205 | MainThread   | [INFO    ] | init_uniform_distribution|: Initializing beliefs with a Uniform Distribution
2022-05-20 01:36:02,206 | MainThread   | [INFO    ] | init_uniform_distribution|: Uniform Belief with each cell value: 0.00051440329218107
2022-05-20 01:37:23,761 | MainThread   | [INFO    ] | populate_views      |:  | Number of observations per grid cell: 18
2022-05-20 01:37:23,764 | MainThread   | [INFO    ] | populate_views      |:  | Precaching Views...
2022-05-20 01:37:31,430 | MainThread   | [INFO    ] | populate_views      |:  | Precaching Time: 7.664 secs
2022-05-20 01:37:31,431 | MainThread   | [INFO    ] | init_uniform_distribution|: Initializing beliefs with a Uniform Distribution
2022-05-20 01:37:31,432 | MainThread   | [INFO    ] | init_uniform_distribution|: Uniform Belief with each cell value: 0.00051440329218107
2022-05-20 01:38:01,457 | MainThread   | [INFO    ] | init_uniform_distribution|: Initializing beliefs with a Uniform Distribution
2022-05-20 01:38:01,458 | MainThread   | [INFO    ] | init_uniform_distribution|: Uniform Belief with each cell value: 0.00051440329218107
2022-05-20 01:39:37,005 | MainThread   | [INFO    ] | populate_views      |:  | Number of observations per grid cell: 18
2022-05-20 01:39:37,012 | MainThread   | [INFO    ] | populate_views      |:  | Precaching Views...
2022-05-20 01:39:42,523 | MainThread   | [INFO    ] | populate_views      |:  | Precaching Time: 5.509 secs
2022-05-20 01:39:42,524 | MainThread   | [INFO    ] | init_uniform_distribution|: Initializing beliefs with a Uniform Distribution
2022-05-20 01:39:42,525 | MainThread   | [INFO    ] | init_uniform_distribution|: Uniform Belief with each cell value: 0.00051440329218107
2022-05-20 01:39:42,842 | MainThread   | [INFO    ] | init_uniform_distribution|: Initializing beliefs with a Uniform Distribution
2022-05-20 01:39:42,843 | MainThread   | [INFO    ] | init_uniform_distribution|: Uniform Belief with each cell value: 0.00051440329218107
2022-05-20 01:41:10,645 | MainThread   | [INFO    ] | populate_views      |:  | Number of observations per grid cell: 18
2022-05-20 01:41:10,646 | MainThread   | [INFO    ] | populate_views      |:  | Precaching Views...
2022-05-20 01:41:17,313 | MainThread   | [INFO    ] | populate_views      |:  | Precaching Time: 6.665 secs
2022-05-20 01:41:17,314 | MainThread   | [INFO    ] | init_uniform_distribution|: Initializing beliefs with a Uniform Distribution
2022-05-20 01:41:17,315 | MainThread   | [INFO    ] | init_uniform_distribution|: Uniform Belief with each cell value: 0.00051440329218107
2022-05-20 01:41:17,688 | MainThread   | [INFO    ] | init_uniform_distribution|: Initializing beliefs with a Uniform Distribution
2022-05-20 01:41:17,689 | MainThread   | [INFO    ] | init_uniform_distribution|: Uniform Belief with each cell value: 0.00051440329218107
2022-05-20 01:45:06,006 | MainThread   | [INFO    ] | populate_views      |:  | Number of observations per grid cell: 18
2022-05-20 01:45:06,007 | MainThread   | [INFO    ] | populate_views      |:  | Precaching Views...
2022-05-20 01:45:12,782 | MainThread   | [INFO    ] | populate_views      |:  | Precaching Time: 6.775 secs
2022-05-20 01:45:12,783 | MainThread   | [INFO    ] | init_uniform_distribution|: Initializing beliefs with a Uniform Distribution
2022-05-20 01:45:12,784 | MainThread   | [INFO    ] | init_uniform_distribution|: Uniform Belief with each cell value: 0.00051440329218107
2022-05-20 01:45:14,371 | MainThread   | [INFO    ] | init_uniform_distribution|: Initializing beliefs with a Uniform Distribution
2022-05-20 01:45:14,372 | MainThread   | [INFO    ] | init_uniform_distribution|: Uniform Belief with each cell value: 0.00051440329218107
2022-05-20 01:48:22,856 | MainThread   | [INFO    ] | populate_views      |:  | Number of observations per grid cell: 18
2022-05-20 01:48:22,857 | MainThread   | [INFO    ] | populate_views      |:  | Precaching Views...
2022-05-20 01:48:29,738 | MainThread   | [INFO    ] | populate_views      |:  | Precaching Time: 6.880 secs
2022-05-20 01:48:29,739 | MainThread   | [INFO    ] | init_uniform_distribution|: Initializing beliefs with a Uniform Distribution
2022-05-20 01:48:29,741 | MainThread   | [INFO    ] | init_uniform_distribution|: Uniform Belief with each cell value: 0.00051440329218107
2022-05-20 01:48:31,357 | MainThread   | [INFO    ] | init_uniform_distribution|: Initializing beliefs with a Uniform Distribution
2022-05-20 01:48:31,358 | MainThread   | [INFO    ] | init_uniform_distribution|: Uniform Belief with each cell value: 0.00051440329218107
2022-05-20 01:51:33,380 | MainThread   | [INFO    ] | populate_views      |:  | Number of observations per grid cell: 18
2022-05-20 01:51:33,387 | MainThread   | [INFO    ] | populate_views      |:  | Precaching Views...
2022-05-20 01:51:40,933 | MainThread   | [INFO    ] | populate_views      |:  | Precaching Time: 7.544 secs
2022-05-20 01:51:40,936 | MainThread   | [INFO    ] | init_uniform_distribution|: Initializing beliefs with a Uniform Distribution
2022-05-20 01:51:40,938 | MainThread   | [INFO    ] | init_uniform_distribution|: Uniform Belief with each cell value: 0.00051440329218107
2022-05-20 01:51:44,663 | MainThread   | [INFO    ] | init_uniform_distribution|: Initializing beliefs with a Uniform Distribution
2022-05-20 01:51:44,665 | MainThread   | [INFO    ] | init_uniform_distribution|: Uniform Belief with each cell value: 0.00051440329218107
2022-05-20 01:53:14,115 | MainThread   | [INFO    ] | populate_views      |:  | Number of observations per grid cell: 18
2022-05-20 01:53:14,116 | MainThread   | [INFO    ] | populate_views      |:  | Precaching Views...
2022-05-20 01:53:18,978 | MainThread   | [INFO    ] | populate_views      |:  | Precaching Time: 4.862 secs
2022-05-20 01:53:18,979 | MainThread   | [INFO    ] | init_uniform_distribution|: Initializing beliefs with a Uniform Distribution
2022-05-20 01:53:18,981 | MainThread   | [INFO    ] | init_uniform_distribution|: Uniform Belief with each cell value: 0.00051440329218107
2022-05-20 02:01:22,181 | MainThread   | [INFO    ] | init_uniform_distribution|: Initializing beliefs with a Uniform Distribution
2022-05-20 02:01:22,183 | MainThread   | [INFO    ] | init_uniform_distribution|: Uniform Belief with each cell value: 0.00051440329218107
2022-05-20 02:03:13,680 | MainThread   | [INFO    ] | init_uniform_distribution|: Initializing beliefs with a Uniform Distribution
2022-05-20 02:03:13,680 | MainThread   | [INFO    ] | init_uniform_distribution|: Uniform Belief with each cell value: 0.00051440329218107
2022-05-20 02:04:13,421 | MainThread   | [INFO    ] | init_uniform_distribution|: Initializing beliefs with a Uniform Distribution
2022-05-20 02:04:13,422 | MainThread   | [INFO    ] | init_uniform_distribution|: Uniform Belief with each cell value: 0.00051440329218107
2022-05-20 02:05:43,798 | MainThread   | [INFO    ] | init_uniform_distribution|: Initializing beliefs with a Uniform Distribution
2022-05-20 02:05:43,799 | MainThread   | [INFO    ] | init_uniform_distribution|: Uniform Belief with each cell value: 0.00051440329218107
2022-05-20 02:08:47,972 | MainThread   | [INFO    ] | populate_views      |:  | Number of observations per grid cell: 18
2022-05-20 02:08:47,972 | MainThread   | [INFO    ] | populate_views      |:  | Precaching Views...
2022-05-20 02:08:53,345 | MainThread   | [INFO    ] | populate_views      |:  | Precaching Time: 5.372 secs
2022-05-20 02:08:53,346 | MainThread   | [INFO    ] | init_uniform_distribution|: Initializing beliefs with a Uniform Distribution
2022-05-20 02:08:53,347 | MainThread   | [INFO    ] | init_uniform_distribution|: Uniform Belief with each cell value: 0.00051440329218107
2022-05-20 02:08:56,888 | MainThread   | [INFO    ] | init_uniform_distribution|: Initializing beliefs with a Uniform Distribution
2022-05-20 02:08:56,889 | MainThread   | [INFO    ] | init_uniform_distribution|: Uniform Belief with each cell value: 0.00051440329218107
2022-05-20 02:09:43,154 | MainThread   | [INFO    ] | init_uniform_distribution|: Initializing beliefs with a Uniform Distribution
2022-05-20 02:09:43,155 | MainThread   | [INFO    ] | init_uniform_distribution|: Uniform Belief with each cell value: 0.00051440329218107
2022-05-20 02:10:54,345 | MainThread   | [INFO    ] | populate_views      |:  | Number of observations per grid cell: 18
2022-05-20 02:10:54,346 | MainThread   | [INFO    ] | populate_views      |:  | Precaching Views...
2022-05-20 02:10:59,693 | MainThread   | [INFO    ] | populate_views      |:  | Precaching Time: 5.346 secs
2022-05-20 02:10:59,700 | MainThread   | [INFO    ] | init_uniform_distribution|: Initializing beliefs with a Uniform Distribution
2022-05-20 02:10:59,701 | MainThread   | [INFO    ] | init_uniform_distribution|: Uniform Belief with each cell value: 0.00051440329218107
2022-05-20 02:11:05,664 | MainThread   | [INFO    ] | init_uniform_distribution|: Initializing beliefs with a Uniform Distribution
2022-05-20 02:11:05,665 | MainThread   | [INFO    ] | init_uniform_distribution|: Uniform Belief with each cell value: 0.00051440329218107
2022-05-20 02:12:16,298 | MainThread   | [INFO    ] | populate_views      |:  | Number of observations per grid cell: 18
2022-05-20 02:12:16,299 | MainThread   | [INFO    ] | populate_views      |:  | Precaching Views...
2022-05-20 02:12:21,371 | MainThread   | [INFO    ] | populate_views      |:  | Precaching Time: 5.071 secs
2022-05-20 02:12:21,372 | MainThread   | [INFO    ] | init_uniform_distribution|: Initializing beliefs with a Uniform Distribution
2022-05-20 02:12:21,373 | MainThread   | [INFO    ] | init_uniform_distribution|: Uniform Belief with each cell value: 0.00051440329218107
2022-05-20 02:12:30,503 | MainThread   | [INFO    ] | init_uniform_distribution|: Initializing beliefs with a Uniform Distribution
2022-05-20 02:12:30,504 | MainThread   | [INFO    ] | init_uniform_distribution|: Uniform Belief with each cell value: 0.00051440329218107
2022-05-20 02:14:02,195 | MainThread   | [INFO    ] | populate_views      |:  | Number of observations per grid cell: 18
2022-05-20 02:14:02,195 | MainThread   | [INFO    ] | populate_views      |:  | Precaching Views...
2022-05-20 02:14:07,526 | MainThread   | [INFO    ] | populate_views      |:  | Precaching Time: 5.329 secs
2022-05-20 02:14:07,526 | MainThread   | [INFO    ] | init_uniform_distribution|: Initializing beliefs with a Uniform Distribution
2022-05-20 02:14:07,529 | MainThread   | [INFO    ] | init_uniform_distribution|: Uniform Belief with each cell value: 0.00051440329218107
2022-05-20 02:14:07,843 | MainThread   | [INFO    ] | init_uniform_distribution|: Initializing beliefs with a Uniform Distribution
2022-05-20 02:14:07,845 | MainThread   | [INFO    ] | init_uniform_distribution|: Uniform Belief with each cell value: 0.00051440329218107
2022-05-20 02:18:25,102 | MainThread   | [INFO    ] | populate_views      |:  | Number of observations per grid cell: 18
2022-05-20 02:18:25,114 | MainThread   | [INFO    ] | populate_views      |:  | Precaching Views...
2022-05-20 02:18:30,781 | MainThread   | [INFO    ] | populate_views      |:  | Precaching Time: 5.665 secs
2022-05-20 02:18:30,782 | MainThread   | [INFO    ] | init_uniform_distribution|: Initializing beliefs with a Uniform Distribution
2022-05-20 02:18:30,783 | MainThread   | [INFO    ] | init_uniform_distribution|: Uniform Belief with each cell value: 0.00051440329218107
2022-05-20 02:18:31,080 | MainThread   | [INFO    ] | init_uniform_distribution|: Initializing beliefs with a Uniform Distribution
2022-05-20 02:18:31,081 | MainThread   | [INFO    ] | init_uniform_distribution|: Uniform Belief with each cell value: 0.00051440329218107
2022-05-20 02:19:07,912 | MainThread   | [INFO    ] | populate_views      |:  | Number of observations per grid cell: 18
2022-05-20 02:19:07,913 | MainThread   | [INFO    ] | populate_views      |:  | Precaching Views...
2022-05-20 02:19:12,404 | MainThread   | [INFO    ] | populate_views      |:  | Precaching Time: 4.490 secs
2022-05-20 02:19:12,406 | MainThread   | [INFO    ] | init_uniform_distribution|: Initializing beliefs with a Uniform Distribution
2022-05-20 02:19:12,407 | MainThread   | [INFO    ] | init_uniform_distribution|: Uniform Belief with each cell value: 0.00051440329218107
2022-05-20 02:19:12,701 | MainThread   | [INFO    ] | init_uniform_distribution|: Initializing beliefs with a Uniform Distribution
2022-05-20 02:19:12,702 | MainThread   | [INFO    ] | init_uniform_distribution|: Uniform Belief with each cell value: 0.00051440329218107
2022-05-20 02:20:49,680 | MainThread   | [INFO    ] | populate_views      |:  | Number of observations per grid cell: 18
2022-05-20 02:20:49,681 | MainThread   | [INFO    ] | populate_views      |:  | Precaching Views...
2022-05-20 02:20:54,208 | MainThread   | [INFO    ] | populate_views      |:  | Precaching Time: 4.526 secs
2022-05-20 02:20:54,209 | MainThread   | [INFO    ] | init_uniform_distribution|: Initializing beliefs with a Uniform Distribution
2022-05-20 02:20:54,210 | MainThread   | [INFO    ] | init_uniform_distribution|: Uniform Belief with each cell value: 0.00051440329218107
2022-05-20 02:21:03,725 | MainThread   | [INFO    ] | populate_views      |:  | Number of observations per grid cell: 18
2022-05-20 02:21:03,726 | MainThread   | [INFO    ] | populate_views      |:  | Precaching Views...
2022-05-20 02:21:09,050 | MainThread   | [INFO    ] | populate_views      |:  | Precaching Time: 5.323 secs
2022-05-20 02:21:09,051 | MainThread   | [INFO    ] | init_uniform_distribution|: Initializing beliefs with a Uniform Distribution
2022-05-20 02:21:09,053 | MainThread   | [INFO    ] | init_uniform_distribution|: Uniform Belief with each cell value: 0.00051440329218107
2022-05-20 02:21:12,525 | MainThread   | [INFO    ] | init_uniform_distribution|: Initializing beliefs with a Uniform Distribution
2022-05-20 02:21:12,526 | MainThread   | [INFO    ] | init_uniform_distribution|: Uniform Belief with each cell value: 0.00051440329218107
2022-05-20 02:22:59,937 | MainThread   | [INFO    ] | populate_views      |:  | Number of observations per grid cell: 18
2022-05-20 02:22:59,939 | MainThread   | [INFO    ] | populate_views      |:  | Precaching Views...
2022-05-20 02:23:05,402 | MainThread   | [INFO    ] | populate_views      |:  | Precaching Time: 5.460 secs
2022-05-20 02:23:05,403 | MainThread   | [INFO    ] | init_uniform_distribution|: Initializing beliefs with a Uniform Distribution
2022-05-20 02:23:05,404 | MainThread   | [INFO    ] | init_uniform_distribution|: Uniform Belief with each cell value: 0.00051440329218107
2022-05-20 02:23:15,051 | MainThread   | [INFO    ] | init_uniform_distribution|: Initializing beliefs with a Uniform Distribution
2022-05-20 02:23:15,052 | MainThread   | [INFO    ] | init_uniform_distribution|: Uniform Belief with each cell value: 0.00051440329218107
2022-05-20 02:25:01,674 | MainThread   | [INFO    ] | populate_views      |:  | Number of observations per grid cell: 18
2022-05-20 02:25:01,675 | MainThread   | [INFO    ] | populate_views      |:  | Precaching Views...
2022-05-20 02:25:07,473 | MainThread   | [INFO    ] | populate_views      |:  | Precaching Time: 5.796 secs
2022-05-20 02:25:07,482 | MainThread   | [INFO    ] | init_uniform_distribution|: Initializing beliefs with a Uniform Distribution
2022-05-20 02:25:07,489 | MainThread   | [INFO    ] | init_uniform_distribution|: Uniform Belief with each cell value: 0.00051440329218107
2022-05-20 02:25:10,689 | MainThread   | [INFO    ] | init_uniform_distribution|: Initializing beliefs with a Uniform Distribution
2022-05-20 02:25:10,690 | MainThread   | [INFO    ] | init_uniform_distribution|: Uniform Belief with each cell value: 0.00051440329218107
2022-05-20 02:26:07,228 | MainThread   | [INFO    ] | init_uniform_distribution|: Initializing beliefs with a Uniform Distribution
2022-05-20 02:26:07,229 | MainThread   | [INFO    ] | init_uniform_distribution|: Uniform Belief with each cell value: 0.00051440329218107
2022-05-20 02:28:08,935 | MainThread   | [INFO    ] | populate_views      |:  | Number of observations per grid cell: 18
2022-05-20 02:28:08,937 | MainThread   | [INFO    ] | populate_views      |:  | Precaching Views...
2022-05-20 02:28:13,545 | MainThread   | [INFO    ] | populate_views      |:  | Precaching Time: 4.607 secs
2022-05-20 02:28:13,547 | MainThread   | [INFO    ] | init_uniform_distribution|: Initializing beliefs with a Uniform Distribution
2022-05-20 02:28:13,561 | MainThread   | [INFO    ] | init_uniform_distribution|: Uniform Belief with each cell value: 0.00051440329218107
2022-05-20 02:28:19,277 | MainThread   | [INFO    ] | init_uniform_distribution|: Initializing beliefs with a Uniform Distribution
2022-05-20 02:28:19,277 | MainThread   | [INFO    ] | init_uniform_distribution|: Uniform Belief with each cell value: 0.00051440329218107
2022-05-20 02:29:31,085 | MainThread   | [INFO    ] | populate_views      |:  | Number of observations per grid cell: 18
2022-05-20 02:29:31,086 | MainThread   | [INFO    ] | populate_views      |:  | Precaching Views...
2022-05-20 02:29:37,246 | MainThread   | [INFO    ] | populate_views      |:  | Precaching Time: 6.159 secs
2022-05-20 02:29:37,247 | MainThread   | [INFO    ] | init_uniform_distribution|: Initializing beliefs with a Uniform Distribution
2022-05-20 02:29:37,248 | MainThread   | [INFO    ] | init_uniform_distribution|: Uniform Belief with each cell value: 0.00051440329218107
2022-05-20 02:29:39,413 | MainThread   | [INFO    ] | init_uniform_distribution|: Initializing beliefs with a Uniform Distribution
2022-05-20 02:29:39,413 | MainThread   | [INFO    ] | init_uniform_distribution|: Uniform Belief with each cell value: 0.00051440329218107
2022-05-20 02:30:30,726 | MainThread   | [INFO    ] | init_uniform_distribution|: Initializing beliefs with a Uniform Distribution
2022-05-20 02:30:30,727 | MainThread   | [INFO    ] | init_uniform_distribution|: Uniform Belief with each cell value: 0.00051440329218107
2022-05-20 02:32:29,837 | MainThread   | [INFO    ] | init_uniform_distribution|: Initializing beliefs with a Uniform Distribution
2022-05-20 02:32:29,838 | MainThread   | [INFO    ] | init_uniform_distribution|: Uniform Belief with each cell value: 0.00051440329218107
2022-05-20 02:33:55,652 | MainThread   | [INFO    ] | init_uniform_distribution|: Initializing beliefs with a Uniform Distribution
2022-05-20 02:33:55,653 | MainThread   | [INFO    ] | init_uniform_distribution|: Uniform Belief with each cell value: 0.00051440329218107
2022-05-20 02:35:47,596 | MainThread   | [INFO    ] | init_uniform_distribution|: Initializing beliefs with a Uniform Distribution
2022-05-20 02:35:47,597 | MainThread   | [INFO    ] | init_uniform_distribution|: Uniform Belief with each cell value: 0.00051440329218107
2022-05-20 02:36:25,650 | MainThread   | [INFO    ] | populate_views      |:  | Number of observations per grid cell: 18
2022-05-20 02:36:25,652 | MainThread   | [INFO    ] | populate_views      |:  | Precaching Views...
2022-05-20 02:36:30,856 | MainThread   | [INFO    ] | populate_views      |:  | Precaching Time: 5.202 secs
2022-05-20 02:36:30,857 | MainThread   | [INFO    ] | init_uniform_distribution|: Initializing beliefs with a Uniform Distribution
2022-05-20 02:36:30,859 | MainThread   | [INFO    ] | init_uniform_distribution|: Uniform Belief with each cell value: 0.00051440329218107
2022-05-20 02:36:31,161 | MainThread   | [INFO    ] | init_uniform_distribution|: Initializing beliefs with a Uniform Distribution
2022-05-20 02:36:31,162 | MainThread   | [INFO    ] | init_uniform_distribution|: Uniform Belief with each cell value: 0.00051440329218107
2022-05-20 02:37:34,970 | MainThread   | [INFO    ] | populate_views      |:  | Number of observations per grid cell: 18
2022-05-20 02:37:34,972 | MainThread   | [INFO    ] | populate_views      |:  | Precaching Views...
2022-05-20 02:37:40,590 | MainThread   | [INFO    ] | populate_views      |:  | Precaching Time: 5.617 secs
2022-05-20 02:37:40,591 | MainThread   | [INFO    ] | init_uniform_distribution|: Initializing beliefs with a Uniform Distribution
2022-05-20 02:37:40,592 | MainThread   | [INFO    ] | init_uniform_distribution|: Uniform Belief with each cell value: 0.00051440329218107
2022-05-20 02:37:41,760 | MainThread   | [INFO    ] | init_uniform_distribution|: Initializing beliefs with a Uniform Distribution
2022-05-20 02:37:41,761 | MainThread   | [INFO    ] | init_uniform_distribution|: Uniform Belief with each cell value: 0.00051440329218107
2022-05-20 02:38:59,775 | MainThread   | [INFO    ] | populate_views      |:  | Number of observations per grid cell: 18
2022-05-20 02:38:59,776 | MainThread   | [INFO    ] | populate_views      |:  | Precaching Views...
2022-05-20 02:39:05,276 | MainThread   | [INFO    ] | populate_views      |:  | Precaching Time: 5.499 secs
2022-05-20 02:39:05,277 | MainThread   | [INFO    ] | init_uniform_distribution|: Initializing beliefs with a Uniform Distribution
2022-05-20 02:39:05,279 | MainThread   | [INFO    ] | init_uniform_distribution|: Uniform Belief with each cell value: 0.00051440329218107
2022-05-20 02:39:05,648 | MainThread   | [INFO    ] | init_uniform_distribution|: Initializing beliefs with a Uniform Distribution
2022-05-20 02:39:05,649 | MainThread   | [INFO    ] | init_uniform_distribution|: Uniform Belief with each cell value: 0.00051440329218107
2022-05-20 02:40:15,279 | MainThread   | [INFO    ] | populate_views      |:  | Number of observations per grid cell: 18
2022-05-20 02:40:15,280 | MainThread   | [INFO    ] | populate_views      |:  | Precaching Views...
2022-05-20 02:40:20,200 | MainThread   | [INFO    ] | populate_views      |:  | Precaching Time: 4.919 secs
2022-05-20 02:40:20,201 | MainThread   | [INFO    ] | init_uniform_distribution|: Initializing beliefs with a Uniform Distribution
2022-05-20 02:40:20,202 | MainThread   | [INFO    ] | init_uniform_distribution|: Uniform Belief with each cell value: 0.00051440329218107
2022-05-20 02:40:20,517 | MainThread   | [INFO    ] | init_uniform_distribution|: Initializing beliefs with a Uniform Distribution
2022-05-20 02:40:20,518 | MainThread   | [INFO    ] | init_uniform_distribution|: Uniform Belief with each cell value: 0.00051440329218107
2022-05-20 02:43:03,326 | MainThread   | [INFO    ] | init_uniform_distribution|: Initializing beliefs with a Uniform Distribution
2022-05-20 02:43:03,329 | MainThread   | [INFO    ] | init_uniform_distribution|: Uniform Belief with each cell value: 0.00051440329218107
2022-05-20 02:45:55,639 | MainThread   | [INFO    ] | populate_views      |:  | Number of observations per grid cell: 18
2022-05-20 02:45:55,640 | MainThread   | [INFO    ] | populate_views      |:  | Precaching Views...
2022-05-20 02:46:02,117 | MainThread   | [INFO    ] | populate_views      |:  | Precaching Time: 6.475 secs
2022-05-20 02:46:02,118 | MainThread   | [INFO    ] | init_uniform_distribution|: Initializing beliefs with a Uniform Distribution
2022-05-20 02:46:02,119 | MainThread   | [INFO    ] | init_uniform_distribution|: Uniform Belief with each cell value: 0.00051440329218107
2022-05-20 02:47:04,278 | MainThread   | [INFO    ] | init_uniform_distribution|: Initializing beliefs with a Uniform Distribution
2022-05-20 02:47:04,281 | MainThread   | [INFO    ] | init_uniform_distribution|: Uniform Belief with each cell value: 0.00051440329218107
2022-05-20 02:47:31,763 | MainThread   | [INFO    ] | populate_views      |:  | Number of observations per grid cell: 18
2022-05-20 02:47:31,764 | MainThread   | [INFO    ] | populate_views      |:  | Precaching Views...
2022-05-20 02:47:37,135 | MainThread   | [INFO    ] | populate_views      |:  | Precaching Time: 5.369 secs
2022-05-20 02:47:37,136 | MainThread   | [INFO    ] | init_uniform_distribution|: Initializing beliefs with a Uniform Distribution
2022-05-20 02:47:37,137 | MainThread   | [INFO    ] | init_uniform_distribution|: Uniform Belief with each cell value: 0.00051440329218107
2022-05-20 02:47:37,466 | MainThread   | [INFO    ] | init_uniform_distribution|: Initializing beliefs with a Uniform Distribution
2022-05-20 02:47:37,467 | MainThread   | [INFO    ] | init_uniform_distribution|: Uniform Belief with each cell value: 0.00051440329218107
2022-05-20 02:48:09,197 | MainThread   | [INFO    ] | populate_views      |:  | Number of observations per grid cell: 18
2022-05-20 02:48:09,198 | MainThread   | [INFO    ] | populate_views      |:  | Precaching Views...
2022-05-20 02:48:14,509 | MainThread   | [INFO    ] | populate_views      |:  | Precaching Time: 5.309 secs
2022-05-20 02:48:14,510 | MainThread   | [INFO    ] | init_uniform_distribution|: Initializing beliefs with a Uniform Distribution
2022-05-20 02:48:14,512 | MainThread   | [INFO    ] | init_uniform_distribution|: Uniform Belief with each cell value: 0.00051440329218107
2022-05-20 02:48:21,015 | MainThread   | [INFO    ] | populate_views      |:  | Number of observations per grid cell: 18
2022-05-20 02:48:21,016 | MainThread   | [INFO    ] | populate_views      |:  | Precaching Views...
2022-05-20 02:48:26,088 | MainThread   | [INFO    ] | populate_views      |:  | Precaching Time: 5.071 secs
2022-05-20 02:48:26,090 | MainThread   | [INFO    ] | init_uniform_distribution|: Initializing beliefs with a Uniform Distribution
2022-05-20 02:48:26,091 | MainThread   | [INFO    ] | init_uniform_distribution|: Uniform Belief with each cell value: 0.00051440329218107
2022-05-20 02:48:27,941 | MainThread   | [INFO    ] | init_uniform_distribution|: Initializing beliefs with a Uniform Distribution
2022-05-20 02:48:27,944 | MainThread   | [INFO    ] | init_uniform_distribution|: Uniform Belief with each cell value: 0.00051440329218107
2022-05-20 02:53:42,787 | MainThread   | [INFO    ] | populate_views      |:  | Number of observations per grid cell: 18
2022-05-20 02:53:42,787 | MainThread   | [INFO    ] | populate_views      |:  | Precaching Views...
2022-05-20 02:53:48,947 | MainThread   | [INFO    ] | populate_views      |:  | Precaching Time: 6.159 secs
2022-05-20 02:53:48,948 | MainThread   | [INFO    ] | init_uniform_distribution|: Initializing beliefs with a Uniform Distribution
2022-05-20 02:53:48,949 | MainThread   | [INFO    ] | init_uniform_distribution|: Uniform Belief with each cell value: 0.00051440329218107
2022-05-20 02:53:49,403 | MainThread   | [INFO    ] | init_uniform_distribution|: Initializing beliefs with a Uniform Distribution
2022-05-20 02:53:49,404 | MainThread   | [INFO    ] | init_uniform_distribution|: Uniform Belief with each cell value: 0.00051440329218107
2022-05-20 02:54:25,082 | MainThread   | [INFO    ] | init_uniform_distribution|: Initializing beliefs with a Uniform Distribution
2022-05-20 02:54:25,083 | MainThread   | [INFO    ] | init_uniform_distribution|: Uniform Belief with each cell value: 0.00051440329218107
2022-05-20 02:54:58,026 | MainThread   | [INFO    ] | init_uniform_distribution|: Initializing beliefs with a Uniform Distribution
2022-05-20 02:54:58,027 | MainThread   | [INFO    ] | init_uniform_distribution|: Uniform Belief with each cell value: 0.00051440329218107
2022-05-20 03:18:44,505 | MainThread   | [INFO    ] | populate_views      |:  | Number of observations per grid cell: 18
2022-05-20 03:18:44,506 | MainThread   | [INFO    ] | populate_views      |:  | Precaching Views...
2022-05-20 03:18:50,317 | MainThread   | [INFO    ] | populate_views      |:  | Precaching Time: 5.811 secs
2022-05-20 03:18:50,318 | MainThread   | [INFO    ] | init_uniform_distribution|: Initializing beliefs with a Uniform Distribution
2022-05-20 03:18:50,324 | MainThread   | [INFO    ] | init_uniform_distribution|: Uniform Belief with each cell value: 0.00051440329218107
2022-05-20 03:19:53,271 | MainThread   | [INFO    ] | init_uniform_distribution|: Initializing beliefs with a Uniform Distribution
2022-05-20 03:19:53,277 | MainThread   | [INFO    ] | init_uniform_distribution|: Uniform Belief with each cell value: 0.00051440329218107
2022-05-20 03:21:12,065 | MainThread   | [INFO    ] | init_uniform_distribution|: Initializing beliefs with a Uniform Distribution
2022-05-20 03:21:12,072 | MainThread   | [INFO    ] | init_uniform_distribution|: Uniform Belief with each cell value: 0.00051440329218107
2022-05-20 03:23:01,811 | MainThread   | [INFO    ] | populate_views      |:  | Number of observations per grid cell: 18
2022-05-20 03:23:01,813 | MainThread   | [INFO    ] | populate_views      |:  | Precaching Views...
2022-05-20 03:23:07,075 | MainThread   | [INFO    ] | populate_views      |:  | Precaching Time: 5.261 secs
2022-05-20 03:23:07,076 | MainThread   | [INFO    ] | init_uniform_distribution|: Initializing beliefs with a Uniform Distribution
2022-05-20 03:23:07,077 | MainThread   | [INFO    ] | init_uniform_distribution|: Uniform Belief with each cell value: 0.00051440329218107
2022-05-20 03:23:31,313 | MainThread   | [INFO    ] | init_uniform_distribution|: Initializing beliefs with a Uniform Distribution
2022-05-20 03:23:31,314 | MainThread   | [INFO    ] | init_uniform_distribution|: Uniform Belief with each cell value: 0.00051440329218107
2022-05-20 03:24:48,954 | MainThread   | [INFO    ] | populate_views      |:  | Number of observations per grid cell: 18
2022-05-20 03:24:48,955 | MainThread   | [INFO    ] | populate_views      |:  | Precaching Views...
2022-05-20 03:24:54,604 | MainThread   | [INFO    ] | populate_views      |:  | Precaching Time: 5.648 secs
2022-05-20 03:24:54,605 | MainThread   | [INFO    ] | init_uniform_distribution|: Initializing beliefs with a Uniform Distribution
2022-05-20 03:24:54,606 | MainThread   | [INFO    ] | init_uniform_distribution|: Uniform Belief with each cell value: 0.00051440329218107
2022-05-20 03:25:04,199 | MainThread   | [INFO    ] | init_uniform_distribution|: Initializing beliefs with a Uniform Distribution
2022-05-20 03:25:04,199 | MainThread   | [INFO    ] | init_uniform_distribution|: Uniform Belief with each cell value: 0.00051440329218107
2022-05-20 03:26:32,683 | MainThread   | [INFO    ] | init_uniform_distribution|: Initializing beliefs with a Uniform Distribution
2022-05-20 03:26:32,690 | MainThread   | [INFO    ] | init_uniform_distribution|: Uniform Belief with each cell value: 0.00051440329218107
2022-05-20 03:26:50,912 | MainThread   | [INFO    ] | populate_views      |:  | Number of observations per grid cell: 18
2022-05-20 03:26:50,919 | MainThread   | [INFO    ] | populate_views      |:  | Precaching Views...
2022-05-20 03:26:57,592 | MainThread   | [INFO    ] | populate_views      |:  | Precaching Time: 6.672 secs
2022-05-20 03:26:57,599 | MainThread   | [INFO    ] | init_uniform_distribution|: Initializing beliefs with a Uniform Distribution
2022-05-20 03:26:57,600 | MainThread   | [INFO    ] | init_uniform_distribution|: Uniform Belief with each cell value: 0.00051440329218107
2022-05-20 03:26:57,896 | MainThread   | [INFO    ] | init_uniform_distribution|: Initializing beliefs with a Uniform Distribution
2022-05-20 03:26:57,897 | MainThread   | [INFO    ] | init_uniform_distribution|: Uniform Belief with each cell value: 0.00051440329218107
2022-05-20 03:30:24,861 | MainThread   | [INFO    ] | populate_views      |:  | Number of observations per grid cell: 18
2022-05-20 03:30:24,862 | MainThread   | [INFO    ] | populate_views      |:  | Precaching Views...
2022-05-20 03:30:30,510 | MainThread   | [INFO    ] | populate_views      |:  | Precaching Time: 5.645 secs
2022-05-20 03:30:30,512 | MainThread   | [INFO    ] | init_uniform_distribution|: Initializing beliefs with a Uniform Distribution
2022-05-20 03:30:30,515 | MainThread   | [INFO    ] | init_uniform_distribution|: Uniform Belief with each cell value: 0.00051440329218107
2022-05-20 03:30:43,382 | MainThread   | [INFO    ] | init_uniform_distribution|: Initializing beliefs with a Uniform Distribution
2022-05-20 03:30:43,383 | MainThread   | [INFO    ] | init_uniform_distribution|: Uniform Belief with each cell value: 0.00051440329218107
2022-05-20 03:33:12,749 | MainThread   | [INFO    ] | init_uniform_distribution|: Initializing beliefs with a Uniform Distribution
2022-05-20 03:33:12,754 | MainThread   | [INFO    ] | init_uniform_distribution|: Uniform Belief with each cell value: 0.00051440329218107
2022-05-20 03:33:42,246 | MainThread   | [INFO    ] | populate_views      |:  | Number of observations per grid cell: 18
2022-05-20 03:33:42,246 | MainThread   | [INFO    ] | populate_views      |:  | Precaching Views...
2022-05-20 03:33:47,298 | MainThread   | [INFO    ] | populate_views      |:  | Precaching Time: 5.051 secs
2022-05-20 03:33:47,299 | MainThread   | [INFO    ] | init_uniform_distribution|: Initializing beliefs with a Uniform Distribution
2022-05-20 03:33:47,300 | MainThread   | [INFO    ] | init_uniform_distribution|: Uniform Belief with each cell value: 0.00051440329218107
2022-05-20 03:33:51,887 | MainThread   | [INFO    ] | init_uniform_distribution|: Initializing beliefs with a Uniform Distribution
2022-05-20 03:33:51,888 | MainThread   | [INFO    ] | init_uniform_distribution|: Uniform Belief with each cell value: 0.00051440329218107
2022-05-20 03:37:07,969 | MainThread   | [INFO    ] | populate_views      |:  | Number of observations per grid cell: 18
2022-05-20 03:37:07,970 | MainThread   | [INFO    ] | populate_views      |:  | Precaching Views...
2022-05-20 03:37:13,135 | MainThread   | [INFO    ] | populate_views      |:  | Precaching Time: 5.163 secs
2022-05-20 03:37:13,137 | MainThread   | [INFO    ] | init_uniform_distribution|: Initializing beliefs with a Uniform Distribution
2022-05-20 03:37:13,140 | MainThread   | [INFO    ] | init_uniform_distribution|: Uniform Belief with each cell value: 0.00051440329218107
2022-05-20 03:37:27,122 | MainThread   | [INFO    ] | init_uniform_distribution|: Initializing beliefs with a Uniform Distribution
2022-05-20 03:37:27,123 | MainThread   | [INFO    ] | init_uniform_distribution|: Uniform Belief with each cell value: 0.00051440329218107
2022-05-20 03:39:41,430 | MainThread   | [INFO    ] | init_uniform_distribution|: Initializing beliefs with a Uniform Distribution
2022-05-20 03:39:41,431 | MainThread   | [INFO    ] | init_uniform_distribution|: Uniform Belief with each cell value: 0.00051440329218107
2022-05-20 03:39:55,554 | MainThread   | [INFO    ] | populate_views      |:  | Number of observations per grid cell: 18
2022-05-20 03:39:55,559 | MainThread   | [INFO    ] | populate_views      |:  | Precaching Views...
2022-05-20 03:40:01,006 | MainThread   | [INFO    ] | populate_views      |:  | Precaching Time: 5.447 secs
2022-05-20 03:40:01,008 | MainThread   | [INFO    ] | init_uniform_distribution|: Initializing beliefs with a Uniform Distribution
2022-05-20 03:40:01,018 | MainThread   | [INFO    ] | init_uniform_distribution|: Uniform Belief with each cell value: 0.00051440329218107
2022-05-20 03:40:01,384 | MainThread   | [INFO    ] | init_uniform_distribution|: Initializing beliefs with a Uniform Distribution
2022-05-20 03:40:01,385 | MainThread   | [INFO    ] | init_uniform_distribution|: Uniform Belief with each cell value: 0.00051440329218107
2022-05-20 03:42:24,338 | MainThread   | [INFO    ] | init_uniform_distribution|: Initializing beliefs with a Uniform Distribution
2022-05-20 03:42:24,338 | MainThread   | [INFO    ] | init_uniform_distribution|: Uniform Belief with each cell value: 0.00051440329218107
2022-05-20 03:43:17,752 | MainThread   | [INFO    ] | populate_views      |:  | Number of observations per grid cell: 18
2022-05-20 03:43:17,753 | MainThread   | [INFO    ] | populate_views      |:  | Precaching Views...
2022-05-20 03:43:22,131 | MainThread   | [INFO    ] | populate_views      |:  | Precaching Time: 4.377 secs
2022-05-20 03:43:22,132 | MainThread   | [INFO    ] | init_uniform_distribution|: Initializing beliefs with a Uniform Distribution
2022-05-20 03:43:22,133 | MainThread   | [INFO    ] | init_uniform_distribution|: Uniform Belief with each cell value: 0.00051440329218107
2022-05-20 03:43:22,484 | MainThread   | [INFO    ] | init_uniform_distribution|: Initializing beliefs with a Uniform Distribution
2022-05-20 03:43:22,486 | MainThread   | [INFO    ] | init_uniform_distribution|: Uniform Belief with each cell value: 0.00051440329218107
2022-05-20 03:45:14,447 | MainThread   | [INFO    ] | populate_views      |:  | Number of observations per grid cell: 18
2022-05-20 03:45:14,448 | MainThread   | [INFO    ] | populate_views      |:  | Precaching Views...
2022-05-20 03:45:21,454 | MainThread   | [INFO    ] | populate_views      |:  | Precaching Time: 7.005 secs
2022-05-20 03:45:21,455 | MainThread   | [INFO    ] | init_uniform_distribution|: Initializing beliefs with a Uniform Distribution
2022-05-20 03:45:21,456 | MainThread   | [INFO    ] | init_uniform_distribution|: Uniform Belief with each cell value: 0.00051440329218107
2022-05-20 03:45:23,477 | MainThread   | [INFO    ] | init_uniform_distribution|: Initializing beliefs with a Uniform Distribution
2022-05-20 03:45:23,478 | MainThread   | [INFO    ] | init_uniform_distribution|: Uniform Belief with each cell value: 0.00051440329218107
2022-05-20 03:47:32,676 | MainThread   | [INFO    ] | init_uniform_distribution|: Initializing beliefs with a Uniform Distribution
2022-05-20 03:47:32,676 | MainThread   | [INFO    ] | init_uniform_distribution|: Uniform Belief with each cell value: 0.00051440329218107
2022-05-20 03:49:51,120 | MainThread   | [INFO    ] | init_uniform_distribution|: Initializing beliefs with a Uniform Distribution
2022-05-20 03:49:51,126 | MainThread   | [INFO    ] | init_uniform_distribution|: Uniform Belief with each cell value: 0.00051440329218107
2022-05-20 03:52:26,168 | MainThread   | [INFO    ] | populate_views      |:  | Number of observations per grid cell: 18
2022-05-20 03:52:26,173 | MainThread   | [INFO    ] | populate_views      |:  | Precaching Views...
2022-05-20 03:52:32,046 | MainThread   | [INFO    ] | populate_views      |:  | Precaching Time: 5.843 secs
2022-05-20 03:52:32,048 | MainThread   | [INFO    ] | init_uniform_distribution|: Initializing beliefs with a Uniform Distribution
2022-05-20 03:52:32,049 | MainThread   | [INFO    ] | init_uniform_distribution|: Uniform Belief with each cell value: 0.00051440329218107
2022-05-20 03:52:33,817 | MainThread   | [INFO    ] | init_uniform_distribution|: Initializing beliefs with a Uniform Distribution
2022-05-20 03:52:33,818 | MainThread   | [INFO    ] | init_uniform_distribution|: Uniform Belief with each cell value: 0.00051440329218107
2022-05-20 03:54:40,258 | MainThread   | [INFO    ] | init_uniform_distribution|: Initializing beliefs with a Uniform Distribution
2022-05-20 03:54:40,259 | MainThread   | [INFO    ] | init_uniform_distribution|: Uniform Belief with each cell value: 0.00051440329218107
2022-05-20 03:54:54,936 | MainThread   | [INFO    ] | populate_views      |:  | Number of observations per grid cell: 18
2022-05-20 03:54:54,942 | MainThread   | [INFO    ] | populate_views      |:  | Precaching Views...
2022-05-20 03:55:01,280 | MainThread   | [INFO    ] | populate_views      |:  | Precaching Time: 6.336 secs
2022-05-20 03:55:01,281 | MainThread   | [INFO    ] | init_uniform_distribution|: Initializing beliefs with a Uniform Distribution
2022-05-20 03:55:01,282 | MainThread   | [INFO    ] | init_uniform_distribution|: Uniform Belief with each cell value: 0.00051440329218107
2022-05-20 03:55:01,620 | MainThread   | [INFO    ] | init_uniform_distribution|: Initializing beliefs with a Uniform Distribution
2022-05-20 03:55:01,621 | MainThread   | [INFO    ] | init_uniform_distribution|: Uniform Belief with each cell value: 0.00051440329218107
2022-05-20 03:57:25,978 | MainThread   | [INFO    ] | init_uniform_distribution|: Initializing beliefs with a Uniform Distribution
2022-05-20 03:57:25,980 | MainThread   | [INFO    ] | init_uniform_distribution|: Uniform Belief with each cell value: 0.00051440329218107
2022-05-20 03:57:46,005 | MainThread   | [INFO    ] | populate_views      |:  | Number of observations per grid cell: 18
2022-05-20 03:57:46,011 | MainThread   | [INFO    ] | populate_views      |:  | Precaching Views...
2022-05-20 03:57:53,134 | MainThread   | [INFO    ] | populate_views      |:  | Precaching Time: 7.121 secs
2022-05-20 03:57:53,134 | MainThread   | [INFO    ] | init_uniform_distribution|: Initializing beliefs with a Uniform Distribution
2022-05-20 03:57:53,135 | MainThread   | [INFO    ] | init_uniform_distribution|: Uniform Belief with each cell value: 0.00051440329218107
2022-05-20 03:57:58,235 | MainThread   | [INFO    ] | init_uniform_distribution|: Initializing beliefs with a Uniform Distribution
2022-05-20 03:57:58,236 | MainThread   | [INFO    ] | init_uniform_distribution|: Uniform Belief with each cell value: 0.00051440329218107
2022-05-20 03:59:38,530 | MainThread   | [INFO    ] | init_uniform_distribution|: Initializing beliefs with a Uniform Distribution
2022-05-20 03:59:38,536 | MainThread   | [INFO    ] | init_uniform_distribution|: Uniform Belief with each cell value: 0.00051440329218107
2022-05-20 03:59:50,741 | MainThread   | [INFO    ] | populate_views      |:  | Number of observations per grid cell: 18
2022-05-20 03:59:50,744 | MainThread   | [INFO    ] | populate_views      |:  | Precaching Views...
2022-05-20 03:59:54,983 | MainThread   | [INFO    ] | populate_views      |:  | Precaching Time: 4.238 secs
2022-05-20 03:59:54,984 | MainThread   | [INFO    ] | init_uniform_distribution|: Initializing beliefs with a Uniform Distribution
2022-05-20 03:59:54,985 | MainThread   | [INFO    ] | init_uniform_distribution|: Uniform Belief with each cell value: 0.00051440329218107
2022-05-20 04:00:01,763 | MainThread   | [INFO    ] | init_uniform_distribution|: Initializing beliefs with a Uniform Distribution
2022-05-20 04:00:01,765 | MainThread   | [INFO    ] | init_uniform_distribution|: Uniform Belief with each cell value: 0.00051440329218107
2022-05-20 04:03:01,160 | MainThread   | [INFO    ] | populate_views      |:  | Number of observations per grid cell: 18
2022-05-20 04:03:01,161 | MainThread   | [INFO    ] | populate_views      |:  | Precaching Views...
2022-05-20 04:03:06,821 | MainThread   | [INFO    ] | populate_views      |:  | Precaching Time: 5.659 secs
2022-05-20 04:03:06,822 | MainThread   | [INFO    ] | init_uniform_distribution|: Initializing beliefs with a Uniform Distribution
2022-05-20 04:03:06,823 | MainThread   | [INFO    ] | init_uniform_distribution|: Uniform Belief with each cell value: 0.00051440329218107
2022-05-20 04:03:19,177 | MainThread   | [INFO    ] | init_uniform_distribution|: Initializing beliefs with a Uniform Distribution
2022-05-20 04:03:19,178 | MainThread   | [INFO    ] | init_uniform_distribution|: Uniform Belief with each cell value: 0.00051440329218107
2022-05-20 04:05:09,044 | MainThread   | [INFO    ] | init_uniform_distribution|: Initializing beliefs with a Uniform Distribution
2022-05-20 04:05:09,045 | MainThread   | [INFO    ] | init_uniform_distribution|: Uniform Belief with each cell value: 0.00051440329218107
2022-05-20 04:06:32,636 | MainThread   | [INFO    ] | init_uniform_distribution|: Initializing beliefs with a Uniform Distribution
2022-05-20 04:06:32,636 | MainThread   | [INFO    ] | init_uniform_distribution|: Uniform Belief with each cell value: 0.00051440329218107
2022-05-20 04:07:48,533 | MainThread   | [INFO    ] | init_uniform_distribution|: Initializing beliefs with a Uniform Distribution
2022-05-20 04:07:48,535 | MainThread   | [INFO    ] | init_uniform_distribution|: Uniform Belief with each cell value: 0.00051440329218107
2022-05-20 04:08:30,866 | MainThread   | [INFO    ] | populate_views      |:  | Number of observations per grid cell: 18
2022-05-20 04:08:30,872 | MainThread   | [INFO    ] | populate_views      |:  | Precaching Views...
2022-05-20 04:08:37,332 | MainThread   | [INFO    ] | populate_views      |:  | Precaching Time: 6.459 secs
2022-05-20 04:08:37,333 | MainThread   | [INFO    ] | init_uniform_distribution|: Initializing beliefs with a Uniform Distribution
2022-05-20 04:08:37,334 | MainThread   | [INFO    ] | init_uniform_distribution|: Uniform Belief with each cell value: 0.00051440329218107
2022-05-20 04:09:29,554 | MainThread   | [INFO    ] | populate_views      |:  | Number of observations per grid cell: 18
2022-05-20 04:09:29,556 | MainThread   | [INFO    ] | populate_views      |:  | Precaching Views...
2022-05-20 04:09:34,623 | MainThread   | [INFO    ] | populate_views      |:  | Precaching Time: 5.066 secs
2022-05-20 04:09:34,624 | MainThread   | [INFO    ] | init_uniform_distribution|: Initializing beliefs with a Uniform Distribution
2022-05-20 04:09:34,625 | MainThread   | [INFO    ] | init_uniform_distribution|: Uniform Belief with each cell value: 0.00051440329218107
2022-05-20 04:09:35,041 | MainThread   | [INFO    ] | init_uniform_distribution|: Initializing beliefs with a Uniform Distribution
2022-05-20 04:09:35,042 | MainThread   | [INFO    ] | init_uniform_distribution|: Uniform Belief with each cell value: 0.00051440329218107
2022-05-20 04:16:07,470 | MainThread   | [INFO    ] | populate_views      |:  | Number of observations per grid cell: 18
2022-05-20 04:16:07,471 | MainThread   | [INFO    ] | populate_views      |:  | Precaching Views...
2022-05-20 04:16:13,234 | MainThread   | [INFO    ] | populate_views      |:  | Precaching Time: 5.762 secs
2022-05-20 04:16:13,235 | MainThread   | [INFO    ] | init_uniform_distribution|: Initializing beliefs with a Uniform Distribution
2022-05-20 04:16:13,236 | MainThread   | [INFO    ] | init_uniform_distribution|: Uniform Belief with each cell value: 0.00051440329218107
2022-05-20 04:18:18,800 | MainThread   | [INFO    ] | populate_views      |:  | Number of observations per grid cell: 18
2022-05-20 04:18:18,801 | MainThread   | [INFO    ] | populate_views      |:  | Precaching Views...
2022-05-20 04:18:24,814 | MainThread   | [INFO    ] | populate_views      |:  | Precaching Time: 6.012 secs
2022-05-20 04:18:24,815 | MainThread   | [INFO    ] | init_uniform_distribution|: Initializing beliefs with a Uniform Distribution
2022-05-20 04:18:24,820 | MainThread   | [INFO    ] | init_uniform_distribution|: Uniform Belief with each cell value: 0.00051440329218107
2022-05-20 04:18:51,509 | MainThread   | [INFO    ] | populate_views      |:  | Number of observations per grid cell: 18
2022-05-20 04:18:51,517 | MainThread   | [INFO    ] | populate_views      |:  | Precaching Views...
2022-05-20 04:18:57,854 | MainThread   | [INFO    ] | populate_views      |:  | Precaching Time: 6.334 secs
2022-05-20 04:18:57,855 | MainThread   | [INFO    ] | init_uniform_distribution|: Initializing beliefs with a Uniform Distribution
2022-05-20 04:18:57,856 | MainThread   | [INFO    ] | init_uniform_distribution|: Uniform Belief with each cell value: 0.00051440329218107
2022-05-20 04:19:45,662 | MainThread   | [INFO    ] | populate_views      |:  | Number of observations per grid cell: 18
2022-05-20 04:19:45,663 | MainThread   | [INFO    ] | populate_views      |:  | Precaching Views...
2022-05-20 04:19:51,908 | MainThread   | [INFO    ] | populate_views      |:  | Precaching Time: 6.244 secs
2022-05-20 04:19:51,909 | MainThread   | [INFO    ] | init_uniform_distribution|: Initializing beliefs with a Uniform Distribution
2022-05-20 04:19:51,910 | MainThread   | [INFO    ] | init_uniform_distribution|: Uniform Belief with each cell value: 0.00051440329218107
2022-05-20 04:19:53,071 | MainThread   | [INFO    ] | init_uniform_distribution|: Initializing beliefs with a Uniform Distribution
2022-05-20 04:19:53,072 | MainThread   | [INFO    ] | init_uniform_distribution|: Uniform Belief with each cell value: 0.00051440329218107
2022-05-20 04:20:59,684 | MainThread   | [INFO    ] | populate_views      |:  | Number of observations per grid cell: 18
2022-05-20 04:20:59,685 | MainThread   | [INFO    ] | populate_views      |:  | Precaching Views...
2022-05-20 04:21:05,928 | MainThread   | [INFO    ] | populate_views      |:  | Precaching Time: 6.242 secs
2022-05-20 04:21:05,929 | MainThread   | [INFO    ] | init_uniform_distribution|: Initializing beliefs with a Uniform Distribution
2022-05-20 04:21:05,929 | MainThread   | [INFO    ] | init_uniform_distribution|: Uniform Belief with each cell value: 0.00051440329218107
2022-05-20 04:21:09,498 | MainThread   | [INFO    ] | init_uniform_distribution|: Initializing beliefs with a Uniform Distribution
2022-05-20 04:21:09,499 | MainThread   | [INFO    ] | init_uniform_distribution|: Uniform Belief with each cell value: 0.00051440329218107
2022-05-20 04:22:10,949 | MainThread   | [INFO    ] | init_uniform_distribution|: Initializing beliefs with a Uniform Distribution
2022-05-20 04:22:10,950 | MainThread   | [INFO    ] | init_uniform_distribution|: Uniform Belief with each cell value: 0.00051440329218107
