2022-05-02 18:05:00,688 | MainThread   | [INFO    ] | update_step         |: Update Step
2022-05-02 18:05:00,696 | MainThread   | [INFO    ] | update_step         |:      | Update Time: 0.006 secs
2022-05-02 18:05:04,074 | MainThread   | [INFO    ] | prediction_step     |: Prediction Step
2022-05-02 18:05:04,237 | MainThread   | [INFO    ] | prediction_step     |:  | Prediction Time: 0.162 secs
2022-05-02 18:05:07,185 | MainThread   | [INFO    ] | update_step         |: Update Step
2022-05-02 18:05:07,194 | MainThread   | [INFO    ] | update_step         |:      | Update Time: 0.008 secs
2022-05-02 18:05:09,309 | MainThread   | [INFO    ] | prediction_step     |: Prediction Step
2022-05-02 18:05:09,379 | MainThread   | [INFO    ] | prediction_step     |:  | Prediction Time: 0.064 secs
2022-05-02 18:05:13,291 | MainThread   | [INFO    ] | update_step         |: Update Step
2022-05-02 18:05:13,301 | MainThread   | [INFO    ] | update_step         |:      | Update Time: 0.009 secs
2022-05-02 18:05:14,417 | MainThread   | [INFO    ] | prediction_step     |: Prediction Step
2022-05-02 18:05:14,488 | MainThread   | [INFO    ] | prediction_step     |:  | Prediction Time: 0.070 secs
2022-05-02 18:05:17,435 | MainThread   | [INFO    ] | update_step         |: Update Step
2022-05-02 18:05:17,441 | MainThread   | [INFO    ] | update_step         |:      | Update Time: 0.005 secs
2022-05-02 18:05:18,566 | MainThread   | [INFO    ] | prediction_step     |: Prediction Step
2022-05-02 18:05:18,652 | MainThread   | [INFO    ] | prediction_step     |:  | Prediction Time: 0.085 secs
2022-05-02 18:05:21,591 | MainThread   | [INFO    ] | update_step         |: Update Step
2022-05-02 18:05:21,606 | MainThread   | [INFO    ] | update_step         |:      | Update Time: 0.007 secs
2022-05-02 18:05:24,755 | MainThread   | [INFO    ] | prediction_step     |: Prediction Step
2022-05-02 18:05:24,839 | MainThread   | [INFO    ] | prediction_step     |:  | Prediction Time: 0.083 secs
2022-05-02 18:05:28,466 | MainThread   | [INFO    ] | update_step         |: Update Step
2022-05-02 18:05:28,471 | MainThread   | [INFO    ] | update_step         |:      | Update Time: 0.004 secs
2022-05-02 18:05:35,302 | MainThread   | [INFO    ] | prediction_step     |: Prediction Step
2022-05-02 18:05:35,386 | MainThread   | [INFO    ] | prediction_step     |:  | Prediction Time: 0.077 secs
2022-05-02 18:05:38,317 | MainThread   | [INFO    ] | update_step         |: Update Step
2022-05-02 18:05:38,323 | MainThread   | [INFO    ] | update_step         |:      | Update Time: 0.005 secs
2022-05-02 18:05:40,993 | MainThread   | [INFO    ] | prediction_step     |: Prediction Step
2022-05-02 18:05:41,116 | MainThread   | [INFO    ] | prediction_step     |:  | Prediction Time: 0.122 secs
2022-05-02 18:05:45,028 | MainThread   | [INFO    ] | update_step         |: Update Step
2022-05-02 18:05:45,034 | MainThread   | [INFO    ] | update_step         |:      | Update Time: 0.005 secs
2022-05-02 18:05:47,135 | MainThread   | [INFO    ] | prediction_step     |: Prediction Step
2022-05-02 18:05:47,213 | MainThread   | [INFO    ] | prediction_step     |:  | Prediction Time: 0.076 secs
2022-05-02 18:05:50,142 | MainThread   | [INFO    ] | update_step         |: Update Step
2022-05-02 18:05:50,147 | MainThread   | [INFO    ] | update_step         |:      | Update Time: 0.005 secs
2022-05-02 18:05:53,268 | MainThread   | [INFO    ] | prediction_step     |: Prediction Step
2022-05-02 18:05:53,440 | MainThread   | [INFO    ] | prediction_step     |:  | Prediction Time: 0.170 secs
2022-05-02 18:05:56,845 | MainThread   | [INFO    ] | update_step         |: Update Step
2022-05-02 18:05:56,852 | MainThread   | [INFO    ] | update_step         |:      | Update Time: 0.006 secs
2022-05-02 18:05:59,957 | MainThread   | [INFO    ] | prediction_step     |: Prediction Step
2022-05-02 18:06:00,123 | MainThread   | [INFO    ] | prediction_step     |:  | Prediction Time: 0.164 secs
2022-05-02 18:06:03,040 | MainThread   | [INFO    ] | update_step         |: Update Step
2022-05-02 18:06:03,045 | MainThread   | [INFO    ] | update_step         |:      | Update Time: 0.004 secs
2022-05-02 18:06:05,175 | MainThread   | [INFO    ] | prediction_step     |: Prediction Step
2022-05-02 18:06:05,262 | MainThread   | [INFO    ] | prediction_step     |:  | Prediction Time: 0.086 secs
2022-05-02 18:06:09,431 | MainThread   | [INFO    ] | update_step         |: Update Step
2022-05-02 18:06:09,436 | MainThread   | [INFO    ] | update_step         |:      | Update Time: 0.004 secs
2022-05-02 18:06:12,526 | MainThread   | [INFO    ] | prediction_step     |: Prediction Step
2022-05-02 18:06:12,686 | MainThread   | [INFO    ] | prediction_step     |:  | Prediction Time: 0.158 secs
2022-05-02 18:06:15,624 | MainThread   | [INFO    ] | update_step         |: Update Step
2022-05-02 18:06:15,629 | MainThread   | [INFO    ] | update_step         |:      | Update Time: 0.005 secs
2022-05-02 18:06:17,707 | MainThread   | [INFO    ] | prediction_step     |: Prediction Step
2022-05-02 18:06:17,780 | MainThread   | [INFO    ] | prediction_step     |:  | Prediction Time: 0.072 secs
2022-05-02 18:06:20,704 | MainThread   | [INFO    ] | update_step         |: Update Step
2022-05-02 18:06:20,710 | MainThread   | [INFO    ] | update_step         |:      | Update Time: 0.005 secs
2022-05-02 18:06:22,804 | MainThread   | [INFO    ] | prediction_step     |: Prediction Step
2022-05-02 18:06:22,908 | MainThread   | [INFO    ] | prediction_step     |:  | Prediction Time: 0.102 secs
2022-05-02 18:06:25,901 | MainThread   | [INFO    ] | update_step         |: Update Step
2022-05-02 18:06:25,927 | MainThread   | [INFO    ] | update_step         |:      | Update Time: 0.023 secs
2022-05-02 18:06:29,161 | MainThread   | [INFO    ] | prediction_step     |: Prediction Step
2022-05-02 18:06:29,228 | MainThread   | [INFO    ] | prediction_step     |:  | Prediction Time: 0.066 secs
2022-05-02 18:06:32,163 | MainThread   | [INFO    ] | update_step         |: Update Step
2022-05-02 18:06:32,170 | MainThread   | [INFO    ] | update_step         |:      | Update Time: 0.005 secs
2022-05-02 18:06:35,274 | MainThread   | [INFO    ] | prediction_step     |: Prediction Step
2022-05-02 18:06:35,348 | MainThread   | [INFO    ] | prediction_step     |:  | Prediction Time: 0.073 secs
2022-05-02 18:06:38,293 | MainThread   | [INFO    ] | update_step         |: Update Step
2022-05-02 18:06:38,299 | MainThread   | [INFO    ] | update_step         |:      | Update Time: 0.005 secs
2022-05-06 22:07:06,562 | MainThread   | [INFO    ] | update_step         |: Update Step
2022-05-06 22:09:29,447 | MainThread   | [INFO    ] | update_step         |: Update Step
2022-05-06 22:09:48,053 | MainThread   | [INFO    ] | update_step         |: Update Step
2022-05-06 22:11:13,739 | MainThread   | [INFO    ] | update_step         |: Update Step
2022-05-06 22:11:13,751 | MainThread   | [INFO    ] | update_step         |:      | Update Time: 0.009 secs
2022-05-06 22:11:13,755 | MainThread   | [INFO    ] | plot_update_step_data|: Bel index     : (0, 0, 0) with prob = nan
2022-05-06 22:11:13,757 | MainThread   | [INFO    ] | plot_update_step_data|: Bel_bar prob at index = 0.00051440329218107
2022-05-06 22:11:13,760 | MainThread   | [INFO    ] | plot_update_step_data|: Belief        : (-1.524, -1.219, -170.000)
2022-05-07 15:52:55,103 | MainThread   | [INFO    ] | update_step         |: Update Step
2022-05-07 15:52:55,117 | MainThread   | [INFO    ] | update_step         |:      | Update Time: 0.006 secs
2022-05-07 15:52:55,123 | MainThread   | [INFO    ] | plot_update_step_data|: Bel index     : (8, 5, 11) with prob = 0.1380412
2022-05-07 15:52:55,129 | MainThread   | [INFO    ] | plot_update_step_data|: Bel_bar prob at index = 0.00051440329218107
2022-05-07 15:52:55,144 | MainThread   | [INFO    ] | plot_update_step_data|: Belief        : (0.914, 0.305, 50.000)
2022-05-07 15:54:11,893 | MainThread   | [INFO    ] | update_step         |: Update Step
2022-05-07 15:54:11,901 | MainThread   | [INFO    ] | update_step         |:      | Update Time: 0.006 secs
2022-05-07 15:54:11,903 | MainThread   | [INFO    ] | plot_update_step_data|: Bel index     : (8, 5, 11) with prob = 0.1380412
2022-05-07 15:54:11,907 | MainThread   | [INFO    ] | plot_update_step_data|: Bel_bar prob at index = 0.00051440329218107
2022-05-07 15:54:11,911 | MainThread   | [INFO    ] | plot_update_step_data|: Belief        : (0.914, 0.305, 50.000)
2022-05-12 22:46:40,667 | MainThread   | [INFO    ] | update_step         |: Update Step
2022-05-12 22:46:40,675 | MainThread   | [INFO    ] | update_step         |:      | Update Time: 0.006 secs
2022-05-12 22:46:40,677 | MainThread   | [INFO    ] | plot_update_step_data|: Bel index     : (8, 5, 11) with prob = 0.2129482
2022-05-12 22:46:40,678 | MainThread   | [INFO    ] | plot_update_step_data|: Bel_bar prob at index = 0.00051440329218107
2022-05-12 22:46:40,680 | MainThread   | [INFO    ] | plot_update_step_data|: Belief        : (0.914, 0.305, 50.000)
2022-05-12 22:46:57,094 | MainThread   | [INFO    ] | update_step         |: Update Step
2022-05-12 22:46:57,104 | MainThread   | [INFO    ] | update_step         |:      | Update Time: 0.004 secs
2022-05-12 22:46:57,106 | MainThread   | [INFO    ] | plot_update_step_data|: Bel index     : (8, 4, 14) with prob = 0.1388087
2022-05-12 22:46:57,107 | MainThread   | [INFO    ] | plot_update_step_data|: Bel_bar prob at index = 0.00051440329218107
2022-05-12 22:46:57,108 | MainThread   | [INFO    ] | plot_update_step_data|: Belief        : (0.914, 0.000, 110.000)
2022-05-12 23:23:50,084 | MainThread   | [INFO    ] | update_step         |: Update Step
2022-05-12 23:23:50,095 | MainThread   | [INFO    ] | update_step         |:      | Update Time: 0.006 secs
2022-05-12 23:23:50,097 | MainThread   | [INFO    ] | plot_update_step_data|: Bel index     : (8, 4, 14) with prob = 0.1388087
2022-05-12 23:23:50,100 | MainThread   | [INFO    ] | plot_update_step_data|: Bel_bar prob at index = 0.00051440329218107
2022-05-12 23:23:50,104 | MainThread   | [INFO    ] | plot_update_step_data|: Belief        : (0.914, 0.000, 110.000)
2022-05-12 23:24:10,650 | MainThread   | [INFO    ] | update_step         |: Update Step
2022-05-12 23:24:10,661 | MainThread   | [INFO    ] | update_step         |:      | Update Time: 0.010 secs
2022-05-12 23:24:10,663 | MainThread   | [INFO    ] | plot_update_step_data|: Bel index     : (8, 4, 14) with prob = 0.1388087
2022-05-12 23:24:10,668 | MainThread   | [INFO    ] | plot_update_step_data|: Bel_bar prob at index = 0.00051440329218107
2022-05-12 23:24:10,670 | MainThread   | [INFO    ] | plot_update_step_data|: Belief        : (0.914, 0.000, 110.000)
2022-05-12 23:38:36,910 | MainThread   | [INFO    ] | update_step         |: Update Step
2022-05-12 23:38:36,921 | MainThread   | [INFO    ] | update_step         |:      | Update Time: 0.004 secs
2022-05-12 23:38:36,922 | MainThread   | [INFO    ] | plot_update_step_data|: Bel index     : (8, 5, 11) with prob = 0.2129482
2022-05-12 23:38:36,923 | MainThread   | [INFO    ] | plot_update_step_data|: Bel_bar prob at index = 0.00051440329218107
2022-05-12 23:38:36,924 | MainThread   | [INFO    ] | plot_update_step_data|: Belief        : (0.914, 0.305, 50.000)
2022-05-12 23:39:08,226 | MainThread   | [INFO    ] | update_step         |: Update Step
2022-05-12 23:39:08,232 | MainThread   | [INFO    ] | update_step         |:      | Update Time: 0.005 secs
2022-05-12 23:39:08,234 | MainThread   | [INFO    ] | plot_update_step_data|: Bel index     : (8, 4, 14) with prob = 0.1388087
2022-05-12 23:39:08,235 | MainThread   | [INFO    ] | plot_update_step_data|: Bel_bar prob at index = 0.00051440329218107
2022-05-12 23:39:08,242 | MainThread   | [INFO    ] | plot_update_step_data|: Belief        : (0.914, 0.000, 110.000)
2022-05-12 23:40:38,948 | MainThread   | [INFO    ] | update_step         |: Update Step
2022-05-12 23:40:38,958 | MainThread   | [INFO    ] | update_step         |:      | Update Time: 0.007 secs
2022-05-12 23:40:38,959 | MainThread   | [INFO    ] | plot_update_step_data|: Bel index     : (8, 5, 11) with prob = 0.3014325
2022-05-12 23:40:38,963 | MainThread   | [INFO    ] | plot_update_step_data|: Bel_bar prob at index = 0.00051440329218107
2022-05-12 23:40:38,964 | MainThread   | [INFO    ] | plot_update_step_data|: Belief        : (0.914, 0.305, 50.000)
2022-05-12 23:41:20,036 | MainThread   | [INFO    ] | update_step         |: Update Step
2022-05-12 23:41:20,054 | MainThread   | [INFO    ] | update_step         |:      | Update Time: 0.015 secs
2022-05-12 23:41:20,055 | MainThread   | [INFO    ] | plot_update_step_data|: Bel index     : (8, 5, 10) with prob = 0.3042130
2022-05-12 23:41:20,057 | MainThread   | [INFO    ] | plot_update_step_data|: Bel_bar prob at index = 0.00051440329218107
2022-05-12 23:41:20,090 | MainThread   | [INFO    ] | plot_update_step_data|: Belief        : (0.914, 0.305, 30.000)
2022-05-12 23:41:50,527 | MainThread   | [INFO    ] | update_step         |: Update Step
2022-05-12 23:41:50,540 | MainThread   | [INFO    ] | update_step         |:      | Update Time: 0.006 secs
2022-05-12 23:41:50,546 | MainThread   | [INFO    ] | plot_update_step_data|: Bel index     : (8, 4, 13) with prob = 0.2381804
2022-05-12 23:41:50,562 | MainThread   | [INFO    ] | plot_update_step_data|: Bel_bar prob at index = 0.00051440329218107
2022-05-12 23:41:50,577 | MainThread   | [INFO    ] | plot_update_step_data|: Belief        : (0.914, 0.000, 90.000)
2022-05-12 23:43:26,799 | MainThread   | [INFO    ] | update_step         |: Update Step
2022-05-12 23:43:26,810 | MainThread   | [INFO    ] | update_step         |:      | Update Time: 0.003 secs
2022-05-12 23:43:26,814 | MainThread   | [INFO    ] | plot_update_step_data|: Bel index     : (8, 4, 1) with prob = 0.1915204
2022-05-12 23:43:26,816 | MainThread   | [INFO    ] | plot_update_step_data|: Bel_bar prob at index = 0.00051440329218107
2022-05-12 23:43:26,817 | MainThread   | [INFO    ] | plot_update_step_data|: Belief        : (0.914, 0.000, -150.000)
2022-05-12 23:44:16,087 | MainThread   | [INFO    ] | update_step         |: Update Step
2022-05-12 23:44:16,093 | MainThread   | [INFO    ] | update_step         |:      | Update Time: 0.005 secs
2022-05-12 23:44:16,097 | MainThread   | [INFO    ] | plot_update_step_data|: Bel index     : (8, 5, 12) with prob = 0.2135679
2022-05-12 23:44:16,098 | MainThread   | [INFO    ] | plot_update_step_data|: Bel_bar prob at index = 0.00051440329218107
2022-05-12 23:44:16,100 | MainThread   | [INFO    ] | plot_update_step_data|: Belief        : (0.914, 0.305, 70.000)
2022-05-12 23:45:19,061 | MainThread   | [INFO    ] | update_step         |: Update Step
2022-05-12 23:45:19,066 | MainThread   | [INFO    ] | update_step         |:      | Update Time: 0.004 secs
2022-05-12 23:45:19,068 | MainThread   | [INFO    ] | plot_update_step_data|: Bel index     : (8, 4, 15) with prob = 0.2858168
2022-05-12 23:45:19,072 | MainThread   | [INFO    ] | plot_update_step_data|: Bel_bar prob at index = 0.00051440329218107
2022-05-12 23:45:19,074 | MainThread   | [INFO    ] | plot_update_step_data|: Belief        : (0.914, 0.000, 130.000)
2022-05-12 23:45:33,314 | MainThread   | [INFO    ] | update_step         |: Update Step
2022-05-12 23:45:33,327 | MainThread   | [INFO    ] | update_step         |:      | Update Time: 0.007 secs
2022-05-12 23:45:33,330 | MainThread   | [INFO    ] | plot_update_step_data|: Bel index     : (8, 4, 15) with prob = 0.2858168
2022-05-12 23:45:33,331 | MainThread   | [INFO    ] | plot_update_step_data|: Bel_bar prob at index = 0.00051440329218107
2022-05-12 23:45:33,339 | MainThread   | [INFO    ] | plot_update_step_data|: Belief        : (0.914, 0.000, 130.000)
2022-05-12 23:46:28,722 | MainThread   | [INFO    ] | update_step         |: Update Step
2022-05-12 23:46:28,728 | MainThread   | [INFO    ] | update_step         |:      | Update Time: 0.005 secs
2022-05-12 23:46:28,739 | MainThread   | [INFO    ] | plot_update_step_data|: Bel index     : (8, 5, 11) with prob = 0.1380412
2022-05-12 23:46:28,740 | MainThread   | [INFO    ] | plot_update_step_data|: Bel_bar prob at index = 0.00051440329218107
2022-05-12 23:46:28,742 | MainThread   | [INFO    ] | plot_update_step_data|: Belief        : (0.914, 0.305, 50.000)
2022-05-12 23:47:04,512 | MainThread   | [INFO    ] | update_step         |: Update Step
2022-05-12 23:47:04,519 | MainThread   | [INFO    ] | update_step         |:      | Update Time: 0.006 secs
2022-05-12 23:47:04,523 | MainThread   | [INFO    ] | plot_update_step_data|: Bel index     : (10, 5, 11) with prob = 0.0555555
2022-05-12 23:47:04,527 | MainThread   | [INFO    ] | plot_update_step_data|: Bel_bar prob at index = 0.00051440329218107
2022-05-12 23:47:04,535 | MainThread   | [INFO    ] | plot_update_step_data|: Belief        : (1.524, 0.305, 50.000)
2022-05-17 16:23:17,343 | MainThread   | [INFO    ] | update_step         |: Update Step
2022-05-17 16:23:17,363 | MainThread   | [INFO    ] | update_step         |:      | Update Time: 0.010 secs
2022-05-17 16:23:17,365 | MainThread   | [INFO    ] | plot_update_step_data|: Bel index     : (8, 5, 13) with prob = 0.1478340
2022-05-17 16:23:17,366 | MainThread   | [INFO    ] | plot_update_step_data|: Bel_bar prob at index = 0.00051440329218107
2022-05-17 16:23:17,372 | MainThread   | [INFO    ] | plot_update_step_data|: Belief        : (0.914, 0.305, 90.000)
2022-05-17 16:26:07,325 | MainThread   | [INFO    ] | update_step         |: Update Step
2022-05-17 16:26:07,350 | MainThread   | [INFO    ] | update_step         |:      | Update Time: 0.017 secs
2022-05-17 16:26:07,360 | MainThread   | [INFO    ] | plot_update_step_data|: Bel index     : (8, 5, 12) with prob = 0.2135679
2022-05-17 16:26:07,367 | MainThread   | [INFO    ] | plot_update_step_data|: Bel_bar prob at index = 0.00051440329218107
2022-05-17 16:26:07,372 | MainThread   | [INFO    ] | plot_update_step_data|: Belief        : (0.914, 0.305, 70.000)
2022-05-17 16:26:25,360 | MainThread   | [INFO    ] | update_step         |: Update Step
2022-05-17 16:26:25,371 | MainThread   | [INFO    ] | update_step         |:      | Update Time: 0.007 secs
2022-05-17 16:26:25,373 | MainThread   | [INFO    ] | plot_update_step_data|: Bel index     : (8, 5, 12) with prob = 0.2135679
2022-05-17 16:26:25,374 | MainThread   | [INFO    ] | plot_update_step_data|: Bel_bar prob at index = 0.00051440329218107
2022-05-17 16:26:25,378 | MainThread   | [INFO    ] | plot_update_step_data|: Belief        : (0.914, 0.305, 70.000)
2022-05-17 16:28:25,348 | MainThread   | [INFO    ] | update_step         |: Update Step
2022-05-17 16:28:25,361 | MainThread   | [INFO    ] | update_step         |:      | Update Time: 0.006 secs
2022-05-17 16:28:25,362 | MainThread   | [INFO    ] | plot_update_step_data|: Bel index     : (8, 5, 13) with prob = 0.2453809
2022-05-17 16:28:25,366 | MainThread   | [INFO    ] | plot_update_step_data|: Bel_bar prob at index = 0.00051440329218107
2022-05-17 16:28:25,370 | MainThread   | [INFO    ] | plot_update_step_data|: Belief        : (0.914, 0.305, 90.000)
2022-05-17 17:06:16,713 | MainThread   | [INFO    ] | update_step         |: Update Step
2022-05-17 17:06:16,793 | MainThread   | [INFO    ] | update_step         |:      | Update Time: 0.063 secs
2022-05-17 17:06:16,800 | MainThread   | [INFO    ] | plot_update_step_data|: Bel index     : (8, 5, 13) with prob = 0.2453809
2022-05-17 17:06:16,816 | MainThread   | [INFO    ] | plot_update_step_data|: Bel_bar prob at index = 0.00051440329218107
2022-05-17 17:06:16,835 | MainThread   | [INFO    ] | plot_update_step_data|: Belief        : (0.914, 0.305, 90.000)
2022-05-17 17:07:24,633 | MainThread   | [INFO    ] | update_step         |: Update Step
2022-05-17 17:07:24,644 | MainThread   | [INFO    ] | update_step         |:      | Update Time: 0.004 secs
2022-05-17 17:07:24,646 | MainThread   | [INFO    ] | plot_update_step_data|: Bel index     : (8, 4, 14) with prob = 0.1388087
2022-05-17 17:07:24,647 | MainThread   | [INFO    ] | plot_update_step_data|: Bel_bar prob at index = 0.00051440329218107
2022-05-17 17:07:24,651 | MainThread   | [INFO    ] | plot_update_step_data|: Belief        : (0.914, 0.000, 110.000)
2022-05-17 17:08:34,354 | MainThread   | [INFO    ] | update_step         |: Update Step
2022-05-17 17:08:34,367 | MainThread   | [INFO    ] | update_step         |:      | Update Time: 0.005 secs
2022-05-17 17:08:34,371 | MainThread   | [INFO    ] | plot_update_step_data|: Bel index     : (8, 4, 14) with prob = 0.1388087
2022-05-17 17:08:34,376 | MainThread   | [INFO    ] | plot_update_step_data|: Bel_bar prob at index = 0.00051440329218107
2022-05-17 17:08:34,382 | MainThread   | [INFO    ] | plot_update_step_data|: Belief        : (0.914, 0.000, 110.000)
2022-05-20 01:48:59,052 | MainThread   | [INFO    ] | update_step         |: Update Step
2022-05-20 01:48:59,058 | MainThread   | [INFO    ] | update_step         |:      | Update Time: 0.005 secs
2022-05-20 01:48:59,066 | MainThread   | [INFO    ] | plot_update_step_data|: Bel index     : (2, 5, 12) with prob = 0.0555555
2022-05-20 01:48:59,069 | MainThread   | [INFO    ] | plot_update_step_data|: Bel_bar prob at index = 0.00051440329218107
2022-05-20 01:48:59,074 | MainThread   | [INFO    ] | plot_update_step_data|: Belief        : (-0.914, 0.305, 70.000)
2022-05-20 01:52:12,336 | MainThread   | [INFO    ] | update_step         |: Update Step
2022-05-20 01:52:12,354 | MainThread   | [INFO    ] | update_step         |:      | Update Time: 0.011 secs
2022-05-20 01:52:12,355 | MainThread   | [INFO    ] | plot_update_step_data|: Bel index     : (0, 0, 0) with prob = nan
2022-05-20 01:52:12,357 | MainThread   | [INFO    ] | plot_update_step_data|: Bel_bar prob at index = 0.00051440329218107
2022-05-20 01:52:12,363 | MainThread   | [INFO    ] | plot_update_step_data|: Belief        : (-1.524, -1.219, -170.000)
2022-05-20 02:01:49,879 | MainThread   | [INFO    ] | update_step         |: Update Step
2022-05-20 02:01:49,894 | MainThread   | [INFO    ] | update_step         |:      | Update Time: 0.012 secs
2022-05-20 02:01:49,899 | MainThread   | [INFO    ] | plot_update_step_data|: Bel index     : (0, 0, 0) with prob = nan
2022-05-20 02:01:49,901 | MainThread   | [INFO    ] | plot_update_step_data|: Bel_bar prob at index = 0.00051440329218107
2022-05-20 02:01:49,907 | MainThread   | [INFO    ] | plot_update_step_data|: Belief        : (-1.524, -1.219, -170.000)
2022-05-20 02:03:41,374 | MainThread   | [INFO    ] | update_step         |: Update Step
2022-05-20 02:03:41,378 | MainThread   | [INFO    ] | update_step         |:      | Update Time: 0.003 secs
2022-05-20 02:03:41,379 | MainThread   | [INFO    ] | plot_update_step_data|: Bel index     : (0, 0, 0) with prob = nan
2022-05-20 02:03:41,383 | MainThread   | [INFO    ] | plot_update_step_data|: Bel_bar prob at index = 0.00051440329218107
2022-05-20 02:03:41,385 | MainThread   | [INFO    ] | plot_update_step_data|: Belief        : (-1.524, -1.219, -170.000)
2022-05-20 02:04:41,120 | MainThread   | [INFO    ] | update_step         |: Update Step
2022-05-20 02:04:41,125 | MainThread   | [INFO    ] | update_step         |:      | Update Time: 0.004 secs
2022-05-20 02:04:41,126 | MainThread   | [INFO    ] | plot_update_step_data|: Bel index     : (0, 0, 0) with prob = nan
2022-05-20 02:04:41,130 | MainThread   | [INFO    ] | plot_update_step_data|: Bel_bar prob at index = 0.00051440329218107
2022-05-20 02:04:41,132 | MainThread   | [INFO    ] | plot_update_step_data|: Belief        : (-1.524, -1.219, -170.000)
2022-05-20 02:06:11,435 | MainThread   | [INFO    ] | update_step         |: Update Step
2022-05-20 02:06:11,443 | MainThread   | [INFO    ] | update_step         |:      | Update Time: 0.005 secs
2022-05-20 02:06:11,448 | MainThread   | [INFO    ] | plot_update_step_data|: Bel index     : (0, 0, 0) with prob = nan
2022-05-20 02:06:11,449 | MainThread   | [INFO    ] | plot_update_step_data|: Bel_bar prob at index = 0.00051440329218107
2022-05-20 02:06:11,456 | MainThread   | [INFO    ] | plot_update_step_data|: Belief        : (-1.524, -1.219, -170.000)
2022-05-20 02:09:24,557 | MainThread   | [INFO    ] | update_step         |: Update Step
2022-05-20 02:09:24,568 | MainThread   | [INFO    ] | update_step         |:      | Update Time: 0.009 secs
2022-05-20 02:09:24,568 | MainThread   | [INFO    ] | plot_update_step_data|: Bel index     : (0, 0, 0) with prob = nan
2022-05-20 02:09:24,575 | MainThread   | [INFO    ] | plot_update_step_data|: Bel_bar prob at index = 0.00051440329218107
2022-05-20 02:09:24,578 | MainThread   | [INFO    ] | plot_update_step_data|: Belief        : (-1.524, -1.219, -170.000)
2022-05-20 02:10:10,788 | MainThread   | [INFO    ] | update_step         |: Update Step
2022-05-20 02:10:10,797 | MainThread   | [INFO    ] | update_step         |:      | Update Time: 0.008 secs
2022-05-20 02:10:10,798 | MainThread   | [INFO    ] | plot_update_step_data|: Bel index     : (0, 0, 0) with prob = nan
2022-05-20 02:10:10,799 | MainThread   | [INFO    ] | plot_update_step_data|: Bel_bar prob at index = 0.00051440329218107
2022-05-20 02:10:10,800 | MainThread   | [INFO    ] | plot_update_step_data|: Belief        : (-1.524, -1.219, -170.000)
2022-05-20 02:12:58,133 | MainThread   | [INFO    ] | update_step         |: Update Step
2022-05-20 02:12:58,144 | MainThread   | [INFO    ] | update_step         |:      | Update Time: 0.010 secs
2022-05-20 02:12:58,145 | MainThread   | [INFO    ] | plot_update_step_data|: Bel index     : (0, 0, 0) with prob = nan
2022-05-20 02:12:58,146 | MainThread   | [INFO    ] | plot_update_step_data|: Bel_bar prob at index = 0.00051440329218107
2022-05-20 02:12:58,148 | MainThread   | [INFO    ] | plot_update_step_data|: Belief        : (-1.524, -1.219, -170.000)
2022-05-20 02:14:35,515 | MainThread   | [INFO    ] | update_step         |: Update Step
2022-05-20 02:14:35,552 | MainThread   | [INFO    ] | update_step         |:      | Update Time: 0.032 secs
2022-05-20 02:14:35,553 | MainThread   | [INFO    ] | plot_update_step_data|: Bel index     : (0, 0, 0) with prob = nan
2022-05-20 02:14:35,560 | MainThread   | [INFO    ] | plot_update_step_data|: Bel_bar prob at index = 0.00051440329218107
2022-05-20 02:14:35,565 | MainThread   | [INFO    ] | plot_update_step_data|: Belief        : (-1.524, -1.219, -170.000)
2022-05-20 02:18:31,084 | MainThread   | [INFO    ] | update_step         |: Update Step
2022-05-20 02:18:31,097 | MainThread   | [INFO    ] | update_step         |:      | Update Time: 0.006 secs
2022-05-20 02:18:31,098 | MainThread   | [INFO    ] | plot_update_step_data|: Bel index     : (2, 2, 16) with prob = 1.0
2022-05-20 02:18:31,100 | MainThread   | [INFO    ] | plot_update_step_data|: Bel_bar prob at index = 0.00051440329218107
2022-05-20 02:18:31,104 | MainThread   | [INFO    ] | plot_update_step_data|: Belief        : (-0.914, -0.610, 150.000)
2022-05-20 02:25:38,335 | MainThread   | [INFO    ] | update_step         |: Update Step
2022-05-20 02:25:38,346 | MainThread   | [INFO    ] | update_step         |:      | Update Time: 0.009 secs
2022-05-20 02:25:38,348 | MainThread   | [INFO    ] | plot_update_step_data|: Bel index     : (0, 2, 17) with prob = 1.0
2022-05-20 02:25:38,357 | MainThread   | [INFO    ] | plot_update_step_data|: Bel_bar prob at index = 0.00051440329218107
2022-05-20 02:25:38,358 | MainThread   | [INFO    ] | plot_update_step_data|: Belief        : (-1.524, -0.610, 170.000)
2022-05-20 02:26:34,870 | MainThread   | [INFO    ] | update_step         |: Update Step
2022-05-20 02:26:34,883 | MainThread   | [INFO    ] | update_step         |:      | Update Time: 0.012 secs
2022-05-20 02:26:34,891 | MainThread   | [INFO    ] | plot_update_step_data|: Bel index     : (5, 1, 14) with prob = 0.3664175
2022-05-20 02:26:34,903 | MainThread   | [INFO    ] | plot_update_step_data|: Bel_bar prob at index = 0.00051440329218107
2022-05-20 02:26:34,913 | MainThread   | [INFO    ] | plot_update_step_data|: Belief        : (0.000, -0.914, 110.000)
2022-05-20 02:30:07,101 | MainThread   | [INFO    ] | update_step         |: Update Step
2022-05-20 02:30:07,107 | MainThread   | [INFO    ] | update_step         |:      | Update Time: 0.005 secs
2022-05-20 02:30:07,108 | MainThread   | [INFO    ] | plot_update_step_data|: Bel index     : (8, 5, 15) with prob = 0.2650946
2022-05-20 02:30:07,113 | MainThread   | [INFO    ] | plot_update_step_data|: Bel_bar prob at index = 0.00051440329218107
2022-05-20 02:30:07,118 | MainThread   | [INFO    ] | plot_update_step_data|: Belief        : (0.914, 0.305, 130.000)
2022-05-20 02:30:58,401 | MainThread   | [INFO    ] | update_step         |: Update Step
2022-05-20 02:30:58,412 | MainThread   | [INFO    ] | update_step         |:      | Update Time: 0.004 secs
2022-05-20 02:30:58,425 | MainThread   | [INFO    ] | plot_update_step_data|: Bel index     : (1, 6, 4) with prob = 0.9999999
2022-05-20 02:30:58,440 | MainThread   | [INFO    ] | plot_update_step_data|: Bel_bar prob at index = 0.00051440329218107
2022-05-20 02:30:58,467 | MainThread   | [INFO    ] | plot_update_step_data|: Belief        : (-1.219, 0.610, -90.000)
2022-05-20 02:32:57,531 | MainThread   | [INFO    ] | update_step         |: Update Step
2022-05-20 02:32:57,537 | MainThread   | [INFO    ] | update_step         |:      | Update Time: 0.005 secs
2022-05-20 02:32:57,538 | MainThread   | [INFO    ] | plot_update_step_data|: Bel index     : (3, 2, 3) with prob = 1.0
2022-05-20 02:32:57,542 | MainThread   | [INFO    ] | plot_update_step_data|: Bel_bar prob at index = 0.00051440329218107
2022-05-20 02:32:57,544 | MainThread   | [INFO    ] | plot_update_step_data|: Belief        : (-0.610, -0.610, -110.000)
2022-05-20 02:34:23,392 | MainThread   | [INFO    ] | update_step         |: Update Step
2022-05-20 02:34:23,397 | MainThread   | [INFO    ] | update_step         |:      | Update Time: 0.004 secs
2022-05-20 02:34:23,399 | MainThread   | [INFO    ] | plot_update_step_data|: Bel index     : (4, 7, 3) with prob = 0.9999999
2022-05-20 02:34:23,403 | MainThread   | [INFO    ] | plot_update_step_data|: Bel_bar prob at index = 0.00051440329218107
2022-05-20 02:34:23,407 | MainThread   | [INFO    ] | plot_update_step_data|: Belief        : (-0.305, 0.914, -110.000)
2022-05-20 02:36:15,198 | MainThread   | [INFO    ] | update_step         |: Update Step
2022-05-20 02:36:15,206 | MainThread   | [INFO    ] | update_step         |:      | Update Time: 0.005 secs
2022-05-20 02:36:15,208 | MainThread   | [INFO    ] | plot_update_step_data|: Bel index     : (1, 1, 7) with prob = 1.0
2022-05-20 02:36:15,216 | MainThread   | [INFO    ] | plot_update_step_data|: Bel_bar prob at index = 0.00051440329218107
2022-05-20 02:36:15,232 | MainThread   | [INFO    ] | plot_update_step_data|: Belief        : (-1.219, -0.914, -30.000)
2022-05-20 02:38:09,456 | MainThread   | [INFO    ] | update_step         |: Update Step
2022-05-20 02:38:09,461 | MainThread   | [INFO    ] | update_step         |:      | Update Time: 0.004 secs
2022-05-20 02:38:09,462 | MainThread   | [INFO    ] | plot_update_step_data|: Bel index     : (5, 7, 6) with prob = 0.9999999
2022-05-20 02:38:09,464 | MainThread   | [INFO    ] | plot_update_step_data|: Bel_bar prob at index = 0.00051440329218107
2022-05-20 02:38:09,470 | MainThread   | [INFO    ] | plot_update_step_data|: Belief        : (0.000, 0.914, -50.000)
2022-05-20 02:39:33,286 | MainThread   | [INFO    ] | update_step         |: Update Step
2022-05-20 02:39:33,294 | MainThread   | [INFO    ] | update_step         |:      | Update Time: 0.007 secs
2022-05-20 02:39:33,296 | MainThread   | [INFO    ] | plot_update_step_data|: Bel index     : (1, 1, 7) with prob = 1.0
2022-05-20 02:39:33,297 | MainThread   | [INFO    ] | plot_update_step_data|: Bel_bar prob at index = 0.00051440329218107
2022-05-20 02:39:33,299 | MainThread   | [INFO    ] | plot_update_step_data|: Belief        : (-1.219, -0.914, -30.000)
2022-05-20 02:48:55,501 | MainThread   | [INFO    ] | update_step         |: Update Step
2022-05-20 02:48:55,506 | MainThread   | [INFO    ] | update_step         |:      | Update Time: 0.004 secs
2022-05-20 02:48:55,508 | MainThread   | [INFO    ] | plot_update_step_data|: Bel index     : (0, 4, 14) with prob = 1.0
2022-05-20 02:48:55,510 | MainThread   | [INFO    ] | plot_update_step_data|: Bel_bar prob at index = 0.00051440329218107
2022-05-20 02:48:55,512 | MainThread   | [INFO    ] | plot_update_step_data|: Belief        : (-1.524, 0.000, 110.000)
2022-05-20 02:54:16,988 | MainThread   | [INFO    ] | update_step         |: Update Step
2022-05-20 02:54:16,999 | MainThread   | [INFO    ] | update_step         |:      | Update Time: 0.009 secs
2022-05-20 02:54:17,000 | MainThread   | [INFO    ] | plot_update_step_data|: Bel index     : (10, 4, 9) with prob = 0.9991027
2022-05-20 02:54:17,001 | MainThread   | [INFO    ] | plot_update_step_data|: Bel_bar prob at index = 0.00051440329218107
2022-05-20 02:54:17,002 | MainThread   | [INFO    ] | plot_update_step_data|: Belief        : (1.524, 0.000, 10.000)
2022-05-20 02:54:52,692 | MainThread   | [INFO    ] | update_step         |: Update Step
2022-05-20 02:54:52,703 | MainThread   | [INFO    ] | update_step         |:      | Update Time: 0.010 secs
2022-05-20 02:54:52,705 | MainThread   | [INFO    ] | plot_update_step_data|: Bel index     : (2, 5, 4) with prob = 0.1067222
2022-05-20 02:54:52,706 | MainThread   | [INFO    ] | plot_update_step_data|: Bel_bar prob at index = 0.00051440329218107
2022-05-20 02:54:52,710 | MainThread   | [INFO    ] | plot_update_step_data|: Belief        : (-0.914, 0.305, -90.000)
2022-05-20 02:55:25,567 | MainThread   | [INFO    ] | update_step         |: Update Step
2022-05-20 02:55:25,572 | MainThread   | [INFO    ] | update_step         |:      | Update Time: 0.004 secs
2022-05-20 02:55:25,574 | MainThread   | [INFO    ] | plot_update_step_data|: Bel index     : (2, 5, 10) with prob = 0.2230109
2022-05-20 02:55:25,576 | MainThread   | [INFO    ] | plot_update_step_data|: Bel_bar prob at index = 0.00051440329218107
2022-05-20 02:55:25,579 | MainThread   | [INFO    ] | plot_update_step_data|: Belief        : (-0.914, 0.305, 30.000)
2022-05-20 03:20:20,852 | MainThread   | [INFO    ] | update_step         |: Update Step
2022-05-20 03:20:20,858 | MainThread   | [INFO    ] | update_step         |:      | Update Time: 0.005 secs
2022-05-20 03:20:20,860 | MainThread   | [INFO    ] | plot_update_step_data|: Bel index     : (6, 5, 1) with prob = 0.9999943
2022-05-20 03:20:20,862 | MainThread   | [INFO    ] | plot_update_step_data|: Bel_bar prob at index = 0.00051440329218107
2022-05-20 03:20:20,864 | MainThread   | [INFO    ] | plot_update_step_data|: Belief        : (0.305, 0.305, -150.000)
2022-05-20 03:21:39,676 | MainThread   | [INFO    ] | update_step         |: Update Step
2022-05-20 03:21:39,687 | MainThread   | [INFO    ] | update_step         |:      | Update Time: 0.004 secs
2022-05-20 03:21:39,688 | MainThread   | [INFO    ] | plot_update_step_data|: Bel index     : (4, 7, 5) with prob = 1.0
2022-05-20 03:21:39,690 | MainThread   | [INFO    ] | plot_update_step_data|: Bel_bar prob at index = 0.00051440329218107
2022-05-20 03:21:39,695 | MainThread   | [INFO    ] | plot_update_step_data|: Belief        : (-0.305, 0.914, -70.000)
2022-05-20 03:25:31,780 | MainThread   | [INFO    ] | update_step         |: Update Step
2022-05-20 03:25:31,789 | MainThread   | [INFO    ] | update_step         |:      | Update Time: 0.007 secs
2022-05-20 03:25:31,795 | MainThread   | [INFO    ] | plot_update_step_data|: Bel index     : (2, 3, 7) with prob = 1.0
2022-05-20 03:25:31,801 | MainThread   | [INFO    ] | plot_update_step_data|: Bel_bar prob at index = 0.00051440329218107
2022-05-20 03:25:31,812 | MainThread   | [INFO    ] | plot_update_step_data|: Belief        : (-0.914, -0.305, -30.000)
2022-05-20 03:27:25,489 | MainThread   | [INFO    ] | update_step         |: Update Step
2022-05-20 03:27:25,500 | MainThread   | [INFO    ] | update_step         |:      | Update Time: 0.004 secs
2022-05-20 03:27:25,511 | MainThread   | [INFO    ] | plot_update_step_data|: Bel index     : (3, 2, 8) with prob = 0.9999999
2022-05-20 03:27:25,538 | MainThread   | [INFO    ] | plot_update_step_data|: Bel_bar prob at index = 0.00051440329218107
2022-05-20 03:27:25,603 | MainThread   | [INFO    ] | plot_update_step_data|: Belief        : (-0.610, -0.610, -10.000)
2022-05-20 03:31:10,972 | MainThread   | [INFO    ] | update_step         |: Update Step
2022-05-20 03:31:10,982 | MainThread   | [INFO    ] | update_step         |:      | Update Time: 0.009 secs
2022-05-20 03:31:10,984 | MainThread   | [INFO    ] | plot_update_step_data|: Bel index     : (3, 2, 8) with prob = 1.0
2022-05-20 03:31:10,985 | MainThread   | [INFO    ] | plot_update_step_data|: Bel_bar prob at index = 0.00051440329218107
2022-05-20 03:31:10,987 | MainThread   | [INFO    ] | plot_update_step_data|: Belief        : (-0.610, -0.610, -10.000)
2022-05-20 03:34:19,432 | MainThread   | [INFO    ] | update_step         |: Update Step
2022-05-20 03:34:19,438 | MainThread   | [INFO    ] | update_step         |:      | Update Time: 0.005 secs
2022-05-20 03:34:19,442 | MainThread   | [INFO    ] | plot_update_step_data|: Bel index     : (2, 0, 9) with prob = 0.8507444
2022-05-20 03:34:19,443 | MainThread   | [INFO    ] | plot_update_step_data|: Bel_bar prob at index = 0.00051440329218107
2022-05-20 03:34:19,454 | MainThread   | [INFO    ] | plot_update_step_data|: Belief        : (-0.914, -1.219, 10.000)
2022-05-20 03:37:54,725 | MainThread   | [INFO    ] | update_step         |: Update Step
2022-05-20 03:37:54,730 | MainThread   | [INFO    ] | update_step         |:      | Update Time: 0.004 secs
2022-05-20 03:37:54,733 | MainThread   | [INFO    ] | plot_update_step_data|: Bel index     : (5, 4, 9) with prob = 0.9999999
2022-05-20 03:37:54,737 | MainThread   | [INFO    ] | plot_update_step_data|: Bel_bar prob at index = 0.00051440329218107
2022-05-20 03:37:54,739 | MainThread   | [INFO    ] | plot_update_step_data|: Belief        : (0.000, 0.000, 10.000)
2022-05-20 03:40:28,975 | MainThread   | [INFO    ] | update_step         |: Update Step
2022-05-20 03:40:28,985 | MainThread   | [INFO    ] | update_step         |:      | Update Time: 0.008 secs
2022-05-20 03:40:28,992 | MainThread   | [INFO    ] | plot_update_step_data|: Bel index     : (6, 5, 1) with prob = 0.9999881
2022-05-20 03:40:28,993 | MainThread   | [INFO    ] | plot_update_step_data|: Bel_bar prob at index = 0.00051440329218107
2022-05-20 03:40:28,994 | MainThread   | [INFO    ] | plot_update_step_data|: Belief        : (0.305, 0.305, -150.000)
2022-05-20 03:42:51,897 | MainThread   | [INFO    ] | update_step         |: Update Step
2022-05-20 03:42:51,901 | MainThread   | [INFO    ] | update_step         |:      | Update Time: 0.003 secs
2022-05-20 03:42:51,903 | MainThread   | [INFO    ] | plot_update_step_data|: Bel index     : (10, 6, 9) with prob = 0.9999943
2022-05-20 03:42:51,906 | MainThread   | [INFO    ] | plot_update_step_data|: Bel_bar prob at index = 0.00051440329218107
2022-05-20 03:42:51,910 | MainThread   | [INFO    ] | plot_update_step_data|: Belief        : (1.524, 0.610, 10.000)
2022-05-20 03:45:51,048 | MainThread   | [INFO    ] | update_step         |: Update Step
2022-05-20 03:45:51,054 | MainThread   | [INFO    ] | update_step         |:      | Update Time: 0.004 secs
2022-05-20 03:45:51,055 | MainThread   | [INFO    ] | plot_update_step_data|: Bel index     : (10, 6, 6) with prob = 0.9999999
2022-05-20 03:45:51,057 | MainThread   | [INFO    ] | plot_update_step_data|: Bel_bar prob at index = 0.00051440329218107
2022-05-20 03:45:51,059 | MainThread   | [INFO    ] | plot_update_step_data|: Belief        : (1.524, 0.610, -50.000)
2022-05-20 03:48:00,230 | MainThread   | [INFO    ] | update_step         |: Update Step
2022-05-20 03:48:00,239 | MainThread   | [INFO    ] | update_step         |:      | Update Time: 0.009 secs
2022-05-20 03:48:00,241 | MainThread   | [INFO    ] | plot_update_step_data|: Bel index     : (11, 5, 4) with prob = 0.9999999
2022-05-20 03:48:00,242 | MainThread   | [INFO    ] | plot_update_step_data|: Bel_bar prob at index = 0.00051440329218107
2022-05-20 03:48:00,249 | MainThread   | [INFO    ] | plot_update_step_data|: Belief        : (1.829, 0.305, -90.000)
2022-05-20 03:50:18,725 | MainThread   | [INFO    ] | update_step         |: Update Step
2022-05-20 03:50:18,736 | MainThread   | [INFO    ] | update_step         |:      | Update Time: 0.005 secs
2022-05-20 03:50:18,738 | MainThread   | [INFO    ] | plot_update_step_data|: Bel index     : (10, 6, 7) with prob = 0.9999999
2022-05-20 03:50:18,741 | MainThread   | [INFO    ] | plot_update_step_data|: Bel_bar prob at index = 0.00051440329218107
2022-05-20 03:50:18,743 | MainThread   | [INFO    ] | plot_update_step_data|: Belief        : (1.524, 0.610, -30.000)
2022-05-20 03:53:01,417 | MainThread   | [INFO    ] | update_step         |: Update Step
2022-05-20 03:53:01,427 | MainThread   | [INFO    ] | update_step         |:      | Update Time: 0.008 secs
2022-05-20 03:53:01,428 | MainThread   | [INFO    ] | plot_update_step_data|: Bel index     : (10, 7, 7) with prob = 1.0
2022-05-20 03:53:01,429 | MainThread   | [INFO    ] | plot_update_step_data|: Bel_bar prob at index = 0.00051440329218107
2022-05-20 03:53:01,431 | MainThread   | [INFO    ] | plot_update_step_data|: Belief        : (1.524, 0.914, -30.000)
2022-05-20 03:55:29,168 | MainThread   | [INFO    ] | update_step         |: Update Step
2022-05-20 03:55:29,177 | MainThread   | [INFO    ] | update_step         |:      | Update Time: 0.006 secs
2022-05-20 03:55:29,181 | MainThread   | [INFO    ] | plot_update_step_data|: Bel index     : (11, 6, 6) with prob = 1.0
2022-05-20 03:55:29,184 | MainThread   | [INFO    ] | plot_update_step_data|: Bel_bar prob at index = 0.00051440329218107
2022-05-20 03:55:29,196 | MainThread   | [INFO    ] | plot_update_step_data|: Belief        : (1.829, 0.610, -50.000)
2022-05-20 03:58:25,831 | MainThread   | [INFO    ] | update_step         |: Update Step
2022-05-20 03:58:25,836 | MainThread   | [INFO    ] | update_step         |:      | Update Time: 0.004 secs
2022-05-20 03:58:25,837 | MainThread   | [INFO    ] | plot_update_step_data|: Bel index     : (9, 7, 8) with prob = 0.9999999
2022-05-20 03:58:25,840 | MainThread   | [INFO    ] | plot_update_step_data|: Bel_bar prob at index = 0.00051440329218107
2022-05-20 03:58:25,844 | MainThread   | [INFO    ] | plot_update_step_data|: Belief        : (1.219, 0.914, -10.000)
2022-05-20 04:00:29,353 | MainThread   | [INFO    ] | update_step         |: Update Step
2022-05-20 04:00:29,364 | MainThread   | [INFO    ] | update_step         |:      | Update Time: 0.008 secs
2022-05-20 04:00:29,366 | MainThread   | [INFO    ] | plot_update_step_data|: Bel index     : (9, 7, 8) with prob = 0.9999974
2022-05-20 04:00:29,366 | MainThread   | [INFO    ] | plot_update_step_data|: Bel_bar prob at index = 0.00051440329218107
2022-05-20 04:00:29,367 | MainThread   | [INFO    ] | plot_update_step_data|: Belief        : (1.219, 0.914, -10.000)
2022-05-20 04:03:46,731 | MainThread   | [INFO    ] | update_step         |: Update Step
2022-05-20 04:03:46,735 | MainThread   | [INFO    ] | update_step         |:      | Update Time: 0.003 secs
2022-05-20 04:03:46,737 | MainThread   | [INFO    ] | plot_update_step_data|: Bel index     : (11, 6, 6) with prob = 0.9999999
2022-05-20 04:03:46,740 | MainThread   | [INFO    ] | plot_update_step_data|: Bel_bar prob at index = 0.00051440329218107
2022-05-20 04:03:46,742 | MainThread   | [INFO    ] | plot_update_step_data|: Belief        : (1.829, 0.610, -50.000)
2022-05-20 04:05:36,637 | MainThread   | [INFO    ] | update_step         |: Update Step
2022-05-20 04:05:36,642 | MainThread   | [INFO    ] | update_step         |:      | Update Time: 0.003 secs
2022-05-20 04:05:36,646 | MainThread   | [INFO    ] | plot_update_step_data|: Bel index     : (10, 6, 6) with prob = 1.0
2022-05-20 04:05:36,647 | MainThread   | [INFO    ] | plot_update_step_data|: Bel_bar prob at index = 0.00051440329218107
2022-05-20 04:05:36,650 | MainThread   | [INFO    ] | plot_update_step_data|: Belief        : (1.524, 0.610, -50.000)
2022-05-20 04:07:00,202 | MainThread   | [INFO    ] | update_step         |: Update Step
2022-05-20 04:07:00,206 | MainThread   | [INFO    ] | update_step         |:      | Update Time: 0.004 secs
2022-05-20 04:07:00,210 | MainThread   | [INFO    ] | plot_update_step_data|: Bel index     : (10, 6, 6) with prob = 1.0
2022-05-20 04:07:00,214 | MainThread   | [INFO    ] | plot_update_step_data|: Bel_bar prob at index = 0.00051440329218107
2022-05-20 04:07:00,222 | MainThread   | [INFO    ] | plot_update_step_data|: Belief        : (1.524, 0.610, -50.000)
2022-05-20 04:08:16,087 | MainThread   | [INFO    ] | update_step         |: Update Step
2022-05-20 04:08:16,091 | MainThread   | [INFO    ] | update_step         |:      | Update Time: 0.003 secs
2022-05-20 04:08:16,093 | MainThread   | [INFO    ] | plot_update_step_data|: Bel index     : (10, 6, 6) with prob = 0.9999994
2022-05-20 04:08:16,095 | MainThread   | [INFO    ] | plot_update_step_data|: Bel_bar prob at index = 0.00051440329218107
2022-05-20 04:08:16,099 | MainThread   | [INFO    ] | plot_update_step_data|: Belief        : (1.524, 0.610, -50.000)
2022-05-20 04:10:02,631 | MainThread   | [INFO    ] | update_step         |: Update Step
2022-05-20 04:10:02,637 | MainThread   | [INFO    ] | update_step         |:      | Update Time: 0.005 secs
2022-05-20 04:10:02,638 | MainThread   | [INFO    ] | plot_update_step_data|: Bel index     : (11, 6, 5) with prob = 1.0
2022-05-20 04:10:02,640 | MainThread   | [INFO    ] | plot_update_step_data|: Bel_bar prob at index = 0.00051440329218107
2022-05-20 04:10:02,643 | MainThread   | [INFO    ] | plot_update_step_data|: Belief        : (1.829, 0.610, -70.000)
2022-05-20 04:21:37,064 | MainThread   | [INFO    ] | update_step         |: Update Step
2022-05-20 04:21:37,069 | MainThread   | [INFO    ] | update_step         |:      | Update Time: 0.004 secs
2022-05-20 04:21:37,070 | MainThread   | [INFO    ] | plot_update_step_data|: Bel index     : (11, 6, 6) with prob = 0.9995850
2022-05-20 04:21:37,074 | MainThread   | [INFO    ] | plot_update_step_data|: Bel_bar prob at index = 0.00051440329218107
2022-05-20 04:21:37,075 | MainThread   | [INFO    ] | plot_update_step_data|: Belief        : (1.829, 0.610, -50.000)
2022-05-20 04:22:38,519 | MainThread   | [INFO    ] | update_step         |: Update Step
2022-05-20 04:22:38,525 | MainThread   | [INFO    ] | update_step         |:      | Update Time: 0.005 secs
2022-05-20 04:22:38,527 | MainThread   | [INFO    ] | plot_update_step_data|: Bel index     : (11, 2, 4) with prob = 1.0
2022-05-20 04:22:38,528 | MainThread   | [INFO    ] | plot_update_step_data|: Bel_bar prob at index = 0.00051440329218107
2022-05-20 04:22:38,532 | MainThread   | [INFO    ] | plot_update_step_data|: Belief        : (1.829, -0.610, -90.000)
