2022-05-02 18:05:00,688 | MainThread   | [INFO    ] | update_step         |: Update Step
2022-05-02 18:05:00,696 | MainThread   | [INFO    ] | update_step         |:      | Update Time: 0.006 secs
2022-05-02 18:05:04,074 | MainThread   | [INFO    ] | prediction_step     |: Prediction Step
2022-05-02 18:05:04,237 | MainThread   | [INFO    ] | prediction_step     |:  | Prediction Time: 0.162 secs
2022-05-02 18:05:07,185 | MainThread   | [INFO    ] | update_step         |: Update Step
2022-05-02 18:05:07,194 | MainThread   | [INFO    ] | update_step         |:      | Update Time: 0.008 secs
2022-05-02 18:05:09,309 | MainThread   | [INFO    ] | prediction_step     |: Prediction Step
2022-05-02 18:05:09,379 | MainThread   | [INFO    ] | prediction_step     |:  | Prediction Time: 0.064 secs
2022-05-02 18:05:13,291 | MainThread   | [INFO    ] | update_step         |: Update Step
2022-05-02 18:05:13,301 | MainThread   | [INFO    ] | update_step         |:      | Update Time: 0.009 secs
2022-05-02 18:05:14,417 | MainThread   | [INFO    ] | prediction_step     |: Prediction Step
2022-05-02 18:05:14,488 | MainThread   | [INFO    ] | prediction_step     |:  | Prediction Time: 0.070 secs
2022-05-02 18:05:17,435 | MainThread   | [INFO    ] | update_step         |: Update Step
2022-05-02 18:05:17,441 | MainThread   | [INFO    ] | update_step         |:      | Update Time: 0.005 secs
2022-05-02 18:05:18,566 | MainThread   | [INFO    ] | prediction_step     |: Prediction Step
2022-05-02 18:05:18,652 | MainThread   | [INFO    ] | prediction_step     |:  | Prediction Time: 0.085 secs
2022-05-02 18:05:21,591 | MainThread   | [INFO    ] | update_step         |: Update Step
2022-05-02 18:05:21,606 | MainThread   | [INFO    ] | update_step         |:      | Update Time: 0.007 secs
2022-05-02 18:05:24,755 | MainThread   | [INFO    ] | prediction_step     |: Prediction Step
2022-05-02 18:05:24,839 | MainThread   | [INFO    ] | prediction_step     |:  | Prediction Time: 0.083 secs
2022-05-02 18:05:28,466 | MainThread   | [INFO    ] | update_step         |: Update Step
2022-05-02 18:05:28,471 | MainThread   | [INFO    ] | update_step         |:      | Update Time: 0.004 secs
2022-05-02 18:05:35,302 | MainThread   | [INFO    ] | prediction_step     |: Prediction Step
2022-05-02 18:05:35,386 | MainThread   | [INFO    ] | prediction_step     |:  | Prediction Time: 0.077 secs
2022-05-02 18:05:38,317 | MainThread   | [INFO    ] | update_step         |: Update Step
2022-05-02 18:05:38,323 | MainThread   | [INFO    ] | update_step         |:      | Update Time: 0.005 secs
2022-05-02 18:05:40,993 | MainThread   | [INFO    ] | prediction_step     |: Prediction Step
2022-05-02 18:05:41,116 | MainThread   | [INFO    ] | prediction_step     |:  | Prediction Time: 0.122 secs
2022-05-02 18:05:45,028 | MainThread   | [INFO    ] | update_step         |: Update Step
2022-05-02 18:05:45,034 | MainThread   | [INFO    ] | update_step         |:      | Update Time: 0.005 secs
2022-05-02 18:05:47,135 | MainThread   | [INFO    ] | prediction_step     |: Prediction Step
2022-05-02 18:05:47,213 | MainThread   | [INFO    ] | prediction_step     |:  | Prediction Time: 0.076 secs
2022-05-02 18:05:50,142 | MainThread   | [INFO    ] | update_step         |: Update Step
2022-05-02 18:05:50,147 | MainThread   | [INFO    ] | update_step         |:      | Update Time: 0.005 secs
2022-05-02 18:05:53,268 | MainThread   | [INFO    ] | prediction_step     |: Prediction Step
2022-05-02 18:05:53,440 | MainThread   | [INFO    ] | prediction_step     |:  | Prediction Time: 0.170 secs
2022-05-02 18:05:56,845 | MainThread   | [INFO    ] | update_step         |: Update Step
2022-05-02 18:05:56,852 | MainThread   | [INFO    ] | update_step         |:      | Update Time: 0.006 secs
2022-05-02 18:05:59,957 | MainThread   | [INFO    ] | prediction_step     |: Prediction Step
2022-05-02 18:06:00,123 | MainThread   | [INFO    ] | prediction_step     |:  | Prediction Time: 0.164 secs
2022-05-02 18:06:03,040 | MainThread   | [INFO    ] | update_step         |: Update Step
2022-05-02 18:06:03,045 | MainThread   | [INFO    ] | update_step         |:      | Update Time: 0.004 secs
2022-05-02 18:06:05,175 | MainThread   | [INFO    ] | prediction_step     |: Prediction Step
2022-05-02 18:06:05,262 | MainThread   | [INFO    ] | prediction_step     |:  | Prediction Time: 0.086 secs
2022-05-02 18:06:09,431 | MainThread   | [INFO    ] | update_step         |: Update Step
2022-05-02 18:06:09,436 | MainThread   | [INFO    ] | update_step         |:      | Update Time: 0.004 secs
2022-05-02 18:06:12,526 | MainThread   | [INFO    ] | prediction_step     |: Prediction Step
2022-05-02 18:06:12,686 | MainThread   | [INFO    ] | prediction_step     |:  | Prediction Time: 0.158 secs
2022-05-02 18:06:15,624 | MainThread   | [INFO    ] | update_step         |: Update Step
2022-05-02 18:06:15,629 | MainThread   | [INFO    ] | update_step         |:      | Update Time: 0.005 secs
2022-05-02 18:06:17,707 | MainThread   | [INFO    ] | prediction_step     |: Prediction Step
2022-05-02 18:06:17,780 | MainThread   | [INFO    ] | prediction_step     |:  | Prediction Time: 0.072 secs
2022-05-02 18:06:20,704 | MainThread   | [INFO    ] | update_step         |: Update Step
2022-05-02 18:06:20,710 | MainThread   | [INFO    ] | update_step         |:      | Update Time: 0.005 secs
2022-05-02 18:06:22,804 | MainThread   | [INFO    ] | prediction_step     |: Prediction Step
2022-05-02 18:06:22,908 | MainThread   | [INFO    ] | prediction_step     |:  | Prediction Time: 0.102 secs
2022-05-02 18:06:25,901 | MainThread   | [INFO    ] | update_step         |: Update Step
2022-05-02 18:06:25,927 | MainThread   | [INFO    ] | update_step         |:      | Update Time: 0.023 secs
2022-05-02 18:06:29,161 | MainThread   | [INFO    ] | prediction_step     |: Prediction Step
2022-05-02 18:06:29,228 | MainThread   | [INFO    ] | prediction_step     |:  | Prediction Time: 0.066 secs
2022-05-02 18:06:32,163 | MainThread   | [INFO    ] | update_step         |: Update Step
2022-05-02 18:06:32,170 | MainThread   | [INFO    ] | update_step         |:      | Update Time: 0.005 secs
2022-05-02 18:06:35,274 | MainThread   | [INFO    ] | prediction_step     |: Prediction Step
2022-05-02 18:06:35,348 | MainThread   | [INFO    ] | prediction_step     |:  | Prediction Time: 0.073 secs
2022-05-02 18:06:38,293 | MainThread   | [INFO    ] | update_step         |: Update Step
2022-05-02 18:06:38,299 | MainThread   | [INFO    ] | update_step         |:      | Update Time: 0.005 secs
2022-05-06 22:07:06,562 | MainThread   | [INFO    ] | update_step         |: Update Step
2022-05-06 22:09:29,447 | MainThread   | [INFO    ] | update_step         |: Update Step
2022-05-06 22:09:48,053 | MainThread   | [INFO    ] | update_step         |: Update Step
2022-05-06 22:11:13,739 | MainThread   | [INFO    ] | update_step         |: Update Step
2022-05-06 22:11:13,751 | MainThread   | [INFO    ] | update_step         |:      | Update Time: 0.009 secs
2022-05-06 22:11:13,755 | MainThread   | [INFO    ] | plot_update_step_data|: Bel index     : (0, 0, 0) with prob = nan
2022-05-06 22:11:13,757 | MainThread   | [INFO    ] | plot_update_step_data|: Bel_bar prob at index = 0.00051440329218107
2022-05-06 22:11:13,760 | MainThread   | [INFO    ] | plot_update_step_data|: Belief        : (-1.524, -1.219, -170.000)
2022-05-07 15:52:55,103 | MainThread   | [INFO    ] | update_step         |: Update Step
2022-05-07 15:52:55,117 | MainThread   | [INFO    ] | update_step         |:      | Update Time: 0.006 secs
2022-05-07 15:52:55,123 | MainThread   | [INFO    ] | plot_update_step_data|: Bel index     : (8, 5, 11) with prob = 0.1380412
2022-05-07 15:52:55,129 | MainThread   | [INFO    ] | plot_update_step_data|: Bel_bar prob at index = 0.00051440329218107
2022-05-07 15:52:55,144 | MainThread   | [INFO    ] | plot_update_step_data|: Belief        : (0.914, 0.305, 50.000)
2022-05-07 15:54:11,893 | MainThread   | [INFO    ] | update_step         |: Update Step
2022-05-07 15:54:11,901 | MainThread   | [INFO    ] | update_step         |:      | Update Time: 0.006 secs
2022-05-07 15:54:11,903 | MainThread   | [INFO    ] | plot_update_step_data|: Bel index     : (8, 5, 11) with prob = 0.1380412
2022-05-07 15:54:11,907 | MainThread   | [INFO    ] | plot_update_step_data|: Bel_bar prob at index = 0.00051440329218107
2022-05-07 15:54:11,911 | MainThread   | [INFO    ] | plot_update_step_data|: Belief        : (0.914, 0.305, 50.000)
2022-05-12 22:46:40,667 | MainThread   | [INFO    ] | update_step         |: Update Step
2022-05-12 22:46:40,675 | MainThread   | [INFO    ] | update_step         |:      | Update Time: 0.006 secs
2022-05-12 22:46:40,677 | MainThread   | [INFO    ] | plot_update_step_data|: Bel index     : (8, 5, 11) with prob = 0.2129482
2022-05-12 22:46:40,678 | MainThread   | [INFO    ] | plot_update_step_data|: Bel_bar prob at index = 0.00051440329218107
2022-05-12 22:46:40,680 | MainThread   | [INFO    ] | plot_update_step_data|: Belief        : (0.914, 0.305, 50.000)
2022-05-12 22:46:57,094 | MainThread   | [INFO    ] | update_step         |: Update Step
2022-05-12 22:46:57,104 | MainThread   | [INFO    ] | update_step         |:      | Update Time: 0.004 secs
2022-05-12 22:46:57,106 | MainThread   | [INFO    ] | plot_update_step_data|: Bel index     : (8, 4, 14) with prob = 0.1388087
2022-05-12 22:46:57,107 | MainThread   | [INFO    ] | plot_update_step_data|: Bel_bar prob at index = 0.00051440329218107
2022-05-12 22:46:57,108 | MainThread   | [INFO    ] | plot_update_step_data|: Belief        : (0.914, 0.000, 110.000)
2022-05-12 23:23:50,084 | MainThread   | [INFO    ] | update_step         |: Update Step
2022-05-12 23:23:50,095 | MainThread   | [INFO    ] | update_step         |:      | Update Time: 0.006 secs
2022-05-12 23:23:50,097 | MainThread   | [INFO    ] | plot_update_step_data|: Bel index     : (8, 4, 14) with prob = 0.1388087
2022-05-12 23:23:50,100 | MainThread   | [INFO    ] | plot_update_step_data|: Bel_bar prob at index = 0.00051440329218107
2022-05-12 23:23:50,104 | MainThread   | [INFO    ] | plot_update_step_data|: Belief        : (0.914, 0.000, 110.000)
2022-05-12 23:24:10,650 | MainThread   | [INFO    ] | update_step         |: Update Step
2022-05-12 23:24:10,661 | MainThread   | [INFO    ] | update_step         |:      | Update Time: 0.010 secs
2022-05-12 23:24:10,663 | MainThread   | [INFO    ] | plot_update_step_data|: Bel index     : (8, 4, 14) with prob = 0.1388087
2022-05-12 23:24:10,668 | MainThread   | [INFO    ] | plot_update_step_data|: Bel_bar prob at index = 0.00051440329218107
2022-05-12 23:24:10,670 | MainThread   | [INFO    ] | plot_update_step_data|: Belief        : (0.914, 0.000, 110.000)
2022-05-12 23:38:36,910 | MainThread   | [INFO    ] | update_step         |: Update Step
2022-05-12 23:38:36,921 | MainThread   | [INFO    ] | update_step         |:      | Update Time: 0.004 secs
2022-05-12 23:38:36,922 | MainThread   | [INFO    ] | plot_update_step_data|: Bel index     : (8, 5, 11) with prob = 0.2129482
2022-05-12 23:38:36,923 | MainThread   | [INFO    ] | plot_update_step_data|: Bel_bar prob at index = 0.00051440329218107
2022-05-12 23:38:36,924 | MainThread   | [INFO    ] | plot_update_step_data|: Belief        : (0.914, 0.305, 50.000)
2022-05-12 23:39:08,226 | MainThread   | [INFO    ] | update_step         |: Update Step
2022-05-12 23:39:08,232 | MainThread   | [INFO    ] | update_step         |:      | Update Time: 0.005 secs
2022-05-12 23:39:08,234 | MainThread   | [INFO    ] | plot_update_step_data|: Bel index     : (8, 4, 14) with prob = 0.1388087
2022-05-12 23:39:08,235 | MainThread   | [INFO    ] | plot_update_step_data|: Bel_bar prob at index = 0.00051440329218107
2022-05-12 23:39:08,242 | MainThread   | [INFO    ] | plot_update_step_data|: Belief        : (0.914, 0.000, 110.000)
2022-05-12 23:40:38,948 | MainThread   | [INFO    ] | update_step         |: Update Step
2022-05-12 23:40:38,958 | MainThread   | [INFO    ] | update_step         |:      | Update Time: 0.007 secs
2022-05-12 23:40:38,959 | MainThread   | [INFO    ] | plot_update_step_data|: Bel index     : (8, 5, 11) with prob = 0.3014325
2022-05-12 23:40:38,963 | MainThread   | [INFO    ] | plot_update_step_data|: Bel_bar prob at index = 0.00051440329218107
2022-05-12 23:40:38,964 | MainThread   | [INFO    ] | plot_update_step_data|: Belief        : (0.914, 0.305, 50.000)
2022-05-12 23:41:20,036 | MainThread   | [INFO    ] | update_step         |: Update Step
2022-05-12 23:41:20,054 | MainThread   | [INFO    ] | update_step         |:      | Update Time: 0.015 secs
2022-05-12 23:41:20,055 | MainThread   | [INFO    ] | plot_update_step_data|: Bel index     : (8, 5, 10) with prob = 0.3042130
2022-05-12 23:41:20,057 | MainThread   | [INFO    ] | plot_update_step_data|: Bel_bar prob at index = 0.00051440329218107
2022-05-12 23:41:20,090 | MainThread   | [INFO    ] | plot_update_step_data|: Belief        : (0.914, 0.305, 30.000)
2022-05-12 23:41:50,527 | MainThread   | [INFO    ] | update_step         |: Update Step
2022-05-12 23:41:50,540 | MainThread   | [INFO    ] | update_step         |:      | Update Time: 0.006 secs
2022-05-12 23:41:50,546 | MainThread   | [INFO    ] | plot_update_step_data|: Bel index     : (8, 4, 13) with prob = 0.2381804
2022-05-12 23:41:50,562 | MainThread   | [INFO    ] | plot_update_step_data|: Bel_bar prob at index = 0.00051440329218107
2022-05-12 23:41:50,577 | MainThread   | [INFO    ] | plot_update_step_data|: Belief        : (0.914, 0.000, 90.000)
2022-05-12 23:43:26,799 | MainThread   | [INFO    ] | update_step         |: Update Step
2022-05-12 23:43:26,810 | MainThread   | [INFO    ] | update_step         |:      | Update Time: 0.003 secs
2022-05-12 23:43:26,814 | MainThread   | [INFO    ] | plot_update_step_data|: Bel index     : (8, 4, 1) with prob = 0.1915204
2022-05-12 23:43:26,816 | MainThread   | [INFO    ] | plot_update_step_data|: Bel_bar prob at index = 0.00051440329218107
2022-05-12 23:43:26,817 | MainThread   | [INFO    ] | plot_update_step_data|: Belief        : (0.914, 0.000, -150.000)
2022-05-12 23:44:16,087 | MainThread   | [INFO    ] | update_step         |: Update Step
2022-05-12 23:44:16,093 | MainThread   | [INFO    ] | update_step         |:      | Update Time: 0.005 secs
2022-05-12 23:44:16,097 | MainThread   | [INFO    ] | plot_update_step_data|: Bel index     : (8, 5, 12) with prob = 0.2135679
2022-05-12 23:44:16,098 | MainThread   | [INFO    ] | plot_update_step_data|: Bel_bar prob at index = 0.00051440329218107
2022-05-12 23:44:16,100 | MainThread   | [INFO    ] | plot_update_step_data|: Belief        : (0.914, 0.305, 70.000)
2022-05-12 23:45:19,061 | MainThread   | [INFO    ] | update_step         |: Update Step
2022-05-12 23:45:19,066 | MainThread   | [INFO    ] | update_step         |:      | Update Time: 0.004 secs
2022-05-12 23:45:19,068 | MainThread   | [INFO    ] | plot_update_step_data|: Bel index     : (8, 4, 15) with prob = 0.2858168
2022-05-12 23:45:19,072 | MainThread   | [INFO    ] | plot_update_step_data|: Bel_bar prob at index = 0.00051440329218107
2022-05-12 23:45:19,074 | MainThread   | [INFO    ] | plot_update_step_data|: Belief        : (0.914, 0.000, 130.000)
2022-05-12 23:45:33,314 | MainThread   | [INFO    ] | update_step         |: Update Step
2022-05-12 23:45:33,327 | MainThread   | [INFO    ] | update_step         |:      | Update Time: 0.007 secs
2022-05-12 23:45:33,330 | MainThread   | [INFO    ] | plot_update_step_data|: Bel index     : (8, 4, 15) with prob = 0.2858168
2022-05-12 23:45:33,331 | MainThread   | [INFO    ] | plot_update_step_data|: Bel_bar prob at index = 0.00051440329218107
2022-05-12 23:45:33,339 | MainThread   | [INFO    ] | plot_update_step_data|: Belief        : (0.914, 0.000, 130.000)
2022-05-12 23:46:28,722 | MainThread   | [INFO    ] | update_step         |: Update Step
2022-05-12 23:46:28,728 | MainThread   | [INFO    ] | update_step         |:      | Update Time: 0.005 secs
2022-05-12 23:46:28,739 | MainThread   | [INFO    ] | plot_update_step_data|: Bel index     : (8, 5, 11) with prob = 0.1380412
2022-05-12 23:46:28,740 | MainThread   | [INFO    ] | plot_update_step_data|: Bel_bar prob at index = 0.00051440329218107
2022-05-12 23:46:28,742 | MainThread   | [INFO    ] | plot_update_step_data|: Belief        : (0.914, 0.305, 50.000)
2022-05-12 23:47:04,512 | MainThread   | [INFO    ] | update_step         |: Update Step
2022-05-12 23:47:04,519 | MainThread   | [INFO    ] | update_step         |:      | Update Time: 0.006 secs
2022-05-12 23:47:04,523 | MainThread   | [INFO    ] | plot_update_step_data|: Bel index     : (10, 5, 11) with prob = 0.0555555
2022-05-12 23:47:04,527 | MainThread   | [INFO    ] | plot_update_step_data|: Bel_bar prob at index = 0.00051440329218107
2022-05-12 23:47:04,535 | MainThread   | [INFO    ] | plot_update_step_data|: Belief        : (1.524, 0.305, 50.000)
2022-05-17 16:23:17,343 | MainThread   | [INFO    ] | update_step         |: Update Step
2022-05-17 16:23:17,363 | MainThread   | [INFO    ] | update_step         |:      | Update Time: 0.010 secs
2022-05-17 16:23:17,365 | MainThread   | [INFO    ] | plot_update_step_data|: Bel index     : (8, 5, 13) with prob = 0.1478340
2022-05-17 16:23:17,366 | MainThread   | [INFO    ] | plot_update_step_data|: Bel_bar prob at index = 0.00051440329218107
2022-05-17 16:23:17,372 | MainThread   | [INFO    ] | plot_update_step_data|: Belief        : (0.914, 0.305, 90.000)
2022-05-17 16:26:07,325 | MainThread   | [INFO    ] | update_step         |: Update Step
2022-05-17 16:26:07,350 | MainThread   | [INFO    ] | update_step         |:      | Update Time: 0.017 secs
2022-05-17 16:26:07,360 | MainThread   | [INFO    ] | plot_update_step_data|: Bel index     : (8, 5, 12) with prob = 0.2135679
2022-05-17 16:26:07,367 | MainThread   | [INFO    ] | plot_update_step_data|: Bel_bar prob at index = 0.00051440329218107
2022-05-17 16:26:07,372 | MainThread   | [INFO    ] | plot_update_step_data|: Belief        : (0.914, 0.305, 70.000)
2022-05-17 16:26:25,360 | MainThread   | [INFO    ] | update_step         |: Update Step
2022-05-17 16:26:25,371 | MainThread   | [INFO    ] | update_step         |:      | Update Time: 0.007 secs
2022-05-17 16:26:25,373 | MainThread   | [INFO    ] | plot_update_step_data|: Bel index     : (8, 5, 12) with prob = 0.2135679
2022-05-17 16:26:25,374 | MainThread   | [INFO    ] | plot_update_step_data|: Bel_bar prob at index = 0.00051440329218107
2022-05-17 16:26:25,378 | MainThread   | [INFO    ] | plot_update_step_data|: Belief        : (0.914, 0.305, 70.000)
2022-05-17 16:28:25,348 | MainThread   | [INFO    ] | update_step         |: Update Step
2022-05-17 16:28:25,361 | MainThread   | [INFO    ] | update_step         |:      | Update Time: 0.006 secs
2022-05-17 16:28:25,362 | MainThread   | [INFO    ] | plot_update_step_data|: Bel index     : (8, 5, 13) with prob = 0.2453809
2022-05-17 16:28:25,366 | MainThread   | [INFO    ] | plot_update_step_data|: Bel_bar prob at index = 0.00051440329218107
2022-05-17 16:28:25,370 | MainThread   | [INFO    ] | plot_update_step_data|: Belief        : (0.914, 0.305, 90.000)
2022-05-17 17:06:16,713 | MainThread   | [INFO    ] | update_step         |: Update Step
2022-05-17 17:06:16,793 | MainThread   | [INFO    ] | update_step         |:      | Update Time: 0.063 secs
2022-05-17 17:06:16,800 | MainThread   | [INFO    ] | plot_update_step_data|: Bel index     : (8, 5, 13) with prob = 0.2453809
2022-05-17 17:06:16,816 | MainThread   | [INFO    ] | plot_update_step_data|: Bel_bar prob at index = 0.00051440329218107
2022-05-17 17:06:16,835 | MainThread   | [INFO    ] | plot_update_step_data|: Belief        : (0.914, 0.305, 90.000)
2022-05-17 17:07:24,633 | MainThread   | [INFO    ] | update_step         |: Update Step
2022-05-17 17:07:24,644 | MainThread   | [INFO    ] | update_step         |:      | Update Time: 0.004 secs
2022-05-17 17:07:24,646 | MainThread   | [INFO    ] | plot_update_step_data|: Bel index     : (8, 4, 14) with prob = 0.1388087
2022-05-17 17:07:24,647 | MainThread   | [INFO    ] | plot_update_step_data|: Bel_bar prob at index = 0.00051440329218107
2022-05-17 17:07:24,651 | MainThread   | [INFO    ] | plot_update_step_data|: Belief        : (0.914, 0.000, 110.000)
2022-05-17 17:08:34,354 | MainThread   | [INFO    ] | update_step         |: Update Step
2022-05-17 17:08:34,367 | MainThread   | [INFO    ] | update_step         |:      | Update Time: 0.005 secs
2022-05-17 17:08:34,371 | MainThread   | [INFO    ] | plot_update_step_data|: Bel index     : (8, 4, 14) with prob = 0.1388087
2022-05-17 17:08:34,376 | MainThread   | [INFO    ] | plot_update_step_data|: Bel_bar prob at index = 0.00051440329218107
2022-05-17 17:08:34,382 | MainThread   | [INFO    ] | plot_update_step_data|: Belief        : (0.914, 0.000, 110.000)
2022-05-19 19:39:35,600 | MainThread   | [INFO    ] | update_step         |: Update Step
2022-05-19 19:39:35,636 | MainThread   | [INFO    ] | update_step         |:      | Update Time: 0.015 secs
2022-05-19 19:39:35,639 | MainThread   | [INFO    ] | plot_update_step_data|: Bel index     : (0, 0, 0) with prob = nan
2022-05-19 19:39:35,662 | MainThread   | [INFO    ] | plot_update_step_data|: Bel_bar prob at index = 0.00051440329218107
2022-05-19 19:39:35,666 | MainThread   | [INFO    ] | plot_update_step_data|: Belief        : (-1.524, -1.219, -170.000)
2022-05-19 19:43:07,282 | MainThread   | [INFO    ] | update_step         |: Update Step
2022-05-19 19:43:07,290 | MainThread   | [INFO    ] | update_step         |:      | Update Time: 0.006 secs
2022-05-19 19:43:07,293 | MainThread   | [INFO    ] | plot_update_step_data|: Bel index     : (0, 0, 0) with prob = nan
2022-05-19 19:43:07,295 | MainThread   | [INFO    ] | plot_update_step_data|: Bel_bar prob at index = 0.00051440329218107
2022-05-19 19:43:07,301 | MainThread   | [INFO    ] | plot_update_step_data|: Belief        : (-1.524, -1.219, -170.000)
2022-05-19 19:43:30,246 | MainThread   | [INFO    ] | update_step         |: Update Step
2022-05-19 19:43:30,257 | MainThread   | [INFO    ] | update_step         |:      | Update Time: 0.005 secs
2022-05-19 19:43:30,263 | MainThread   | [INFO    ] | plot_update_step_data|: Bel index     : (0, 0, 0) with prob = nan
2022-05-19 19:43:30,272 | MainThread   | [INFO    ] | plot_update_step_data|: Bel_bar prob at index = 0.00051440329218107
2022-05-19 19:43:30,278 | MainThread   | [INFO    ] | plot_update_step_data|: Belief        : (-1.524, -1.219, -170.000)
2022-05-19 19:46:21,475 | MainThread   | [INFO    ] | update_step         |: Update Step
2022-05-19 19:46:21,488 | MainThread   | [INFO    ] | update_step         |:      | Update Time: 0.006 secs
2022-05-19 19:46:21,495 | MainThread   | [INFO    ] | plot_update_step_data|: Bel index     : (0, 0, 0) with prob = nan
2022-05-19 19:46:21,496 | MainThread   | [INFO    ] | plot_update_step_data|: Bel_bar prob at index = 0.00051440329218107
2022-05-19 19:46:21,502 | MainThread   | [INFO    ] | plot_update_step_data|: Belief        : (-1.524, -1.219, -170.000)
2022-05-19 19:46:28,612 | MainThread   | [INFO    ] | update_step         |: Update Step
2022-05-19 19:46:28,622 | MainThread   | [INFO    ] | update_step         |:      | Update Time: 0.004 secs
2022-05-19 19:46:28,624 | MainThread   | [INFO    ] | plot_update_step_data|: Bel index     : (0, 0, 0) with prob = nan
2022-05-19 19:46:28,630 | MainThread   | [INFO    ] | plot_update_step_data|: Bel_bar prob at index = 0.00051440329218107
2022-05-19 19:46:28,634 | MainThread   | [INFO    ] | plot_update_step_data|: Belief        : (-1.524, -1.219, -170.000)
2022-05-19 19:47:48,772 | MainThread   | [INFO    ] | update_step         |: Update Step
2022-05-19 19:47:48,793 | MainThread   | [INFO    ] | update_step         |:      | Update Time: 0.020 secs
2022-05-19 19:47:48,797 | MainThread   | [INFO    ] | plot_update_step_data|: Bel index     : (0, 0, 0) with prob = nan
2022-05-19 19:47:48,800 | MainThread   | [INFO    ] | plot_update_step_data|: Bel_bar prob at index = 0.00051440329218107
2022-05-19 19:47:48,824 | MainThread   | [INFO    ] | plot_update_step_data|: Belief        : (-1.524, -1.219, -170.000)
2022-05-19 19:49:23,781 | MainThread   | [INFO    ] | update_step         |: Update Step
2022-05-19 19:49:23,796 | MainThread   | [INFO    ] | update_step         |:      | Update Time: 0.006 secs
2022-05-19 19:49:23,799 | MainThread   | [INFO    ] | plot_update_step_data|: Bel index     : (0, 0, 0) with prob = nan
2022-05-19 19:49:23,802 | MainThread   | [INFO    ] | plot_update_step_data|: Bel_bar prob at index = 0.00051440329218107
2022-05-19 19:49:23,808 | MainThread   | [INFO    ] | plot_update_step_data|: Belief        : (-1.524, -1.219, -170.000)
2022-05-19 19:52:00,638 | MainThread   | [INFO    ] | update_step         |: Update Step
2022-05-19 19:52:00,659 | MainThread   | [INFO    ] | update_step         |:      | Update Time: 0.018 secs
2022-05-19 19:52:00,663 | MainThread   | [INFO    ] | plot_update_step_data|: Bel index     : (0, 0, 0) with prob = nan
2022-05-19 19:52:00,668 | MainThread   | [INFO    ] | plot_update_step_data|: Bel_bar prob at index = 0.0004873294346978557
2022-05-19 19:52:00,676 | MainThread   | [INFO    ] | plot_update_step_data|: Belief        : (-1.524, -1.219, -170.000)
2022-05-19 19:53:24,050 | MainThread   | [INFO    ] | update_step         |: Update Step
2022-05-19 19:53:24,060 | MainThread   | [INFO    ] | update_step         |:      | Update Time: 0.008 secs
2022-05-19 19:53:24,065 | MainThread   | [INFO    ] | plot_update_step_data|: Bel index     : (0, 0, 0) with prob = nan
2022-05-19 19:53:24,066 | MainThread   | [INFO    ] | plot_update_step_data|: Bel_bar prob at index = 0.0004873294346978557
2022-05-19 19:53:24,069 | MainThread   | [INFO    ] | plot_update_step_data|: Belief        : (-1.524, -1.219, -170.000)
2022-05-19 19:53:29,896 | MainThread   | [INFO    ] | update_step         |: Update Step
2022-05-19 19:53:29,908 | MainThread   | [INFO    ] | update_step         |:      | Update Time: 0.010 secs
2022-05-19 19:53:29,910 | MainThread   | [INFO    ] | plot_update_step_data|: Bel index     : (0, 0, 0) with prob = nan
2022-05-19 19:53:29,915 | MainThread   | [INFO    ] | plot_update_step_data|: Bel_bar prob at index = 0.0004873294346978557
2022-05-19 19:53:29,918 | MainThread   | [INFO    ] | plot_update_step_data|: Belief        : (-1.524, -1.219, -170.000)
2022-05-19 19:54:11,917 | MainThread   | [INFO    ] | update_step         |: Update Step
2022-05-19 19:54:11,929 | MainThread   | [INFO    ] | update_step         |:      | Update Time: 0.009 secs
2022-05-19 19:54:11,931 | MainThread   | [INFO    ] | plot_update_step_data|: Bel index     : (0, 0, 0) with prob = nan
2022-05-19 19:54:11,934 | MainThread   | [INFO    ] | plot_update_step_data|: Bel_bar prob at index = 0.0004873294346978557
2022-05-19 19:54:11,937 | MainThread   | [INFO    ] | plot_update_step_data|: Belief        : (-1.524, -1.219, -170.000)
2022-05-19 19:55:09,260 | MainThread   | [INFO    ] | update_step         |: Update Step
2022-05-19 19:55:09,272 | MainThread   | [INFO    ] | update_step         |:      | Update Time: 0.009 secs
2022-05-19 19:55:09,274 | MainThread   | [INFO    ] | plot_update_step_data|: Bel index     : (10, 5, 1) with prob = 0.3987427
2022-05-19 19:55:09,277 | MainThread   | [INFO    ] | plot_update_step_data|: Bel_bar prob at index = 0.0004873294346978557
2022-05-19 19:55:09,279 | MainThread   | [INFO    ] | plot_update_step_data|: Belief        : (1.524, 0.305, -150.000)
2022-05-19 19:55:30,682 | MainThread   | [INFO    ] | update_step         |: Update Step
2022-05-19 19:55:30,690 | MainThread   | [INFO    ] | update_step         |:      | Update Time: 0.006 secs
2022-05-19 19:55:30,693 | MainThread   | [INFO    ] | plot_update_step_data|: Bel index     : (0, 0, 0) with prob = nan
2022-05-19 19:55:30,694 | MainThread   | [INFO    ] | plot_update_step_data|: Bel_bar prob at index = 0.0004873294346978557
2022-05-19 19:55:30,697 | MainThread   | [INFO    ] | plot_update_step_data|: Belief        : (-1.524, -1.219, -170.000)
2022-05-19 20:01:36,911 | MainThread   | [INFO    ] | update_step         |: Update Step
2022-05-19 20:01:36,928 | MainThread   | [INFO    ] | update_step         |:      | Update Time: 0.015 secs
2022-05-19 20:01:36,932 | MainThread   | [INFO    ] | plot_update_step_data|: Bel index     : (0, 0, 0) with prob = nan
2022-05-19 20:01:36,941 | MainThread   | [INFO    ] | plot_update_step_data|: Bel_bar prob at index = 0.0004873294346978557
2022-05-19 20:01:36,945 | MainThread   | [INFO    ] | plot_update_step_data|: Belief        : (-1.524, -1.219, -170.000)
2022-05-19 20:04:33,973 | MainThread   | [INFO    ] | update_step         |: Update Step
2022-05-19 20:04:33,986 | MainThread   | [INFO    ] | update_step         |:      | Update Time: 0.009 secs
2022-05-19 20:04:33,988 | MainThread   | [INFO    ] | plot_update_step_data|: Bel index     : (0, 0, 0) with prob = nan
2022-05-19 20:04:33,993 | MainThread   | [INFO    ] | plot_update_step_data|: Bel_bar prob at index = 0.0004873294346978557
2022-05-19 20:04:33,996 | MainThread   | [INFO    ] | plot_update_step_data|: Belief        : (-1.524, -1.219, -170.000)
2022-05-19 20:06:17,582 | MainThread   | [INFO    ] | update_step         |: Update Step
2022-05-19 20:06:17,595 | MainThread   | [INFO    ] | update_step         |:      | Update Time: 0.010 secs
2022-05-19 20:06:17,596 | MainThread   | [INFO    ] | plot_update_step_data|: Bel index     : (0, 0, 0) with prob = nan
2022-05-19 20:06:17,598 | MainThread   | [INFO    ] | plot_update_step_data|: Bel_bar prob at index = 0.00051440329218107
2022-05-19 20:06:17,602 | MainThread   | [INFO    ] | plot_update_step_data|: Belief        : (-1.524, -1.219, -170.000)
2022-05-19 20:07:17,754 | MainThread   | [INFO    ] | update_step         |: Update Step
2022-05-19 20:07:17,778 | MainThread   | [INFO    ] | update_step         |:      | Update Time: 0.011 secs
2022-05-19 20:07:17,779 | MainThread   | [INFO    ] | plot_update_step_data|: Bel index     : (10, 5, 11) with prob = 0.0555555
2022-05-19 20:07:17,781 | MainThread   | [INFO    ] | plot_update_step_data|: Bel_bar prob at index = 0.00051440329218107
2022-05-19 20:07:17,784 | MainThread   | [INFO    ] | plot_update_step_data|: Belief        : (1.524, 0.305, 50.000)
2022-05-19 20:07:41,384 | MainThread   | [INFO    ] | update_step         |: Update Step
2022-05-19 20:07:41,411 | MainThread   | [INFO    ] | update_step         |:      | Update Time: 0.006 secs
2022-05-19 20:07:41,412 | MainThread   | [INFO    ] | plot_update_step_data|: Bel index     : (0, 0, 0) with prob = nan
2022-05-19 20:07:41,419 | MainThread   | [INFO    ] | plot_update_step_data|: Bel_bar prob at index = 0.00051440329218107
2022-05-19 20:07:41,420 | MainThread   | [INFO    ] | plot_update_step_data|: Belief        : (-1.524, -1.219, -170.000)
2022-05-19 21:21:24,267 | MainThread   | [INFO    ] | update_step         |: Update Step
2022-05-19 21:21:24,293 | MainThread   | [INFO    ] | update_step         |:      | Update Time: 0.018 secs
2022-05-19 21:21:24,297 | MainThread   | [INFO    ] | plot_update_step_data|: Bel index     : (0, 0, 0) with prob = nan
2022-05-19 21:21:24,304 | MainThread   | [INFO    ] | plot_update_step_data|: Bel_bar prob at index = 0.00051440329218107
2022-05-19 21:21:24,305 | MainThread   | [INFO    ] | plot_update_step_data|: Belief        : (-1.524, -1.219, -170.000)
2022-05-19 22:51:29,936 | MainThread   | [INFO    ] | update_step         |: Update Step
2022-05-19 22:51:29,959 | MainThread   | [INFO    ] | update_step         |:      | Update Time: 0.017 secs
2022-05-19 22:51:29,960 | MainThread   | [INFO    ] | plot_update_step_data|: Bel index     : (11, 7, 3) with prob = 1.0
2022-05-19 22:51:29,962 | MainThread   | [INFO    ] | plot_update_step_data|: Bel_bar prob at index = 0.00051440329218107
2022-05-19 22:51:29,964 | MainThread   | [INFO    ] | plot_update_step_data|: Belief        : (1.829, 0.914, -110.000)
2022-05-19 22:52:03,443 | MainThread   | [INFO    ] | update_step         |: Update Step
2022-05-19 22:52:03,472 | MainThread   | [INFO    ] | update_step         |:      | Update Time: 0.010 secs
2022-05-19 22:52:03,495 | MainThread   | [INFO    ] | plot_update_step_data|: Bel index     : (11, 7, 3) with prob = 1.0
2022-05-19 22:52:03,503 | MainThread   | [INFO    ] | plot_update_step_data|: Bel_bar prob at index = 0.00051440329218107
2022-05-19 22:52:03,508 | MainThread   | [INFO    ] | plot_update_step_data|: Belief        : (1.829, 0.914, -110.000)
2022-05-19 22:55:18,229 | MainThread   | [INFO    ] | update_step         |: Update Step
2022-05-19 22:55:18,254 | MainThread   | [INFO    ] | update_step         |:      | Update Time: 0.018 secs
2022-05-19 22:55:18,260 | MainThread   | [INFO    ] | plot_update_step_data|: Bel index     : (6, 8, 7) with prob = 0.9999999
2022-05-19 22:55:18,276 | MainThread   | [INFO    ] | plot_update_step_data|: Bel_bar prob at index = 0.00051440329218107
2022-05-19 22:55:18,277 | MainThread   | [INFO    ] | plot_update_step_data|: Belief        : (0.305, 1.219, -30.000)
2022-05-20 00:22:27,844 | MainThread   | [INFO    ] | update_step         |: Update Step
2022-05-20 00:22:27,865 | MainThread   | [INFO    ] | update_step         |:      | Update Time: 0.018 secs
2022-05-20 00:22:27,871 | MainThread   | [INFO    ] | plot_update_step_data|: Bel index     : (2, 2, 16) with prob = 1.0
2022-05-20 00:22:27,879 | MainThread   | [INFO    ] | plot_update_step_data|: Bel_bar prob at index = 0.00051440329218107
2022-05-20 00:22:27,886 | MainThread   | [INFO    ] | plot_update_step_data|: Belief        : (-0.914, -0.610, 150.000)
